<?xml version="1.0" encoding="UTF-8"?>
<files>
  <file name="lists.ubuntu.com-archives-ubuntu-et-2016-08-23-a567ea39-00000.warc.gz" source="original">
    <mtime>1495612940</mtime>
    <size>46266</size>
    <md5>089c9019cf526d14844b2097e711ad57</md5>
    <crc32>17ff0164</crc32>
    <sha1>b7f2a783446972f022b9554662f2740f08a9eb37</sha1>
    <format>Web ARChive GZ</format>
  </file>
  <file name="lists.ubuntu.com-archives-ubuntu-et-2016-08-23-a567ea39-00000.warc.os.cdx.gz" source="derivative">
    <format>WARC CDX Index</format>
    <original>lists.ubuntu.com-archives-ubuntu-et-2016-08-23-a567ea39-00000.warc.gz</original>
    <mtime>1495613040</mtime>
    <size>1276</size>
    <md5>17b331639fe57af0a9afa95801990786</md5>
    <crc32>6b260b41</crc32>
    <sha1>98538a40ebf9561567ce1468ef4a4655e66ac015</sha1>
  </file>
  <file name="lists.ubuntu.com-archives-ubuntu-et-2016-08-23-a567ea39-meta.warc.gz" source="original">
    <mtime>1495612952</mtime>
    <size>3489</size>
    <md5>9c2b169c6795c8374c294ad63949740b</md5>
    <crc32>2ab39ada</crc32>
    <sha1>55096d6d92d24d1b55828dfab5634f21d554e6b1</sha1>
    <format>Web ARChive GZ</format>
  </file>
  <file name="lists.ubuntu.com-archives-ubuntu-et-2016-08-23-a567ea39-meta.warc.os.cdx.gz" source="derivative">
    <format>WARC CDX Index</format>
    <original>lists.ubuntu.com-archives-ubuntu-et-2016-08-23-a567ea39-meta.warc.gz</original>
    <mtime>1495613042</mtime>
    <size>47</size>
    <md5>8b9b223f205a21396f0e128a7596a6aa</md5>
    <crc32>5da59b42</crc32>
    <sha1>175fbdc1c863248efbcab48456af425ba8c28920</sha1>
  </file>
  <file name="lists.ubuntu.com-archives-ubuntu-et.mbox-2016-08-23-1419c8f3-00000.warc.gz" source="original">
    <mtime>1495612957</mtime>
    <size>10754</size>
    <md5>995d8063f1302fe1b649752aac6bf0b5</md5>
    <crc32>1056c004</crc32>
    <sha1>9dff5712b5b1e93add67e45746d3ae8726c06ea3</sha1>
    <format>Web ARChive GZ</format>
  </file>
  <file name="lists.ubuntu.com-archives-ubuntu-et.mbox-2016-08-23-1419c8f3-00000.warc.os.cdx.gz" source="derivative">
    <format>WARC CDX Index</format>
    <original>lists.ubuntu.com-archives-ubuntu-et.mbox-2016-08-23-1419c8f3-00000.warc.gz</original>
    <mtime>1495613044</mtime>
    <size>432</size>
    <md5>4e08f88a9ca74ffac4559cf5dafcc3fa</md5>
    <crc32>46a7a116</crc32>
    <sha1>55b5b2e40bd717a43c479ba0f37f926977c17db0</sha1>
  </file>
  <file name="lists.ubuntu.com-archives-ubuntu-et.mbox-2016-08-23-1419c8f3-meta.warc.gz" source="original">
    <mtime>1495612961</mtime>
    <size>3085</size>
    <md5>d9dfcf5e47803a62785e684a9ab802b6</md5>
    <crc32>ec74047e</crc32>
    <sha1>2300c31bc89dbf1c0cf1ddec855241a559f69c0f</sha1>
    <format>Web ARChive GZ</format>
  </file>
  <file name="lists.ubuntu.com-archives-ubuntu-et.mbox-2016-08-23-1419c8f3-meta.warc.os.cdx.gz" source="derivative">
    <format>WARC CDX Index</format>
    <original>lists.ubuntu.com-archives-ubuntu-et.mbox-2016-08-23-1419c8f3-meta.warc.gz</original>
    <mtime>1495613046</mtime>
    <size>47</size>
    <md5>71e40bf1c3f03b2a9b5d9ca371c0ee63</md5>
    <crc32>9a9b46ef</crc32>
    <sha1>b7267da22f128683fe44a68292a5d88ad1bb65dd</sha1>
  </file>
  <file name="lists.ubuntu.com-archives-ubuntu-event-_anners-2016-08-23-fd8388d4-00000.warc.gz" source="original">
    <mtime>1495612965</mtime>
    <size>446396</size>
    <md5>4ebf060039dc578c8da51f1f91a8739d</md5>
    <crc32>1e78a870</crc32>
    <sha1>949d1e088ebb629798e5863a3a522b216a2c3b99</sha1>
    <format>Web ARChive GZ</format>
  </file>
  <file name="lists.ubuntu.com-archives-ubuntu-event-_anners-2016-08-23-fd8388d4-00000.warc.os.cdx.gz" source="derivative">
    <format>WARC CDX Index</format>
    <original>lists.ubuntu.com-archives-ubuntu-event-_anners-2016-08-23-fd8388d4-00000.warc.gz</original>
    <mtime>1495613049</mtime>
    <size>8650</size>
    <md5>44c738903615037ce61f7e371f42cef5</md5>
    <crc32>6a6bc26e</crc32>
    <sha1>4ca510a713cf29fb40a97f8d33eece7407f8af86</sha1>
  </file>
  <file name="lists.ubuntu.com-archives-ubuntu-event-_rs.mbox-2016-08-23-d92edf33-meta.warc.gz" source="original">
    <mtime>1495612978</mtime>
    <size>3134</size>
    <md5>2a0c9d71764b187107a3ec80253679ff</md5>
    <crc32>e92a8392</crc32>
    <sha1>ee7b0cc5694b13107e7762f975225aad2dd752f1</sha1>
    <format>Web ARChive GZ</format>
  </file>
  <file name="lists.ubuntu.com-archives-ubuntu-event-_rs.mbox-2016-08-23-d92edf33-meta.warc.os.cdx.gz" source="derivative">
    <format>WARC CDX Index</format>
    <original>lists.ubuntu.com-archives-ubuntu-event-_rs.mbox-2016-08-23-d92edf33-meta.warc.gz</original>
    <mtime>1495613051</mtime>
    <size>47</size>
    <md5>c1705432a8b8dd11b2618ff2b026fbe7</md5>
    <crc32>4fbad0a2</crc32>
    <sha1>08df8727d39595861d90ac24fa92e9fc55825b6d</sha1>
  </file>
  <file name="lists.ubuntu.com-archives-ubuntu-event-_s.mbox-2016-08-23-d92edf33-00000.warc.gz" source="original">
    <mtime>1495612974</mtime>
    <size>57353</size>
    <md5>a07d0cad0f9c975665838f141dc5f5e1</md5>
    <crc32>148de804</crc32>
    <sha1>2c21031e2e42542d287fb38059798184e2d2dbc5</sha1>
    <format>Web ARChive GZ</format>
  </file>
  <file name="lists.ubuntu.com-archives-ubuntu-event-_s.mbox-2016-08-23-d92edf33-00000.warc.os.cdx.gz" source="derivative">
    <format>WARC CDX Index</format>
    <original>lists.ubuntu.com-archives-ubuntu-event-_s.mbox-2016-08-23-d92edf33-00000.warc.gz</original>
    <mtime>1495613054</mtime>
    <size>440</size>
    <md5>010160cb3a2da3617f16b195f9b539d0</md5>
    <crc32>8881098e</crc32>
    <sha1>431e4ab9d3f23714e4937088c911e02c3e9393ea</sha1>
  </file>
  <file name="lists.ubuntu.com-archives-ubuntu-event-planners-2016-08-23-fd8388d4-meta.warc.gz" source="original">
    <mtime>1495612969</mtime>
    <size>7208</size>
    <md5>4bd11d4b9997dc908a357af44bcc53b8</md5>
    <crc32>7ad9eb37</crc32>
    <sha1>a465ca984061c5840a460f297b2ec217147d19c3</sha1>
    <format>Web ARChive GZ</format>
  </file>
  <file name="lists.ubuntu.com-archives-ubuntu-event-planners-2016-08-23-fd8388d4-meta.warc.os.cdx.gz" source="derivative">
    <format>WARC CDX Index</format>
    <original>lists.ubuntu.com-archives-ubuntu-event-planners-2016-08-23-fd8388d4-meta.warc.gz</original>
    <mtime>1495613056</mtime>
    <size>47</size>
    <md5>341ce446714bcf6810df0fe316aa3c34</md5>
    <crc32>63b2dec3</crc32>
    <sha1>001eec4c4b6dd0bdad8cadc6cfa6c111f6ac6d29</sha1>
  </file>
  <file name="lists.ubuntu.com-archives-ubuntu-fi-2016-08-23-86f93621-00000.warc.gz" source="original">
    <mtime>1495612983</mtime>
    <size>5272631</size>
    <md5>18267635fe3eaa23e074c20954487275</md5>
    <crc32>764b5dcb</crc32>
    <sha1>e1419e1a3bfe454d61a2477b5b4190b87e9b8534</sha1>
    <format>Web ARChive GZ</format>
  </file>
  <file name="lists.ubuntu.com-archives-ubuntu-fi-2016-08-23-86f93621-00000.warc.os.cdx.gz" source="derivative">
    <format>WARC CDX Index</format>
    <original>lists.ubuntu.com-archives-ubuntu-fi-2016-08-23-86f93621-00000.warc.gz</original>
    <mtime>1495613061</mtime>
    <size>80578</size>
    <md5>0ad548ec835efb6d3aab5bf50dba9579</md5>
    <crc32>b73b314f</crc32>
    <sha1>24526b614825d83898d78519074790c4579f2a14</sha1>
  </file>
  <file name="lists.ubuntu.com-archives-ubuntu-fi-2016-08-23-86f93621-meta.warc.gz" source="original">
    <mtime>1495612988</mtime>
    <size>40665</size>
    <md5>9911032028eb1a8565add15325488b90</md5>
    <crc32>afaeefe4</crc32>
    <sha1>92700fcb96bf9c668952209fb08cc42083235eeb</sha1>
    <format>Web ARChive GZ</format>
  </file>
  <file name="lists.ubuntu.com-archives-ubuntu-fi-2016-08-23-86f93621-meta.warc.os.cdx.gz" source="derivative">
    <format>WARC CDX Index</format>
    <original>lists.ubuntu.com-archives-ubuntu-fi-2016-08-23-86f93621-meta.warc.gz</original>
    <mtime>1495613064</mtime>
    <size>47</size>
    <md5>7096a9fdb1f72ef2a4ebcbdce4bf8e46</md5>
    <crc32>36be63d8</crc32>
    <sha1>361174e96b96675198a687fc6707105fa872b2b2</sha1>
  </file>
  <file name="lists.ubuntu.com-archives-ubuntu-fi.mbox-2016-08-23-0b302eeb-00000.warc.gz" source="original">
    <mtime>1495612992</mtime>
    <size>1335912</size>
    <md5>ca59978e2e901b40c5845ecd1bff2915</md5>
    <crc32>ab53ba95</crc32>
    <sha1>68f6659922287ccc2bc6363942ae0864b3c9ed6e</sha1>
    <format>Web ARChive GZ</format>
  </file>
  <file name="lists.ubuntu.com-archives-ubuntu-fi.mbox-2016-08-23-0b302eeb-00000.warc.os.cdx.gz" source="derivative">
    <format>WARC CDX Index</format>
    <original>lists.ubuntu.com-archives-ubuntu-fi.mbox-2016-08-23-0b302eeb-00000.warc.gz</original>
    <mtime>1495613066</mtime>
    <size>437</size>
    <md5>b42b92050b3075fb64b9f912647935e5</md5>
    <crc32>a3dd4c8c</crc32>
    <sha1>970d02a68333308928b4e34e4bdb389898c3226b</sha1>
  </file>
  <file name="lists.ubuntu.com-archives-ubuntu-fi.mbox-2016-08-23-0b302eeb-meta.warc.gz" source="original">
    <mtime>1495612997</mtime>
    <size>3088</size>
    <md5>689cd96aa1c9fbe363dad616dc6cc0b1</md5>
    <crc32>9d27f909</crc32>
    <sha1>041a3306580484ba3e53029c4e51966f87a7c0c9</sha1>
    <format>Web ARChive GZ</format>
  </file>
  <file name="lists.ubuntu.com-archives-ubuntu-fi.mbox-2016-08-23-0b302eeb-meta.warc.os.cdx.gz" source="derivative">
    <format>WARC CDX Index</format>
    <original>lists.ubuntu.com-archives-ubuntu-fi.mbox-2016-08-23-0b302eeb-meta.warc.gz</original>
    <mtime>1495613068</mtime>
    <size>47</size>
    <md5>b3e2226accaa139f07ca30418a866b13</md5>
    <crc32>f180be75</crc32>
    <sha1>c33ad3667402c211098c8c51a2401521c3047274</sha1>
  </file>
  <file name="lists.ubuntu.com-archives-ubuntu-for-all-2016-08-23-a8922d59-00000.warc.gz" source="original">
    <mtime>1495613001</mtime>
    <size>103802</size>
    <md5>00c5ede7b5d72c9bf9ee73abafdea47b</md5>
    <crc32>71293a2a</crc32>
    <sha1>1ab0296ee3e75d4422b2f4119dc52e1a16943892</sha1>
    <format>Web ARChive GZ</format>
  </file>
  <file name="lists.ubuntu.com-archives-ubuntu-for-all-2016-08-23-a8922d59-00000.warc.os.cdx.gz" source="derivative">
    <format>WARC CDX Index</format>
    <original>lists.ubuntu.com-archives-ubuntu-for-all-2016-08-23-a8922d59-00000.warc.gz</original>
    <mtime>1495613070</mtime>
    <size>2038</size>
    <md5>af7feb29bfd301010092024af76fd184</md5>
    <crc32>143e9591</crc32>
    <sha1>cdd1b3a2de965171baf6123bbe1f37d9d719796a</sha1>
  </file>
  <file name="lists.ubuntu.com-archives-ubuntu-for-all-2016-08-23-a8922d59-meta.warc.gz" source="original">
    <mtime>1495613005</mtime>
    <size>3893</size>
    <md5>2f2686cc4a86f85744e58a845c2cf3b1</md5>
    <crc32>649dc1b5</crc32>
    <sha1>dd0ab4a06df11486a82e667d9d6c99923e29eda6</sha1>
    <format>Web ARChive GZ</format>
  </file>
  <file name="lists.ubuntu.com-archives-ubuntu-for-all-2016-08-23-a8922d59-meta.warc.os.cdx.gz" source="derivative">
    <format>WARC CDX Index</format>
    <original>lists.ubuntu.com-archives-ubuntu-for-all-2016-08-23-a8922d59-meta.warc.gz</original>
    <mtime>1495613073</mtime>
    <size>47</size>
    <md5>9fd5af5f356f12e31c56b66d6da8bc4b</md5>
    <crc32>8eb8520e</crc32>
    <sha1>eeca51cb6e8f8df715fa0ef82e7e0e97dc1acf41</sha1>
  </file>
  <file name="lists.ubuntu.com-archives-ubuntu-for-all.mbox-2016-08-23-15a2d882-00000.warc.gz" source="original">
    <mtime>1495613010</mtime>
    <size>21214</size>
    <md5>9090fa33dbc1c1a12c909b075d10a1b8</md5>
    <crc32>34279a96</crc32>
    <sha1>cb30545bd108c5e3621429ab0fdec76b1423108a</sha1>
    <format>Web ARChive GZ</format>
  </file>
  <file name="lists.ubuntu.com-archives-ubuntu-for-all.mbox-2016-08-23-15a2d882-00000.warc.os.cdx.gz" source="derivative">
    <format>WARC CDX Index</format>
    <original>lists.ubuntu.com-archives-ubuntu-for-all.mbox-2016-08-23-15a2d882-00000.warc.gz</original>
    <mtime>1495613075</mtime>
    <size>444</size>
    <md5>e34463b693a7c5f61cc785c9f70b083b</md5>
    <crc32>0e74faae</crc32>
    <sha1>c16606472a86eabbc73dc3ec9f975aa33f7d002f</sha1>
  </file>
  <file name="lists.ubuntu.com-archives-ubuntu-for-all.mbox-2016-08-23-15a2d882-meta.warc.gz" source="original">
    <mtime>1495613014</mtime>
    <size>3107</size>
    <md5>3fa1e8b888b1ecf13bf77d1470eb80c3</md5>
    <crc32>c495bc63</crc32>
    <sha1>ee02cb62187499b1cc57df95a478f08d6839a98c</sha1>
    <format>Web ARChive GZ</format>
  </file>
  <file name="lists.ubuntu.com-archives-ubuntu-for-all.mbox-2016-08-23-15a2d882-meta.warc.os.cdx.gz" source="derivative">
    <format>WARC CDX Index</format>
    <original>lists.ubuntu.com-archives-ubuntu-for-all.mbox-2016-08-23-15a2d882-meta.warc.gz</original>
    <mtime>1495613077</mtime>
    <size>47</size>
    <md5>72b45b2cd1d964f8fd9bdd8f62f1af4e</md5>
    <crc32>49868fa3</crc32>
    <sha1>200afdb52a20709b40fcf75495c3304e1f7456c3</sha1>
  </file>
  <file name="lists.ubuntu.com-archives-ubuntu-fr-2016-08-23-a8bb4112-00000.warc.gz" source="original">
    <mtime>1495613032</mtime>
    <size>177069185</size>
    <md5>19e84c6e9aa130e612a103bafdcc2008</md5>
    <crc32>47f8761d</crc32>
    <sha1>8ba00b67f8c3e1e68ac3906ecbdb9d8c34af449a</sha1>
    <format>Web ARChive GZ</format>
  </file>
  <file name="lists.ubuntu.com-archives-ubuntu-fr-2016-08-23-a8bb4112-00000.warc.os.cdx.gz" source="derivative">
    <format>WARC CDX Index</format>
    <original>lists.ubuntu.com-archives-ubuntu-fr-2016-08-23-a8bb4112-00000.warc.gz</original>
    <mtime>1495615535</mtime>
    <size>2761166</size>
    <md5>36dfd2da97ecd824de665754e5a40ae3</md5>
    <crc32>0f36ca6f</crc32>
    <sha1>e1435bfdabacc5f19f2d37b3015f66706b0dbc34</sha1>
  </file>
  <file name="lists.ubuntu.com-archives-ubuntu-fr-2016-08-23-a8bb4112-meta.warc.gz" source="original">
    <mtime>1495613037</mtime>
    <size>1245464</size>
    <md5>1e31658f212fd88188c088a97bada60a</md5>
    <crc32>519007f7</crc32>
    <sha1>cd5f4600ababa0e6958174ae774f9383bf2f2398</sha1>
    <format>Web ARChive GZ</format>
  </file>
  <file name="lists.ubuntu.com-archives-ubuntu-fr-2016-08-23-a8bb4112-meta.warc.os.cdx.gz" source="derivative">
    <format>WARC CDX Index</format>
    <original>lists.ubuntu.com-archives-ubuntu-fr-2016-08-23-a8bb4112-meta.warc.gz</original>
    <mtime>1495616549</mtime>
    <size>47</size>
    <md5>28b4c5a6d471774210f51e9f598368a3</md5>
    <crc32>dcc1d458</crc32>
    <sha1>357f6b6042510143125c6fb3d260674a8e7b3f1d</sha1>
  </file>
  <file name="lists.ubuntu.com-archives-ubuntu-fr-l10n-2016-08-23-1b2adbd9-00000.warc.gz" source="original">
    <mtime>1495613044</mtime>
    <size>40914120</size>
    <md5>8f7d29c0be3d40b15d1c43803daa098b</md5>
    <crc32>39076b0d</crc32>
    <sha1>ea5d5e8f53582d2e7e0b5c37f0c0c2d71ff4fc9c</sha1>
    <format>Web ARChive GZ</format>
  </file>
  <file name="lists.ubuntu.com-archives-ubuntu-fr-l10n-2016-08-23-1b2adbd9-00000.warc.os.cdx.gz" source="derivative">
    <format>WARC CDX Index</format>
    <original>lists.ubuntu.com-archives-ubuntu-fr-l10n-2016-08-23-1b2adbd9-00000.warc.gz</original>
    <mtime>1495615557</mtime>
    <size>508404</size>
    <md5>e5c72d0809a6a0a0d119e5e6b212822b</md5>
    <crc32>95bd914e</crc32>
    <sha1>a0b16b52930de3e5fb9368848955ae9dcd41d3ac</sha1>
  </file>
  <file name="lists.ubuntu.com-archives-ubuntu-fr-l10n-2016-08-23-1b2adbd9-meta.warc.gz" source="original">
    <mtime>1495613049</mtime>
    <size>235818</size>
    <md5>dab0add218fa747057b595fbaa196b40</md5>
    <crc32>222f68d8</crc32>
    <sha1>e6d4f027918381c0cc4fe85d65cecc83d125b799</sha1>
    <format>Web ARChive GZ</format>
  </file>
  <file name="lists.ubuntu.com-archives-ubuntu-fr-l10n-2016-08-23-1b2adbd9-meta.warc.os.cdx.gz" source="derivative">
    <format>WARC CDX Index</format>
    <original>lists.ubuntu.com-archives-ubuntu-fr-l10n-2016-08-23-1b2adbd9-meta.warc.gz</original>
    <mtime>1495615559</mtime>
    <size>47</size>
    <md5>98f2f855d46d9326fcb5ed1bd18f8fe0</md5>
    <crc32>f12630e3</crc32>
    <sha1>8550c74365ecd10cd667b097472de8b45d6ef9b5</sha1>
  </file>
  <file name="lists.ubuntu.com-archives-ubuntu-fr-l10n.mbox-2016-08-23-a4db7855-00000.warc.gz" source="original">
    <mtime>1495613056</mtime>
    <size>15877351</size>
    <md5>f7d852083f3f7ec8eaed56f595b75a6f</md5>
    <crc32>afac6b1e</crc32>
    <sha1>a1e9759c076b95f76299959a06ad33cc2708622a</sha1>
    <format>Web ARChive GZ</format>
  </file>
  <file name="lists.ubuntu.com-archives-ubuntu-fr-l10n.mbox-2016-08-23-a4db7855-00000.warc.os.cdx.gz" source="derivative">
    <format>WARC CDX Index</format>
    <original>lists.ubuntu.com-archives-ubuntu-fr-l10n.mbox-2016-08-23-a4db7855-00000.warc.gz</original>
    <mtime>1495615562</mtime>
    <size>443</size>
    <md5>5507722752b6e571b37af9688531ee6b</md5>
    <crc32>d8eec99a</crc32>
    <sha1>29836a90712f45243abdc699bd163d2c69ad3bdc</sha1>
  </file>
  <file name="lists.ubuntu.com-archives-ubuntu-fr-l10n.mbox-2016-08-23-a4db7855-meta.warc.gz" source="original">
    <mtime>1495613060</mtime>
    <size>3111</size>
    <md5>c2de7ca50cd40eb3c7ab093f1c212e8e</md5>
    <crc32>30da4c50</crc32>
    <sha1>765af3c509639c828b81c56aa116bad396c82acd</sha1>
    <format>Web ARChive GZ</format>
  </file>
  <file name="lists.ubuntu.com-archives-ubuntu-fr-l10n.mbox-2016-08-23-a4db7855-meta.warc.os.cdx.gz" source="derivative">
    <format>WARC CDX Index</format>
    <original>lists.ubuntu.com-archives-ubuntu-fr-l10n.mbox-2016-08-23-a4db7855-meta.warc.gz</original>
    <mtime>1495615564</mtime>
    <size>47</size>
    <md5>6e9216d470d6148362235c219ed2e184</md5>
    <crc32>6d1e96f5</crc32>
    <sha1>b02ef76aad18412e308fccd0192dc5e68603c9ed</sha1>
  </file>
  <file name="lists.ubuntu.com-archives-ubuntu-fr.mbox-2016-08-23-91bb0826-00000.warc.gz" source="original">
    <mtime>1495613068</mtime>
    <size>36642696</size>
    <md5>a9f31957f991c7e61f0100d93290d7db</md5>
    <crc32>b6960044</crc32>
    <sha1>c603e8938dc0cb13ebe38a60ea2dc58ff1b48d4c</sha1>
    <format>Web ARChive GZ</format>
  </file>
  <file name="lists.ubuntu.com-archives-ubuntu-fr.mbox-2016-08-23-91bb0826-00000.warc.os.cdx.gz" source="derivative">
    <format>WARC CDX Index</format>
    <original>lists.ubuntu.com-archives-ubuntu-fr.mbox-2016-08-23-91bb0826-00000.warc.gz</original>
    <mtime>1495615568</mtime>
    <size>431</size>
    <md5>0fe7eb042dc9a99064ad0bdee712554f</md5>
    <crc32>8dafca07</crc32>
    <sha1>be35c01e8f6785cd85c1374cb2e0f8b29da0ae35</sha1>
  </file>
  <file name="lists.ubuntu.com-archives-ubuntu-fr.mbox-2016-08-23-91bb0826-meta.warc.gz" source="original">
    <mtime>1495613075</mtime>
    <size>3162</size>
    <md5>61d3b18182a2a6a9698bed30fcc0f38e</md5>
    <crc32>e15f18cd</crc32>
    <sha1>1481ccfc93cbe2736c7282209e8a8369b4e9cd9c</sha1>
    <format>Web ARChive GZ</format>
  </file>
  <file name="lists.ubuntu.com-archives-ubuntu-fr.mbox-2016-08-23-91bb0826-meta.warc.os.cdx.gz" source="derivative">
    <format>WARC CDX Index</format>
    <original>lists.ubuntu.com-archives-ubuntu-fr.mbox-2016-08-23-91bb0826-meta.warc.gz</original>
    <mtime>1495615571</mtime>
    <size>47</size>
    <md5>86ce866ba704a913d535f359f4d44503</md5>
    <crc32>9c019778</crc32>
    <sha1>005c21edfbf67af90b3075772416cb240067abb6</sha1>
  </file>
  <file name="lists.ubuntu.com-archives-ubuntu-gal-2016-08-23-01a30b5b-00000.warc.gz" source="original">
    <mtime>1495613080</mtime>
    <size>3794</size>
    <md5>4b09b98d541be986501f69a5665317e2</md5>
    <crc32>fcb38947</crc32>
    <sha1>19ecd397163b862931eddbb2f8d35e4551a4f30e</sha1>
    <format>Web ARChive GZ</format>
  </file>
  <file name="lists.ubuntu.com-archives-ubuntu-gal-2016-08-23-01a30b5b-00000.warc.os.cdx.gz" source="derivative">
    <format>WARC CDX Index</format>
    <original>lists.ubuntu.com-archives-ubuntu-gal-2016-08-23-01a30b5b-00000.warc.gz</original>
    <mtime>1495615573</mtime>
    <size>219</size>
    <md5>a6f021a075cb9b238ec7992759751e87</md5>
    <crc32>807d239c</crc32>
    <sha1>fbe14fa444b3553e5c246c85ed9c760b7e740435</sha1>
  </file>
  <file name="lists.ubuntu.com-archives-ubuntu-gal-2016-08-23-01a30b5b-meta.warc.gz" source="original">
    <mtime>1495613085</mtime>
    <size>2921</size>
    <md5>e072fd4127f8df69e0f7e4838cca62ee</md5>
    <crc32>2725ab39</crc32>
    <sha1>bd540a8dde8d1866cf651c1927df533795ff7590</sha1>
    <format>Web ARChive GZ</format>
  </file>
  <file name="lists.ubuntu.com-archives-ubuntu-gal-2016-08-23-01a30b5b-meta.warc.os.cdx.gz" source="derivative">
    <format>WARC CDX Index</format>
    <original>lists.ubuntu.com-archives-ubuntu-gal-2016-08-23-01a30b5b-meta.warc.gz</original>
    <mtime>1495615575</mtime>
    <size>47</size>
    <md5>74a4fc7235455d23712a4ee2e2d4d525</md5>
    <crc32>5b3f4ad5</crc32>
    <sha1>450273ba45aacb2b18c72a28c89824427d487d87</sha1>
  </file>
  <file name="lists.ubuntu.com-archives-ubuntu-gal.mbox-2016-08-23-0090c77e-00000.warc.gz" source="original">
    <mtime>1495613089</mtime>
    <size>6399</size>
    <md5>aac43a8ad653cb4c881884af9d370749</md5>
    <crc32>3d0efedc</crc32>
    <sha1>a79ea15faa8bd8cb661b8254054cb0b55ec488b4</sha1>
    <format>Web ARChive GZ</format>
  </file>
  <file name="lists.ubuntu.com-archives-ubuntu-gal.mbox-2016-08-23-0090c77e-00000.warc.os.cdx.gz" source="derivative">
    <format>WARC CDX Index</format>
    <original>lists.ubuntu.com-archives-ubuntu-gal.mbox-2016-08-23-0090c77e-00000.warc.gz</original>
    <mtime>1495615578</mtime>
    <size>335</size>
    <md5>8605f95c7321e361e59c16cbb28dce1d</md5>
    <crc32>f9d784c9</crc32>
    <sha1>460a6b7aaf0176567c09f7b57e14e363bd36d403</sha1>
  </file>
  <file name="lists.ubuntu.com-archives-ubuntu-gal.mbox-2016-08-23-0090c77e-meta.warc.gz" source="original">
    <mtime>1495613096</mtime>
    <size>3026</size>
    <md5>a1e6768af440b642a2eb0b8d0297c457</md5>
    <crc32>45abdce5</crc32>
    <sha1>3b2755710ce6886aef1cb58cfc102167b9656d76</sha1>
    <format>Web ARChive GZ</format>
  </file>
  <file name="lists.ubuntu.com-archives-ubuntu-gal.mbox-2016-08-23-0090c77e-meta.warc.os.cdx.gz" source="derivative">
    <format>WARC CDX Index</format>
    <original>lists.ubuntu.com-archives-ubuntu-gal.mbox-2016-08-23-0090c77e-meta.warc.gz</original>
    <mtime>1495615580</mtime>
    <size>47</size>
    <md5>b53b91e98f63236e2a2f79879bb13fb4</md5>
    <crc32>c707ecc3</crc32>
    <sha1>f170db448257a3ece255a1391c1260ca65877492</sha1>
  </file>
  <file name="lists.ubuntu.com-archives-ubuntu-ge-2016-08-23-93f4944e-00000.warc.gz" source="original">
    <mtime>1495613102</mtime>
    <size>136200</size>
    <md5>e5d03b84edf42357184e3c78508ced28</md5>
    <crc32>75ae4ca5</crc32>
    <sha1>d926b66d78946a8f4636cbbe53f610f8d4346da7</sha1>
    <format>Web ARChive GZ</format>
  </file>
  <file name="lists.ubuntu.com-archives-ubuntu-ge-2016-08-23-93f4944e-00000.warc.os.cdx.gz" source="derivative">
    <format>WARC CDX Index</format>
    <original>lists.ubuntu.com-archives-ubuntu-ge-2016-08-23-93f4944e-00000.warc.gz</original>
    <mtime>1495615537</mtime>
    <size>2986</size>
    <md5>ddf54ef2620e82ae22d0e4110d10440d</md5>
    <crc32>416b2a75</crc32>
    <sha1>c42d447e22bd9310a25cc2b7578508c0ebe05f7b</sha1>
  </file>
  <file name="lists.ubuntu.com-archives-ubuntu-ge-2016-08-23-93f4944e-meta.warc.gz" source="original">
    <mtime>1495613106</mtime>
    <size>4357</size>
    <md5>9d270d2b391a632add1f49d6a6513aac</md5>
    <crc32>a212b157</crc32>
    <sha1>b613ee49e849ad1fdde1b086f99d822f2c0a5836</sha1>
    <format>Web ARChive GZ</format>
  </file>
  <file name="lists.ubuntu.com-archives-ubuntu-ge-2016-08-23-93f4944e-meta.warc.os.cdx.gz" source="derivative">
    <format>WARC CDX Index</format>
    <original>lists.ubuntu.com-archives-ubuntu-ge-2016-08-23-93f4944e-meta.warc.gz</original>
    <mtime>1495615587</mtime>
    <size>47</size>
    <md5>7a7cafb2a877c5360922bb2e7292c9dd</md5>
    <crc32>b95b1f63</crc32>
    <sha1>7f782bbe1f85767625a83f604be90db9f15b630b</sha1>
  </file>
  <file name="lists.ubuntu.com-archives-ubuntu-ge.mbox-2016-08-23-3283ffd5-00000.warc.gz" source="original">
    <mtime>1495613115</mtime>
    <size>24831</size>
    <md5>93e84617acc16180716751865d9612eb</md5>
    <crc32>c2dd1039</crc32>
    <sha1>0bffe995b53b62f33f08efe6c9fff35bc15ba293</sha1>
    <format>Web ARChive GZ</format>
  </file>
  <file name="lists.ubuntu.com-archives-ubuntu-ge.mbox-2016-08-23-3283ffd5-00000.warc.os.cdx.gz" source="derivative">
    <format>WARC CDX Index</format>
    <original>lists.ubuntu.com-archives-ubuntu-ge.mbox-2016-08-23-3283ffd5-00000.warc.gz</original>
    <mtime>1495615738</mtime>
    <size>425</size>
    <md5>c4e8637a390d9e46825e9fa97a7a0b5e</md5>
    <crc32>cf38f175</crc32>
    <sha1>e77ba216f8c22b42cb83a5e14f919d020ee1f38a</sha1>
  </file>
  <file name="lists.ubuntu.com-archives-ubuntu-ge.mbox-2016-08-23-3283ffd5-meta.warc.gz" source="original">
    <mtime>1495613121</mtime>
    <size>3088</size>
    <md5>06521bb61e8849ebd54336dfd50cfbf7</md5>
    <crc32>4918489b</crc32>
    <sha1>3a85a0787dfbb619197c98a9d8e1158549233c79</sha1>
    <format>Web ARChive GZ</format>
  </file>
  <file name="lists.ubuntu.com-archives-ubuntu-ge.mbox-2016-08-23-3283ffd5-meta.warc.os.cdx.gz" source="derivative">
    <format>WARC CDX Index</format>
    <original>lists.ubuntu.com-archives-ubuntu-ge.mbox-2016-08-23-3283ffd5-meta.warc.gz</original>
    <mtime>1495615589</mtime>
    <size>47</size>
    <md5>2f4104229d2e9a31c113e5ead9884956</md5>
    <crc32>f0422f38</crc32>
    <sha1>9216a2eb308ca12ae8a1f69ccdad6e6ae1759095</sha1>
  </file>
  <file name="lists.ubuntu.com-archives-ubuntu-gnome-2016-08-23-93d05ee9-00000.warc.gz" source="original">
    <mtime>1495613135</mtime>
    <size>105555155</size>
    <md5>213d0e743d79d579287f7ab917fbaa90</md5>
    <crc32>5ac3e929</crc32>
    <sha1>c9525ab9fdd3fc8efe6fdb269b511338db06f6bc</sha1>
    <format>Web ARChive GZ</format>
  </file>
  <file name="lists.ubuntu.com-archives-ubuntu-gnome-2016-08-23-93d05ee9-00000.warc.os.cdx.gz" source="derivative">
    <format>WARC CDX Index</format>
    <original>lists.ubuntu.com-archives-ubuntu-gnome-2016-08-23-93d05ee9-00000.warc.gz</original>
    <mtime>1495615612</mtime>
    <size>533251</size>
    <md5>ce6d62d333a0a1aafe1fc5cbbc0f3d9a</md5>
    <crc32>a293b5f5</crc32>
    <sha1>acc56f7a81a6bd91c548fd6692e0f60ea645a0a4</sha1>
  </file>
  <file name="lists.ubuntu.com-archives-ubuntu-gnome-2016-08-23-93d05ee9-meta.warc.gz" source="original">
    <mtime>1495613139</mtime>
    <size>296964</size>
    <md5>0439373314ef591365a9437505efc003</md5>
    <crc32>3c3ac3f2</crc32>
    <sha1>da55f34084fcdcea9f1556aa3d61cfb866246840</sha1>
    <format>Web ARChive GZ</format>
  </file>
  <file name="lists.ubuntu.com-archives-ubuntu-gnome-2016-08-23-93d05ee9-meta.warc.os.cdx.gz" source="derivative">
    <format>WARC CDX Index</format>
    <original>lists.ubuntu.com-archives-ubuntu-gnome-2016-08-23-93d05ee9-meta.warc.gz</original>
    <mtime>1495615614</mtime>
    <size>47</size>
    <md5>12709ef1345069e1bacd8f2854c6918d</md5>
    <crc32>c663f318</crc32>
    <sha1>861911514d0ab1d9b04ffd37440b8b001a112f72</sha1>
  </file>
  <file name="lists.ubuntu.com-archives-ubuntu-gnome.mbox-2016-08-23-5f904b4e-00000.warc.gz" source="original">
    <mtime>1495613148</mtime>
    <size>47491725</size>
    <md5>e653071adc57e8f05216364d7668595a</md5>
    <crc32>528db76c</crc32>
    <sha1>20ab4a2526b3b2ed0a97a9d7477ca228727b98d7</sha1>
    <format>Web ARChive GZ</format>
  </file>
  <file name="lists.ubuntu.com-archives-ubuntu-gnome.mbox-2016-08-23-5f904b4e-00000.warc.os.cdx.gz" source="derivative">
    <format>WARC CDX Index</format>
    <original>lists.ubuntu.com-archives-ubuntu-gnome.mbox-2016-08-23-5f904b4e-00000.warc.gz</original>
    <mtime>1495615621</mtime>
    <size>167631</size>
    <md5>3cd6d8acdb610472ef47a93b5ca93f1a</md5>
    <crc32>7b3abc22</crc32>
    <sha1>12998ab53beb1c7fa6fc60715f04ff4427b2b60f</sha1>
  </file>
  <file name="lists.ubuntu.com-archives-ubuntu-gnome.mbox-2016-08-23-5f904b4e-meta.warc.gz" source="original">
    <mtime>1495613153</mtime>
    <size>98115</size>
    <md5>2b4808e1902cf1645d8d4312ccf09842</md5>
    <crc32>26d53201</crc32>
    <sha1>921beb5e7ae894c8aa46fc951dae0d8e92ece5e6</sha1>
    <format>Web ARChive GZ</format>
  </file>
  <file name="lists.ubuntu.com-archives-ubuntu-gnome.mbox-2016-08-23-5f904b4e-meta.warc.os.cdx.gz" source="derivative">
    <format>WARC CDX Index</format>
    <original>lists.ubuntu.com-archives-ubuntu-gnome.mbox-2016-08-23-5f904b4e-meta.warc.gz</original>
    <mtime>1495615624</mtime>
    <size>47</size>
    <md5>f582e91f2e4f5b69d55a423efb8b5e9d</md5>
    <crc32>3f4a6b34</crc32>
    <sha1>7e095f4d683c274366ab7b241a735084032f9fe5</sha1>
  </file>
  <file name="lists.ubuntu.com-archives-ubuntu-gr-2016-08-23-b154caca-00000.warc.gz" source="original">
    <mtime>1495613166</mtime>
    <size>135920150</size>
    <md5>d5c71b23fd3613954fffa7a7e9bebf6c</md5>
    <crc32>f32662c6</crc32>
    <sha1>87903eff045f33da1600b9ba1520fba783ccaf4b</sha1>
    <format>Web ARChive GZ</format>
  </file>
  <file name="lists.ubuntu.com-archives-ubuntu-gr-2016-08-23-b154caca-00000.warc.os.cdx.gz" source="derivative">
    <format>WARC CDX Index</format>
    <original>lists.ubuntu.com-archives-ubuntu-gr-2016-08-23-b154caca-00000.warc.gz</original>
    <mtime>1495615678</mtime>
    <size>1592607</size>
    <md5>819d1c0913b0e4bcbb12f07ef68eeae9</md5>
    <crc32>0ecb63aa</crc32>
    <sha1>030ee3f876f5ed993697b87f255df637007fa9cf</sha1>
  </file>
  <file name="lists.ubuntu.com-archives-ubuntu-gr-2016-08-23-b154caca-meta.warc.gz" source="original">
    <mtime>1495613174</mtime>
    <size>813042</size>
    <md5>c8f5da9ba2d36b21c156092cd15b0ba8</md5>
    <crc32>afd34506</crc32>
    <sha1>65ac9a62003d28a07f796aca7054b823cfa6f3f8</sha1>
    <format>Web ARChive GZ</format>
  </file>
  <file name="lists.ubuntu.com-archives-ubuntu-gr-2016-08-23-b154caca-meta.warc.os.cdx.gz" source="derivative">
    <format>WARC CDX Index</format>
    <original>lists.ubuntu.com-archives-ubuntu-gr-2016-08-23-b154caca-meta.warc.gz</original>
    <mtime>1495615681</mtime>
    <size>47</size>
    <md5>8326768a80ac66f05833c54cfbce0302</md5>
    <crc32>e8a3c2cf</crc32>
    <sha1>eeeef8d86ab8c39c953e3139253e7a1642f9dada</sha1>
  </file>
  <file name="lists.ubuntu.com-archives-ubuntu-gr.mbox-2016-08-23-20975026-00000.warc.gz" source="original">
    <mtime>1495613181</mtime>
    <size>37019229</size>
    <md5>9b02428db02db2a90a3e425c1f279841</md5>
    <crc32>3d52c81b</crc32>
    <sha1>275bbeef9f2896224403c3ebdc1a29b75f2170d9</sha1>
    <format>Web ARChive GZ</format>
  </file>
  <file name="lists.ubuntu.com-archives-ubuntu-gr.mbox-2016-08-23-20975026-00000.warc.os.cdx.gz" source="derivative">
    <format>WARC CDX Index</format>
    <original>lists.ubuntu.com-archives-ubuntu-gr.mbox-2016-08-23-20975026-00000.warc.gz</original>
    <mtime>1495615685</mtime>
    <size>429</size>
    <md5>52fbd81162fbb90862886c7ea9ea6f9b</md5>
    <crc32>6125a01a</crc32>
    <sha1>8eb9942aa4f310a7240a24d6a7d10b53e3f96581</sha1>
  </file>
  <file name="lists.ubuntu.com-archives-ubuntu-gr.mbox-2016-08-23-20975026-meta.warc.gz" source="original">
    <mtime>1495613185</mtime>
    <size>3094</size>
    <md5>309a7ef2c5a09e2952a5ad4b02599305</md5>
    <crc32>3e47f075</crc32>
    <sha1>17078778628e86bbdde9b1ff98b2015d3d1bbd7b</sha1>
    <format>Web ARChive GZ</format>
  </file>
  <file name="lists.ubuntu.com-archives-ubuntu-gr.mbox-2016-08-23-20975026-meta.warc.os.cdx.gz" source="derivative">
    <format>WARC CDX Index</format>
    <original>lists.ubuntu.com-archives-ubuntu-gr.mbox-2016-08-23-20975026-meta.warc.gz</original>
    <mtime>1495615687</mtime>
    <size>47</size>
    <md5>8bada675bfdec24b37ca209bbd836dda</md5>
    <crc32>a1baf294</crc32>
    <sha1>fb30423670fe1c704b132e05964f3af9e82553d5</sha1>
  </file>
  <file name="lists.ubuntu.com-archives-ubuntu-gt-2016-08-23-4ba57fdd-00000.warc.gz" source="original">
    <mtime>1495613197</mtime>
    <size>107135794</size>
    <md5>8b90aa98a34cdcd5623bbc4395ba7f31</md5>
    <crc32>418365cd</crc32>
    <sha1>92e59a32912f19c6fccd860213ba79e9604c78de</sha1>
    <format>Web ARChive GZ</format>
  </file>
  <file name="lists.ubuntu.com-archives-ubuntu-gt-2016-08-23-4ba57fdd-00000.warc.os.cdx.gz" source="derivative">
    <format>WARC CDX Index</format>
    <original>lists.ubuntu.com-archives-ubuntu-gt-2016-08-23-4ba57fdd-00000.warc.gz</original>
    <mtime>1495615727</mtime>
    <size>1268529</size>
    <md5>1f5257ddf8db51589920b2f65c0e416e</md5>
    <crc32>f0b11c4a</crc32>
    <sha1>7459869573fda16b264212b9df8b735464085453</sha1>
  </file>
  <file name="lists.ubuntu.com-archives-ubuntu-gt-2016-08-23-4ba57fdd-meta.warc.gz" source="original">
    <mtime>1495613203</mtime>
    <size>645745</size>
    <md5>62b35274bba0a8a3c6e17fa837ab52ea</md5>
    <crc32>e6658fa2</crc32>
    <sha1>f4cbe3e37109dc979db897bbb8ef82faf082dee6</sha1>
    <format>Web ARChive GZ</format>
  </file>
  <file name="lists.ubuntu.com-archives-ubuntu-gt-2016-08-23-4ba57fdd-meta.warc.os.cdx.gz" source="derivative">
    <format>WARC CDX Index</format>
    <original>lists.ubuntu.com-archives-ubuntu-gt-2016-08-23-4ba57fdd-meta.warc.gz</original>
    <mtime>1495615851</mtime>
    <size>47</size>
    <md5>c483feff01d5ae08ed43dd4ad2a48018</md5>
    <crc32>4d6e2696</crc32>
    <sha1>c8d9feccf03420a60dd63f8ba92ab5dc99a7920c</sha1>
  </file>
  <file name="lists.ubuntu.com-archives-ubuntu-gt.mbox-2016-08-23-1456a048-00000.warc.gz" source="original">
    <mtime>1495613209</mtime>
    <size>15502233</size>
    <md5>8a0257f7e25834bb9b488ee38404bbff</md5>
    <crc32>721748ee</crc32>
    <sha1>9e1831ef5ecf5ac29c497665be5c43b109e4e6cc</sha1>
    <format>Web ARChive GZ</format>
  </file>
  <file name="lists.ubuntu.com-archives-ubuntu-gt.mbox-2016-08-23-1456a048-00000.warc.os.cdx.gz" source="derivative">
    <format>WARC CDX Index</format>
    <original>lists.ubuntu.com-archives-ubuntu-gt.mbox-2016-08-23-1456a048-00000.warc.gz</original>
    <mtime>1495615540</mtime>
    <size>433</size>
    <md5>772a5a484168d2a5e50fdef00af395fa</md5>
    <crc32>af560607</crc32>
    <sha1>752dc17ea7931f77e4781e2201467ef9ea8a1ae1</sha1>
  </file>
  <file name="lists.ubuntu.com-archives-ubuntu-gt.mbox-2016-08-23-1456a048-meta.warc.gz" source="original">
    <mtime>1495613213</mtime>
    <size>3096</size>
    <md5>8219863f39a9b3b542c2dc9d4f5c1027</md5>
    <crc32>625c38d1</crc32>
    <sha1>e55f6cc4af41ce8bf9b450048b409ec390b8e886</sha1>
    <format>Web ARChive GZ</format>
  </file>
  <file name="lists.ubuntu.com-archives-ubuntu-gt.mbox-2016-08-23-1456a048-meta.warc.os.cdx.gz" source="derivative">
    <format>WARC CDX Index</format>
    <original>lists.ubuntu.com-archives-ubuntu-gt.mbox-2016-08-23-1456a048-meta.warc.gz</original>
    <mtime>1495615582</mtime>
    <size>47</size>
    <md5>22e12835451f6d0c44b2c22c88bbbab7</md5>
    <crc32>49200135</crc32>
    <sha1>bd91c8c99881895232ee731021a73daddc936afa</sha1>
  </file>
  <file name="lists.ubuntu.com-archives-ubuntu-hardened-2016-08-23-e472fef0-00000.warc.gz" source="original">
    <mtime>1495613218</mtime>
    <size>5183014</size>
    <md5>212f589fd259f291ac41db821148ff7f</md5>
    <crc32>9eb87be2</crc32>
    <sha1>6ed42a9c00a1201d85be41caead087efb0729d69</sha1>
    <format>Web ARChive GZ</format>
  </file>
  <file name="lists.ubuntu.com-archives-ubuntu-hardened-2016-08-23-e472fef0-00000.warc.os.cdx.gz" source="derivative">
    <format>WARC CDX Index</format>
    <original>lists.ubuntu.com-archives-ubuntu-hardened-2016-08-23-e472fef0-00000.warc.gz</original>
    <mtime>1495615732</mtime>
    <size>83336</size>
    <md5>82b2bf33bc225fbdc4038eabf48c6cb4</md5>
    <crc32>ae48985b</crc32>
    <sha1>a00ecc6cef9dc8548d900ed81f44226a92b79f77</sha1>
  </file>
  <file name="lists.ubuntu.com-archives-ubuntu-hardened-2016-08-23-e472fef0-meta.warc.gz" source="original">
    <mtime>1495613223</mtime>
    <size>43374</size>
    <md5>e90b6bd07179131631a10d0b840035ca</md5>
    <crc32>aaaf07e9</crc32>
    <sha1>c115e81740c82335c5a2610482232a41b8a4f450</sha1>
    <format>Web ARChive GZ</format>
  </file>
  <file name="lists.ubuntu.com-archives-ubuntu-hardened-2016-08-23-e472fef0-meta.warc.os.cdx.gz" source="derivative">
    <format>WARC CDX Index</format>
    <original>lists.ubuntu.com-archives-ubuntu-hardened-2016-08-23-e472fef0-meta.warc.gz</original>
    <mtime>1495615776</mtime>
    <size>47</size>
    <md5>e79ed8169eb5b827e7a97dd3c2c5e388</md5>
    <crc32>14a0629b</crc32>
    <sha1>0beef47131be4adbb6a11759f52b22f92f4f60a9</sha1>
  </file>
  <file name="lists.ubuntu.com-archives-ubuntu-hardened.mbox-2016-08-23-ef4a8118-00000.warc.gz" source="original">
    <mtime>1495613227</mtime>
    <size>1226348</size>
    <md5>7d8264d7d2b96e72fa6d6a7cbfa7e424</md5>
    <crc32>22db9652</crc32>
    <sha1>bbcb3be810ffbc29304a963faf5fbc7df5e688d9</sha1>
    <format>Web ARChive GZ</format>
  </file>
  <file name="lists.ubuntu.com-archives-ubuntu-hardened.mbox-2016-08-23-ef4a8118-00000.warc.os.cdx.gz" source="derivative">
    <format>WARC CDX Index</format>
    <original>lists.ubuntu.com-archives-ubuntu-hardened.mbox-2016-08-23-ef4a8118-00000.warc.gz</original>
    <mtime>1495615743</mtime>
    <size>442</size>
    <md5>92cedd13de9d6b81865672beb89ce952</md5>
    <crc32>35d52ea9</crc32>
    <sha1>5fea60bead828bfea0782ce1247f7d35b83c8fac</sha1>
  </file>
  <file name="lists.ubuntu.com-archives-ubuntu-hardened.mbox-2016-08-23-ef4a8118-meta.warc.gz" source="original">
    <mtime>1495613232</mtime>
    <size>3110</size>
    <md5>99711642e2c515dd46b394743ccb38ee</md5>
    <crc32>869aa776</crc32>
    <sha1>b650cefb405ab8f7046798b11e4ac424a1c5162f</sha1>
    <format>Web ARChive GZ</format>
  </file>
  <file name="lists.ubuntu.com-archives-ubuntu-hardened.mbox-2016-08-23-ef4a8118-meta.warc.os.cdx.gz" source="derivative">
    <format>WARC CDX Index</format>
    <original>lists.ubuntu.com-archives-ubuntu-hardened.mbox-2016-08-23-ef4a8118-meta.warc.gz</original>
    <mtime>1495615746</mtime>
    <size>47</size>
    <md5>8e3e271a73bb7702aa5fdb4c18df5033</md5>
    <crc32>15c47d40</crc32>
    <sha1>8afbc695882cfd09ac2f2cd0aacd17c3ac6ab53e</sha1>
  </file>
  <file name="lists.ubuntu.com-archives-ubuntu-helpteam-2016-08-23-2a653c10-00000.warc.gz" source="original">
    <mtime>1495613237</mtime>
    <size>451545</size>
    <md5>3df64223eff9d14042e58ed17ce980df</md5>
    <crc32>88fbaf2f</crc32>
    <sha1>d586666cee1217d066531771858da52ebda2b08f</sha1>
    <format>Web ARChive GZ</format>
  </file>
  <file name="lists.ubuntu.com-archives-ubuntu-helpteam-2016-08-23-2a653c10-00000.warc.os.cdx.gz" source="derivative">
    <format>WARC CDX Index</format>
    <original>lists.ubuntu.com-archives-ubuntu-helpteam-2016-08-23-2a653c10-00000.warc.gz</original>
    <mtime>1495615749</mtime>
    <size>8556</size>
    <md5>6d20d543b3e53cac6479c5ff386a2cf4</md5>
    <crc32>7bc9c3fc</crc32>
    <sha1>a3d4c822fc65b2d9c02f7fb0a2b724272c067db5</sha1>
  </file>
  <file name="lists.ubuntu.com-archives-ubuntu-helpteam-2016-08-23-2a653c10-meta.warc.gz" source="original">
    <mtime>1495613243</mtime>
    <size>7018</size>
    <md5>92721ad3be3323dbe501ac30afafeb32</md5>
    <crc32>a0af5bd2</crc32>
    <sha1>302aff4097897e5eaf2220729bfc0f46b974ecb9</sha1>
    <format>Web ARChive GZ</format>
  </file>
  <file name="lists.ubuntu.com-archives-ubuntu-helpteam-2016-08-23-2a653c10-meta.warc.os.cdx.gz" source="derivative">
    <format>WARC CDX Index</format>
    <original>lists.ubuntu.com-archives-ubuntu-helpteam-2016-08-23-2a653c10-meta.warc.gz</original>
    <mtime>1495615751</mtime>
    <size>47</size>
    <md5>a34c68e127058136449a9538e7f057f8</md5>
    <crc32>95e95616</crc32>
    <sha1>e164b6e772e792efe71c656ab5745d7f3701cd18</sha1>
  </file>
  <file name="lists.ubuntu.com-archives-ubuntu-helpteam.mbox-2016-08-23-8539984d-00000.warc.gz" source="original">
    <mtime>1495613249</mtime>
    <size>58954</size>
    <md5>0c5f3da3b657f2613386bd178d4e23c4</md5>
    <crc32>5ca4417f</crc32>
    <sha1>9ed3688e37e18ed570f435abcb18442e223accae</sha1>
    <format>Web ARChive GZ</format>
  </file>
  <file name="lists.ubuntu.com-archives-ubuntu-helpteam.mbox-2016-08-23-8539984d-00000.warc.os.cdx.gz" source="derivative">
    <format>WARC CDX Index</format>
    <original>lists.ubuntu.com-archives-ubuntu-helpteam.mbox-2016-08-23-8539984d-00000.warc.gz</original>
    <mtime>1495615754</mtime>
    <size>435</size>
    <md5>1a8094601d83c37beca691dbfb03f821</md5>
    <crc32>a06aabcf</crc32>
    <sha1>7fb1493c6989b22bae7de57974f84f41637e0035</sha1>
  </file>
  <file name="lists.ubuntu.com-archives-ubuntu-helpteam.mbox-2016-08-23-8539984d-meta.warc.gz" source="original">
    <mtime>1495613254</mtime>
    <size>3109</size>
    <md5>81da5ac94ff80eae51d5c91de3027a2f</md5>
    <crc32>c5bae1b6</crc32>
    <sha1>72632b9fd8f6e5dbb951eeb585d3066a2cbcd5fc</sha1>
    <format>Web ARChive GZ</format>
  </file>
  <file name="lists.ubuntu.com-archives-ubuntu-helpteam.mbox-2016-08-23-8539984d-meta.warc.os.cdx.gz" source="derivative">
    <format>WARC CDX Index</format>
    <original>lists.ubuntu.com-archives-ubuntu-helpteam.mbox-2016-08-23-8539984d-meta.warc.gz</original>
    <mtime>1495615756</mtime>
    <size>47</size>
    <md5>fac8f89ef8473f514bf029cd5d13843c</md5>
    <crc32>09d1f000</crc32>
    <sha1>25bc6dd82d141741e1420fadb7e3f97db6304ad0</sha1>
  </file>
  <file name="lists.ubuntu.com-archives-ubuntu-hk-2016-08-23-2a1c760e-00000.warc.gz" source="original">
    <mtime>1495613258</mtime>
    <size>233195</size>
    <md5>a6c28404cbfbcb03d5fb3a705a1b573a</md5>
    <crc32>0e31f716</crc32>
    <sha1>0fb564067447d352eb322c137abde03b84235622</sha1>
    <format>Web ARChive GZ</format>
  </file>
  <file name="lists.ubuntu.com-archives-ubuntu-hk-2016-08-23-2a1c760e-00000.warc.os.cdx.gz" source="derivative">
    <format>WARC CDX Index</format>
    <original>lists.ubuntu.com-archives-ubuntu-hk-2016-08-23-2a1c760e-00000.warc.gz</original>
    <mtime>1495615759</mtime>
    <size>4649</size>
    <md5>6f231a81575b2cad8c6c101ffa1f4f5f</md5>
    <crc32>b186ff4a</crc32>
    <sha1>0ded7b533096a15f8bf1eaa4cb715528c9b0f540</sha1>
  </file>
  <file name="lists.ubuntu.com-archives-ubuntu-hk-2016-08-23-2a1c760e-meta.warc.gz" source="original">
    <mtime>1495613263</mtime>
    <size>5134</size>
    <md5>10d036a01803cc34bc65b044f6a05ce2</md5>
    <crc32>fb853671</crc32>
    <sha1>72e438558f5716ce8c35b4f6a791eb9ae5847497</sha1>
    <format>Web ARChive GZ</format>
  </file>
  <file name="lists.ubuntu.com-archives-ubuntu-hk-2016-08-23-2a1c760e-meta.warc.os.cdx.gz" source="derivative">
    <format>WARC CDX Index</format>
    <original>lists.ubuntu.com-archives-ubuntu-hk-2016-08-23-2a1c760e-meta.warc.gz</original>
    <mtime>1495615763</mtime>
    <size>47</size>
    <md5>902d8533d5350822b00755c87b31c2a1</md5>
    <crc32>f8cef18d</crc32>
    <sha1>0e9b64597d765877ac0d3772482f738141c633d0</sha1>
  </file>
  <file name="lists.ubuntu.com-archives-ubuntu-hk.mbox-2016-08-23-30a33625-00000.warc.gz" source="original">
    <mtime>1495613270</mtime>
    <size>35817</size>
    <md5>e1add51c7e57c6f265c1f614517ef613</md5>
    <crc32>d1d094aa</crc32>
    <sha1>aca71c1dc14f407278b1edada2ef95f068dcebc0</sha1>
    <format>Web ARChive GZ</format>
  </file>
  <file name="lists.ubuntu.com-archives-ubuntu-hk.mbox-2016-08-23-30a33625-00000.warc.os.cdx.gz" source="derivative">
    <format>WARC CDX Index</format>
    <original>lists.ubuntu.com-archives-ubuntu-hk.mbox-2016-08-23-30a33625-00000.warc.gz</original>
    <mtime>1495615765</mtime>
    <size>428</size>
    <md5>6f4cfa8aa26812520628ee8258c889bf</md5>
    <crc32>d59c1524</crc32>
    <sha1>fa5c1db1bb7cf5d8a5a46eaf7107b929d643ad56</sha1>
  </file>
  <file name="lists.ubuntu.com-archives-ubuntu-hk.mbox-2016-08-23-30a33625-meta.warc.gz" source="original">
    <mtime>1495613275</mtime>
    <size>3090</size>
    <md5>658a1b7d57da6b5b757f627b75ecdc56</md5>
    <crc32>75749bfe</crc32>
    <sha1>098d55f1619df8e9dbb3d627c16f4821594c5dd1</sha1>
    <format>Web ARChive GZ</format>
  </file>
  <file name="lists.ubuntu.com-archives-ubuntu-hk.mbox-2016-08-23-30a33625-meta.warc.os.cdx.gz" source="derivative">
    <format>WARC CDX Index</format>
    <original>lists.ubuntu.com-archives-ubuntu-hk.mbox-2016-08-23-30a33625-meta.warc.gz</original>
    <mtime>1495615768</mtime>
    <size>47</size>
    <md5>76b93030d779bbb77780198105e28bbe</md5>
    <crc32>64f6579b</crc32>
    <sha1>c7cc0253109a414ba4e20de6ce1fa8e168b72737</sha1>
  </file>
  <file name="lists.ubuntu.com-archives-ubuntu-hn-2016-08-23-dac862a9-00000.warc.gz" source="original">
    <mtime>1495613280</mtime>
    <size>9047564</size>
    <md5>e3d29a0512ab7724d9a1e7984be1a0c4</md5>
    <crc32>d227a11e</crc32>
    <sha1>5ffc44996ac8533f1af3e05bab3304e806760684</sha1>
    <format>Web ARChive GZ</format>
  </file>
  <file name="lists.ubuntu.com-archives-ubuntu-hn-2016-08-23-dac862a9-00000.warc.os.cdx.gz" source="derivative">
    <format>WARC CDX Index</format>
    <original>lists.ubuntu.com-archives-ubuntu-hn-2016-08-23-dac862a9-00000.warc.gz</original>
    <mtime>1495615773</mtime>
    <size>99110</size>
    <md5>6a6f7fcc58abe8742bd4b5e51c70ae0d</md5>
    <crc32>0f4a3be7</crc32>
    <sha1>25e5f26168d0b1d63e962c019199fced871db415</sha1>
  </file>
  <file name="lists.ubuntu.com-archives-ubuntu-hn-2016-08-23-dac862a9-meta.warc.gz" source="original">
    <mtime>1495613286</mtime>
    <size>50368</size>
    <md5>dea343495bc31a763981bb3647d13baa</md5>
    <crc32>4d7ba4c6</crc32>
    <sha1>6ffd64a8cd34cd0bb2fa2bd19a3139281fc923a4</sha1>
    <format>Web ARChive GZ</format>
  </file>
  <file name="lists.ubuntu.com-archives-ubuntu-hn-2016-08-23-dac862a9-meta.warc.os.cdx.gz" source="derivative">
    <format>WARC CDX Index</format>
    <original>lists.ubuntu.com-archives-ubuntu-hn-2016-08-23-dac862a9-meta.warc.gz</original>
    <mtime>1495615740</mtime>
    <size>47</size>
    <md5>bbcdf684cd764c264ee615daec3231bb</md5>
    <crc32>18d8dc99</crc32>
    <sha1>d150def939bf0d08919ab54d7aa58ec7a9ed79c2</sha1>
  </file>
  <file name="lists.ubuntu.com-archives-ubuntu-hn.mbox-2016-08-23-8273a161-00000.warc.gz" source="original">
    <mtime>1495613292</mtime>
    <size>4295458</size>
    <md5>66c906e3294530788443cdca5b5939bf</md5>
    <crc32>1dd63911</crc32>
    <sha1>c810ebdb71f876f77673d5d996d2e9e1ae6b8073</sha1>
    <format>Web ARChive GZ</format>
  </file>
  <file name="lists.ubuntu.com-archives-ubuntu-hn.mbox-2016-08-23-8273a161-00000.warc.os.cdx.gz" source="derivative">
    <format>WARC CDX Index</format>
    <original>lists.ubuntu.com-archives-ubuntu-hn.mbox-2016-08-23-8273a161-00000.warc.gz</original>
    <mtime>1495615782</mtime>
    <size>437</size>
    <md5>fe37def661a4d2431a3f47509c16de9e</md5>
    <crc32>c406f14c</crc32>
    <sha1>987a4094088389145654892d9472aa0b36b47711</sha1>
  </file>
  <file name="lists.ubuntu.com-archives-ubuntu-hn.mbox-2016-08-23-8273a161-meta.warc.gz" source="original">
    <mtime>1495613296</mtime>
    <size>3100</size>
    <md5>75ee296efd2d68f30c157e996b57bd8f</md5>
    <crc32>ffdb200b</crc32>
    <sha1>4b3fde9553c0f70a06e51b3c2628690ce116bb39</sha1>
    <format>Web ARChive GZ</format>
  </file>
  <file name="lists.ubuntu.com-archives-ubuntu-hn.mbox-2016-08-23-8273a161-meta.warc.os.cdx.gz" source="derivative">
    <format>WARC CDX Index</format>
    <original>lists.ubuntu.com-archives-ubuntu-hn.mbox-2016-08-23-8273a161-meta.warc.gz</original>
    <mtime>1495615735</mtime>
    <size>47</size>
    <md5>754c2918090f6c974c8058f4b4c0b456</md5>
    <crc32>84e07a8f</crc32>
    <sha1>bf189b6f91cb3bc488058171b264d556b51165be</sha1>
  </file>
  <file name="lists.ubuntu.com-archives-ubuntu-hu-2016-08-23-2b05efdb-00000.warc.gz" source="original">
    <mtime>1495613302</mtime>
    <size>19510302</size>
    <md5>6f2c6351dfb6ff8437370f2bde9f89cc</md5>
    <crc32>5d5bd122</crc32>
    <sha1>7adf91ec9777768f35b8757d33f4b4d6f0114b9c</sha1>
    <format>Web ARChive GZ</format>
  </file>
  <file name="lists.ubuntu.com-archives-ubuntu-hu-2016-08-23-2b05efdb-00000.warc.os.cdx.gz" source="derivative">
    <format>WARC CDX Index</format>
    <original>lists.ubuntu.com-archives-ubuntu-hu-2016-08-23-2b05efdb-00000.warc.gz</original>
    <mtime>1495615794</mtime>
    <size>301406</size>
    <md5>60de9500b17c3a241dd25b4080da8199</md5>
    <crc32>13ad1012</crc32>
    <sha1>ac55dfe695b1bf30838631c8266ce410579e9458</sha1>
  </file>
  <file name="lists.ubuntu.com-archives-ubuntu-hu-2016-08-23-2b05efdb-meta.warc.gz" source="original">
    <mtime>1495613307</mtime>
    <size>137827</size>
    <md5>37b257dddd7c286dce2fb43c6c90d2a2</md5>
    <crc32>bea3f073</crc32>
    <sha1>6ac3a47e6c4fd3437c5680bddf9044672603e598</sha1>
    <format>Web ARChive GZ</format>
  </file>
  <file name="lists.ubuntu.com-archives-ubuntu-hu-2016-08-23-2b05efdb-meta.warc.os.cdx.gz" source="derivative">
    <format>WARC CDX Index</format>
    <original>lists.ubuntu.com-archives-ubuntu-hu-2016-08-23-2b05efdb-meta.warc.gz</original>
    <mtime>1495615797</mtime>
    <size>47</size>
    <md5>c7aa80ae3965fa426c74f7939d81c85b</md5>
    <crc32>3e9433fb</crc32>
    <sha1>ddb22dac7020bdf78403b274d8ed483fe5ac107e</sha1>
  </file>
  <file name="lists.ubuntu.com-archives-ubuntu-hu.mbox-2016-08-23-d9ad8f06-00000.warc.gz" source="original">
    <mtime>1495613312</mtime>
    <size>4906302</size>
    <md5>c1a541302c18d322234133c356283b96</md5>
    <crc32>66ed377b</crc32>
    <sha1>042c228b2adebf396283dd1d40726dc1bb45a051</sha1>
    <format>Web ARChive GZ</format>
  </file>
  <file name="lists.ubuntu.com-archives-ubuntu-hu.mbox-2016-08-23-d9ad8f06-00000.warc.os.cdx.gz" source="derivative">
    <format>WARC CDX Index</format>
    <original>lists.ubuntu.com-archives-ubuntu-hu.mbox-2016-08-23-d9ad8f06-00000.warc.gz</original>
    <mtime>1495615800</mtime>
    <size>433</size>
    <md5>fc0344ddf08535a3f2182e161c749a2b</md5>
    <crc32>83b5d190</crc32>
    <sha1>20bdc3ae70cc6cbb8fa1c5a554013ee43668db84</sha1>
  </file>
  <file name="lists.ubuntu.com-archives-ubuntu-hu.mbox-2016-08-23-d9ad8f06-meta.warc.gz" source="original">
    <mtime>1495613316</mtime>
    <size>3099</size>
    <md5>2cf02c9dd0f84f8a1403da4cea06d771</md5>
    <crc32>002b97f2</crc32>
    <sha1>ead371715104f4756ff28badbf6fb0d21c6c415a</sha1>
    <format>Web ARChive GZ</format>
  </file>
  <file name="lists.ubuntu.com-archives-ubuntu-hu.mbox-2016-08-23-d9ad8f06-meta.warc.os.cdx.gz" source="derivative">
    <format>WARC CDX Index</format>
    <original>lists.ubuntu.com-archives-ubuntu-hu.mbox-2016-08-23-d9ad8f06-meta.warc.gz</original>
    <mtime>1495615803</mtime>
    <size>47</size>
    <md5>86031099ce42fa5c392563e51a1b641b</md5>
    <crc32>2281bebb</crc32>
    <sha1>d4fbfbf7270c4c9371cf62138bcb0d82421a6ccc</sha1>
  </file>
  <file name="lists.ubuntu.com-archives-ubuntu-ie-2016-08-23-08be857f-00000.warc.gz" source="original">
    <mtime>1495613322</mtime>
    <size>11495271</size>
    <md5>5414775776c6dfcca8959390aa141525</md5>
    <crc32>a3b0587f</crc32>
    <sha1>6fe602befadfa1fdda29075134692ba44cbea975</sha1>
    <format>Web ARChive GZ</format>
  </file>
  <file name="lists.ubuntu.com-archives-ubuntu-ie-2016-08-23-08be857f-00000.warc.os.cdx.gz" source="derivative">
    <format>WARC CDX Index</format>
    <original>lists.ubuntu.com-archives-ubuntu-ie-2016-08-23-08be857f-00000.warc.gz</original>
    <mtime>1495615811</mtime>
    <size>154808</size>
    <md5>1567f302d30d3f19b0ce5b62bca2efbf</md5>
    <crc32>d041c3f4</crc32>
    <sha1>e68035939e99af75e02a96c0a9eb8548f7cef720</sha1>
  </file>
  <file name="lists.ubuntu.com-archives-ubuntu-ie-2016-08-23-08be857f-meta.warc.gz" source="original">
    <mtime>1495613326</mtime>
    <size>84207</size>
    <md5>a1c1dceb840abde7133f7a8dbc50bdad</md5>
    <crc32>f0598234</crc32>
    <sha1>07c281014f38930dede6c68a189da5a1086a29f9</sha1>
    <format>Web ARChive GZ</format>
  </file>
  <file name="lists.ubuntu.com-archives-ubuntu-ie-2016-08-23-08be857f-meta.warc.os.cdx.gz" source="derivative">
    <format>WARC CDX Index</format>
    <original>lists.ubuntu.com-archives-ubuntu-ie-2016-08-23-08be857f-meta.warc.gz</original>
    <mtime>1495615814</mtime>
    <size>47</size>
    <md5>7d64198690ddaa758c47d41b6fcdeaff</md5>
    <crc32>170c42f6</crc32>
    <sha1>c1cc7a1ea1f76925d428d851de769c5b9f859656</sha1>
  </file>
  <file name="lists.ubuntu.com-archives-ubuntu-ie.mbox-2016-08-23-b346fa85-00000.warc.gz" source="original">
    <mtime>1495613331</mtime>
    <size>2264020</size>
    <md5>7b83fe92076fd4179c601f86d923fd79</md5>
    <crc32>02a3be2d</crc32>
    <sha1>564dc3b799b6548c2e4ea60556f11045d973e923</sha1>
    <format>Web ARChive GZ</format>
  </file>
  <file name="lists.ubuntu.com-archives-ubuntu-ie.mbox-2016-08-23-b346fa85-00000.warc.os.cdx.gz" source="derivative">
    <format>WARC CDX Index</format>
    <original>lists.ubuntu.com-archives-ubuntu-ie.mbox-2016-08-23-b346fa85-00000.warc.gz</original>
    <mtime>1495615817</mtime>
    <size>441</size>
    <md5>18310caaf4074bf26b2b1bab5bb7364e</md5>
    <crc32>7996f721</crc32>
    <sha1>fcc2bf58e684ff869ece2d32b4db57dca00cbb5a</sha1>
  </file>
  <file name="lists.ubuntu.com-archives-ubuntu-ie.mbox-2016-08-23-b346fa85-meta.warc.gz" source="original">
    <mtime>1495613335</mtime>
    <size>3096</size>
    <md5>2d1ea8f064d4a5c17018a216578b14ca</md5>
    <crc32>981990d5</crc32>
    <sha1>a60b705da3627ccbabe4d71de793c7836770d73a</sha1>
    <format>Web ARChive GZ</format>
  </file>
  <file name="lists.ubuntu.com-archives-ubuntu-ie.mbox-2016-08-23-b346fa85-meta.warc.os.cdx.gz" source="derivative">
    <format>WARC CDX Index</format>
    <original>lists.ubuntu.com-archives-ubuntu-ie.mbox-2016-08-23-b346fa85-meta.warc.gz</original>
    <mtime>1495615819</mtime>
    <size>47</size>
    <md5>e6a428297c3fafacb3fdbaca1eb50564</md5>
    <crc32>c22dd4bb</crc32>
    <sha1>1642fe0691b55678084193d467d35a8f94c28bc5</sha1>
  </file>
  <file name="lists.ubuntu.com-archives-ubuntu-in-2016-08-23-f71aa60b-00000.warc.gz" source="original">
    <mtime>1495613343</mtime>
    <size>53163494</size>
    <md5>f5eab71e372c831d15a6af250f38e5e3</md5>
    <crc32>a9db41a9</crc32>
    <sha1>003f8b08fe3ceee0867a229137ee5437c53cb9bc</sha1>
    <format>Web ARChive GZ</format>
  </file>
  <file name="lists.ubuntu.com-archives-ubuntu-in-2016-08-23-f71aa60b-00000.warc.os.cdx.gz" source="derivative">
    <format>WARC CDX Index</format>
    <original>lists.ubuntu.com-archives-ubuntu-in-2016-08-23-f71aa60b-00000.warc.gz</original>
    <mtime>1495615845</mtime>
    <size>815980</size>
    <md5>1b26392ba824680c25ccad27cfc2a908</md5>
    <crc32>003858a3</crc32>
    <sha1>c8dc300427bb4c34c8e680e8be1279437923c7d7</sha1>
  </file>
  <file name="lists.ubuntu.com-archives-ubuntu-in-2016-08-23-f71aa60b-meta.warc.gz" source="original">
    <mtime>1495613348</mtime>
    <size>372575</size>
    <md5>8dbeeefedb8e3987761cc3b9975019f6</md5>
    <crc32>7f1ff659</crc32>
    <sha1>4cda11281200ae633741cb2c58af2bdf69ecaaaa</sha1>
    <format>Web ARChive GZ</format>
  </file>
  <file name="lists.ubuntu.com-archives-ubuntu-in-2016-08-23-f71aa60b-meta.warc.os.cdx.gz" source="derivative">
    <format>WARC CDX Index</format>
    <original>lists.ubuntu.com-archives-ubuntu-in-2016-08-23-f71aa60b-meta.warc.gz</original>
    <mtime>1495615848</mtime>
    <size>47</size>
    <md5>839473a2ba693d66222789b0cc826615</md5>
    <crc32>845a3d9b</crc32>
    <sha1>b32c99d7c86a6cb968ac6bb4d9be0a15fce218cb</sha1>
  </file>
  <file name="lists.ubuntu.com-archives-ubuntu-in-ap-2016-08-23-4b2df288-00000.warc.gz" source="original">
    <mtime>1495613353</mtime>
    <size>153532</size>
    <md5>1d4ad5825dd61fb991eb232c69dbc424</md5>
    <crc32>6d46d53b</crc32>
    <sha1>6f08db40996245df4bb858834fc4341b900ab07a</sha1>
    <format>Web ARChive GZ</format>
  </file>
  <file name="lists.ubuntu.com-archives-ubuntu-in-ap-2016-08-23-4b2df288-00000.warc.os.cdx.gz" source="derivative">
    <format>WARC CDX Index</format>
    <original>lists.ubuntu.com-archives-ubuntu-in-ap-2016-08-23-4b2df288-00000.warc.gz</original>
    <mtime>1495615779</mtime>
    <size>3132</size>
    <md5>1ac48fa238252610b614ef9abb662ce4</md5>
    <crc32>28fe2303</crc32>
    <sha1>879cd88853ba6c120e67b85ab0342f329f46d673</sha1>
  </file>
  <file name="lists.ubuntu.com-archives-ubuntu-in-ap-2016-08-23-4b2df288-meta.warc.gz" source="original">
    <mtime>1495613357</mtime>
    <size>4442</size>
    <md5>ddf414e9b1b49fbd83d5ef28385b5b7c</md5>
    <crc32>bb80e234</crc32>
    <sha1>93e1f7ba7fcbcb8867dada4b0a8c37eecaac3072</sha1>
    <format>Web ARChive GZ</format>
  </file>
  <file name="lists.ubuntu.com-archives-ubuntu-in-ap-2016-08-23-4b2df288-meta.warc.os.cdx.gz" source="derivative">
    <format>WARC CDX Index</format>
    <original>lists.ubuntu.com-archives-ubuntu-in-ap-2016-08-23-4b2df288-meta.warc.gz</original>
    <mtime>1495615585</mtime>
    <size>47</size>
    <md5>8db7066460676b46a176e9d19cb1762a</md5>
    <crc32>377cf295</crc32>
    <sha1>1b10fb9078ae813950429118b9f5ba01c171894a</sha1>
  </file>
  <file name="lists.ubuntu.com-archives-ubuntu-in-ap.mbox-2016-08-23-7af6c123-00000.warc.gz" source="original">
    <mtime>1495613361</mtime>
    <size>37853</size>
    <md5>9231b633635b7764ed9ab092b6e98359</md5>
    <crc32>4f908a46</crc32>
    <sha1>5172ff50abff0fec8c912551f292788be0674a4c</sha1>
    <format>Web ARChive GZ</format>
  </file>
  <file name="lists.ubuntu.com-archives-ubuntu-in-ap.mbox-2016-08-23-7af6c123-00000.warc.os.cdx.gz" source="derivative">
    <format>WARC CDX Index</format>
    <original>lists.ubuntu.com-archives-ubuntu-in-ap.mbox-2016-08-23-7af6c123-00000.warc.gz</original>
    <mtime>1495615944</mtime>
    <size>439</size>
    <md5>a535356f5f2add0cf04237b4f80e3d8d</md5>
    <crc32>a2928a01</crc32>
    <sha1>e575b51d6b30f07edc4772104520240995c5f8d6</sha1>
  </file>
  <file name="lists.ubuntu.com-archives-ubuntu-in-ap.mbox-2016-08-23-7af6c123-meta.warc.gz" source="original">
    <mtime>1495613366</mtime>
    <size>3104</size>
    <md5>88c3444133be2e75a38de4b04883a2f3</md5>
    <crc32>de9bd2b0</crc32>
    <sha1>bcbb7aa6ec0dcb8e8acfef72c3978df8975422dd</sha1>
    <format>Web ARChive GZ</format>
  </file>
  <file name="lists.ubuntu.com-archives-ubuntu-in-ap.mbox-2016-08-23-7af6c123-meta.warc.os.cdx.gz" source="derivative">
    <format>WARC CDX Index</format>
    <original>lists.ubuntu.com-archives-ubuntu-in-ap.mbox-2016-08-23-7af6c123-meta.warc.gz</original>
    <mtime>1495615897</mtime>
    <size>47</size>
    <md5>8c1b0efd3fb404674c28b201313cb1a6</md5>
    <crc32>73796317</crc32>
    <sha1>f7da7da417749a58c65d55a0be0ca6d589527eb9</sha1>
  </file>
  <file name="lists.ubuntu.com-archives-ubuntu-in-dl-2016-08-23-a61f6375-00000.warc.gz" source="original">
    <mtime>1495613371</mtime>
    <size>18658</size>
    <md5>dee57b505d00acab4ecb1f37ce6f1df2</md5>
    <crc32>a0e1ae38</crc32>
    <sha1>db1de6f90678ba7bbb7cb33336058e073ba32a0c</sha1>
    <format>Web ARChive GZ</format>
  </file>
  <file name="lists.ubuntu.com-archives-ubuntu-in-dl-2016-08-23-a61f6375-00000.warc.os.cdx.gz" source="derivative">
    <format>WARC CDX Index</format>
    <original>lists.ubuntu.com-archives-ubuntu-in-dl-2016-08-23-a61f6375-00000.warc.gz</original>
    <mtime>1495615949</mtime>
    <size>619</size>
    <md5>68d71f897cdf0f8d1ebe1b31469a754a</md5>
    <crc32>97526360</crc32>
    <sha1>782169774f862d2bb5f80cd25934c8cc6fc069f0</sha1>
  </file>
  <file name="lists.ubuntu.com-archives-ubuntu-in-dl-2016-08-23-a61f6375-meta.warc.gz" source="original">
    <mtime>1495613376</mtime>
    <size>3165</size>
    <md5>8f5626bb7caefabf7ba869a7b082e91e</md5>
    <crc32>71f32bb5</crc32>
    <sha1>178abf4bda60a092257fc23f5fbeb8b9e6822a3b</sha1>
    <format>Web ARChive GZ</format>
  </file>
  <file name="lists.ubuntu.com-archives-ubuntu-in-dl-2016-08-23-a61f6375-meta.warc.os.cdx.gz" source="derivative">
    <format>WARC CDX Index</format>
    <original>lists.ubuntu.com-archives-ubuntu-in-dl-2016-08-23-a61f6375-meta.warc.gz</original>
    <mtime>1495615865</mtime>
    <size>47</size>
    <md5>f0c69a09b8e16d46ab13ecc09dfe551f</md5>
    <crc32>6950b156</crc32>
    <sha1>a2ae537efe955157e0de7ae1849567c91a97776a</sha1>
  </file>
  <file name="lists.ubuntu.com-archives-ubuntu-in-dl.mbox-2016-08-23-65ea6b45-00000.warc.gz" source="original">
    <mtime>1495613380</mtime>
    <size>9831</size>
    <md5>ab746b15b2d8b0ef88ec820028ed02fb</md5>
    <crc32>39fea815</crc32>
    <sha1>33c5dba357217a0c0b6528547a06b56e919fe012</sha1>
    <format>Web ARChive GZ</format>
  </file>
  <file name="lists.ubuntu.com-archives-ubuntu-in-dl.mbox-2016-08-23-65ea6b45-00000.warc.os.cdx.gz" source="derivative">
    <format>WARC CDX Index</format>
    <original>lists.ubuntu.com-archives-ubuntu-in-dl.mbox-2016-08-23-65ea6b45-00000.warc.gz</original>
    <mtime>1495615868</mtime>
    <size>435</size>
    <md5>edb29c7f2fe74df04940af6726306dc0</md5>
    <crc32>01fe911b</crc32>
    <sha1>71cc011c32e02544ff221e55dab661d0517d7dc7</sha1>
  </file>
  <file name="lists.ubuntu.com-archives-ubuntu-in-dl.mbox-2016-08-23-65ea6b45-meta.warc.gz" source="original">
    <mtime>1495613386</mtime>
    <size>3091</size>
    <md5>f2f56dc20098facc223ff4b3569ec091</md5>
    <crc32>47dfa5ce</crc32>
    <sha1>ed96baa5b0bef95bc1be6003735bf9f08b48e11e</sha1>
    <format>Web ARChive GZ</format>
  </file>
  <file name="lists.ubuntu.com-archives-ubuntu-in-dl.mbox-2016-08-23-65ea6b45-meta.warc.os.cdx.gz" source="derivative">
    <format>WARC CDX Index</format>
    <original>lists.ubuntu.com-archives-ubuntu-in-dl.mbox-2016-08-23-65ea6b45-meta.warc.gz</original>
    <mtime>1495615871</mtime>
    <size>47</size>
    <md5>2a2a6fe5644d7159fcf0ddc52692785b</md5>
    <crc32>2049810d</crc32>
    <sha1>8e05c9033fe51326a255a5068d404a3bd0cc0973</sha1>
  </file>
  <file name="lists.ubuntu.com-archives-ubuntu-in-gj-2016-08-23-772fb996-00000.warc.gz" source="original">
    <mtime>1495613392</mtime>
    <size>3802</size>
    <md5>55b0cc14001513a20aacbdf78eeb821b</md5>
    <crc32>52780623</crc32>
    <sha1>e46262f5560ce0af33b08fad9cfc7812fc70a8c3</sha1>
    <format>Web ARChive GZ</format>
  </file>
  <file name="lists.ubuntu.com-archives-ubuntu-in-gj-2016-08-23-772fb996-00000.warc.os.cdx.gz" source="derivative">
    <format>WARC CDX Index</format>
    <original>lists.ubuntu.com-archives-ubuntu-in-gj-2016-08-23-772fb996-00000.warc.gz</original>
    <mtime>1495615874</mtime>
    <size>222</size>
    <md5>452e0c2a796a21bb215176a5aed3bdf1</md5>
    <crc32>46580032</crc32>
    <sha1>ef467c9e7edde6afb09b0c9c05dfcc4ed846e22d</sha1>
  </file>
  <file name="lists.ubuntu.com-archives-ubuntu-in-gj-2016-08-23-772fb996-meta.warc.gz" source="original">
    <mtime>1495613396</mtime>
    <size>2925</size>
    <md5>a078eaab15d9519336fcaed9a8026c65</md5>
    <crc32>43e9037a</crc32>
    <sha1>1c8e6f743f5a8549f49428d353482f48f9035a53</sha1>
    <format>Web ARChive GZ</format>
  </file>
  <file name="lists.ubuntu.com-archives-ubuntu-in-gj-2016-08-23-772fb996-meta.warc.os.cdx.gz" source="derivative">
    <format>WARC CDX Index</format>
    <original>lists.ubuntu.com-archives-ubuntu-in-gj-2016-08-23-772fb996-meta.warc.gz</original>
    <mtime>1495615877</mtime>
    <size>47</size>
    <md5>7bdcd1ae481c2512c229ae7ef39813f0</md5>
    <crc32>4b527997</crc32>
    <sha1>f49d44dc85d0ab5c502edf36f128140ef86079a2</sha1>
  </file>
  <file name="lists.ubuntu.com-archives-ubuntu-in-gj.mbox-2016-08-23-4acd0b3e-00000.warc.gz" source="original">
    <mtime>1495613401</mtime>
    <size>6417</size>
    <md5>cdc1dbf6d86c5323047319f0187f10ba</md5>
    <crc32>6004108a</crc32>
    <sha1>f709332201d7088ab2a2dc648eada0d63b43722b</sha1>
    <format>Web ARChive GZ</format>
  </file>
  <file name="lists.ubuntu.com-archives-ubuntu-in-gj.mbox-2016-08-23-4acd0b3e-00000.warc.os.cdx.gz" source="derivative">
    <format>WARC CDX Index</format>
    <original>lists.ubuntu.com-archives-ubuntu-in-gj.mbox-2016-08-23-4acd0b3e-00000.warc.gz</original>
    <mtime>1495615880</mtime>
    <size>335</size>
    <md5>e62687f4c25247b33d98c812eb55a60c</md5>
    <crc32>3cf3af7c</crc32>
    <sha1>8fd2a481c1a8d9ddae1fe66969e7982b3403df58</sha1>
  </file>
  <file name="lists.ubuntu.com-archives-ubuntu-in-gj.mbox-2016-08-23-4acd0b3e-meta.warc.gz" source="original">
    <mtime>1495613406</mtime>
    <size>3032</size>
    <md5>23304d4450ffe08095b90ee36fb72459</md5>
    <crc32>7b00f3ef</crc32>
    <sha1>60c50909e4b91861003ecca319af7b320945e3fc</sha1>
    <format>Web ARChive GZ</format>
  </file>
  <file name="lists.ubuntu.com-archives-ubuntu-in-gj.mbox-2016-08-23-4acd0b3e-meta.warc.os.cdx.gz" source="derivative">
    <format>WARC CDX Index</format>
    <original>lists.ubuntu.com-archives-ubuntu-in-gj.mbox-2016-08-23-4acd0b3e-meta.warc.gz</original>
    <mtime>1495615883</mtime>
    <size>47</size>
    <md5>41ba006fd52669139eda0e5f4f5b83ff</md5>
    <crc32>5747f4d7</crc32>
    <sha1>69eb9a7ba5d201a51ad7b4b85db59bf15f15fc49</sha1>
  </file>
  <file name="lists.ubuntu.com-archives-ubuntu-in-tn-2016-08-23-8fb85c57-00000.warc.gz" source="original">
    <mtime>1495613411</mtime>
    <size>3807</size>
    <md5>3d3dbe12cf10c08c0e894e64bc69a7bb</md5>
    <crc32>dec44389</crc32>
    <sha1>470d040011c890055544a47ade856d43c50a1248</sha1>
    <format>Web ARChive GZ</format>
  </file>
  <file name="lists.ubuntu.com-archives-ubuntu-in-tn-2016-08-23-8fb85c57-00000.warc.os.cdx.gz" source="derivative">
    <format>WARC CDX Index</format>
    <original>lists.ubuntu.com-archives-ubuntu-in-tn-2016-08-23-8fb85c57-00000.warc.gz</original>
    <mtime>1495615886</mtime>
    <size>223</size>
    <md5>348c2e03cce139ba2b53e4aa87432b56</md5>
    <crc32>cde1d18c</crc32>
    <sha1>f604e5918111868da5a35b3021e99009c4b2a1c8</sha1>
  </file>
  <file name="lists.ubuntu.com-archives-ubuntu-in-tn-2016-08-23-8fb85c57-meta.warc.gz" source="original">
    <mtime>1495613416</mtime>
    <size>2927</size>
    <md5>9b119f5a49ebf2bb953e2f22182409c7</md5>
    <crc32>a1840a5d</crc32>
    <sha1>9197af95b012cab096b83cdea6bde3b7f881e483</sha1>
    <format>Web ARChive GZ</format>
  </file>
  <file name="lists.ubuntu.com-archives-ubuntu-in-tn-2016-08-23-8fb85c57-meta.warc.os.cdx.gz" source="derivative">
    <format>WARC CDX Index</format>
    <original>lists.ubuntu.com-archives-ubuntu-in-tn-2016-08-23-8fb85c57-meta.warc.gz</original>
    <mtime>1495615888</mtime>
    <size>47</size>
    <md5>3aba5ba0da5aab075c407e95abb99271</md5>
    <crc32>616628f7</crc32>
    <sha1>24ab57e16f45d1efd0300ed69312d17627602fba</sha1>
  </file>
  <file name="lists.ubuntu.com-archives-ubuntu-in-tn-_hy.mbox-2016-08-23-d130ad7d-meta.warc.gz" source="original">
    <mtime>1495613433</mtime>
    <size>3058</size>
    <md5>bcad164ff40184b800b38e2fe8a0b7b8</md5>
    <crc32>217cedf0</crc32>
    <sha1>9a25fc5ede474a78f66ab88eac46621721a63c8a</sha1>
    <format>Web ARChive GZ</format>
  </file>
  <file name="lists.ubuntu.com-archives-ubuntu-in-tn-_hy.mbox-2016-08-23-d130ad7d-meta.warc.os.cdx.gz" source="derivative">
    <format>WARC CDX Index</format>
    <original>lists.ubuntu.com-archives-ubuntu-in-tn-_hy.mbox-2016-08-23-d130ad7d-meta.warc.gz</original>
    <mtime>1495615891</mtime>
    <size>47</size>
    <md5>5208be5762a3728cd208fe493115a070</md5>
    <crc32>a85233fa</crc32>
    <sha1>30d1b80c923d4d8f3a7c60ddefede583811d9157</sha1>
  </file>
  <file name="lists.ubuntu.com-archives-ubuntu-in-tn-_y.mbox-2016-08-23-d130ad7d-00000.warc.gz" source="original">
    <mtime>1495613428</mtime>
    <size>6491</size>
    <md5>57604236682e52ae67f3c7e9ba78fa1c</md5>
    <crc32>6628633e</crc32>
    <sha1>fb4ea5c798005628746d0f74a9f5496656f8c181</sha1>
    <format>Web ARChive GZ</format>
  </file>
  <file name="lists.ubuntu.com-archives-ubuntu-in-tn-_y.mbox-2016-08-23-d130ad7d-00000.warc.os.cdx.gz" source="derivative">
    <format>WARC CDX Index</format>
    <original>lists.ubuntu.com-archives-ubuntu-in-tn-_y.mbox-2016-08-23-d130ad7d-00000.warc.gz</original>
    <mtime>1495615859</mtime>
    <size>343</size>
    <md5>8ecca18073f3a625d9dad3c5c6370a5c</md5>
    <crc32>0f787cba</crc32>
    <sha1>1c3bc74a1b5bf8b33d91438d40d0d93f382439cc</sha1>
  </file>
  <file name="lists.ubuntu.com-archives-ubuntu-in-tn-trichy-2016-08-23-bc8b9f17-00000.warc.gz" source="original">
    <mtime>1495613420</mtime>
    <size>3833</size>
    <md5>16241d284dc86aa0aba6efa4bb7af690</md5>
    <crc32>330d2c23</crc32>
    <sha1>d0db2c159d4d1369ee70d6923e52e01043dcf3d4</sha1>
    <format>Web ARChive GZ</format>
  </file>
  <file name="lists.ubuntu.com-archives-ubuntu-in-tn-trichy-2016-08-23-bc8b9f17-00000.warc.os.cdx.gz" source="derivative">
    <format>WARC CDX Index</format>
    <original>lists.ubuntu.com-archives-ubuntu-in-tn-trichy-2016-08-23-bc8b9f17-00000.warc.gz</original>
    <mtime>1495615900</mtime>
    <size>228</size>
    <md5>848885ea026f30f1071f0766a951dfeb</md5>
    <crc32>6c2bd568</crc32>
    <sha1>9cbf461b70cc95a065b4bde70e0dc1a679f15d78</sha1>
  </file>
  <file name="lists.ubuntu.com-archives-ubuntu-in-tn-trichy-2016-08-23-bc8b9f17-meta.warc.gz" source="original">
    <mtime>1495613425</mtime>
    <size>2946</size>
    <md5>329ec49a5fd88634be4282366d6deaf2</md5>
    <crc32>4c1769ea</crc32>
    <sha1>28e9a55ac56a11ce362839d024788a206915dfc0</sha1>
    <format>Web ARChive GZ</format>
  </file>
  <file name="lists.ubuntu.com-archives-ubuntu-in-tn-trichy-2016-08-23-bc8b9f17-meta.warc.os.cdx.gz" source="derivative">
    <format>WARC CDX Index</format>
    <original>lists.ubuntu.com-archives-ubuntu-in-tn-trichy-2016-08-23-bc8b9f17-meta.warc.gz</original>
    <mtime>1495616147</mtime>
    <size>47</size>
    <md5>ac3b6b6f57cab0f9245e9d50c4ecc6ce</md5>
    <crc32>9069b889</crc32>
    <sha1>ff2884fb1ed74236e7884747e49aaef4b1e3dcf6</sha1>
  </file>
  <file name="lists.ubuntu.com-archives-ubuntu-in-tn.mbox-2016-08-23-a4f7f3ff-00000.warc.gz" source="original">
    <mtime>1495613437</mtime>
    <size>6415</size>
    <md5>457f479db8ad53c072c8869acfeee1de</md5>
    <crc32>cf7e77c1</crc32>
    <sha1>de347e81c669b0fbc0d886b304f533170e5fe84a</sha1>
    <format>Web ARChive GZ</format>
  </file>
  <file name="lists.ubuntu.com-archives-ubuntu-in-tn.mbox-2016-08-23-a4f7f3ff-00000.warc.os.cdx.gz" source="derivative">
    <format>WARC CDX Index</format>
    <original>lists.ubuntu.com-archives-ubuntu-in-tn.mbox-2016-08-23-a4f7f3ff-00000.warc.gz</original>
    <mtime>1495615902</mtime>
    <size>333</size>
    <md5>bdb6c0c700d5255f7c504e7225b445d5</md5>
    <crc32>f563e020</crc32>
    <sha1>190b73ddcd66cda6287efa463f6aa695d6f70d30</sha1>
  </file>
  <file name="lists.ubuntu.com-archives-ubuntu-in-tn.mbox-2016-08-23-a4f7f3ff-meta.warc.gz" source="original">
    <mtime>1495613441</mtime>
    <size>3030</size>
    <md5>4e8fa5a861c9e6029a1e79b63dbe8434</md5>
    <crc32>56d2545e</crc32>
    <sha1>516cef7b6843f974051657736ed549bcc286133c</sha1>
    <format>Web ARChive GZ</format>
  </file>
  <file name="lists.ubuntu.com-archives-ubuntu-in-tn.mbox-2016-08-23-a4f7f3ff-meta.warc.os.cdx.gz" source="derivative">
    <format>WARC CDX Index</format>
    <original>lists.ubuntu.com-archives-ubuntu-in-tn.mbox-2016-08-23-a4f7f3ff-meta.warc.gz</original>
    <mtime>1495615905</mtime>
    <size>47</size>
    <md5>f010b42891f6db96d493fa93f7b788c3</md5>
    <crc32>032f5617</crc32>
    <sha1>b12e95c8ef0d46fcd2dd30ac0c1e76efbd98031f</sha1>
  </file>
  <file name="lists.ubuntu.com-archives-ubuntu-in.mbox-2016-08-23-7624ba52-00000.warc.gz" source="original">
    <mtime>1495613447</mtime>
    <size>12598387</size>
    <md5>8ad58791ce81bc3039d924251121958a</md5>
    <crc32>ace1cda9</crc32>
    <sha1>0c462189268f93fca7dcb03ab81e04ba5043b6e0</sha1>
    <format>Web ARChive GZ</format>
  </file>
  <file name="lists.ubuntu.com-archives-ubuntu-in.mbox-2016-08-23-7624ba52-00000.warc.os.cdx.gz" source="derivative">
    <format>WARC CDX Index</format>
    <original>lists.ubuntu.com-archives-ubuntu-in.mbox-2016-08-23-7624ba52-00000.warc.gz</original>
    <mtime>1495615908</mtime>
    <size>429</size>
    <md5>77f42ab5a375cb712fde2db046de0b78</md5>
    <crc32>3ced6c24</crc32>
    <sha1>43485c549ce5fffa194264e97c497d80bbac9cb3</sha1>
  </file>
  <file name="lists.ubuntu.com-archives-ubuntu-in.mbox-2016-08-23-7624ba52-meta.warc.gz" source="original">
    <mtime>1495613452</mtime>
    <size>3093</size>
    <md5>2bb6109be18e7c4607ec3242d3382592</md5>
    <crc32>0f174c4e</crc32>
    <sha1>ec58c05656156b5383dd0f67f6c92f1c6ab08ae9</sha1>
    <format>Web ARChive GZ</format>
  </file>
  <file name="lists.ubuntu.com-archives-ubuntu-in.mbox-2016-08-23-7624ba52-meta.warc.os.cdx.gz" source="derivative">
    <format>WARC CDX Index</format>
    <original>lists.ubuntu.com-archives-ubuntu-in.mbox-2016-08-23-7624ba52-meta.warc.gz</original>
    <mtime>1495615911</mtime>
    <size>47</size>
    <md5>2f2c29e3965ae0e78991723dbf53d477</md5>
    <crc32>4a36664c</crc32>
    <sha1>70dc0d82ff3b8de5b27827ce92a188a1fd65e5cd</sha1>
  </file>
  <file name="lists.ubuntu.com-archives-ubuntu-instal_r.mbox-2016-08-23-6e8e596e-00000.warc.gz" source="original">
    <mtime>1495613468</mtime>
    <size>7720062</size>
    <md5>97605f2be69eada0815fcf1c9f1c2f18</md5>
    <crc32>3e600cd9</crc32>
    <sha1>b6ccdcbbdc536bb0377a3e96affcaec5f9d4c9b6</sha1>
    <format>Web ARChive GZ</format>
  </file>
  <file name="lists.ubuntu.com-archives-ubuntu-instal_r.mbox-2016-08-23-6e8e596e-00000.warc.os.cdx.gz" source="derivative">
    <format>WARC CDX Index</format>
    <original>lists.ubuntu.com-archives-ubuntu-instal_r.mbox-2016-08-23-6e8e596e-00000.warc.gz</original>
    <mtime>1495615915</mtime>
    <size>443</size>
    <md5>20048220e2d91b9fc75c53f3a98f7a3f</md5>
    <crc32>3438de4d</crc32>
    <sha1>536f049d1652a662a420a98fe5016c6ac3f17989</sha1>
  </file>
  <file name="lists.ubuntu.com-archives-ubuntu-installer-2016-08-23-5618aa3c-00000.warc.gz" source="original">
    <mtime>1495613457</mtime>
    <size>11456809</size>
    <md5>b140438aa463bcc0a9d9f7ce75729323</md5>
    <crc32>a9e96cb2</crc32>
    <sha1>8c0e8788d8c712e78f4c22bbb02e1d8606aacca7</sha1>
    <format>Web ARChive GZ</format>
  </file>
  <file name="lists.ubuntu.com-archives-ubuntu-installer-2016-08-23-5618aa3c-00000.warc.os.cdx.gz" source="derivative">
    <format>WARC CDX Index</format>
    <original>lists.ubuntu.com-archives-ubuntu-installer-2016-08-23-5618aa3c-00000.warc.gz</original>
    <mtime>1495615922</mtime>
    <size>150398</size>
    <md5>fd9c93878297af70b0b2574897464913</md5>
    <crc32>718b4ceb</crc32>
    <sha1>533d8e306755f5e69307c57cc5154925ee3cf50f</sha1>
  </file>
  <file name="lists.ubuntu.com-archives-ubuntu-installer-2016-08-23-5618aa3c-meta.warc.gz" source="original">
    <mtime>1495613462</mtime>
    <size>71564</size>
    <md5>bcceb176e394fdf4848c7205323c0e1f</md5>
    <crc32>3ae66987</crc32>
    <sha1>8d41aeef98e6b9fa8bc57f40472390b559f6de94</sha1>
    <format>Web ARChive GZ</format>
  </file>
  <file name="lists.ubuntu.com-archives-ubuntu-installer-2016-08-23-5618aa3c-meta.warc.os.cdx.gz" source="derivative">
    <format>WARC CDX Index</format>
    <original>lists.ubuntu.com-archives-ubuntu-installer-2016-08-23-5618aa3c-meta.warc.gz</original>
    <mtime>1495615925</mtime>
    <size>47</size>
    <md5>f45e6a02e132ca47d1bc9577d90fbf22</md5>
    <crc32>6e08f18c</crc32>
    <sha1>ad60c2c459aa01131c9d86891210a3aa6c6fda65</sha1>
  </file>
  <file name="lists.ubuntu.com-archives-ubuntu-installer.mbox-2016-08-23-6e8e596e-meta.warc.gz" source="original">
    <mtime>1495613475</mtime>
    <size>3116</size>
    <md5>dbb0ec7e1392c7c11b44212f6dcb2200</md5>
    <crc32>3491776c</crc32>
    <sha1>d69e49f400772da7b0466e3685f7c7b011b63373</sha1>
    <format>Web ARChive GZ</format>
  </file>
  <file name="lists.ubuntu.com-archives-ubuntu-installer.mbox-2016-08-23-6e8e596e-meta.warc.os.cdx.gz" source="derivative">
    <format>WARC CDX Index</format>
    <original>lists.ubuntu.com-archives-ubuntu-installer.mbox-2016-08-23-6e8e596e-meta.warc.gz</original>
    <mtime>1495615928</mtime>
    <size>47</size>
    <md5>fa599fa11c8518db883682f1669c6c7c</md5>
    <crc32>bb2967c1</crc32>
    <sha1>30448c4ef361f77c1e09dfacd824572566537f3c</sha1>
  </file>
  <file name="lists.ubuntu.com-archives-ubuntu-iq-2016-08-23-ae34440a-00000.warc.gz" source="original">
    <mtime>1495613480</mtime>
    <size>19001</size>
    <md5>8173cb51ad27c638b258158c0156e5e0</md5>
    <crc32>32d491af</crc32>
    <sha1>e0465693e303b58b475dc4e216e1be91dbbe3c68</sha1>
    <format>Web ARChive GZ</format>
  </file>
  <file name="lists.ubuntu.com-archives-ubuntu-iq-2016-08-23-ae34440a-00000.warc.os.cdx.gz" source="derivative">
    <format>WARC CDX Index</format>
    <original>lists.ubuntu.com-archives-ubuntu-iq-2016-08-23-ae34440a-00000.warc.gz</original>
    <mtime>1495615931</mtime>
    <size>622</size>
    <md5>cd32d9249daef98bb250ad3db4da0cfc</md5>
    <crc32>a78e0d3c</crc32>
    <sha1>21057911c44df215c3e31a1ebadf94db32ba4e4a</sha1>
  </file>
  <file name="lists.ubuntu.com-archives-ubuntu-iq-2016-08-23-ae34440a-meta.warc.gz" source="original">
    <mtime>1495613484</mtime>
    <size>3155</size>
    <md5>445f369657efe914893a5eef1d9c8285</md5>
    <crc32>405e94be</crc32>
    <sha1>5415882c8e3854713f7cca5fc969995413aa41c9</sha1>
    <format>Web ARChive GZ</format>
  </file>
  <file name="lists.ubuntu.com-archives-ubuntu-iq-2016-08-23-ae34440a-meta.warc.os.cdx.gz" source="derivative">
    <format>WARC CDX Index</format>
    <original>lists.ubuntu.com-archives-ubuntu-iq-2016-08-23-ae34440a-meta.warc.gz</original>
    <mtime>1495615934</mtime>
    <size>47</size>
    <md5>30e0e22f02e7c31b317e9d49f6053c51</md5>
    <crc32>f230579a</crc32>
    <sha1>f60e23b407fc4d26bd3cc809dc4d224953aac465</sha1>
  </file>
  <file name="lists.ubuntu.com-archives-ubuntu-iq.mbox-2016-08-23-6c582478-00000.warc.gz" source="original">
    <mtime>1495613488</mtime>
    <size>10459</size>
    <md5>886d573f3d4813ddadbaa31566a67b2e</md5>
    <crc32>ad3a3718</crc32>
    <sha1>0c26bbe451754910c7a8bebb087ef298b7113bea</sha1>
    <format>Web ARChive GZ</format>
  </file>
  <file name="lists.ubuntu.com-archives-ubuntu-iq.mbox-2016-08-23-6c582478-00000.warc.os.cdx.gz" source="derivative">
    <format>WARC CDX Index</format>
    <original>lists.ubuntu.com-archives-ubuntu-iq.mbox-2016-08-23-6c582478-00000.warc.gz</original>
    <mtime>1495616545</mtime>
    <size>422</size>
    <md5>fc6898af1b8bbcdc12f5b4126a3c84b4</md5>
    <crc32>604f8884</crc32>
    <sha1>9a92bf90e8384c978fc2a7cda732d64580e1aec8</sha1>
  </file>
  <file name="lists.ubuntu.com-archives-ubuntu-iq.mbox-2016-08-23-6c582478-meta.warc.gz" source="original">
    <mtime>1495613494</mtime>
    <size>3091</size>
    <md5>03300522de01440a0159349683a309a3</md5>
    <crc32>d35c9f05</crc32>
    <sha1>552c97c91c3d4d1f7348af1cee7a2020f596b88e</sha1>
    <format>Web ARChive GZ</format>
  </file>
  <file name="lists.ubuntu.com-archives-ubuntu-iq.mbox-2016-08-23-6c582478-meta.warc.os.cdx.gz" source="derivative">
    <format>WARC CDX Index</format>
    <original>lists.ubuntu.com-archives-ubuntu-iq.mbox-2016-08-23-6c582478-meta.warc.gz</original>
    <mtime>1495615863</mtime>
    <size>47</size>
    <md5>797251a33462e838c81e6bddf7d7468f</md5>
    <crc32>75453c16</crc32>
    <sha1>9eb1e0fb3ae7a68bf6cb022afbf5fbb812504339</sha1>
  </file>
  <file name="lists.ubuntu.com-archives-ubuntu-ir-2016-08-23-beb4e707-00000.warc.gz" source="original">
    <mtime>1495613498</mtime>
    <size>389525</size>
    <md5>8b60ab0c45fe57eb84f4ea62ae1f4dde</md5>
    <crc32>2eadfc30</crc32>
    <sha1>4a423339475582a221d2fb7d4e9e11fb566ba366</sha1>
    <format>Web ARChive GZ</format>
  </file>
  <file name="lists.ubuntu.com-archives-ubuntu-ir-2016-08-23-beb4e707-00000.warc.os.cdx.gz" source="derivative">
    <format>WARC CDX Index</format>
    <original>lists.ubuntu.com-archives-ubuntu-ir-2016-08-23-beb4e707-00000.warc.gz</original>
    <mtime>1495615894</mtime>
    <size>7740</size>
    <md5>cbf826dcffc2eb5b2339ad938b27456d</md5>
    <crc32>9e70c9f0</crc32>
    <sha1>4170cb2099220a0480f6b75dfb8397902f0dbc26</sha1>
  </file>
  <file name="lists.ubuntu.com-archives-ubuntu-ir-2016-08-23-beb4e707-meta.warc.gz" source="original">
    <mtime>1495613503</mtime>
    <size>6700</size>
    <md5>5af3ff17f78bba29c1f4102725d67589</md5>
    <crc32>f5bfdb8a</crc32>
    <sha1>cfbf82b786553113a628355eb0959e43e4550d2a</sha1>
    <format>Web ARChive GZ</format>
  </file>
  <file name="lists.ubuntu.com-archives-ubuntu-ir-2016-08-23-beb4e707-meta.warc.os.cdx.gz" source="derivative">
    <format>WARC CDX Index</format>
    <original>lists.ubuntu.com-archives-ubuntu-ir-2016-08-23-beb4e707-meta.warc.gz</original>
    <mtime>1495615936</mtime>
    <size>47</size>
    <md5>ca6ffc7d66960125c2d7b50cb8a317f4</md5>
    <crc32>0e89b0da</crc32>
    <sha1>32db606ceceec4cf0a7044bb2742ef39f4452af5</sha1>
  </file>
  <file name="lists.ubuntu.com-archives-ubuntu-ir.mbox-2016-08-23-892ca6de-00000.warc.gz" source="original">
    <mtime>1495613507</mtime>
    <size>50094</size>
    <md5>90cb17cbedf4a1b4a89931cf9f28db05</md5>
    <crc32>1f60529e</crc32>
    <sha1>9f2e44ad53ad9e4a7f3fc4db29b218076c2e9b31</sha1>
    <format>Web ARChive GZ</format>
  </file>
  <file name="lists.ubuntu.com-archives-ubuntu-ir.mbox-2016-08-23-892ca6de-00000.warc.os.cdx.gz" source="derivative">
    <format>WARC CDX Index</format>
    <original>lists.ubuntu.com-archives-ubuntu-ir.mbox-2016-08-23-892ca6de-00000.warc.gz</original>
    <mtime>1495616092</mtime>
    <size>427</size>
    <md5>5e5d9bf613e3b7f5dcc44bd1470c962e</md5>
    <crc32>5c2add22</crc32>
    <sha1>98f9d2091b545123f04aad570ab3d0f3f224d610</sha1>
  </file>
  <file name="lists.ubuntu.com-archives-ubuntu-ir.mbox-2016-08-23-892ca6de-meta.warc.gz" source="original">
    <mtime>1495613513</mtime>
    <size>3088</size>
    <md5>c87fa60f8fa1484e9eddb2f8a1d911e7</md5>
    <crc32>04dd8cb0</crc32>
    <sha1>81675b1745a6b0b18526e0b32274203e440aaa86</sha1>
    <format>Web ARChive GZ</format>
  </file>
  <file name="lists.ubuntu.com-archives-ubuntu-ir.mbox-2016-08-23-892ca6de-meta.warc.os.cdx.gz" source="derivative">
    <format>WARC CDX Index</format>
    <original>lists.ubuntu.com-archives-ubuntu-ir.mbox-2016-08-23-892ca6de-meta.warc.gz</original>
    <mtime>1495615952</mtime>
    <size>47</size>
    <md5>bfb95a1b8dc1e33dbef6a544beb2f501</md5>
    <crc32>a490caec</crc32>
    <sha1>d8d442915d96a0423de96cba1fa54fee68b61d7a</sha1>
  </file>
  <file name="lists.ubuntu.com-archives-ubuntu-irc-2016-08-23-1681adcd-00000.warc.gz" source="original">
    <mtime>1495613518</mtime>
    <size>9631904</size>
    <md5>78f323ed8f30ff6a5d7faf3028e552b0</md5>
    <crc32>597a9c55</crc32>
    <sha1>771595961b310b45a30e2fb5a2d1140f76f8f53f</sha1>
    <format>Web ARChive GZ</format>
  </file>
  <file name="lists.ubuntu.com-archives-ubuntu-irc-2016-08-23-1681adcd-00000.warc.os.cdx.gz" source="derivative">
    <format>WARC CDX Index</format>
    <original>lists.ubuntu.com-archives-ubuntu-irc-2016-08-23-1681adcd-00000.warc.gz</original>
    <mtime>1495615959</mtime>
    <size>144207</size>
    <md5>df6558a150324e0f089831f854e7a387</md5>
    <crc32>115addd4</crc32>
    <sha1>1ba55b2efea0c08431dfea87a0b0c6ce23cf2064</sha1>
  </file>
  <file name="lists.ubuntu.com-archives-ubuntu-irc-2016-08-23-1681adcd-meta.warc.gz" source="original">
    <mtime>1495613525</mtime>
    <size>68710</size>
    <md5>54472669fbd494d28787c45bb49a70e4</md5>
    <crc32>d7393386</crc32>
    <sha1>0d40d7d8cc817555a097c1b7d8324fe1fd6caf6c</sha1>
    <format>Web ARChive GZ</format>
  </file>
  <file name="lists.ubuntu.com-archives-ubuntu-irc-2016-08-23-1681adcd-meta.warc.os.cdx.gz" source="derivative">
    <format>WARC CDX Index</format>
    <original>lists.ubuntu.com-archives-ubuntu-irc-2016-08-23-1681adcd-meta.warc.gz</original>
    <mtime>1495615962</mtime>
    <size>47</size>
    <md5>e6dc7ab6bfa3423e1aa076be471bad75</md5>
    <crc32>7fbb9a01</crc32>
    <sha1>e6ef9fb152224a48552f1cdd5f13c665877825d5</sha1>
  </file>
  <file name="lists.ubuntu.com-archives-ubuntu-irc.mbox-2016-08-23-7fca4db7-00000.warc.gz" source="original">
    <mtime>1495613531</mtime>
    <size>2037415</size>
    <md5>aa7f40c3d32a20b54f082542e7c5d109</md5>
    <crc32>66847ac4</crc32>
    <sha1>3775d1ff91771c7644db05ab093e771aa1e2e70e</sha1>
    <format>Web ARChive GZ</format>
  </file>
  <file name="lists.ubuntu.com-archives-ubuntu-irc.mbox-2016-08-23-7fca4db7-00000.warc.os.cdx.gz" source="derivative">
    <format>WARC CDX Index</format>
    <original>lists.ubuntu.com-archives-ubuntu-irc.mbox-2016-08-23-7fca4db7-00000.warc.gz</original>
    <mtime>1495615965</mtime>
    <size>431</size>
    <md5>fb4ab57403361613967f243e7f052052</md5>
    <crc32>97011329</crc32>
    <sha1>d0631d238a878039603ed4b6b87a134366dec715</sha1>
  </file>
  <file name="lists.ubuntu.com-archives-ubuntu-irc.mbox-2016-08-23-7fca4db7-meta.warc.gz" source="original">
    <mtime>1495613535</mtime>
    <size>3093</size>
    <md5>d4475ef01101102c7038f2c1f1b039b0</md5>
    <crc32>03ce2b59</crc32>
    <sha1>63522ca844c01d9baa99d86af2d1e4559a030ad2</sha1>
    <format>Web ARChive GZ</format>
  </file>
  <file name="lists.ubuntu.com-archives-ubuntu-irc.mbox-2016-08-23-7fca4db7-meta.warc.os.cdx.gz" source="derivative">
    <format>WARC CDX Index</format>
    <original>lists.ubuntu.com-archives-ubuntu-irc.mbox-2016-08-23-7fca4db7-meta.warc.gz</original>
    <mtime>1495615968</mtime>
    <size>47</size>
    <md5>d16307513eda9fb2a199e098f5a133da</md5>
    <crc32>81ca42f7</crc32>
    <sha1>1333dcf7879e6f00ec6f8c0139ed9fe138b05d67</sha1>
  </file>
  <file name="lists.ubuntu.com-archives-ubuntu-it-2016-08-23-4ddc69f0-00000.warc.gz" source="original">
    <mtime>1495613555</mtime>
    <size>238527554</size>
    <md5>d2417b28885c026d851586584e57a1fd</md5>
    <crc32>a4442a7e</crc32>
    <sha1>0524727e600a8f5ef83a95ffa7c8c9c6d55054d7</sha1>
    <format>Web ARChive GZ</format>
  </file>
  <file name="lists.ubuntu.com-archives-ubuntu-it-2016-08-23-4ddc69f0-00000.warc.os.cdx.gz" source="derivative">
    <format>WARC CDX Index</format>
    <original>lists.ubuntu.com-archives-ubuntu-it-2016-08-23-4ddc69f0-00000.warc.gz</original>
    <mtime>1495616069</mtime>
    <size>3460140</size>
    <md5>cd8e81dd694727083f611ecf19e40659</md5>
    <crc32>623fdb23</crc32>
    <sha1>ca26700e4dc6fd797ba580c534d40c680f8f6112</sha1>
  </file>
  <file name="lists.ubuntu.com-archives-ubuntu-it-2016-08-23-4ddc69f0-meta.warc.gz" source="original">
    <mtime>1495613560</mtime>
    <size>1527514</size>
    <md5>6da86c42bd3dc325ab8e1e6ccd7cfe5e</md5>
    <crc32>3087ddf5</crc32>
    <sha1>65bb5c943ffee7dc6b09ce12d5dff1549f6a6547</sha1>
    <format>Web ARChive GZ</format>
  </file>
  <file name="lists.ubuntu.com-archives-ubuntu-it-2016-08-23-4ddc69f0-meta.warc.os.cdx.gz" source="derivative">
    <format>WARC CDX Index</format>
    <original>lists.ubuntu.com-archives-ubuntu-it-2016-08-23-4ddc69f0-meta.warc.gz</original>
    <mtime>1495616072</mtime>
    <size>47</size>
    <md5>a1a96acda8ee43de1ab640c98e76ecaf</md5>
    <crc32>332244c5</crc32>
    <sha1>b1d2c137be3c31796c9a519ac581af128a497e18</sha1>
  </file>
  <file name="lists.ubuntu.com-archives-ubuntu-it.mbox-2016-08-23-89970663-00000.warc.gz" source="original">
    <mtime>1495613569</mtime>
    <size>61216279</size>
    <md5>323e5109a6fb443f012f554fe2bf0605</md5>
    <crc32>087e9fa8</crc32>
    <sha1>92d644bb385ee73be9a9c49ab8e68beb8bca1317</sha1>
    <format>Web ARChive GZ</format>
  </file>
  <file name="lists.ubuntu.com-archives-ubuntu-it.mbox-2016-08-23-89970663-00000.warc.os.cdx.gz" source="derivative">
    <format>WARC CDX Index</format>
    <original>lists.ubuntu.com-archives-ubuntu-it.mbox-2016-08-23-89970663-00000.warc.gz</original>
    <mtime>1495616077</mtime>
    <size>441</size>
    <md5>ff6c01cec3d31bf9a4a5cd132832e6ed</md5>
    <crc32>dd873668</crc32>
    <sha1>536a3dd22ed754958359c44de2a81309af7a01d2</sha1>
  </file>
  <file name="lists.ubuntu.com-archives-ubuntu-it.mbox-2016-08-23-89970663-meta.warc.gz" source="original">
    <mtime>1495613575</mtime>
    <size>3167</size>
    <md5>fdbf5a3237169df5182aa22507038294</md5>
    <crc32>3a7d098a</crc32>
    <sha1>abb028bf2a859860d431d06f120dc54f9668dd34</sha1>
    <format>Web ARChive GZ</format>
  </file>
  <file name="lists.ubuntu.com-archives-ubuntu-it.mbox-2016-08-23-89970663-meta.warc.os.cdx.gz" source="derivative">
    <format>WARC CDX Index</format>
    <original>lists.ubuntu.com-archives-ubuntu-it.mbox-2016-08-23-89970663-meta.warc.gz</original>
    <mtime>1495616080</mtime>
    <size>47</size>
    <md5>c8fffd35123fccbd7d1190fceccb8ce5</md5>
    <crc32>cc3783e8</crc32>
    <sha1>4417e79b9a52f8977997a2866cbc3662c23fd708</sha1>
  </file>
  <file name="lists.ubuntu.com-archives-ubuntu-java-2016-08-23-14d6cb66-00000.warc.gz" source="original">
    <mtime>1495613579</mtime>
    <size>27331</size>
    <md5>d21d0be0ea7c5691ff471218fc3264f9</md5>
    <crc32>49d9c7e1</crc32>
    <sha1>12955b833a3423759df564ed4e72f0d61e334f7e</sha1>
    <format>Web ARChive GZ</format>
  </file>
  <file name="lists.ubuntu.com-archives-ubuntu-java-2016-08-23-14d6cb66-00000.warc.os.cdx.gz" source="derivative">
    <format>WARC CDX Index</format>
    <original>lists.ubuntu.com-archives-ubuntu-java-2016-08-23-14d6cb66-00000.warc.gz</original>
    <mtime>1495616083</mtime>
    <size>595</size>
    <md5>dff0e8deca7e3af6a4fd4c6be1e38573</md5>
    <crc32>e08c9b80</crc32>
    <sha1>2f10eb59d8f69ec6a1c31db42c105662f5edc73b</sha1>
  </file>
  <file name="lists.ubuntu.com-archives-ubuntu-java-2016-08-23-14d6cb66-meta.warc.gz" source="original">
    <mtime>1495613584</mtime>
    <size>3137</size>
    <md5>e8492e6e76671abf7189df886422f0a4</md5>
    <crc32>161d35ac</crc32>
    <sha1>77c661088ee159174b3e1ebc9fe3bd96ca2cf91e</sha1>
    <format>Web ARChive GZ</format>
  </file>
  <file name="lists.ubuntu.com-archives-ubuntu-java-2016-08-23-14d6cb66-meta.warc.os.cdx.gz" source="derivative">
    <format>WARC CDX Index</format>
    <original>lists.ubuntu.com-archives-ubuntu-java-2016-08-23-14d6cb66-meta.warc.gz</original>
    <mtime>1495615947</mtime>
    <size>47</size>
    <md5>f444b301bb4727c2cb367c3dcd9f1f50</md5>
    <crc32>92b116cc</crc32>
    <sha1>3176dd244608821d40e6059f1f4f6fe9b0b4ae55</sha1>
  </file>
  <file name="lists.ubuntu.com-archives-ubuntu-java.mbox-2016-08-23-608a39f6-00000.warc.gz" source="original">
    <mtime>1495613589</mtime>
    <size>12801</size>
    <md5>9903ff9af0eff5b8316d158a423c24bc</md5>
    <crc32>a260a9fe</crc32>
    <sha1>52d1c449ed0e7fca369bd6be6c452311ff941f67</sha1>
    <format>Web ARChive GZ</format>
  </file>
  <file name="lists.ubuntu.com-archives-ubuntu-java.mbox-2016-08-23-608a39f6-00000.warc.os.cdx.gz" source="derivative">
    <format>WARC CDX Index</format>
    <original>lists.ubuntu.com-archives-ubuntu-java.mbox-2016-08-23-608a39f6-00000.warc.gz</original>
    <mtime>1495616087</mtime>
    <size>432</size>
    <md5>6d1d18f6ac2c4d3f624a1e8ebf6f19b9</md5>
    <crc32>9b3cc2b2</crc32>
    <sha1>efbb76d40c57666a0c1cce8ca48e21e0edf68926</sha1>
  </file>
  <file name="lists.ubuntu.com-archives-ubuntu-java.mbox-2016-08-23-608a39f6-meta.warc.gz" source="original">
    <mtime>1495613593</mtime>
    <size>3091</size>
    <md5>28e656cfa7612e0cfbbe2ef38ca77ba1</md5>
    <crc32>872275df</crc32>
    <sha1>1c97d951fb13813e9bb945265f5f20ee6897b83b</sha1>
    <format>Web ARChive GZ</format>
  </file>
  <file name="lists.ubuntu.com-archives-ubuntu-java.mbox-2016-08-23-608a39f6-meta.warc.os.cdx.gz" source="derivative">
    <format>WARC CDX Index</format>
    <original>lists.ubuntu.com-archives-ubuntu-java.mbox-2016-08-23-608a39f6-meta.warc.gz</original>
    <mtime>1495616095</mtime>
    <size>47</size>
    <md5>a70dc2dd54ca1866c201e95e17886006</md5>
    <crc32>9731f853</crc32>
    <sha1>52c7697fc5cbecd10c95bd570de88e298a495ba4</sha1>
  </file>
  <file name="lists.ubuntu.com-archives-ubuntu-jo-2016-08-23-168d26c3-00000.warc.gz" source="original">
    <mtime>1495613599</mtime>
    <size>4899460</size>
    <md5>0530df04f8055d8bb13fff5a77cc2b13</md5>
    <crc32>aec8ef35</crc32>
    <sha1>7895b131150455a2caa98ce58cc082fe8b6d3fd1</sha1>
    <format>Web ARChive GZ</format>
  </file>
  <file name="lists.ubuntu.com-archives-ubuntu-jo-2016-08-23-168d26c3-00000.warc.os.cdx.gz" source="derivative">
    <format>WARC CDX Index</format>
    <original>lists.ubuntu.com-archives-ubuntu-jo-2016-08-23-168d26c3-00000.warc.gz</original>
    <mtime>1495615940</mtime>
    <size>19859</size>
    <md5>1668f3ec090b84328625225b8efead02</md5>
    <crc32>de82dc13</crc32>
    <sha1>9f95011e3aff781442c7549327be4da0eb6592c4</sha1>
  </file>
  <file name="lists.ubuntu.com-archives-ubuntu-jo-2016-08-23-168d26c3-meta.warc.gz" source="original">
    <mtime>1495613603</mtime>
    <size>12384</size>
    <md5>47024e36260a2636241abe0598e076f6</md5>
    <crc32>20e1e67a</crc32>
    <sha1>d74762c8f28174f014dbca27feb2689c2b5bc423</sha1>
    <format>Web ARChive GZ</format>
  </file>
  <file name="lists.ubuntu.com-archives-ubuntu-jo-2016-08-23-168d26c3-meta.warc.os.cdx.gz" source="derivative">
    <format>WARC CDX Index</format>
    <original>lists.ubuntu.com-archives-ubuntu-jo-2016-08-23-168d26c3-meta.warc.gz</original>
    <mtime>1495616098</mtime>
    <size>47</size>
    <md5>5b6dc48f735399c0e376877f652ccd88</md5>
    <crc32>674ae605</crc32>
    <sha1>26759397a9781e2a4f32b30d20ea05464fb46eb1</sha1>
  </file>
  <file name="lists.ubuntu.com-archives-ubuntu-jo.mbox-2016-08-23-5e58062d-00000.warc.gz" source="original">
    <mtime>1495613608</mtime>
    <size>4115158</size>
    <md5>17d7e90f7dbee6d128de5bc19909fc13</md5>
    <crc32>73d761a8</crc32>
    <sha1>aeec38a4bfa359a9d12c0ba60c85a892d6435295</sha1>
    <format>Web ARChive GZ</format>
  </file>
  <file name="lists.ubuntu.com-archives-ubuntu-jo.mbox-2016-08-23-5e58062d-00000.warc.os.cdx.gz" source="derivative">
    <format>WARC CDX Index</format>
    <original>lists.ubuntu.com-archives-ubuntu-jo.mbox-2016-08-23-5e58062d-00000.warc.gz</original>
    <mtime>1495616102</mtime>
    <size>2606</size>
    <md5>ca15d1c1153bc4340f65dc26a1a996ab</md5>
    <crc32>244b3812</crc32>
    <sha1>6e8b4bc2adf803b4be63b8bab0be4867e5725a68</sha1>
  </file>
  <file name="lists.ubuntu.com-archives-ubuntu-jo.mbox-2016-08-23-5e58062d-meta.warc.gz" source="original">
    <mtime>1495613612</mtime>
    <size>4265</size>
    <md5>b4c9b89e7c200634dbd161dda397c6ef</md5>
    <crc32>db3c70f2</crc32>
    <sha1>0b59fa6c385e51deed4467cc202c6c7f40e119e5</sha1>
    <format>Web ARChive GZ</format>
  </file>
  <file name="lists.ubuntu.com-archives-ubuntu-jo.mbox-2016-08-23-5e58062d-meta.warc.os.cdx.gz" source="derivative">
    <format>WARC CDX Index</format>
    <original>lists.ubuntu.com-archives-ubuntu-jo.mbox-2016-08-23-5e58062d-meta.warc.gz</original>
    <mtime>1495616105</mtime>
    <size>47</size>
    <md5>adc4e838e324675b4700f6f01f3e96be</md5>
    <crc32>fb724013</crc32>
    <sha1>2179c8c4002d13d2c73d81acf4011620c9dd2996</sha1>
  </file>
  <file name="lists.ubuntu.com-archives-ubuntu-jobs-2016-08-23-663a4b0b-00000.warc.gz" source="original">
    <mtime>1495613617</mtime>
    <size>372890</size>
    <md5>2cf294e7734f118473e456d28674c053</md5>
    <crc32>3a9a9443</crc32>
    <sha1>7186556af590957d4a83c777ecf484dd8791c66c</sha1>
    <format>Web ARChive GZ</format>
  </file>
  <file name="lists.ubuntu.com-archives-ubuntu-jobs-2016-08-23-663a4b0b-00000.warc.os.cdx.gz" source="derivative">
    <format>WARC CDX Index</format>
    <original>lists.ubuntu.com-archives-ubuntu-jobs-2016-08-23-663a4b0b-00000.warc.gz</original>
    <mtime>1495616108</mtime>
    <size>3375</size>
    <md5>cb439398f204146177114b2b4fb0813d</md5>
    <crc32>b31db03e</crc32>
    <sha1>e113a7b4a69c80505085d1f57b43e6e0cfc91ac8</sha1>
  </file>
  <file name="lists.ubuntu.com-archives-ubuntu-jobs-2016-08-23-663a4b0b-meta.warc.gz" source="original">
    <mtime>1495613621</mtime>
    <size>4537</size>
    <md5>b9c34c249added2d2f9ed75d72ee8836</md5>
    <crc32>d386cb41</crc32>
    <sha1>2dca0ae0c65d673a46a9651cc870f9140022bf2b</sha1>
    <format>Web ARChive GZ</format>
  </file>
  <file name="lists.ubuntu.com-archives-ubuntu-jobs-2016-08-23-663a4b0b-meta.warc.os.cdx.gz" source="derivative">
    <format>WARC CDX Index</format>
    <original>lists.ubuntu.com-archives-ubuntu-jobs-2016-08-23-663a4b0b-meta.warc.gz</original>
    <mtime>1495616111</mtime>
    <size>47</size>
    <md5>8546349b2353f9c11ff1ccddf6272e4c</md5>
    <crc32>b26b7048</crc32>
    <sha1>632ed44d239841f4292ea82d5ca42b4245cc47a1</sha1>
  </file>
  <file name="lists.ubuntu.com-archives-ubuntu-jobs.mbox-2016-08-23-7556ade8-00000.warc.gz" source="original">
    <mtime>1495613627</mtime>
    <size>230267</size>
    <md5>efe5739077117eae33b6653e9965d23b</md5>
    <crc32>4553c1ec</crc32>
    <sha1>204b03dd012ad481979e7bad2c0a5c95b8a1127d</sha1>
    <format>Web ARChive GZ</format>
  </file>
  <file name="lists.ubuntu.com-archives-ubuntu-jobs.mbox-2016-08-23-7556ade8-00000.warc.os.cdx.gz" source="derivative">
    <format>WARC CDX Index</format>
    <original>lists.ubuntu.com-archives-ubuntu-jobs.mbox-2016-08-23-7556ade8-00000.warc.gz</original>
    <mtime>1495616114</mtime>
    <size>430</size>
    <md5>b478e22af981c01e74af175b4219d690</md5>
    <crc32>445b26d4</crc32>
    <sha1>636985e406a40c3a2977b31379cebf6cfadb2e10</sha1>
  </file>
  <file name="lists.ubuntu.com-archives-ubuntu-jobs.mbox-2016-08-23-7556ade8-meta.warc.gz" source="original">
    <mtime>1495613631</mtime>
    <size>3092</size>
    <md5>3a0c64781a2203db010c7c2158efdc2f</md5>
    <crc32>a2a7ff18</crc32>
    <sha1>b39d92cafae0af997ebedecb599f73dccd9bb065</sha1>
    <format>Web ARChive GZ</format>
  </file>
  <file name="lists.ubuntu.com-archives-ubuntu-jobs.mbox-2016-08-23-7556ade8-meta.warc.os.cdx.gz" source="derivative">
    <format>WARC CDX Index</format>
    <original>lists.ubuntu.com-archives-ubuntu-jobs.mbox-2016-08-23-7556ade8-meta.warc.gz</original>
    <mtime>1495616117</mtime>
    <size>47</size>
    <md5>be27ec49c2982c457c85a1e65414c4f7</md5>
    <crc32>c3595a93</crc32>
    <sha1>7db31807cb19c7410b37031645adf7a47593606a</sha1>
  </file>
  <file name="lists.ubuntu.com-archives-ubuntu-jp-2016-08-23-49502f62-00000.warc.gz" source="original">
    <mtime>1495613637</mtime>
    <size>23166961</size>
    <md5>892cf689a5f5a60ee3e91242d9c60bfd</md5>
    <crc32>8161dd2f</crc32>
    <sha1>246dbce23b3a89666cae9773e4d410b5f054bcba</sha1>
    <format>Web ARChive GZ</format>
  </file>
  <file name="lists.ubuntu.com-archives-ubuntu-jp-2016-08-23-49502f62-00000.warc.os.cdx.gz" source="derivative">
    <format>WARC CDX Index</format>
    <original>lists.ubuntu.com-archives-ubuntu-jp-2016-08-23-49502f62-00000.warc.gz</original>
    <mtime>1495616128</mtime>
    <size>305110</size>
    <md5>08a2daf525495a20feff57b0435435fb</md5>
    <crc32>50745344</crc32>
    <sha1>b1e6ed21cad74d08f8f154b125c11de4e2cf2731</sha1>
  </file>
  <file name="lists.ubuntu.com-archives-ubuntu-jp-2016-08-23-49502f62-meta.warc.gz" source="original">
    <mtime>1495613644</mtime>
    <size>137584</size>
    <md5>3d292c51efed6ddd45a42426665c6561</md5>
    <crc32>1d729521</crc32>
    <sha1>ad35944002ed8af0ed3b31c188f1e7ce36c8d7e8</sha1>
    <format>Web ARChive GZ</format>
  </file>
  <file name="lists.ubuntu.com-archives-ubuntu-jp-2016-08-23-49502f62-meta.warc.os.cdx.gz" source="derivative">
    <format>WARC CDX Index</format>
    <original>lists.ubuntu.com-archives-ubuntu-jp-2016-08-23-49502f62-meta.warc.gz</original>
    <mtime>1495616131</mtime>
    <size>47</size>
    <md5>89f00a2f6e928689a02d0464172e1155</md5>
    <crc32>3a70c2bf</crc32>
    <sha1>b8527a39fa32d6d505d43882070d5321c91a4cfe</sha1>
  </file>
  <file name="lists.ubuntu.com-archives-ubuntu-jp.mbox-2016-08-23-22dc732e-00000.warc.gz" source="original">
    <mtime>1495613650</mtime>
    <size>5832056</size>
    <md5>dde2c662bd39deb9e6cdef19fd31d771</md5>
    <crc32>bdf7372b</crc32>
    <sha1>64925ecb5053a8743892ad8dee3d2650e8b047d8</sha1>
    <format>Web ARChive GZ</format>
  </file>
  <file name="lists.ubuntu.com-archives-ubuntu-jp.mbox-2016-08-23-22dc732e-00000.warc.os.cdx.gz" source="derivative">
    <format>WARC CDX Index</format>
    <original>lists.ubuntu.com-archives-ubuntu-jp.mbox-2016-08-23-22dc732e-00000.warc.gz</original>
    <mtime>1495616135</mtime>
    <size>442</size>
    <md5>6374f2050682d3283d93bc2ce629ea43</md5>
    <crc32>5bd38553</crc32>
    <sha1>3941e9d55658b93751036b00f85bc746ddffbf71</sha1>
  </file>
  <file name="lists.ubuntu.com-archives-ubuntu-jp.mbox-2016-08-23-22dc732e-meta.warc.gz" source="original">
    <mtime>1495613655</mtime>
    <size>3096</size>
    <md5>8ba0046ce8e45610ebf5028ef13328fe</md5>
    <crc32>152f3b83</crc32>
    <sha1>22e5bd0f73bc0501c3d5154838d54df5ea1ad785</sha1>
    <format>Web ARChive GZ</format>
  </file>
  <file name="lists.ubuntu.com-archives-ubuntu-jp.mbox-2016-08-23-22dc732e-meta.warc.os.cdx.gz" source="derivative">
    <format>WARC CDX Index</format>
    <original>lists.ubuntu.com-archives-ubuntu-jp.mbox-2016-08-23-22dc732e-meta.warc.gz</original>
    <mtime>1495616089</mtime>
    <size>47</size>
    <md5>bdfac771f3cb04430d236d399b474411</md5>
    <crc32>de28c808</crc32>
    <sha1>a52154b8ebb8ef7245881511df70cee76030dbd7</sha1>
  </file>
  <file name="lists.ubuntu.com-archives-ubuntu-ke-2016-08-23-2e9b3cdb-00000.warc.gz" source="original">
    <mtime>1495613663</mtime>
    <size>6615671</size>
    <md5>5da5bef6dadb3099f85d90ab96ec00b5</md5>
    <crc32>50f7f938</crc32>
    <sha1>51c4b0fddfe9bc170cae246bf9a8e67be10bb8b4</sha1>
    <format>Web ARChive GZ</format>
  </file>
  <file name="lists.ubuntu.com-archives-ubuntu-ke-2016-08-23-2e9b3cdb-00000.warc.os.cdx.gz" source="derivative">
    <format>WARC CDX Index</format>
    <original>lists.ubuntu.com-archives-ubuntu-ke-2016-08-23-2e9b3cdb-00000.warc.gz</original>
    <mtime>1495616141</mtime>
    <size>55432</size>
    <md5>df59d67c6b9a6c967fbba823c4a36c78</md5>
    <crc32>a8582499</crc32>
    <sha1>d922d3ef499334a04eb85e4eb65d0659aac5beed</sha1>
  </file>
  <file name="lists.ubuntu.com-archives-ubuntu-ke-2016-08-23-2e9b3cdb-meta.warc.gz" source="original">
    <mtime>1495613668</mtime>
    <size>29489</size>
    <md5>7e9c434660f489c3282f89fa2a4b787d</md5>
    <crc32>5bfa5441</crc32>
    <sha1>ad901356cc36b8453e627685e51f88ebbf7c5aee</sha1>
    <format>Web ARChive GZ</format>
  </file>
  <file name="lists.ubuntu.com-archives-ubuntu-ke-2016-08-23-2e9b3cdb-meta.warc.os.cdx.gz" source="derivative">
    <format>WARC CDX Index</format>
    <original>lists.ubuntu.com-archives-ubuntu-ke-2016-08-23-2e9b3cdb-meta.warc.gz</original>
    <mtime>1495615854</mtime>
    <size>47</size>
    <md5>a47ecc63393485f7b4b4b24b29b04ee3</md5>
    <crc32>cd430dc0</crc32>
    <sha1>d1a46c6c0e2d0378722f2ccaef2ad5857ebe5457</sha1>
  </file>
  <file name="lists.ubuntu.com-archives-ubuntu-ke.mbox-2016-08-23-0a1ebf87-00000.warc.gz" source="original">
    <mtime>1495613672</mtime>
    <size>516206</size>
    <md5>3f4e6c8a23d58eb629b24ebea7fc09b7</md5>
    <crc32>5eab1eaa</crc32>
    <sha1>8758752d71cf5b48f12e216efef70f3ff5e8690b</sha1>
    <format>Web ARChive GZ</format>
  </file>
  <file name="lists.ubuntu.com-archives-ubuntu-ke.mbox-2016-08-23-0a1ebf87-00000.warc.os.cdx.gz" source="derivative">
    <format>WARC CDX Index</format>
    <original>lists.ubuntu.com-archives-ubuntu-ke.mbox-2016-08-23-0a1ebf87-00000.warc.gz</original>
    <mtime>1495615856</mtime>
    <size>436</size>
    <md5>23de508fd0b31696862456da12084bb2</md5>
    <crc32>3568f6b5</crc32>
    <sha1>d00f2eaa630240618c926503088b5a84b4aca716</sha1>
  </file>
  <file name="lists.ubuntu.com-archives-ubuntu-ke.mbox-2016-08-23-0a1ebf87-meta.warc.gz" source="original">
    <mtime>1495613677</mtime>
    <size>3099</size>
    <md5>c9d5f5a7b96db0630af487de23ac52dd</md5>
    <crc32>0930f13a</crc32>
    <sha1>d3f664dcfc2d8d0d23358e1ac6fb7e5c13f4289d</sha1>
    <format>Web ARChive GZ</format>
  </file>
  <file name="lists.ubuntu.com-archives-ubuntu-ke.mbox-2016-08-23-0a1ebf87-meta.warc.os.cdx.gz" source="derivative">
    <format>WARC CDX Index</format>
    <original>lists.ubuntu.com-archives-ubuntu-ke.mbox-2016-08-23-0a1ebf87-meta.warc.gz</original>
    <mtime>1495616238</mtime>
    <size>47</size>
    <md5>158148239a41975d2ff1d22ae6e98107</md5>
    <crc32>a5e444c4</crc32>
    <sha1>4c6669ddcfe7568e69717ed4b68d0517040a8946</sha1>
  </file>
  <file name="lists.ubuntu.com-archives-ubuntu-kg-2016-08-23-b23d30a7-00000.warc.gz" source="original">
    <mtime>1495613681</mtime>
    <size>18426</size>
    <md5>d9b619d7ad0d1abf78e0a6fe86abde26</md5>
    <crc32>1eaac1c7</crc32>
    <sha1>6a74ed1bf49780e0add382e967791c6778926da5</sha1>
    <format>Web ARChive GZ</format>
  </file>
  <file name="lists.ubuntu.com-archives-ubuntu-kg-2016-08-23-b23d30a7-00000.warc.os.cdx.gz" source="derivative">
    <format>WARC CDX Index</format>
    <original>lists.ubuntu.com-archives-ubuntu-kg-2016-08-23-b23d30a7-00000.warc.gz</original>
    <mtime>1495616153</mtime>
    <size>613</size>
    <md5>6bcc80dd220985eb47227b9967935adc</md5>
    <crc32>a452c468</crc32>
    <sha1>10868576bf9588d876459e181a742eab992192b8</sha1>
  </file>
  <file name="lists.ubuntu.com-archives-ubuntu-kg-2016-08-23-b23d30a7-meta.warc.gz" source="original">
    <mtime>1495613685</mtime>
    <size>3147</size>
    <md5>28ab92cb24b993115d86cb9bbac5984e</md5>
    <crc32>0e6e3264</crc32>
    <sha1>725e0b4455426f8f53c6d4d9dfe31533b3230e06</sha1>
    <format>Web ARChive GZ</format>
  </file>
  <file name="lists.ubuntu.com-archives-ubuntu-kg-2016-08-23-b23d30a7-meta.warc.os.cdx.gz" source="derivative">
    <format>WARC CDX Index</format>
    <original>lists.ubuntu.com-archives-ubuntu-kg-2016-08-23-b23d30a7-meta.warc.gz</original>
    <mtime>1495616157</mtime>
    <size>47</size>
    <md5>cc931da3427f114f66a65a3577b5b21d</md5>
    <crc32>8c7c35c9</crc32>
    <sha1>30c7cf28ad4508a8fd5e9f4216a8b45431f842a3</sha1>
  </file>
  <file name="lists.ubuntu.com-archives-ubuntu-kg.mbox-2016-08-23-6ab6c459-00000.warc.gz" source="original">
    <mtime>1495613689</mtime>
    <size>10332</size>
    <md5>e54a8af6723c02c5c3a7e5c1149482cb</md5>
    <crc32>13ae01e5</crc32>
    <sha1>db4cb780c476c5a631d2dc63130956186bdf1930</sha1>
    <format>Web ARChive GZ</format>
  </file>
  <file name="lists.ubuntu.com-archives-ubuntu-kg.mbox-2016-08-23-6ab6c459-00000.warc.os.cdx.gz" source="derivative">
    <format>WARC CDX Index</format>
    <original>lists.ubuntu.com-archives-ubuntu-kg.mbox-2016-08-23-6ab6c459-00000.warc.gz</original>
    <mtime>1495616161</mtime>
    <size>429</size>
    <md5>24c6be201df5d07ac72ddeef6635465d</md5>
    <crc32>9ff83b7a</crc32>
    <sha1>26cfc2554e3baae6bdad6ae1618ba7e374612c7e</sha1>
  </file>
  <file name="lists.ubuntu.com-archives-ubuntu-kg.mbox-2016-08-23-6ab6c459-meta.warc.gz" source="original">
    <mtime>1495613693</mtime>
    <size>3086</size>
    <md5>0fe03cc4c2b6eef799123a228a826f3d</md5>
    <crc32>787bf802</crc32>
    <sha1>5c844fb4fc4fdf0d8b0a6042c84918cfb77f0d3d</sha1>
    <format>Web ARChive GZ</format>
  </file>
  <file name="lists.ubuntu.com-archives-ubuntu-kg.mbox-2016-08-23-6ab6c459-meta.warc.os.cdx.gz" source="derivative">
    <format>WARC CDX Index</format>
    <original>lists.ubuntu.com-archives-ubuntu-kg.mbox-2016-08-23-6ab6c459-meta.warc.gz</original>
    <mtime>1495616164</mtime>
    <size>47</size>
    <md5>df74b67ddfc28543c8439586b5b17b61</md5>
    <crc32>bb39f632</crc32>
    <sha1>f8d6b5f65300c5f6cd00a5e51e6fa72afb1df146</sha1>
  </file>
  <file name="lists.ubuntu.com-archives-ubuntu-kh-2016-08-23-76e6c2e7-00000.warc.gz" source="original">
    <mtime>1495613697</mtime>
    <size>96921</size>
    <md5>f0ed12a41d450d64007c0acf7773de37</md5>
    <crc32>a2bdcafc</crc32>
    <sha1>f42f2c5558d69105dfded4f0e52aa6299791e207</sha1>
    <format>Web ARChive GZ</format>
  </file>
  <file name="lists.ubuntu.com-archives-ubuntu-kh-2016-08-23-76e6c2e7-00000.warc.os.cdx.gz" source="derivative">
    <format>WARC CDX Index</format>
    <original>lists.ubuntu.com-archives-ubuntu-kh-2016-08-23-76e6c2e7-00000.warc.gz</original>
    <mtime>1495616167</mtime>
    <size>1683</size>
    <md5>2cacd2ebfdb96c09f772023b275adfe7</md5>
    <crc32>8abbb55b</crc32>
    <sha1>5e86e75ccc7a7767bfac7895580145ba489e1173</sha1>
  </file>
  <file name="lists.ubuntu.com-archives-ubuntu-kh-2016-08-23-76e6c2e7-meta.warc.gz" source="original">
    <mtime>1495613702</mtime>
    <size>3700</size>
    <md5>d9406af708aa03b226f9c9922d7d42e3</md5>
    <crc32>03bd98b6</crc32>
    <sha1>5a049a6a8625f1197c2ee640ab73379d7abbdd6b</sha1>
    <format>Web ARChive GZ</format>
  </file>
  <file name="lists.ubuntu.com-archives-ubuntu-kh-2016-08-23-76e6c2e7-meta.warc.os.cdx.gz" source="derivative">
    <format>WARC CDX Index</format>
    <original>lists.ubuntu.com-archives-ubuntu-kh-2016-08-23-76e6c2e7-meta.warc.gz</original>
    <mtime>1495616170</mtime>
    <size>47</size>
    <md5>f28fb21553e335ee96c78ff4228b6b36</md5>
    <crc32>a72c7b72</crc32>
    <sha1>ab6f7296d5f939a854dc24e50e9459a18913a18d</sha1>
  </file>
  <file name="lists.ubuntu.com-archives-ubuntu-kh.mbox-2016-08-23-c1acca86-00000.warc.gz" source="original">
    <mtime>1495613706</mtime>
    <size>34256</size>
    <md5>fffe0404f56f75a86ee5dc40255056e6</md5>
    <crc32>6e3fbdb8</crc32>
    <sha1>595cc68878766cd4c70572f1ce0c83b2e19ad097</sha1>
    <format>Web ARChive GZ</format>
  </file>
  <file name="lists.ubuntu.com-archives-ubuntu-kh.mbox-2016-08-23-c1acca86-00000.warc.os.cdx.gz" source="derivative">
    <format>WARC CDX Index</format>
    <original>lists.ubuntu.com-archives-ubuntu-kh.mbox-2016-08-23-c1acca86-00000.warc.gz</original>
    <mtime>1495616173</mtime>
    <size>756</size>
    <md5>2b9c76cee2ac5a6bab6831e23dfe9814</md5>
    <crc32>27689622</crc32>
    <sha1>425202ee7a41613cda6d79d85a7fa7ebd5817b14</sha1>
  </file>
  <file name="lists.ubuntu.com-archives-ubuntu-kh.mbox-2016-08-23-c1acca86-meta.warc.gz" source="original">
    <mtime>1495613712</mtime>
    <size>3293</size>
    <md5>0578ca17b662d8af33d6a22e375cb841</md5>
    <crc32>07066ba5</crc32>
    <sha1>b6e2628be03437f794c8fd513d6cb6e9f6b1b081</sha1>
    <format>Web ARChive GZ</format>
  </file>
  <file name="lists.ubuntu.com-archives-ubuntu-kh.mbox-2016-08-23-c1acca86-meta.warc.os.cdx.gz" source="derivative">
    <format>WARC CDX Index</format>
    <original>lists.ubuntu.com-archives-ubuntu-kh.mbox-2016-08-23-c1acca86-meta.warc.gz</original>
    <mtime>1495616176</mtime>
    <size>47</size>
    <md5>dc1809798587284dbb39591be06415f3</md5>
    <crc32>d61e51a9</crc32>
    <sha1>25f9cfe0f6dc06e1b1e17b91be3435d3165ef45c</sha1>
  </file>
  <file name="lists.ubuntu.com-archives-ubuntu-ko-2016-08-23-f4c7fb12-00000.warc.gz" source="original">
    <mtime>1495613719</mtime>
    <size>6635376</size>
    <md5>c25c4ddfe77f74dc4bb8fa9c55be7884</md5>
    <crc32>d7e199e8</crc32>
    <sha1>34bb7b2ee65096445fe365c03a58efb4f10c4805</sha1>
    <format>Web ARChive GZ</format>
  </file>
  <file name="lists.ubuntu.com-archives-ubuntu-ko-2016-08-23-f4c7fb12-00000.warc.os.cdx.gz" source="derivative">
    <format>WARC CDX Index</format>
    <original>lists.ubuntu.com-archives-ubuntu-ko-2016-08-23-f4c7fb12-00000.warc.gz</original>
    <mtime>1495616181</mtime>
    <size>94975</size>
    <md5>e7742cebbf5b9c0d4a54c43d170dbd96</md5>
    <crc32>d84b0c77</crc32>
    <sha1>49097840b2a66a195978ed54a3072416d1bb44fb</sha1>
  </file>
  <file name="lists.ubuntu.com-archives-ubuntu-ko-2016-08-23-f4c7fb12-meta.warc.gz" source="original">
    <mtime>1495613723</mtime>
    <size>47521</size>
    <md5>b10859458abadb74a2606891f2d0a38d</md5>
    <crc32>22ee83a4</crc32>
    <sha1>368437ec79b4c9cdc10b58c1d6b961a26ae7e36c</sha1>
    <format>Web ARChive GZ</format>
  </file>
  <file name="lists.ubuntu.com-archives-ubuntu-ko-2016-08-23-f4c7fb12-meta.warc.os.cdx.gz" source="derivative">
    <format>WARC CDX Index</format>
    <original>lists.ubuntu.com-archives-ubuntu-ko-2016-08-23-f4c7fb12-meta.warc.gz</original>
    <mtime>1495616185</mtime>
    <size>47</size>
    <md5>7bf9216a0718e450fd7be8d1d37f58ca</md5>
    <crc32>c4011a49</crc32>
    <sha1>0d0082b4aeac7c3e50f0a5c693f58253887db4be</sha1>
  </file>
  <file name="lists.ubuntu.com-archives-ubuntu-ko.mbox-2016-08-23-20cb0871-00000.warc.gz" source="original">
    <mtime>1495613728</mtime>
    <size>2508154</size>
    <md5>9a33355df10ffb53c3f9bbff3cad0c79</md5>
    <crc32>cfdffc40</crc32>
    <sha1>520429d2611aa1c5f1947172cfd7fcd275e8a95d</sha1>
    <format>Web ARChive GZ</format>
  </file>
  <file name="lists.ubuntu.com-archives-ubuntu-ko.mbox-2016-08-23-20cb0871-00000.warc.os.cdx.gz" source="derivative">
    <format>WARC CDX Index</format>
    <original>lists.ubuntu.com-archives-ubuntu-ko.mbox-2016-08-23-20cb0871-00000.warc.gz</original>
    <mtime>1495616188</mtime>
    <size>435</size>
    <md5>b1513bdc709e9a52f507883728e1e167</md5>
    <crc32>6e8a2d9d</crc32>
    <sha1>d7e6d397a736563e7a44881306594cb76403363a</sha1>
  </file>
  <file name="lists.ubuntu.com-archives-ubuntu-ko.mbox-2016-08-23-20cb0871-meta.warc.gz" source="original">
    <mtime>1495613733</mtime>
    <size>3095</size>
    <md5>433b66294c1fff57ecdf7ab5da201367</md5>
    <crc32>2e1bd9de</crc32>
    <sha1>50ceb01ff450000168289f0180e26a6ee2ebc85f</sha1>
    <format>Web ARChive GZ</format>
  </file>
  <file name="lists.ubuntu.com-archives-ubuntu-ko.mbox-2016-08-23-20cb0871-meta.warc.os.cdx.gz" source="derivative">
    <format>WARC CDX Index</format>
    <original>lists.ubuntu.com-archives-ubuntu-ko.mbox-2016-08-23-20cb0871-meta.warc.gz</original>
    <mtime>1495616191</mtime>
    <size>47</size>
    <md5>baa647093778bfbe4bb4a46144f07790</md5>
    <crc32>8d182a12</crc32>
    <sha1>090a2abf8faf7cd0c4b1f37a38d79f747561b200</sha1>
  </file>
  <file name="lists.ubuntu.com-archives-ubuntu-kur-2016-08-23-6417e74f-00000.warc.gz" source="original">
    <mtime>1495613739</mtime>
    <size>1823198</size>
    <md5>e0a38b042f2ab942b52e5d30f6659988</md5>
    <crc32>00a0d866</crc32>
    <sha1>5383fb1b4afefa7d335c282470322ed73b4ad6d2</sha1>
    <format>Web ARChive GZ</format>
  </file>
  <file name="lists.ubuntu.com-archives-ubuntu-kur-2016-08-23-6417e74f-00000.warc.os.cdx.gz" source="derivative">
    <format>WARC CDX Index</format>
    <original>lists.ubuntu.com-archives-ubuntu-kur-2016-08-23-6417e74f-00000.warc.gz</original>
    <mtime>1495616345</mtime>
    <size>9631</size>
    <md5>7d237a389b811f2dbd51a49cd72802e4</md5>
    <crc32>97c84920</crc32>
    <sha1>330e3231a4b40c5a7145ccdb8f6861fb36b0530c</sha1>
  </file>
  <file name="lists.ubuntu.com-archives-ubuntu-kur-2016-08-23-6417e74f-meta.warc.gz" source="original">
    <mtime>1495613743</mtime>
    <size>7643</size>
    <md5>15e20c26c6ed9488943f4fc2357cf137</md5>
    <crc32>2b952341</crc32>
    <sha1>899a2dd5ea629cd4d73ed03c5288ea219e618352</sha1>
    <format>Web ARChive GZ</format>
  </file>
  <file name="lists.ubuntu.com-archives-ubuntu-kur-2016-08-23-6417e74f-meta.warc.os.cdx.gz" source="derivative">
    <format>WARC CDX Index</format>
    <original>lists.ubuntu.com-archives-ubuntu-kur-2016-08-23-6417e74f-meta.warc.gz</original>
    <mtime>1495616197</mtime>
    <size>47</size>
    <md5>a1d03990be905f68eb2430dbff0477c8</md5>
    <crc32>b69f10ff</crc32>
    <sha1>0fea8a8f8b9953121cffc30b3d19f070fc676fcf</sha1>
  </file>
  <file name="lists.ubuntu.com-archives-ubuntu-kur.mbox-2016-08-23-a95ac761-00000.warc.gz" source="original">
    <mtime>1495613747</mtime>
    <size>1469602</size>
    <md5>9341c89d28611faea018feb7203a945e</md5>
    <crc32>c5e062ad</crc32>
    <sha1>0739582c9add1036fdf51d9575826722e72d7701</sha1>
    <format>Web ARChive GZ</format>
  </file>
  <file name="lists.ubuntu.com-archives-ubuntu-kur.mbox-2016-08-23-a95ac761-00000.warc.os.cdx.gz" source="derivative">
    <format>WARC CDX Index</format>
    <original>lists.ubuntu.com-archives-ubuntu-kur.mbox-2016-08-23-a95ac761-00000.warc.gz</original>
    <mtime>1495616200</mtime>
    <size>433</size>
    <md5>ca375798ba59291d4f92df9949856a0d</md5>
    <crc32>607d305b</crc32>
    <sha1>2a4cfab278f6423d9e0c5b1b33526471f0918a70</sha1>
  </file>
  <file name="lists.ubuntu.com-archives-ubuntu-kur.mbox-2016-08-23-a95ac761-meta.warc.gz" source="original">
    <mtime>1495613752</mtime>
    <size>3092</size>
    <md5>a3486c420eec4c4e04a467d68863b340</md5>
    <crc32>fdd0392b</crc32>
    <sha1>6f125a06529e12e899f53d5397db86bfababa910</sha1>
    <format>Web ARChive GZ</format>
  </file>
  <file name="lists.ubuntu.com-archives-ubuntu-kur.mbox-2016-08-23-a95ac761-meta.warc.os.cdx.gz" source="derivative">
    <format>WARC CDX Index</format>
    <original>lists.ubuntu.com-archives-ubuntu-kur.mbox-2016-08-23-a95ac761-meta.warc.gz</original>
    <mtime>1495616204</mtime>
    <size>47</size>
    <md5>251a90cf693ac372c330e87fb115c82f</md5>
    <crc32>a4805b1f</crc32>
    <sha1>6e91944142b19cca2ca2352d003addbbb7b51139</sha1>
  </file>
  <file name="lists.ubuntu.com-archives-ubuntu-kw-2016-08-23-75ada871-00000.warc.gz" source="original">
    <mtime>1495613757</mtime>
    <size>3783</size>
    <md5>fb0bd2111276acd7676de15bccbd26e7</md5>
    <crc32>05d1de2c</crc32>
    <sha1>f4ce01b309f3d6c6e4ba0436aadd072042ed609c</sha1>
    <format>Web ARChive GZ</format>
  </file>
  <file name="lists.ubuntu.com-archives-ubuntu-kw-2016-08-23-75ada871-00000.warc.os.cdx.gz" source="derivative">
    <format>WARC CDX Index</format>
    <original>lists.ubuntu.com-archives-ubuntu-kw-2016-08-23-75ada871-00000.warc.gz</original>
    <mtime>1495616207</mtime>
    <size>216</size>
    <md5>150eac820943c6cf3bda69d07e1c8de6</md5>
    <crc32>0dd63c02</crc32>
    <sha1>13eaf115ae9844e561035c777ecd0fdfb6266db4</sha1>
  </file>
  <file name="lists.ubuntu.com-archives-ubuntu-kw-2016-08-23-75ada871-meta.warc.gz" source="original">
    <mtime>1495613761</mtime>
    <size>2914</size>
    <md5>a46d741e797246d87b3c5ad5bcdb0190</md5>
    <crc32>d94a2899</crc32>
    <sha1>0a9d6b94317b5dbba3581e96915d0c791910b3e6</sha1>
    <format>Web ARChive GZ</format>
  </file>
  <file name="lists.ubuntu.com-archives-ubuntu-kw-2016-08-23-75ada871-meta.warc.os.cdx.gz" source="derivative">
    <format>WARC CDX Index</format>
    <original>lists.ubuntu.com-archives-ubuntu-kw-2016-08-23-75ada871-meta.warc.gz</original>
    <mtime>1495616210</mtime>
    <size>47</size>
    <md5>7a9a38fff8326b4636a7128bb83b6e00</md5>
    <crc32>128cac69</crc32>
    <sha1>639a8efcd25078f985806349201b1b0214c94e0e</sha1>
  </file>
  <file name="lists.ubuntu.com-archives-ubuntu-kw.mbox-2016-08-23-5bb93a9e-00000.warc.gz" source="original">
    <mtime>1495613765</mtime>
    <size>6400</size>
    <md5>101ec2cbe92de2a2107043b3019fc62a</md5>
    <crc32>5db7a1c3</crc32>
    <sha1>24252d613c5dc4d418100bbe044088dc78c3ac7c</sha1>
    <format>Web ARChive GZ</format>
  </file>
  <file name="lists.ubuntu.com-archives-ubuntu-kw.mbox-2016-08-23-5bb93a9e-00000.warc.os.cdx.gz" source="derivative">
    <format>WARC CDX Index</format>
    <original>lists.ubuntu.com-archives-ubuntu-kw.mbox-2016-08-23-5bb93a9e-00000.warc.gz</original>
    <mtime>1495616213</mtime>
    <size>330</size>
    <md5>f038f734fd878b7f5388774960f28266</md5>
    <crc32>5ca28ef4</crc32>
    <sha1>f06985e142db208151b00aec1f962b130f8b7cfc</sha1>
  </file>
  <file name="lists.ubuntu.com-archives-ubuntu-kw.mbox-2016-08-23-5bb93a9e-meta.warc.gz" source="original">
    <mtime>1495613769</mtime>
    <size>3026</size>
    <md5>5a7a2ba740c38b7c5b0a9733baa8d2e3</md5>
    <crc32>b032ef7d</crc32>
    <sha1>40d4361ae07773b21c472a728593bbf1f1a27a5b</sha1>
    <format>Web ARChive GZ</format>
  </file>
  <file name="lists.ubuntu.com-archives-ubuntu-kw.mbox-2016-08-23-5bb93a9e-meta.warc.os.cdx.gz" source="derivative">
    <format>WARC CDX Index</format>
    <original>lists.ubuntu.com-archives-ubuntu-kw.mbox-2016-08-23-5bb93a9e-meta.warc.gz</original>
    <mtime>1495616216</mtime>
    <size>47</size>
    <md5>895db34c3c3a471ae606f08fa5671d4e</md5>
    <crc32>c9a7fc84</crc32>
    <sha1>27305bbf6074a7900485723996e03f4638c6a3b1</sha1>
  </file>
  <file name="lists.ubuntu.com-archives-ubuntu-kz-2016-08-23-1811f3e8-00000.warc.gz" source="original">
    <mtime>1495613774</mtime>
    <size>3782</size>
    <md5>b574eb04b43638bf6074eb689cb2935c</md5>
    <crc32>b9436809</crc32>
    <sha1>3dd0c58b80ff002c82dcc0d02926c835212a069c</sha1>
    <format>Web ARChive GZ</format>
  </file>
  <file name="lists.ubuntu.com-archives-ubuntu-kz-2016-08-23-1811f3e8-00000.warc.os.cdx.gz" source="derivative">
    <format>WARC CDX Index</format>
    <original>lists.ubuntu.com-archives-ubuntu-kz-2016-08-23-1811f3e8-00000.warc.gz</original>
    <mtime>1495616219</mtime>
    <size>213</size>
    <md5>8af62a22999a9e16fa79cc7eb931f3be</md5>
    <crc32>fed80f86</crc32>
    <sha1>97f97ce957a7827be84132ee2504717caca313ca</sha1>
  </file>
  <file name="lists.ubuntu.com-archives-ubuntu-kz-2016-08-23-1811f3e8-meta.warc.gz" source="original">
    <mtime>1495613778</mtime>
    <size>2918</size>
    <md5>b8758150cbc8fbf18f0a5a80b53c44d1</md5>
    <crc32>b380cfa8</crc32>
    <sha1>5f3111a3166dd76373843877da7d481fb5b18cfc</sha1>
    <format>Web ARChive GZ</format>
  </file>
  <file name="lists.ubuntu.com-archives-ubuntu-kz-2016-08-23-1811f3e8-meta.warc.os.cdx.gz" source="derivative">
    <format>WARC CDX Index</format>
    <original>lists.ubuntu.com-archives-ubuntu-kz-2016-08-23-1811f3e8-meta.warc.gz</original>
    <mtime>1495616222</mtime>
    <size>47</size>
    <md5>a5520a542defcddd583a208818870d5e</md5>
    <crc32>80beccdf</crc32>
    <sha1>674f77493d7bf741125f04d47034545834fc6f48</sha1>
  </file>
  <file name="lists.ubuntu.com-archives-ubuntu-kz.mbox-2016-08-23-581d31fe-00000.warc.gz" source="original">
    <mtime>1495613782</mtime>
    <size>6391</size>
    <md5>0692c1b5a39b34b0126c90c0c4b38c26</md5>
    <crc32>5855c21f</crc32>
    <sha1>21ca6666f27779c2ba6b7fe22b7c428612d21a48</sha1>
    <format>Web ARChive GZ</format>
  </file>
  <file name="lists.ubuntu.com-archives-ubuntu-kz.mbox-2016-08-23-581d31fe-00000.warc.os.cdx.gz" source="derivative">
    <format>WARC CDX Index</format>
    <original>lists.ubuntu.com-archives-ubuntu-kz.mbox-2016-08-23-581d31fe-00000.warc.gz</original>
    <mtime>1495616225</mtime>
    <size>331</size>
    <md5>95e3098f8ed9e45bbe954c56abd201b2</md5>
    <crc32>586bb9bc</crc32>
    <sha1>400424a7a3b9214c4f223ad614541bd90dce0e97</sha1>
  </file>
  <file name="lists.ubuntu.com-archives-ubuntu-kz.mbox-2016-08-23-581d31fe-meta.warc.gz" source="original">
    <mtime>1495613788</mtime>
    <size>3029</size>
    <md5>60a8632ac9047302b24460a5730a6370</md5>
    <crc32>b160a256</crc32>
    <sha1>37d23d7dd82498aa5963612fb272960e5e3d38fa</sha1>
    <format>Web ARChive GZ</format>
  </file>
  <file name="lists.ubuntu.com-archives-ubuntu-kz.mbox-2016-08-23-581d31fe-meta.warc.os.cdx.gz" source="derivative">
    <format>WARC CDX Index</format>
    <original>lists.ubuntu.com-archives-ubuntu-kz.mbox-2016-08-23-581d31fe-meta.warc.gz</original>
    <mtime>1495616229</mtime>
    <size>47</size>
    <md5>0c39ee4f877b808f8d155ea2c346044c</md5>
    <crc32>39dce2d2</crc32>
    <sha1>da2e47e45ff1caf0b9f9436135adaf5eea9747c9</sha1>
  </file>
  <file name="lists.ubuntu.com-archives-ubuntu-l10n-aa-2016-08-23-815d2a81-00000.warc.gz" source="original">
    <mtime>1495613793</mtime>
    <size>3811</size>
    <md5>4ed45a455387bac9985646649528deb0</md5>
    <crc32>27e94841</crc32>
    <sha1>3143b2896c80cd8abf7e631801cdf87ddace22a2</sha1>
    <format>Web ARChive GZ</format>
  </file>
  <file name="lists.ubuntu.com-archives-ubuntu-l10n-aa-2016-08-23-815d2a81-00000.warc.os.cdx.gz" source="derivative">
    <format>WARC CDX Index</format>
    <original>lists.ubuntu.com-archives-ubuntu-l10n-aa-2016-08-23-815d2a81-00000.warc.gz</original>
    <mtime>1495616232</mtime>
    <size>220</size>
    <md5>92928b0067689ed215d6663e9b8d28e9</md5>
    <crc32>c3892c8d</crc32>
    <sha1>b2c5c491f263f7cbeff93511fe2aa58768810ea1</sha1>
  </file>
  <file name="lists.ubuntu.com-archives-ubuntu-l10n-aa-2016-08-23-815d2a81-meta.warc.gz" source="original">
    <mtime>1495613797</mtime>
    <size>2941</size>
    <md5>05f4541aae6fc94302b502fae779cf3d</md5>
    <crc32>441241c7</crc32>
    <sha1>cd8f5ff8e0ceae0b58e0db0c1d74f8e4ee657bc6</sha1>
    <format>Web ARChive GZ</format>
  </file>
  <file name="lists.ubuntu.com-archives-ubuntu-l10n-aa-2016-08-23-815d2a81-meta.warc.os.cdx.gz" source="derivative">
    <format>WARC CDX Index</format>
    <original>lists.ubuntu.com-archives-ubuntu-l10n-aa-2016-08-23-815d2a81-meta.warc.gz</original>
    <mtime>1495616150</mtime>
    <size>47</size>
    <md5>45a105a78ddbaa8509d13087e83a6055</md5>
    <crc32>104493df</crc32>
    <sha1>c1f9a0de21e99740cf53c5a9168966e32dcd70a9</sha1>
  </file>
  <file name="lists.ubuntu.com-archives-ubuntu-l10n-aa.mbox-2016-08-23-930a7f76-00000.warc.gz" source="original">
    <mtime>1495613801</mtime>
    <size>6442</size>
    <md5>033bbdd5fb0059c00c1afa8aae77de74</md5>
    <crc32>5b8448cb</crc32>
    <sha1>29a6ee52468d794782c3bcbcba3683dbe3480770</sha1>
    <format>Web ARChive GZ</format>
  </file>
  <file name="lists.ubuntu.com-archives-ubuntu-l10n-aa.mbox-2016-08-23-930a7f76-00000.warc.os.cdx.gz" source="derivative">
    <format>WARC CDX Index</format>
    <original>lists.ubuntu.com-archives-ubuntu-l10n-aa.mbox-2016-08-23-930a7f76-00000.warc.gz</original>
    <mtime>1495616194</mtime>
    <size>336</size>
    <md5>b23e1ea2265edfde3b214f807b4af91d</md5>
    <crc32>0cdc4ba1</crc32>
    <sha1>0b62982d19fd3cac0d91e573a3773c39640b69e1</sha1>
  </file>
  <file name="lists.ubuntu.com-archives-ubuntu-l10n-aa.mbox-2016-08-23-930a7f76-meta.warc.gz" source="original">
    <mtime>1495613806</mtime>
    <size>3042</size>
    <md5>7b45d770b983fb12dc2262bebb395b4f</md5>
    <crc32>fe916d79</crc32>
    <sha1>9180e7aa77a7887293369eaba9faf488a5aafac9</sha1>
    <format>Web ARChive GZ</format>
  </file>
  <file name="lists.ubuntu.com-archives-ubuntu-l10n-aa.mbox-2016-08-23-930a7f76-meta.warc.os.cdx.gz" source="derivative">
    <format>WARC CDX Index</format>
    <original>lists.ubuntu.com-archives-ubuntu-l10n-aa.mbox-2016-08-23-930a7f76-meta.warc.gz</original>
    <mtime>1495616282</mtime>
    <size>47</size>
    <md5>e9467d9c2aa54a3a72ebeac610239c6a</md5>
    <crc32>73d3b5f0</crc32>
    <sha1>87a3a04a42ef58d163af7904d3aa10947ce4a9bf</sha1>
  </file>
  <file name="lists.ubuntu.com-archives-ubuntu-l10n-am-2016-08-23-675f6901-00000.warc.gz" source="original">
    <mtime>1495613810</mtime>
    <size>405130</size>
    <md5>c1f536ec8e12c4d8af4c5b38d4d8edff</md5>
    <crc32>7721c89e</crc32>
    <sha1>a77f32194e8214ab527df099b7f509faece5de60</sha1>
    <format>Web ARChive GZ</format>
  </file>
  <file name="lists.ubuntu.com-archives-ubuntu-l10n-am-2016-08-23-675f6901-00000.warc.os.cdx.gz" source="derivative">
    <format>WARC CDX Index</format>
    <original>lists.ubuntu.com-archives-ubuntu-l10n-am-2016-08-23-675f6901-00000.warc.gz</original>
    <mtime>1495616245</mtime>
    <size>5826</size>
    <md5>89d273f031aa4d61555f49466eb7b2af</md5>
    <crc32>51f6ee5c</crc32>
    <sha1>3f319cbaeacee5f0f8f457896f7dbe95a33183a2</sha1>
  </file>
  <file name="lists.ubuntu.com-archives-ubuntu-l10n-am-2016-08-23-675f6901-meta.warc.gz" source="original">
    <mtime>1495613814</mtime>
    <size>5681</size>
    <md5>cb62f8201a657d430b6d61c18c52aeef</md5>
    <crc32>a61e17c9</crc32>
    <sha1>5b0f68a63c5bd2d559870547caa195add8dfdc1a</sha1>
    <format>Web ARChive GZ</format>
  </file>
  <file name="lists.ubuntu.com-archives-ubuntu-l10n-am-2016-08-23-675f6901-meta.warc.os.cdx.gz" source="derivative">
    <format>WARC CDX Index</format>
    <original>lists.ubuntu.com-archives-ubuntu-l10n-am-2016-08-23-675f6901-meta.warc.gz</original>
    <mtime>1495616250</mtime>
    <size>47</size>
    <md5>2af7f9be6e295c9d4535fb6cce053cb6</md5>
    <crc32>c8c3e35f</crc32>
    <sha1>ceec5cf888d4d68a7c55ed5a189125af135fe9a8</sha1>
  </file>
  <file name="lists.ubuntu.com-archives-ubuntu-l10n-am.mbox-2016-08-23-a3afa13d-00000.warc.gz" source="original">
    <mtime>1495613818</mtime>
    <size>137330</size>
    <md5>7fc9812e6da8b6e963cbd5c862a49bb5</md5>
    <crc32>56d0de51</crc32>
    <sha1>d474a33820ed2cca66f50da5d998611f033b225e</sha1>
    <format>Web ARChive GZ</format>
  </file>
  <file name="lists.ubuntu.com-archives-ubuntu-l10n-am.mbox-2016-08-23-a3afa13d-00000.warc.os.cdx.gz" source="derivative">
    <format>WARC CDX Index</format>
    <original>lists.ubuntu.com-archives-ubuntu-l10n-am.mbox-2016-08-23-a3afa13d-00000.warc.gz</original>
    <mtime>1495616253</mtime>
    <size>437</size>
    <md5>c919b86b13cdab74ca78ea71306dd63e</md5>
    <crc32>2f884c59</crc32>
    <sha1>53690a052857b131f0434e20495d8565897c0d3a</sha1>
  </file>
  <file name="lists.ubuntu.com-archives-ubuntu-l10n-am.mbox-2016-08-23-a3afa13d-meta.warc.gz" source="original">
    <mtime>1495613823</mtime>
    <size>3103</size>
    <md5>2646f9226fdcddbe716054b18e682138</md5>
    <crc32>b93313c2</crc32>
    <sha1>5ae2e8ce649e90482d0974ae8e1ba38e4197df36</sha1>
    <format>Web ARChive GZ</format>
  </file>
  <file name="lists.ubuntu.com-archives-ubuntu-l10n-am.mbox-2016-08-23-a3afa13d-meta.warc.os.cdx.gz" source="derivative">
    <format>WARC CDX Index</format>
    <original>lists.ubuntu.com-archives-ubuntu-l10n-am.mbox-2016-08-23-a3afa13d-meta.warc.gz</original>
    <mtime>1495616256</mtime>
    <size>47</size>
    <md5>a41b5dd00a1dd7377e3044dd5a21ea52</md5>
    <crc32>02e19f2b</crc32>
    <sha1>661f2106fbb2e1a56db41a81ec360910fb7da990</sha1>
  </file>
  <file name="lists.ubuntu.com-archives-ubuntu-l10n-amh-2016-08-23-3ee9ad5d-00000.warc.gz" source="original">
    <mtime>1495613827</mtime>
    <size>48303</size>
    <md5>699e8b55739b0671928bf07292202caa</md5>
    <crc32>b0433d94</crc32>
    <sha1>e754274fd1d6662a167ed6cf97a5bfe51fb5f5a7</sha1>
    <format>Web ARChive GZ</format>
  </file>
  <file name="lists.ubuntu.com-archives-ubuntu-l10n-amh-2016-08-23-3ee9ad5d-00000.warc.os.cdx.gz" source="derivative">
    <format>WARC CDX Index</format>
    <original>lists.ubuntu.com-archives-ubuntu-l10n-amh-2016-08-23-3ee9ad5d-00000.warc.gz</original>
    <mtime>1495616259</mtime>
    <size>1258</size>
    <md5>78aed80bfb7b9058dcba126b75301ad6</md5>
    <crc32>46dbb37c</crc32>
    <sha1>c99b6097dfe9e317b112561c33ae6a3047153720</sha1>
  </file>
  <file name="lists.ubuntu.com-archives-ubuntu-l10n-amh-2016-08-23-3ee9ad5d-meta.warc.gz" source="original">
    <mtime>1495613831</mtime>
    <size>3494</size>
    <md5>994be7cf613a1bf3b827e2262a3c0dda</md5>
    <crc32>da4e2417</crc32>
    <sha1>d4662b6f4796c09941f5cebc24eb70c6fd29b89a</sha1>
    <format>Web ARChive GZ</format>
  </file>
  <file name="lists.ubuntu.com-archives-ubuntu-l10n-amh-2016-08-23-3ee9ad5d-meta.warc.os.cdx.gz" source="derivative">
    <format>WARC CDX Index</format>
    <original>lists.ubuntu.com-archives-ubuntu-l10n-amh-2016-08-23-3ee9ad5d-meta.warc.gz</original>
    <mtime>1495616262</mtime>
    <size>47</size>
    <md5>8e44d31262940310f6eb9e16f667a14c</md5>
    <crc32>4bf8af70</crc32>
    <sha1>ae35de398fd939a8c515e5b7bca22ea7580d1107</sha1>
  </file>
  <file name="lists.ubuntu.com-archives-ubuntu-l10n-amh.mbox-2016-08-23-26ad5ac0-00000.warc.gz" source="original">
    <mtime>1495613836</mtime>
    <size>12001</size>
    <md5>542704c8a550883f3fc6664fd1c02b8b</md5>
    <crc32>a13c6e02</crc32>
    <sha1>0b2d28feea56c440a674b9369fc81cc5a9adb9ae</sha1>
    <format>Web ARChive GZ</format>
  </file>
  <file name="lists.ubuntu.com-archives-ubuntu-l10n-amh.mbox-2016-08-23-26ad5ac0-00000.warc.os.cdx.gz" source="derivative">
    <format>WARC CDX Index</format>
    <original>lists.ubuntu.com-archives-ubuntu-l10n-amh.mbox-2016-08-23-26ad5ac0-00000.warc.gz</original>
    <mtime>1495616265</mtime>
    <size>436</size>
    <md5>a028bdfe47cafd84662fc392f60efdb3</md5>
    <crc32>e01771f2</crc32>
    <sha1>5e4e043d458a0191f826b2fc55f4277614edd725</sha1>
  </file>
  <file name="lists.ubuntu.com-archives-ubuntu-l10n-amh.mbox-2016-08-23-26ad5ac0-meta.warc.gz" source="original">
    <mtime>1495613841</mtime>
    <size>3110</size>
    <md5>ee0397c8a2cd10204df7e4456282095e</md5>
    <crc32>aac24b3f</crc32>
    <sha1>aad666b99019bc73ef1e8d9c9c2e0bddd164337f</sha1>
    <format>Web ARChive GZ</format>
  </file>
  <file name="lists.ubuntu.com-archives-ubuntu-l10n-amh.mbox-2016-08-23-26ad5ac0-meta.warc.os.cdx.gz" source="derivative">
    <format>WARC CDX Index</format>
    <original>lists.ubuntu.com-archives-ubuntu-l10n-amh.mbox-2016-08-23-26ad5ac0-meta.warc.gz</original>
    <mtime>1495616268</mtime>
    <size>47</size>
    <md5>ff01aa1909c5d2e077255ede35d17759</md5>
    <crc32>90d3ff9d</crc32>
    <sha1>3ee488a10f81b0b6c3d7d41d623187b8f7d364bc</sha1>
  </file>
  <file name="lists.ubuntu.com-archives-ubuntu-l10n-ara-2016-08-23-ea6d36cd-00000.warc.gz" source="original">
    <mtime>1495613845</mtime>
    <size>1391101</size>
    <md5>399c86708c710cb4e73418235fb558f8</md5>
    <crc32>be5ee850</crc32>
    <sha1>918a85b2a452ff6f2434b1a075ade5830bb8b50d</sha1>
    <format>Web ARChive GZ</format>
  </file>
  <file name="lists.ubuntu.com-archives-ubuntu-l10n-ara-2016-08-23-ea6d36cd-00000.warc.os.cdx.gz" source="derivative">
    <format>WARC CDX Index</format>
    <original>lists.ubuntu.com-archives-ubuntu-l10n-ara-2016-08-23-ea6d36cd-00000.warc.gz</original>
    <mtime>1495616272</mtime>
    <size>25546</size>
    <md5>cbfd16b35808b071dc2a18340f5eedbe</md5>
    <crc32>4a5af504</crc32>
    <sha1>9de243659fa5c20fd3155a30a58b4796d82e65fb</sha1>
  </file>
  <file name="lists.ubuntu.com-archives-ubuntu-l10n-ara-2016-08-23-ea6d36cd-meta.warc.gz" source="original">
    <mtime>1495613850</mtime>
    <size>15377</size>
    <md5>e26bcdc8a67033620979ece146070029</md5>
    <crc32>737302ff</crc32>
    <sha1>6ab3d67079783aaf8600ec3d513738a1651cddde</sha1>
    <format>Web ARChive GZ</format>
  </file>
  <file name="lists.ubuntu.com-archives-ubuntu-l10n-ara-2016-08-23-ea6d36cd-meta.warc.os.cdx.gz" source="derivative">
    <format>WARC CDX Index</format>
    <original>lists.ubuntu.com-archives-ubuntu-l10n-ara-2016-08-23-ea6d36cd-meta.warc.gz</original>
    <mtime>1495616275</mtime>
    <size>47</size>
    <md5>4699d5e2318e3aa1265bd64cb4a5f5e9</md5>
    <crc32>61ccfe10</crc32>
    <sha1>afee4ce8fe515705f34d32f3f712b91496af2e92</sha1>
  </file>
  <file name="lists.ubuntu.com-archives-ubuntu-l10n-ara.mbox-2016-08-23-9e6ba311-00000.warc.gz" source="original">
    <mtime>1495613854</mtime>
    <size>281647</size>
    <md5>bb2c60fd37aedef710a128e664db0ff0</md5>
    <crc32>b8c44d55</crc32>
    <sha1>ae97ed4a9fedc1231fb0651473ac38de34f09ef1</sha1>
    <format>Web ARChive GZ</format>
  </file>
  <file name="lists.ubuntu.com-archives-ubuntu-l10n-ara.mbox-2016-08-23-9e6ba311-00000.warc.os.cdx.gz" source="derivative">
    <format>WARC CDX Index</format>
    <original>lists.ubuntu.com-archives-ubuntu-l10n-ara.mbox-2016-08-23-9e6ba311-00000.warc.gz</original>
    <mtime>1495616279</mtime>
    <size>435</size>
    <md5>d47f50422b4f1bf8faf91a06b2d3cea8</md5>
    <crc32>49ad10f7</crc32>
    <sha1>28728e7af28723f04b7547b55b9ce4d7c804143c</sha1>
  </file>
  <file name="lists.ubuntu.com-archives-ubuntu-l10n-ara.mbox-2016-08-23-9e6ba311-meta.warc.gz" source="original">
    <mtime>1495613859</mtime>
    <size>3105</size>
    <md5>dce72466693a6ca3749d78bed4204ca1</md5>
    <crc32>1259dc3c</crc32>
    <sha1>fcc46cf3693183925f662abce480009435d1ae21</sha1>
    <format>Web ARChive GZ</format>
  </file>
  <file name="lists.ubuntu.com-archives-ubuntu-l10n-ara.mbox-2016-08-23-9e6ba311-meta.warc.os.cdx.gz" source="derivative">
    <format>WARC CDX Index</format>
    <original>lists.ubuntu.com-archives-ubuntu-l10n-ara.mbox-2016-08-23-9e6ba311-meta.warc.gz</original>
    <mtime>1495616242</mtime>
    <size>47</size>
    <md5>2c43185a2b95579002324bfd5fee069e</md5>
    <crc32>9dcf5e44</crc32>
    <sha1>fa133b9ba2c84693347f56538226710e87f2e3da</sha1>
  </file>
  <file name="lists.ubuntu.com-archives-ubuntu-l10n-arn-2016-08-23-f83cc4a2-00000.warc.gz" source="original">
    <mtime>1495613864</mtime>
    <size>3809</size>
    <md5>1b7993bdd76c5b05683e435f23357f63</md5>
    <crc32>e7a0430d</crc32>
    <sha1>ea509686d8c0255610df7bcafd3eeee235238c78</sha1>
    <format>Web ARChive GZ</format>
  </file>
  <file name="lists.ubuntu.com-archives-ubuntu-l10n-arn-2016-08-23-f83cc4a2-00000.warc.os.cdx.gz" source="derivative">
    <format>WARC CDX Index</format>
    <original>lists.ubuntu.com-archives-ubuntu-l10n-arn-2016-08-23-f83cc4a2-00000.warc.gz</original>
    <mtime>1495616288</mtime>
    <size>223</size>
    <md5>1b27ecfe07c7adc82cf01e9a024d44a6</md5>
    <crc32>5dc849ff</crc32>
    <sha1>ffc50d1ecb91d09b134b6b0686fd64aabaa5d903</sha1>
  </file>
  <file name="lists.ubuntu.com-archives-ubuntu-l10n-arn-2016-08-23-f83cc4a2-meta.warc.gz" source="original">
    <mtime>1495613871</mtime>
    <size>2933</size>
    <md5>50b17e8bce53c6fe1a78309167d930bc</md5>
    <crc32>42953351</crc32>
    <sha1>0485d68cd31bd0fc131c26d481cbc64778596405</sha1>
    <format>Web ARChive GZ</format>
  </file>
  <file name="lists.ubuntu.com-archives-ubuntu-l10n-arn-2016-08-23-f83cc4a2-meta.warc.os.cdx.gz" source="derivative">
    <format>WARC CDX Index</format>
    <original>lists.ubuntu.com-archives-ubuntu-l10n-arn-2016-08-23-f83cc4a2-meta.warc.gz</original>
    <mtime>1495616285</mtime>
    <size>47</size>
    <md5>c11ed4d1a6b24f58aa0b6a2c8c6cba2a</md5>
    <crc32>7dd97350</crc32>
    <sha1>da56c9fa780fe0bf227af5fd5aeac6a8b7295faa</sha1>
  </file>
  <file name="lists.ubuntu.com-archives-ubuntu-l10n-arn.mbox-2016-08-23-3102d495-00000.warc.gz" source="original">
    <mtime>1495613875</mtime>
    <size>6442</size>
    <md5>8de346b512b0d34979e2369b9a616c4b</md5>
    <crc32>8fabd87e</crc32>
    <sha1>1ebdbaf267cf301f7517970d8efac7b79b538d40</sha1>
    <format>Web ARChive GZ</format>
  </file>
  <file name="lists.ubuntu.com-archives-ubuntu-l10n-arn.mbox-2016-08-23-3102d495-00000.warc.os.cdx.gz" source="derivative">
    <format>WARC CDX Index</format>
    <original>lists.ubuntu.com-archives-ubuntu-l10n-arn.mbox-2016-08-23-3102d495-00000.warc.gz</original>
    <mtime>1495616291</mtime>
    <size>337</size>
    <md5>501deb4d0101739f1b81f5ff0945e58d</md5>
    <crc32>b3445092</crc32>
    <sha1>5d48be37b976087cc49c56312bdcf1243ded5112</sha1>
  </file>
  <file name="lists.ubuntu.com-archives-ubuntu-l10n-arn.mbox-2016-08-23-3102d495-meta.warc.gz" source="original">
    <mtime>1495613880</mtime>
    <size>3042</size>
    <md5>66ddcd60eeb401c7572cfc3dc28e0b25</md5>
    <crc32>bf547f6c</crc32>
    <sha1>3700831194bb6bff110c9ff7cc31eb4d3efcb99a</sha1>
    <format>Web ARChive GZ</format>
  </file>
  <file name="lists.ubuntu.com-archives-ubuntu-l10n-arn.mbox-2016-08-23-3102d495-meta.warc.os.cdx.gz" source="derivative">
    <format>WARC CDX Index</format>
    <original>lists.ubuntu.com-archives-ubuntu-l10n-arn.mbox-2016-08-23-3102d495-meta.warc.gz</original>
    <mtime>1495616294</mtime>
    <size>47</size>
    <md5>dc4d5de3e8f4af9ad508b8795b260141</md5>
    <crc32>c4bb5d5d</crc32>
    <sha1>f6a447c25e8004acfb4b54abc15cf08c71ffefc8</sha1>
  </file>
  <file name="lists.ubuntu.com-archives-ubuntu-l10n-bel-2016-08-23-83d39503-00000.warc.gz" source="original">
    <mtime>1495613885</mtime>
    <size>92609</size>
    <md5>216414ae3a7d2414ee749373686afe81</md5>
    <crc32>02a3e96a</crc32>
    <sha1>6c5f6ec0c09beb564b8b9092efb69ab53bc0ee4e</sha1>
    <format>Web ARChive GZ</format>
  </file>
  <file name="lists.ubuntu.com-archives-ubuntu-l10n-bel-2016-08-23-83d39503-00000.warc.os.cdx.gz" source="derivative">
    <format>WARC CDX Index</format>
    <original>lists.ubuntu.com-archives-ubuntu-l10n-bel-2016-08-23-83d39503-00000.warc.gz</original>
    <mtime>1495616311</mtime>
    <size>2145</size>
    <md5>3ac8d4f80508eb7774457107bd8008da</md5>
    <crc32>efb650fe</crc32>
    <sha1>50625987d0a0fd039a744f8f3afd22550df3e49a</sha1>
  </file>
  <file name="lists.ubuntu.com-archives-ubuntu-l10n-bel-2016-08-23-83d39503-meta.warc.gz" source="original">
    <mtime>1495613889</mtime>
    <size>3926</size>
    <md5>0cd7a95e713fb4ebd5105c9362633c3e</md5>
    <crc32>db0a7097</crc32>
    <sha1>72e8611b8e8dbde2a15355a2a10fe2f6a780c356</sha1>
    <format>Web ARChive GZ</format>
  </file>
  <file name="lists.ubuntu.com-archives-ubuntu-l10n-bel-2016-08-23-83d39503-meta.warc.os.cdx.gz" source="derivative">
    <format>WARC CDX Index</format>
    <original>lists.ubuntu.com-archives-ubuntu-l10n-bel-2016-08-23-83d39503-meta.warc.gz</original>
    <mtime>1495616314</mtime>
    <size>47</size>
    <md5>908c8f7a7bb33def869a0e5dee01f83d</md5>
    <crc32>fc9047dd</crc32>
    <sha1>cc5ec8a95610b32ab726c5c676ea59061a7dcf7c</sha1>
  </file>
  <file name="lists.ubuntu.com-archives-ubuntu-l10n-bel.mbox-2016-08-23-53c3a2b9-00000.warc.gz" source="original">
    <mtime>1495613894</mtime>
    <size>13404</size>
    <md5>38f7f88cd3e9f7a29e3158430e48017a</md5>
    <crc32>a75a6030</crc32>
    <sha1>5e6b61db1a7539ad62a5226fe626806b485a7824</sha1>
    <format>Web ARChive GZ</format>
  </file>
  <file name="lists.ubuntu.com-archives-ubuntu-l10n-bel.mbox-2016-08-23-53c3a2b9-00000.warc.os.cdx.gz" source="derivative">
    <format>WARC CDX Index</format>
    <original>lists.ubuntu.com-archives-ubuntu-l10n-bel.mbox-2016-08-23-53c3a2b9-00000.warc.gz</original>
    <mtime>1495616317</mtime>
    <size>436</size>
    <md5>d8e46c05fa46ef2f7ab7cfc09e1296b3</md5>
    <crc32>d3047290</crc32>
    <sha1>c4d2b670f4092ca008ea95d86c5363d98a387cd2</sha1>
  </file>
  <file name="lists.ubuntu.com-archives-ubuntu-l10n-bel.mbox-2016-08-23-53c3a2b9-meta.warc.gz" source="original">
    <mtime>1495613898</mtime>
    <size>3106</size>
    <md5>5e9e21b53b2f1161843aabdd9ed95c52</md5>
    <crc32>ccf0c106</crc32>
    <sha1>813bce6cc9bae66fc66dfa44905dfc23e39e32d9</sha1>
    <format>Web ARChive GZ</format>
  </file>
  <file name="lists.ubuntu.com-archives-ubuntu-l10n-bel.mbox-2016-08-23-53c3a2b9-meta.warc.os.cdx.gz" source="derivative">
    <format>WARC CDX Index</format>
    <original>lists.ubuntu.com-archives-ubuntu-l10n-bel.mbox-2016-08-23-53c3a2b9-meta.warc.gz</original>
    <mtime>1495616320</mtime>
    <size>47</size>
    <md5>c2d7a9bb6eababf650d440f8ef36adb3</md5>
    <crc32>c7177d30</crc32>
    <sha1>2cd28d0a2f658aadfc193ccf05d8c2bd7522127f</sha1>
  </file>
  <file name="lists.ubuntu.com-archives-ubuntu-l10n-ben-2016-08-23-a7185fbe-00000.warc.gz" source="original">
    <mtime>1495613902</mtime>
    <size>46344</size>
    <md5>76357348a7c1a1742e5439ee67c7659b</md5>
    <crc32>e02a3e60</crc32>
    <sha1>29371f0e280b27439cf8c8041bb892ac3fe3c939</sha1>
    <format>Web ARChive GZ</format>
  </file>
  <file name="lists.ubuntu.com-archives-ubuntu-l10n-ben-2016-08-23-a7185fbe-00000.warc.os.cdx.gz" source="derivative">
    <format>WARC CDX Index</format>
    <original>lists.ubuntu.com-archives-ubuntu-l10n-ben-2016-08-23-a7185fbe-00000.warc.gz</original>
    <mtime>1495616324</mtime>
    <size>1197</size>
    <md5>313d4767e68699d7a5dd7da0a492bd65</md5>
    <crc32>7b30e615</crc32>
    <sha1>ad98958e2c789ac6b45c9f64ba72330a78629d70</sha1>
  </file>
  <file name="lists.ubuntu.com-archives-ubuntu-l10n-ben-2016-08-23-a7185fbe-meta.warc.gz" source="original">
    <mtime>1495613906</mtime>
    <size>3467</size>
    <md5>2ebb0b789ac5795a30e0b1bfd74d46f8</md5>
    <crc32>1b34c8fd</crc32>
    <sha1>4e8da9397ab384c77065568cb8b1b00a942712f2</sha1>
    <format>Web ARChive GZ</format>
  </file>
  <file name="lists.ubuntu.com-archives-ubuntu-l10n-ben-2016-08-23-a7185fbe-meta.warc.os.cdx.gz" source="derivative">
    <format>WARC CDX Index</format>
    <original>lists.ubuntu.com-archives-ubuntu-l10n-ben-2016-08-23-a7185fbe-meta.warc.gz</original>
    <mtime>1495616327</mtime>
    <size>47</size>
    <md5>cef505c59872b6145091a3e8dd6c7638</md5>
    <crc32>c91dbb90</crc32>
    <sha1>2f63a6ed8b25d3a566a3d24ff938f8faf0f9d6d1</sha1>
  </file>
  <file name="lists.ubuntu.com-archives-ubuntu-l10n-ben.mbox-2016-08-23-65685ff5-00000.warc.gz" source="original">
    <mtime>1495613911</mtime>
    <size>11811</size>
    <md5>e48172ff1f14b3ded776a6e697b61223</md5>
    <crc32>7d66df25</crc32>
    <sha1>662711679f8731aeece465279228a86a90a1c3c3</sha1>
    <format>Web ARChive GZ</format>
  </file>
  <file name="lists.ubuntu.com-archives-ubuntu-l10n-ben.mbox-2016-08-23-65685ff5-00000.warc.os.cdx.gz" source="derivative">
    <format>WARC CDX Index</format>
    <original>lists.ubuntu.com-archives-ubuntu-l10n-ben.mbox-2016-08-23-65685ff5-00000.warc.gz</original>
    <mtime>1495616330</mtime>
    <size>433</size>
    <md5>9bb70213f5ea28bacb0333639fa3c722</md5>
    <crc32>f0bdff95</crc32>
    <sha1>7fa19d2980c47576b9cac1fc56598a8852b06c5c</sha1>
  </file>
  <file name="lists.ubuntu.com-archives-ubuntu-l10n-ben.mbox-2016-08-23-65685ff5-meta.warc.gz" source="original">
    <mtime>1495613916</mtime>
    <size>3106</size>
    <md5>040c946d3ee92c731b38a300f51e8675</md5>
    <crc32>ae80317a</crc32>
    <sha1>36cd5b4f8fd154bc287603c6df688308b983ca72</sha1>
    <format>Web ARChive GZ</format>
  </file>
  <file name="lists.ubuntu.com-archives-ubuntu-l10n-ben.mbox-2016-08-23-65685ff5-meta.warc.os.cdx.gz" source="derivative">
    <format>WARC CDX Index</format>
    <original>lists.ubuntu.com-archives-ubuntu-l10n-ben.mbox-2016-08-23-65685ff5-meta.warc.gz</original>
    <mtime>1495616333</mtime>
    <size>47</size>
    <md5>0c2534dbfb37cc87aeb00bd69c9664a8</md5>
    <crc32>1236eb7d</crc32>
    <sha1>d8f84fa8addadf41b8622c307b00853f1d140838</sha1>
  </file>
  <file name="lists.ubuntu.com-archives-ubuntu-l10n-ca-2016-08-23-71263666-00000.warc.gz" source="original">
    <mtime>1495613924</mtime>
    <size>20701436</size>
    <md5>cd286cc693349086e6740f07dfbf9bb3</md5>
    <crc32>34f7d5ca</crc32>
    <sha1>e76fb33b2cc617bedb1d1680ac3beebb9594a887</sha1>
    <format>Web ARChive GZ</format>
  </file>
  <file name="lists.ubuntu.com-archives-ubuntu-l10n-ca-2016-08-23-71263666-00000.warc.os.cdx.gz" source="derivative">
    <format>WARC CDX Index</format>
    <original>lists.ubuntu.com-archives-ubuntu-l10n-ca-2016-08-23-71263666-00000.warc.gz</original>
    <mtime>1495616342</mtime>
    <size>182731</size>
    <md5>c5965b826d9e26e6d82c0677eb2ca5bc</md5>
    <crc32>5b262a7c</crc32>
    <sha1>0b6d17128467e0cea6e9c5f29748ad8d4ec014fd</sha1>
  </file>
  <file name="lists.ubuntu.com-archives-ubuntu-l10n-ca-2016-08-23-71263666-meta.warc.gz" source="original">
    <mtime>1495613928</mtime>
    <size>90236</size>
    <md5>144fa8a4249865f985a80349e36950f8</md5>
    <crc32>5f37554e</crc32>
    <sha1>2234b7b9ea704ea4c3868c3d7611766bd7dc4fff</sha1>
    <format>Web ARChive GZ</format>
  </file>
  <file name="lists.ubuntu.com-archives-ubuntu-l10n-ca-2016-08-23-71263666-meta.warc.os.cdx.gz" source="derivative">
    <format>WARC CDX Index</format>
    <original>lists.ubuntu.com-archives-ubuntu-l10n-ca-2016-08-23-71263666-meta.warc.gz</original>
    <mtime>1495616235</mtime>
    <size>47</size>
    <md5>39486ada4be2cac840326eeecee8d3e3</md5>
    <crc32>25c96f92</crc32>
    <sha1>d038990da67a81e25c740a2a4c9a1c36e8f9c984</sha1>
  </file>
  <file name="lists.ubuntu.com-archives-ubuntu-l10n-ca.mbox-2016-08-23-fa375252-00000.warc.gz" source="original">
    <mtime>1495613933</mtime>
    <size>12413703</size>
    <md5>63e6457ac58659d877da1f4daf20cea6</md5>
    <crc32>0faebf9c</crc32>
    <sha1>d0398864c8f8093fbc58c98b1982d0a65f84824c</sha1>
    <format>Web ARChive GZ</format>
  </file>
  <file name="lists.ubuntu.com-archives-ubuntu-l10n-ca.mbox-2016-08-23-fa375252-00000.warc.os.cdx.gz" source="derivative">
    <format>WARC CDX Index</format>
    <original>lists.ubuntu.com-archives-ubuntu-l10n-ca.mbox-2016-08-23-fa375252-00000.warc.gz</original>
    <mtime>1495616349</mtime>
    <size>448</size>
    <md5>5698324dbde5df97dfdecc280fe348d7</md5>
    <crc32>71d8f256</crc32>
    <sha1>1d8a5d5f911b9efce7fc6dfdfdb36309cdbc833e</sha1>
  </file>
  <file name="lists.ubuntu.com-archives-ubuntu-l10n-ca.mbox-2016-08-23-fa375252-meta.warc.gz" source="original">
    <mtime>1495613938</mtime>
    <size>3115</size>
    <md5>1c664caeaad1f59d056c48548314b93c</md5>
    <crc32>a70f29fd</crc32>
    <sha1>904d5261353946c708afa9cba7927281f8d90145</sha1>
    <format>Web ARChive GZ</format>
  </file>
  <file name="lists.ubuntu.com-archives-ubuntu-l10n-ca.mbox-2016-08-23-fa375252-meta.warc.os.cdx.gz" source="derivative">
    <format>WARC CDX Index</format>
    <original>lists.ubuntu.com-archives-ubuntu-l10n-ca.mbox-2016-08-23-fa375252-meta.warc.gz</original>
    <mtime>1495616442</mtime>
    <size>47</size>
    <md5>cde7813979e3bca374732b25ac4de937</md5>
    <crc32>ac0c85aa</crc32>
    <sha1>fa4d77d3c150c5e3f6caed5acc2c55ce2171a175</sha1>
  </file>
  <file name="lists.ubuntu.com-archives-ubuntu-l10n-eng-2016-08-23-94fc06ed-00000.warc.gz" source="original">
    <mtime>1495613945</mtime>
    <size>4476758</size>
    <md5>7182691ea4a9de47ece2e0064a030ac6</md5>
    <crc32>636a5925</crc32>
    <sha1>a56ff9811463a18ffcab0f6877bbb9ac116e6afe</sha1>
    <format>Web ARChive GZ</format>
  </file>
  <file name="lists.ubuntu.com-archives-ubuntu-l10n-eng-2016-08-23-94fc06ed-00000.warc.os.cdx.gz" source="derivative">
    <format>WARC CDX Index</format>
    <original>lists.ubuntu.com-archives-ubuntu-l10n-eng-2016-08-23-94fc06ed-00000.warc.gz</original>
    <mtime>1495616447</mtime>
    <size>77187</size>
    <md5>bff36022fd5a07bd671cff20f02104ad</md5>
    <crc32>f30c2a1e</crc32>
    <sha1>5850ed8a502768a5c87cf4946fa64376e6a53c4b</sha1>
  </file>
  <file name="lists.ubuntu.com-archives-ubuntu-l10n-eng-2016-08-23-94fc06ed-meta.warc.gz" source="original">
    <mtime>1495613950</mtime>
    <size>38841</size>
    <md5>18d131228dee58824f22a4792f791f14</md5>
    <crc32>20fc21f3</crc32>
    <sha1>3734e8a0ee703c663683cb614404a4894639254c</sha1>
    <format>Web ARChive GZ</format>
  </file>
  <file name="lists.ubuntu.com-archives-ubuntu-l10n-eng-2016-08-23-94fc06ed-meta.warc.os.cdx.gz" source="derivative">
    <format>WARC CDX Index</format>
    <original>lists.ubuntu.com-archives-ubuntu-l10n-eng-2016-08-23-94fc06ed-meta.warc.gz</original>
    <mtime>1495616358</mtime>
    <size>47</size>
    <md5>1386a504db68c44e7d8e1b556bb8b954</md5>
    <crc32>014dbf46</crc32>
    <sha1>5de09e1678b01c90fe0243e2b7e5ca2eecca88a9</sha1>
  </file>
  <file name="lists.ubuntu.com-archives-ubuntu-l10n-eng.mbox-2016-08-23-b4cce95f-00000.warc.gz" source="original">
    <mtime>1495613955</mtime>
    <size>769901</size>
    <md5>9b2317221e1ee3c48668225c6812a679</md5>
    <crc32>9e5b1390</crc32>
    <sha1>e9b1858b5599541596b993e31df4a6be57c03c41</sha1>
    <format>Web ARChive GZ</format>
  </file>
  <file name="lists.ubuntu.com-archives-ubuntu-l10n-eng.mbox-2016-08-23-b4cce95f-00000.warc.os.cdx.gz" source="derivative">
    <format>WARC CDX Index</format>
    <original>lists.ubuntu.com-archives-ubuntu-l10n-eng.mbox-2016-08-23-b4cce95f-00000.warc.gz</original>
    <mtime>1495616361</mtime>
    <size>444</size>
    <md5>bd6cdcfc1825d910d3c91289fceed7be</md5>
    <crc32>256ef30f</crc32>
    <sha1>4f99a539b1ce40dda1a44ec90bb516652a77c696</sha1>
  </file>
  <file name="lists.ubuntu.com-archives-ubuntu-l10n-eng.mbox-2016-08-23-b4cce95f-meta.warc.gz" source="original">
    <mtime>1495613960</mtime>
    <size>3113</size>
    <md5>8ad54677b07b39837c5ac42f4fcefcc8</md5>
    <crc32>4b7bd3f9</crc32>
    <sha1>407f55d354e94d2aae2e37a81431258a62246e0d</sha1>
    <format>Web ARChive GZ</format>
  </file>
  <file name="lists.ubuntu.com-archives-ubuntu-l10n-eng.mbox-2016-08-23-b4cce95f-meta.warc.os.cdx.gz" source="derivative">
    <format>WARC CDX Index</format>
    <original>lists.ubuntu.com-archives-ubuntu-l10n-eng.mbox-2016-08-23-b4cce95f-meta.warc.gz</original>
    <mtime>1495616364</mtime>
    <size>47</size>
    <md5>90d90781facaa860f6ffa2305497c08b</md5>
    <crc32>da66efab</crc32>
    <sha1>a4b74e80eff469d3d19d8d2a84024ceac3d2d82c</sha1>
  </file>
  <file name="lists.ubuntu.com-archives-ubuntu-l10n-est-2016-08-23-b346bdaf-00000.warc.gz" source="original">
    <mtime>1495613964</mtime>
    <size>3809</size>
    <md5>5c295a8b3c993abf82745d15b3997f9f</md5>
    <crc32>bc52cfa0</crc32>
    <sha1>f152850c25b6c9c0d8d30a806c9bb8573c6c1b06</sha1>
    <format>Web ARChive GZ</format>
  </file>
  <file name="lists.ubuntu.com-archives-ubuntu-l10n-est-2016-08-23-b346bdaf-00000.warc.os.cdx.gz" source="derivative">
    <format>WARC CDX Index</format>
    <original>lists.ubuntu.com-archives-ubuntu-l10n-est-2016-08-23-b346bdaf-00000.warc.gz</original>
    <mtime>1495616367</mtime>
    <size>223</size>
    <md5>bb8a4d7be6722977b943494725851e02</md5>
    <crc32>4422d1c7</crc32>
    <sha1>e4c1807a8434263f6a21c76cb65cc5561d817544</sha1>
  </file>
  <file name="lists.ubuntu.com-archives-ubuntu-l10n-est-2016-08-23-b346bdaf-meta.warc.gz" source="original">
    <mtime>1495613968</mtime>
    <size>2933</size>
    <md5>738351a1b9614e92f359b09b79a6d17b</md5>
    <crc32>53285e31</crc32>
    <sha1>9dfcd72b1d5e2fc55e5cdf87d0e74b4209af25f7</sha1>
    <format>Web ARChive GZ</format>
  </file>
  <file name="lists.ubuntu.com-archives-ubuntu-l10n-est-2016-08-23-b346bdaf-meta.warc.os.cdx.gz" source="derivative">
    <format>WARC CDX Index</format>
    <original>lists.ubuntu.com-archives-ubuntu-l10n-est-2016-08-23-b346bdaf-meta.warc.gz</original>
    <mtime>1495616370</mtime>
    <size>47</size>
    <md5>14d2cb3d325262816b19f8004349bbd7</md5>
    <crc32>6c6a18dd</crc32>
    <sha1>6118def977d8f6e81ff662e76b074f6bd4583307</sha1>
  </file>
  <file name="lists.ubuntu.com-archives-ubuntu-l10n-est.mbox-2016-08-23-591ca524-00000.warc.gz" source="original">
    <mtime>1495613972</mtime>
    <size>6447</size>
    <md5>68f311cc58585edde61fc07490b00f64</md5>
    <crc32>fbe84fce</crc32>
    <sha1>f5dfc94949651e4ad916435565496689bc725ab2</sha1>
    <format>Web ARChive GZ</format>
  </file>
  <file name="lists.ubuntu.com-archives-ubuntu-l10n-est.mbox-2016-08-23-591ca524-00000.warc.os.cdx.gz" source="derivative">
    <format>WARC CDX Index</format>
    <original>lists.ubuntu.com-archives-ubuntu-l10n-est.mbox-2016-08-23-591ca524-00000.warc.gz</original>
    <mtime>1495616374</mtime>
    <size>338</size>
    <md5>c5e88720a5707e9800c446cbf3a0c60a</md5>
    <crc32>c40cf535</crc32>
    <sha1>dd5f9dfbcc88d989c72c018bed3e0a727554d837</sha1>
  </file>
  <file name="lists.ubuntu.com-archives-ubuntu-l10n-est.mbox-2016-08-23-591ca524-meta.warc.gz" source="original">
    <mtime>1495613977</mtime>
    <size>3046</size>
    <md5>183441f95ca7cf27dde413d6de28e240</md5>
    <crc32>19301347</crc32>
    <sha1>21c2e0b0e8ed45ab81c466ecc7a370edc5d5a5fe</sha1>
    <format>Web ARChive GZ</format>
  </file>
  <file name="lists.ubuntu.com-archives-ubuntu-l10n-est.mbox-2016-08-23-591ca524-meta.warc.os.cdx.gz" source="derivative">
    <format>WARC CDX Index</format>
    <original>lists.ubuntu.com-archives-ubuntu-l10n-est.mbox-2016-08-23-591ca524-meta.warc.gz</original>
    <mtime>1495616377</mtime>
    <size>47</size>
    <md5>122ba7df17933082b733523dfee477ce</md5>
    <crc32>f052becb</crc32>
    <sha1>9d2fe7e655cfb4bc2557b372d7a7e405a18f2797</sha1>
  </file>
  <file name="lists.ubuntu.com-archives-ubuntu-l10n-eus-2016-08-23-9a452b42-00000.warc.gz" source="original">
    <mtime>1495613981</mtime>
    <size>357986</size>
    <md5>765ef6e627d6997a92a1db3225709d6f</md5>
    <crc32>c393d3ea</crc32>
    <sha1>03f5457a5a3176f08a9d118e8aa98e4c6ba07797</sha1>
    <format>Web ARChive GZ</format>
  </file>
  <file name="lists.ubuntu.com-archives-ubuntu-l10n-eus-2016-08-23-9a452b42-00000.warc.os.cdx.gz" source="derivative">
    <format>WARC CDX Index</format>
    <original>lists.ubuntu.com-archives-ubuntu-l10n-eus-2016-08-23-9a452b42-00000.warc.gz</original>
    <mtime>1495616380</mtime>
    <size>6909</size>
    <md5>973c1e7c5506f0130b4e44032f50c180</md5>
    <crc32>df542276</crc32>
    <sha1>3dd9c1ddb74dddc0fb72195e19ebdc615cf6ae53</sha1>
  </file>
  <file name="lists.ubuntu.com-archives-ubuntu-l10n-eus-2016-08-23-9a452b42-meta.warc.gz" source="original">
    <mtime>1495613985</mtime>
    <size>6151</size>
    <md5>f7d6354ea709b6de0e18ef5c718d1a90</md5>
    <crc32>f4a8dd4d</crc32>
    <sha1>be1e8a870627c335ac56c591964a48ac48ac596a</sha1>
    <format>Web ARChive GZ</format>
  </file>
  <file name="lists.ubuntu.com-archives-ubuntu-l10n-eus-2016-08-23-9a452b42-meta.warc.os.cdx.gz" source="derivative">
    <format>WARC CDX Index</format>
    <original>lists.ubuntu.com-archives-ubuntu-l10n-eus-2016-08-23-9a452b42-meta.warc.gz</original>
    <mtime>1495616383</mtime>
    <size>47</size>
    <md5>9b150cfb6503b30135dddd0ee2bd017f</md5>
    <crc32>b94b8e90</crc32>
    <sha1>8a4cb0da4ba548c36bbc499aa9b12775f1c80e16</sha1>
  </file>
  <file name="lists.ubuntu.com-archives-ubuntu-l10n-eus.mbox-2016-08-23-6e3b37dc-00000.warc.gz" source="original">
    <mtime>1495613989</mtime>
    <size>85493</size>
    <md5>e2c8dbe11ff2a1ca1691dbc4fd620c72</md5>
    <crc32>4303a53b</crc32>
    <sha1>a13fd78089f981462d1e91d77d04205ffc9617db</sha1>
    <format>Web ARChive GZ</format>
  </file>
  <file name="lists.ubuntu.com-archives-ubuntu-l10n-eus.mbox-2016-08-23-6e3b37dc-00000.warc.os.cdx.gz" source="derivative">
    <format>WARC CDX Index</format>
    <original>lists.ubuntu.com-archives-ubuntu-l10n-eus.mbox-2016-08-23-6e3b37dc-00000.warc.gz</original>
    <mtime>1495616386</mtime>
    <size>438</size>
    <md5>af074bbdf721ae79177a881231ddbc7c</md5>
    <crc32>c6413e57</crc32>
    <sha1>8547cbfd616fd59c75568035fc4c91d6c5ad13c6</sha1>
  </file>
  <file name="lists.ubuntu.com-archives-ubuntu-l10n-eus.mbox-2016-08-23-6e3b37dc-meta.warc.gz" source="original">
    <mtime>1495613993</mtime>
    <size>3110</size>
    <md5>a60e62ccf7bec80f9b2e7199b97b055e</md5>
    <crc32>2aac7487</crc32>
    <sha1>dca94539bf027c1dd3fd51a31c1e6bf855a5ffea</sha1>
    <format>Web ARChive GZ</format>
  </file>
  <file name="lists.ubuntu.com-archives-ubuntu-l10n-eus.mbox-2016-08-23-6e3b37dc-meta.warc.os.cdx.gz" source="derivative">
    <format>WARC CDX Index</format>
    <original>lists.ubuntu.com-archives-ubuntu-l10n-eus.mbox-2016-08-23-6e3b37dc-meta.warc.gz</original>
    <mtime>1495616389</mtime>
    <size>47</size>
    <md5>2953021df22615efdd7c637c63d27a0c</md5>
    <crc32>d250760a</crc32>
    <sha1>42703efdee9593b1b2d5a590fd996064ad5c479c</sha1>
  </file>
  <file name="lists.ubuntu.com-archives-ubuntu-l10n-fas-2016-08-23-e2ff5117-00000.warc.gz" source="original">
    <mtime>1495613998</mtime>
    <size>501538</size>
    <md5>fcdc4e262230904703ffa44fac9cae7d</md5>
    <crc32>f11b146e</crc32>
    <sha1>f9e997e15283260e69152bacafb5c966633b9e3a</sha1>
    <format>Web ARChive GZ</format>
  </file>
  <file name="lists.ubuntu.com-archives-ubuntu-l10n-fas-2016-08-23-e2ff5117-00000.warc.os.cdx.gz" source="derivative">
    <format>WARC CDX Index</format>
    <original>lists.ubuntu.com-archives-ubuntu-l10n-fas-2016-08-23-e2ff5117-00000.warc.gz</original>
    <mtime>1495616392</mtime>
    <size>7990</size>
    <md5>51a5b3ccc4f1cb227cae48131eaac9ab</md5>
    <crc32>0d1373f2</crc32>
    <sha1>4ceb2d212b12a7ad7b913b3dfea816314a545290</sha1>
  </file>
  <file name="lists.ubuntu.com-archives-ubuntu-l10n-fas-2016-08-23-e2ff5117-meta.warc.gz" source="original">
    <mtime>1495614003</mtime>
    <size>6740</size>
    <md5>ec3783d2dad7873dbaaa6fab0bce3346</md5>
    <crc32>d76fb3ea</crc32>
    <sha1>1961ca7965376a45e39961409e13342dd3878e72</sha1>
    <format>Web ARChive GZ</format>
  </file>
  <file name="lists.ubuntu.com-archives-ubuntu-l10n-fas-2016-08-23-e2ff5117-meta.warc.os.cdx.gz" source="derivative">
    <format>WARC CDX Index</format>
    <original>lists.ubuntu.com-archives-ubuntu-l10n-fas-2016-08-23-e2ff5117-meta.warc.gz</original>
    <mtime>1495616352</mtime>
    <size>47</size>
    <md5>25c1b19b1fc52a08a3c3dd2d36cd0eb7</md5>
    <crc32>48548f1d</crc32>
    <sha1>f5349b8122aa8e6f2103e0db6a5885bb8c2ce265</sha1>
  </file>
  <file name="lists.ubuntu.com-archives-ubuntu-l10n-fas.mbox-2016-08-23-cf182cff-00000.warc.gz" source="original">
    <mtime>1495614008</mtime>
    <size>129495</size>
    <md5>e492f6e98ad14e521d783b52d20cdb9d</md5>
    <crc32>58c716c6</crc32>
    <sha1>fed396f7c9470230ba4af329c0a47de85d6f984e</sha1>
    <format>Web ARChive GZ</format>
  </file>
  <file name="lists.ubuntu.com-archives-ubuntu-l10n-fas.mbox-2016-08-23-cf182cff-00000.warc.os.cdx.gz" source="derivative">
    <format>WARC CDX Index</format>
    <original>lists.ubuntu.com-archives-ubuntu-l10n-fas.mbox-2016-08-23-cf182cff-00000.warc.gz</original>
    <mtime>1495616398</mtime>
    <size>445</size>
    <md5>214867b17bf70d105fb65760a88d4e01</md5>
    <crc32>aad9f74f</crc32>
    <sha1>812e730700338fa7972836e7d2a3521b15836b0e</sha1>
  </file>
  <file name="lists.ubuntu.com-archives-ubuntu-l10n-fas.mbox-2016-08-23-cf182cff-meta.warc.gz" source="original">
    <mtime>1495614013</mtime>
    <size>3110</size>
    <md5>a7aa7e566ea20c031753437bcb238e03</md5>
    <crc32>72c2cef3</crc32>
    <sha1>035d48c3f92767142dec333425ada2ee5f9fa36f</sha1>
    <format>Web ARChive GZ</format>
  </file>
  <file name="lists.ubuntu.com-archives-ubuntu-l10n-fas.mbox-2016-08-23-cf182cff-meta.warc.os.cdx.gz" source="derivative">
    <format>WARC CDX Index</format>
    <original>lists.ubuntu.com-archives-ubuntu-l10n-fas.mbox-2016-08-23-cf182cff-meta.warc.gz</original>
    <mtime>1495616402</mtime>
    <size>47</size>
    <md5>13653071328e9d7b872b0bc9be9cf952</md5>
    <crc32>7643ca9c</crc32>
    <sha1>a88fbd7451f66fa61f8ad3bcda7e5369ee7993c8</sha1>
  </file>
  <file name="lists.ubuntu.com-archives-ubuntu-l10n-fin-2016-08-23-168379c7-00000.warc.gz" source="original">
    <mtime>1495614018</mtime>
    <size>1209901</size>
    <md5>e5e8dff6b1d73d4e0337360f25ddc852</md5>
    <crc32>8f943cbc</crc32>
    <sha1>6519cafe6ecf783fb981afc7ceb4f7b78e3239f3</sha1>
    <format>Web ARChive GZ</format>
  </file>
  <file name="lists.ubuntu.com-archives-ubuntu-l10n-fin-2016-08-23-168379c7-00000.warc.os.cdx.gz" source="derivative">
    <format>WARC CDX Index</format>
    <original>lists.ubuntu.com-archives-ubuntu-l10n-fin-2016-08-23-168379c7-00000.warc.gz</original>
    <mtime>1495616405</mtime>
    <size>20311</size>
    <md5>36a20dfa77fe6473b603ec61baae94d2</md5>
    <crc32>3f945f15</crc32>
    <sha1>2ef867c1e6b45b8b0eb40b6fc216d1c94c006fd5</sha1>
  </file>
  <file name="lists.ubuntu.com-archives-ubuntu-l10n-fin-2016-08-23-168379c7-meta.warc.gz" source="original">
    <mtime>1495614025</mtime>
    <size>12771</size>
    <md5>7581b4d7516c5fd244c4cb457220eec1</md5>
    <crc32>6ffa77b4</crc32>
    <sha1>a4f16d90ff8ca2b41fdfcdf2921f30345f394e9c</sha1>
    <format>Web ARChive GZ</format>
  </file>
  <file name="lists.ubuntu.com-archives-ubuntu-l10n-fin-2016-08-23-168379c7-meta.warc.os.cdx.gz" source="derivative">
    <format>WARC CDX Index</format>
    <original>lists.ubuntu.com-archives-ubuntu-l10n-fin-2016-08-23-168379c7-meta.warc.gz</original>
    <mtime>1495616411</mtime>
    <size>47</size>
    <md5>1305398acf135a108bacfc3d318d155b</md5>
    <crc32>645c817c</crc32>
    <sha1>62a94bef86e2de72bfa8ccb0ee228d07a97c25a9</sha1>
  </file>
  <file name="lists.ubuntu.com-archives-ubuntu-l10n-fin.mbox-2016-08-23-effeb3f9-00000.warc.gz" source="original">
    <mtime>1495614030</mtime>
    <size>245688</size>
    <md5>3b5b0a1c35d359adb041e65ba8db5bd2</md5>
    <crc32>f993453b</crc32>
    <sha1>b0187f105f2d5aa00ccf946f3c31eb24166781d2</sha1>
    <format>Web ARChive GZ</format>
  </file>
  <file name="lists.ubuntu.com-archives-ubuntu-l10n-fin.mbox-2016-08-23-effeb3f9-00000.warc.os.cdx.gz" source="derivative">
    <format>WARC CDX Index</format>
    <original>lists.ubuntu.com-archives-ubuntu-l10n-fin.mbox-2016-08-23-effeb3f9-00000.warc.gz</original>
    <mtime>1495616414</mtime>
    <size>437</size>
    <md5>21e8db0783d7493e0126cae1ff52dad1</md5>
    <crc32>a5cd8290</crc32>
    <sha1>787e80f71466c6148f3fe7f4543a5a225c34bcdc</sha1>
  </file>
  <file name="lists.ubuntu.com-archives-ubuntu-l10n-fin.mbox-2016-08-23-effeb3f9-meta.warc.gz" source="original">
    <mtime>1495614034</mtime>
    <size>3104</size>
    <md5>b99ffde13e1b232d576893ab63bc0f29</md5>
    <crc32>acf155bb</crc32>
    <sha1>977291e7e1fb5d327ffb7923bd0e0a51525f85e7</sha1>
    <format>Web ARChive GZ</format>
  </file>
  <file name="lists.ubuntu.com-archives-ubuntu-l10n-fin.mbox-2016-08-23-effeb3f9-meta.warc.os.cdx.gz" source="derivative">
    <format>WARC CDX Index</format>
    <original>lists.ubuntu.com-archives-ubuntu-l10n-fin.mbox-2016-08-23-effeb3f9-meta.warc.gz</original>
    <mtime>1495616417</mtime>
    <size>47</size>
    <md5>bdd6b444dd1b83c92501edcd7647f9a5</md5>
    <crc32>9a2d598a</crc32>
    <sha1>2d052bdc326696cbdccfd0a5adfd81c2aedf55fd</sha1>
  </file>
  <file name="lists.ubuntu.com-archives-ubuntu-l10n-gl-2016-08-23-fb32f665-00000.warc.gz" source="original">
    <mtime>1495614040</mtime>
    <size>16755627</size>
    <md5>81972cbc4db8e49592001e288fe13503</md5>
    <crc32>e9b6fbae</crc32>
    <sha1>c35618ae71b0c44637e6dedf06393542fdce0906</sha1>
    <format>Web ARChive GZ</format>
  </file>
  <file name="lists.ubuntu.com-archives-ubuntu-l10n-gl-2016-08-23-fb32f665-00000.warc.os.cdx.gz" source="derivative">
    <format>WARC CDX Index</format>
    <original>lists.ubuntu.com-archives-ubuntu-l10n-gl-2016-08-23-fb32f665-00000.warc.gz</original>
    <mtime>1495616423</mtime>
    <size>122437</size>
    <md5>2b5e55d909193e6a5ec8209b2f9e1d62</md5>
    <crc32>9cd31763</crc32>
    <sha1>a8d2c0617f8727acfcf3d2343430f5df012779b1</sha1>
  </file>
  <file name="lists.ubuntu.com-archives-ubuntu-l10n-gl-2016-08-23-fb32f665-meta.warc.gz" source="original">
    <mtime>1495614045</mtime>
    <size>58307</size>
    <md5>a6fd094191b20fe7deca573279002818</md5>
    <crc32>c5299881</crc32>
    <sha1>050ec69f4566f5e19cb5af41ba60ae4ad4676e4c</sha1>
    <format>Web ARChive GZ</format>
  </file>
  <file name="lists.ubuntu.com-archives-ubuntu-l10n-gl-2016-08-23-fb32f665-meta.warc.os.cdx.gz" source="derivative">
    <format>WARC CDX Index</format>
    <original>lists.ubuntu.com-archives-ubuntu-l10n-gl-2016-08-23-fb32f665-meta.warc.gz</original>
    <mtime>1495616426</mtime>
    <size>47</size>
    <md5>f4d405e33646b84b40c0463433df3fea</md5>
    <crc32>0615ff9c</crc32>
    <sha1>46b00c93af54cbd5617bcabf188931170dd6509f</sha1>
  </file>
  <file name="lists.ubuntu.com-archives-ubuntu-l10n-gl.mbox-2016-08-23-0da813c4-00000.warc.gz" source="original">
    <mtime>1495614051</mtime>
    <size>9659468</size>
    <md5>414760bb125ec57d4842230f7ec359ac</md5>
    <crc32>802c4aac</crc32>
    <sha1>75a1c0b9271cdb148928c386be8e24e657c6c61d</sha1>
    <format>Web ARChive GZ</format>
  </file>
  <file name="lists.ubuntu.com-archives-ubuntu-l10n-gl.mbox-2016-08-23-0da813c4-00000.warc.os.cdx.gz" source="derivative">
    <format>WARC CDX Index</format>
    <original>lists.ubuntu.com-archives-ubuntu-l10n-gl.mbox-2016-08-23-0da813c4-00000.warc.gz</original>
    <mtime>1495616430</mtime>
    <size>439</size>
    <md5>ba24528edb910d8908b9e9685bb03e4d</md5>
    <crc32>8bee2bae</crc32>
    <sha1>7556a06faeced64894c07ad6de7447173d4b2e1e</sha1>
  </file>
  <file name="lists.ubuntu.com-archives-ubuntu-l10n-gl.mbox-2016-08-23-0da813c4-meta.warc.gz" source="original">
    <mtime>1495614056</mtime>
    <size>3112</size>
    <md5>3a64e751f296d01ccf1ba219ebde29bd</md5>
    <crc32>969f1d7c</crc32>
    <sha1>db7e6322c18651ba243954e4ba3e267c9710a263</sha1>
    <format>Web ARChive GZ</format>
  </file>
  <file name="lists.ubuntu.com-archives-ubuntu-l10n-gl.mbox-2016-08-23-0da813c4-meta.warc.os.cdx.gz" source="derivative">
    <format>WARC CDX Index</format>
    <original>lists.ubuntu.com-archives-ubuntu-l10n-gl.mbox-2016-08-23-0da813c4-meta.warc.gz</original>
    <mtime>1495616433</mtime>
    <size>47</size>
    <md5>749d79cf74ccfcb9066771951f23b927</md5>
    <crc32>303423bc</crc32>
    <sha1>85af4d5d82462af347b7e4126ed3ab67806fc60b</sha1>
  </file>
  <file name="lists.ubuntu.com-archives-ubuntu-l10n-guc-2016-08-23-2ef0a985-00000.warc.gz" source="original">
    <mtime>1495614060</mtime>
    <size>34672</size>
    <md5>587b731e9669e67365f6b36b9d4e0fcc</md5>
    <crc32>91389f52</crc32>
    <sha1>736f2c352e39f0a63fbe09b40bf6ff72e8df0e15</sha1>
    <format>Web ARChive GZ</format>
  </file>
  <file name="lists.ubuntu.com-archives-ubuntu-l10n-guc-2016-08-23-2ef0a985-00000.warc.os.cdx.gz" source="derivative">
    <format>WARC CDX Index</format>
    <original>lists.ubuntu.com-archives-ubuntu-l10n-guc-2016-08-23-2ef0a985-00000.warc.gz</original>
    <mtime>1495616436</mtime>
    <size>916</size>
    <md5>9740f6ec6112ca0e3d66eb43813aa78a</md5>
    <crc32>9e16d69c</crc32>
    <sha1>2f7affeddb8535fe72602f5c83f5643f23c8d17b</sha1>
  </file>
  <file name="lists.ubuntu.com-archives-ubuntu-l10n-guc-2016-08-23-2ef0a985-meta.warc.gz" source="original">
    <mtime>1495614066</mtime>
    <size>3317</size>
    <md5>08ae59d084d19abb4a05de9877da9858</md5>
    <crc32>e179850e</crc32>
    <sha1>909ec0c5dbc4bd21249a0dfe70c5f1cafe72b0f4</sha1>
    <format>Web ARChive GZ</format>
  </file>
  <file name="lists.ubuntu.com-archives-ubuntu-l10n-guc-2016-08-23-2ef0a985-meta.warc.os.cdx.gz" source="derivative">
    <format>WARC CDX Index</format>
    <original>lists.ubuntu.com-archives-ubuntu-l10n-guc-2016-08-23-2ef0a985-meta.warc.gz</original>
    <mtime>1495616439</mtime>
    <size>47</size>
    <md5>a845829b8137a9dbc079cb4bf4776cd6</md5>
    <crc32>792d13e7</crc32>
    <sha1>eec6e2898aaf934014de950d7beeb64212173ec4</sha1>
  </file>
  <file name="lists.ubuntu.com-archives-ubuntu-l10n-guc.mbox-2016-08-23-84d537b7-00000.warc.gz" source="original">
    <mtime>1495614070</mtime>
    <size>12898</size>
    <md5>41661170a86e3d58ae6aef314f5497a5</md5>
    <crc32>174e1022</crc32>
    <sha1>24baa40f1ca522524f73cf103e618e884b87d7b4</sha1>
    <format>Web ARChive GZ</format>
  </file>
  <file name="lists.ubuntu.com-archives-ubuntu-l10n-guc.mbox-2016-08-23-84d537b7-00000.warc.os.cdx.gz" source="derivative">
    <format>WARC CDX Index</format>
    <original>lists.ubuntu.com-archives-ubuntu-l10n-guc.mbox-2016-08-23-84d537b7-00000.warc.gz</original>
    <mtime>1495616355</mtime>
    <size>435</size>
    <md5>3183ec90c789636aa6aa269ef08a5564</md5>
    <crc32>3e3a565d</crc32>
    <sha1>e1be32cb787806570f5ccce34fc42fb7f1f95469</sha1>
  </file>
  <file name="lists.ubuntu.com-archives-ubuntu-l10n-guc.mbox-2016-08-23-84d537b7-meta.warc.gz" source="original">
    <mtime>1495614074</mtime>
    <size>3096</size>
    <md5>186ec29e668ee21bc84ae7a9a8ac0b3a</md5>
    <crc32>1d33a887</crc32>
    <sha1>9f2e3065d9994475869ad96755f774b2caf00172</sha1>
    <format>Web ARChive GZ</format>
  </file>
  <file name="lists.ubuntu.com-archives-ubuntu-l10n-guc.mbox-2016-08-23-84d537b7-meta.warc.os.cdx.gz" source="derivative">
    <format>WARC CDX Index</format>
    <original>lists.ubuntu.com-archives-ubuntu-l10n-guc.mbox-2016-08-23-84d537b7-meta.warc.gz</original>
    <mtime>1495616395</mtime>
    <size>47</size>
    <md5>890cba3dc51e9eabd23043c42ecad17e</md5>
    <crc32>ce45fb4a</crc32>
    <sha1>9ff2b6df15c263d6c42df3c721782389fc2ea54b</sha1>
  </file>
  <file name="lists.ubuntu.com-archives-ubuntu-l10n-he-2016-08-23-e2a976bb-00000.warc.gz" source="original">
    <mtime>1495614079</mtime>
    <size>17680</size>
    <md5>fbe7c5c557c2ddccbf5b19bdec50ab54</md5>
    <crc32>97636eb0</crc32>
    <sha1>541ba4b767420e8f1c6db37eb6608dd4465f400c</sha1>
    <format>Web ARChive GZ</format>
  </file>
  <file name="lists.ubuntu.com-archives-ubuntu-l10n-he-2016-08-23-e2a976bb-00000.warc.os.cdx.gz" source="derivative">
    <format>WARC CDX Index</format>
    <original>lists.ubuntu.com-archives-ubuntu-l10n-he-2016-08-23-e2a976bb-00000.warc.gz</original>
    <mtime>1495616499</mtime>
    <size>558</size>
    <md5>55d2d27735b5cc29dca2fec84a9419a4</md5>
    <crc32>4c3fd806</crc32>
    <sha1>763168ec2999a9118de73fedcff5c8ff6e7d6756</sha1>
  </file>
  <file name="lists.ubuntu.com-archives-ubuntu-l10n-he-2016-08-23-e2a976bb-meta.warc.gz" source="original">
    <mtime>1495614085</mtime>
    <size>3128</size>
    <md5>26fe3d2e727fc9aae5fac89004d3b909</md5>
    <crc32>29fd4a5f</crc32>
    <sha1>dc8784e29ae9f8acdf65289228f920c1ea4b1d4d</sha1>
    <format>Web ARChive GZ</format>
  </file>
  <file name="lists.ubuntu.com-archives-ubuntu-l10n-he-2016-08-23-e2a976bb-meta.warc.os.cdx.gz" source="derivative">
    <format>WARC CDX Index</format>
    <original>lists.ubuntu.com-archives-ubuntu-l10n-he-2016-08-23-e2a976bb-meta.warc.gz</original>
    <mtime>1495616462</mtime>
    <size>47</size>
    <md5>f2dfe66d64b7c5631c3a24cab6471c33</md5>
    <crc32>8b9e3207</crc32>
    <sha1>0b297656fd5ec02f0faadabd530397c9e63bd61c</sha1>
  </file>
  <file name="lists.ubuntu.com-archives-ubuntu-l10n-he.mbox-2016-08-23-eec7986c-00000.warc.gz" source="original">
    <mtime>1495614090</mtime>
    <size>10425</size>
    <md5>25be2cc239c268eee23ede63af5880a2</md5>
    <crc32>ba5f3f38</crc32>
    <sha1>1efc3bd72ad2b5291e301391bc6df97b30227a1a</sha1>
    <format>Web ARChive GZ</format>
  </file>
  <file name="lists.ubuntu.com-archives-ubuntu-l10n-he.mbox-2016-08-23-eec7986c-00000.warc.os.cdx.gz" source="derivative">
    <format>WARC CDX Index</format>
    <original>lists.ubuntu.com-archives-ubuntu-l10n-he.mbox-2016-08-23-eec7986c-00000.warc.gz</original>
    <mtime>1495616465</mtime>
    <size>433</size>
    <md5>dfd5a29d40fa571522ba8a38b3a53fc4</md5>
    <crc32>f761b8cf</crc32>
    <sha1>d8dc9fc0fb3eb0c2406e53f999e6781ca64e31a5</sha1>
  </file>
  <file name="lists.ubuntu.com-archives-ubuntu-l10n-he.mbox-2016-08-23-eec7986c-meta.warc.gz" source="original">
    <mtime>1495614094</mtime>
    <size>3103</size>
    <md5>a8fdabc1c49c40ddbc1998e72f7fbae4</md5>
    <crc32>9c7ea350</crc32>
    <sha1>560081cb6e5dda616c99ac06f44111379f3458e5</sha1>
    <format>Web ARChive GZ</format>
  </file>
  <file name="lists.ubuntu.com-archives-ubuntu-l10n-he.mbox-2016-08-23-eec7986c-meta.warc.os.cdx.gz" source="derivative">
    <format>WARC CDX Index</format>
    <original>lists.ubuntu.com-archives-ubuntu-l10n-he.mbox-2016-08-23-eec7986c-meta.warc.gz</original>
    <mtime>1495616468</mtime>
    <size>47</size>
    <md5>87f4a622b6b2c54fd3fe74fc785a29e7</md5>
    <crc32>faac18dc</crc32>
    <sha1>b4b09cb2c3751410dd9ed768725e8fbb295a65b9</sha1>
  </file>
  <file name="lists.ubuntu.com-archives-ubuntu-l10n-hu-2016-08-23-917e1f6a-00000.warc.gz" source="original">
    <mtime>1495614102</mtime>
    <size>7777413</size>
    <md5>33f8d0640227dd3f3f67fa0bba1d3315</md5>
    <crc32>d82d6b66</crc32>
    <sha1>275ddaad98be7dde275575198b274227b26fa777</sha1>
    <format>Web ARChive GZ</format>
  </file>
  <file name="lists.ubuntu.com-archives-ubuntu-l10n-hu-2016-08-23-917e1f6a-00000.warc.os.cdx.gz" source="derivative">
    <format>WARC CDX Index</format>
    <original>lists.ubuntu.com-archives-ubuntu-l10n-hu-2016-08-23-917e1f6a-00000.warc.gz</original>
    <mtime>1495616474</mtime>
    <size>90302</size>
    <md5>d7ef89862f9ca808fad42e83875ab0c2</md5>
    <crc32>154213dc</crc32>
    <sha1>9adb75218d9b93d60bfe428a7b2b87ad88d7ec0c</sha1>
  </file>
  <file name="lists.ubuntu.com-archives-ubuntu-l10n-hu-2016-08-23-917e1f6a-meta.warc.gz" source="original">
    <mtime>1495614109</mtime>
    <size>44934</size>
    <md5>1802b62626e96869df856881ee8e0266</md5>
    <crc32>fb844d3f</crc32>
    <sha1>f06406ad992e103aea4e88eac3588a7577ff74ce</sha1>
    <format>Web ARChive GZ</format>
  </file>
  <file name="lists.ubuntu.com-archives-ubuntu-l10n-hu-2016-08-23-917e1f6a-meta.warc.os.cdx.gz" source="derivative">
    <format>WARC CDX Index</format>
    <original>lists.ubuntu.com-archives-ubuntu-l10n-hu-2016-08-23-917e1f6a-meta.warc.gz</original>
    <mtime>1495616477</mtime>
    <size>47</size>
    <md5>6cd201ca8a75af2342a959fccd7a970d</md5>
    <crc32>e8b3533c</crc32>
    <sha1>6ff880539dfbcc34c67ca0905653be803d8ceca1</sha1>
  </file>
  <file name="lists.ubuntu.com-archives-ubuntu-l10n-hu.mbox-2016-08-23-47c19b99-00000.warc.gz" source="original">
    <mtime>1495614114</mtime>
    <size>3502073</size>
    <md5>10e500325f5eead2d84bc1230c492880</md5>
    <crc32>a39c40b9</crc32>
    <sha1>c53a6d5d289ffe875914f21e45de4d6a41ad2270</sha1>
    <format>Web ARChive GZ</format>
  </file>
  <file name="lists.ubuntu.com-archives-ubuntu-l10n-hu.mbox-2016-08-23-47c19b99-00000.warc.os.cdx.gz" source="derivative">
    <format>WARC CDX Index</format>
    <original>lists.ubuntu.com-archives-ubuntu-l10n-hu.mbox-2016-08-23-47c19b99-00000.warc.gz</original>
    <mtime>1495616480</mtime>
    <size>440</size>
    <md5>771aa0d06f2344c900500c2feff86385</md5>
    <crc32>dadaeba9</crc32>
    <sha1>d3af525b8de7fc01b603bd613b1ba93459fdf661</sha1>
  </file>
  <file name="lists.ubuntu.com-archives-ubuntu-l10n-hu.mbox-2016-08-23-47c19b99-meta.warc.gz" source="original">
    <mtime>1495614119</mtime>
    <size>3107</size>
    <md5>d23446ec4a26c880a2a068dfc293b2f3</md5>
    <crc32>5a84e17e</crc32>
    <sha1>90bd7f16f2ac1d39699bb84ee064afc6fd2afb41</sha1>
    <format>Web ARChive GZ</format>
  </file>
  <file name="lists.ubuntu.com-archives-ubuntu-l10n-hu.mbox-2016-08-23-47c19b99-meta.warc.os.cdx.gz" source="derivative">
    <format>WARC CDX Index</format>
    <original>lists.ubuntu.com-archives-ubuntu-l10n-hu.mbox-2016-08-23-47c19b99-meta.warc.gz</original>
    <mtime>1495616483</mtime>
    <size>47</size>
    <md5>d1aecd4fb7024bbd4fd5cbf418b19f31</md5>
    <crc32>d1fc5667</crc32>
    <sha1>9da78f8978596b7e3889b51dabce3ce145e15c7c</sha1>
  </file>
  <file name="lists.ubuntu.com-archives-ubuntu-l10n-ie-2016-08-23-9b435dfa-00000.warc.gz" source="original">
    <mtime>1495614123</mtime>
    <size>53917</size>
    <md5>b663b22e4ccb5087bba77d9894965915</md5>
    <crc32>9685c7ea</crc32>
    <sha1>3818a372f992334323b99df02904e6a3e77d7617</sha1>
    <format>Web ARChive GZ</format>
  </file>
  <file name="lists.ubuntu.com-archives-ubuntu-l10n-ie-2016-08-23-9b435dfa-00000.warc.os.cdx.gz" source="derivative">
    <format>WARC CDX Index</format>
    <original>lists.ubuntu.com-archives-ubuntu-l10n-ie-2016-08-23-9b435dfa-00000.warc.gz</original>
    <mtime>1495616486</mtime>
    <size>1264</size>
    <md5>3428f16aa8250529ef063e8c2656cc53</md5>
    <crc32>4cb40e6c</crc32>
    <sha1>129e738cf735fa19fee7928e18d876038ad5b7b1</sha1>
  </file>
  <file name="lists.ubuntu.com-archives-ubuntu-l10n-ie-2016-08-23-9b435dfa-meta.warc.gz" source="original">
    <mtime>1495614128</mtime>
    <size>3495</size>
    <md5>0743386b8db5470fe3923d56c16b8973</md5>
    <crc32>04526d9a</crc32>
    <sha1>526a7a7876956ad481456adff7e66e222a59e28d</sha1>
    <format>Web ARChive GZ</format>
  </file>
  <file name="lists.ubuntu.com-archives-ubuntu-l10n-ie-2016-08-23-9b435dfa-meta.warc.os.cdx.gz" source="derivative">
    <format>WARC CDX Index</format>
    <original>lists.ubuntu.com-archives-ubuntu-l10n-ie-2016-08-23-9b435dfa-meta.warc.gz</original>
    <mtime>1495616489</mtime>
    <size>47</size>
    <md5>3890b4f98d0efaa455959a835519ea10</md5>
    <crc32>0ad7068a</crc32>
    <sha1>0bca0f73ec56dd44898cfc40ed5704182a2c14cd</sha1>
  </file>
  <file name="lists.ubuntu.com-archives-ubuntu-l10n-ie.mbox-2016-08-23-680dd2c1-00000.warc.gz" source="original">
    <mtime>1495614134</mtime>
    <size>12845</size>
    <md5>cec5e7f4483ec83f2f8be409bb01bb46</md5>
    <crc32>984ed588</crc32>
    <sha1>4cf4cfa45885f899b2c3606d0e9cf645ce868eae</sha1>
    <format>Web ARChive GZ</format>
  </file>
  <file name="lists.ubuntu.com-archives-ubuntu-l10n-ie.mbox-2016-08-23-680dd2c1-00000.warc.os.cdx.gz" source="derivative">
    <format>WARC CDX Index</format>
    <original>lists.ubuntu.com-archives-ubuntu-l10n-ie.mbox-2016-08-23-680dd2c1-00000.warc.gz</original>
    <mtime>1495616492</mtime>
    <size>434</size>
    <md5>bfbd84299761a5ad099806d90aa49546</md5>
    <crc32>fe64a91f</crc32>
    <sha1>adebd137df39e78392e727b64963333a146956e5</sha1>
  </file>
  <file name="lists.ubuntu.com-archives-ubuntu-l10n-ie.mbox-2016-08-23-680dd2c1-meta.warc.gz" source="original">
    <mtime>1495614138</mtime>
    <size>3102</size>
    <md5>66a9af1def45568647a2e370b10d69bd</md5>
    <crc32>8fb407b9</crc32>
    <sha1>765aebefd466d4b5ea38c35dee6ebbbadb561f55</sha1>
    <format>Web ARChive GZ</format>
  </file>
  <file name="lists.ubuntu.com-archives-ubuntu-l10n-ie.mbox-2016-08-23-680dd2c1-meta.warc.os.cdx.gz" source="derivative">
    <format>WARC CDX Index</format>
    <original>lists.ubuntu.com-archives-ubuntu-l10n-ie.mbox-2016-08-23-680dd2c1-meta.warc.gz</original>
    <mtime>1495616495</mtime>
    <size>47</size>
    <md5>3eaa2d23244bc2b2154e7bf51cf11506</md5>
    <crc32>43ce36d1</crc32>
    <sha1>5f59fc2b73244289a29efe53b91399153a601d6c</sha1>
  </file>
  <file name="lists.ubuntu.com-archives-ubuntu-l10n-it-2016-08-23-e447f5e8-00000.warc.gz" source="original">
    <mtime>1495614146</mtime>
    <size>23587618</size>
    <md5>e7fdade65dd3143376678de4adb5fdce</md5>
    <crc32>883709f6</crc32>
    <sha1>b01aeb036503eaeb0643aa4af2e99c04adb441bd</sha1>
    <format>Web ARChive GZ</format>
  </file>
  <file name="lists.ubuntu.com-archives-ubuntu-l10n-it-2016-08-23-e447f5e8-00000.warc.os.cdx.gz" source="derivative">
    <format>WARC CDX Index</format>
    <original>lists.ubuntu.com-archives-ubuntu-l10n-it-2016-08-23-e447f5e8-00000.warc.gz</original>
    <mtime>1495616459</mtime>
    <size>297708</size>
    <md5>77a519549fd3278363a5a30fc8548a13</md5>
    <crc32>ffcd27ed</crc32>
    <sha1>f5d71f5b3c6a6ae1497010ab6d94ebea6ba3a7ad</sha1>
  </file>
  <file name="lists.ubuntu.com-archives-ubuntu-l10n-it-2016-08-23-e447f5e8-meta.warc.gz" source="original">
    <mtime>1495614153</mtime>
    <size>136144</size>
    <md5>d028e93f346970dc3872c73002e4dc71</md5>
    <crc32>77f899d4</crc32>
    <sha1>6a9e8e1ed68a87e382ad96eefa9ed77ac8d5a5ae</sha1>
    <format>Web ARChive GZ</format>
  </file>
  <file name="lists.ubuntu.com-archives-ubuntu-l10n-it-2016-08-23-e447f5e8-meta.warc.os.cdx.gz" source="derivative">
    <format>WARC CDX Index</format>
    <original>lists.ubuntu.com-archives-ubuntu-l10n-it-2016-08-23-e447f5e8-meta.warc.gz</original>
    <mtime>1495616505</mtime>
    <size>47</size>
    <md5>914d757d16f2bc1358a1bdb9581e0863</md5>
    <crc32>a0ce7cbc</crc32>
    <sha1>f3021db6b1516ebed8c3065259f1f5e0838b8e0a</sha1>
  </file>
  <file name="lists.ubuntu.com-archives-ubuntu-l10n-it.mbox-2016-08-23-f70a4e88-00000.warc.gz" source="original">
    <mtime>1495614159</mtime>
    <size>11603367</size>
    <md5>52564bef24df941c08822918ec4e9a9e</md5>
    <crc32>219ad126</crc32>
    <sha1>11c4859edb763e9d56dc9e40049daf4df0f6460d</sha1>
    <format>Web ARChive GZ</format>
  </file>
  <file name="lists.ubuntu.com-archives-ubuntu-l10n-it.mbox-2016-08-23-f70a4e88-00000.warc.os.cdx.gz" source="derivative">
    <format>WARC CDX Index</format>
    <original>lists.ubuntu.com-archives-ubuntu-l10n-it.mbox-2016-08-23-f70a4e88-00000.warc.gz</original>
    <mtime>1495616502</mtime>
    <size>446</size>
    <md5>32f0f618810c47a06df66bb93e597f64</md5>
    <crc32>dbfb7d5d</crc32>
    <sha1>3dc0363769a2c4fa87f3922d79fd6e0c2b49cb1b</sha1>
  </file>
  <file name="lists.ubuntu.com-archives-ubuntu-l10n-it.mbox-2016-08-23-f70a4e88-meta.warc.gz" source="original">
    <mtime>1495614164</mtime>
    <size>3116</size>
    <md5>352b5acf2729ba66afeac09b6139425d</md5>
    <crc32>217d6304</crc32>
    <sha1>cd681557b0abd0609effbee5899d7b1c9c24572f</sha1>
    <format>Web ARChive GZ</format>
  </file>
  <file name="lists.ubuntu.com-archives-ubuntu-l10n-it.mbox-2016-08-23-f70a4e88-meta.warc.os.cdx.gz" source="derivative">
    <format>WARC CDX Index</format>
    <original>lists.ubuntu.com-archives-ubuntu-l10n-it.mbox-2016-08-23-f70a4e88-meta.warc.gz</original>
    <mtime>1495616508</mtime>
    <size>47</size>
    <md5>642a41b736a1b608aef62790401f8f5d</md5>
    <crc32>20e357ea</crc32>
    <sha1>efd0118d2af4193087e82ac17134dff0b3c9bddc</sha1>
  </file>
  <file name="lists.ubuntu.com-archives-ubuntu-l10n-kir-2016-08-23-80001b57-00000.warc.gz" source="original">
    <mtime>1495614169</mtime>
    <size>3815</size>
    <md5>38c90d0d8769bb0f7b13a020df0fdbf4</md5>
    <crc32>44397345</crc32>
    <sha1>ee209f11b630f6d0bd77a8435bf3959ab134b266</sha1>
    <format>Web ARChive GZ</format>
  </file>
  <file name="lists.ubuntu.com-archives-ubuntu-l10n-kir-2016-08-23-80001b57-00000.warc.os.cdx.gz" source="derivative">
    <format>WARC CDX Index</format>
    <original>lists.ubuntu.com-archives-ubuntu-l10n-kir-2016-08-23-80001b57-00000.warc.gz</original>
    <mtime>1495616512</mtime>
    <size>225</size>
    <md5>02215a5511ed29cb284270a640e1657a</md5>
    <crc32>c4e8c274</crc32>
    <sha1>7d759e8e52bc755f703e09e612146969b9416b08</sha1>
  </file>
  <file name="lists.ubuntu.com-archives-ubuntu-l10n-kir-2016-08-23-80001b57-meta.warc.gz" source="original">
    <mtime>1495614174</mtime>
    <size>2937</size>
    <md5>a98aa07db59c565f9a94d8ba3ce08677</md5>
    <crc32>4cfa0cc0</crc32>
    <sha1>ea58137b61d34b3f7d3274526b6d20962f6f4c94</sha1>
    <format>Web ARChive GZ</format>
  </file>
  <file name="lists.ubuntu.com-archives-ubuntu-l10n-kir-2016-08-23-80001b57-meta.warc.os.cdx.gz" source="derivative">
    <format>WARC CDX Index</format>
    <original>lists.ubuntu.com-archives-ubuntu-l10n-kir-2016-08-23-80001b57-meta.warc.gz</original>
    <mtime>1495616516</mtime>
    <size>47</size>
    <md5>1ad471565add0f1cfe9a4a37c6472269</md5>
    <crc32>1491d08e</crc32>
    <sha1>6a61038380e3703deddc718b05637f72f6777e9b</sha1>
  </file>
  <file name="lists.ubuntu.com-archives-ubuntu-l10n-kir.mbox-2016-08-23-e3bfec9a-00000.warc.gz" source="original">
    <mtime>1495614179</mtime>
    <size>6449</size>
    <md5>3cd2f5a5e7cc05286cba30454fc91a85</md5>
    <crc32>2891027d</crc32>
    <sha1>dcab53eeedfb42daa4f27d17dc8d38f019d1503a</sha1>
    <format>Web ARChive GZ</format>
  </file>
  <file name="lists.ubuntu.com-archives-ubuntu-l10n-kir.mbox-2016-08-23-e3bfec9a-00000.warc.os.cdx.gz" source="derivative">
    <format>WARC CDX Index</format>
    <original>lists.ubuntu.com-archives-ubuntu-l10n-kir.mbox-2016-08-23-e3bfec9a-00000.warc.gz</original>
    <mtime>1495616519</mtime>
    <size>340</size>
    <md5>a7c651bed4aeda40093c2e0cfe70693e</md5>
    <crc32>12c41476</crc32>
    <sha1>054aa32b84e4accd17870c8df9a2d6d643dc9a9e</sha1>
  </file>
  <file name="lists.ubuntu.com-archives-ubuntu-l10n-kir.mbox-2016-08-23-e3bfec9a-meta.warc.gz" source="original">
    <mtime>1495614184</mtime>
    <size>3044</size>
    <md5>5b665b76dbd8ed968b12d62ec0b86f31</md5>
    <crc32>16d2d0b2</crc32>
    <sha1>1a312c75125b64e853bd2ae2bdf2853647ed8c99</sha1>
    <format>Web ARChive GZ</format>
  </file>
  <file name="lists.ubuntu.com-archives-ubuntu-l10n-kir.mbox-2016-08-23-e3bfec9a-meta.warc.os.cdx.gz" source="derivative">
    <format>WARC CDX Index</format>
    <original>lists.ubuntu.com-archives-ubuntu-l10n-kir.mbox-2016-08-23-e3bfec9a-meta.warc.gz</original>
    <mtime>1495616522</mtime>
    <size>47</size>
    <md5>601ee8e608cd1cc0b4270cf6ff0cc1a5</md5>
    <crc32>08845dce</crc32>
    <sha1>2f862e110a5ba12770cc3710d93ba0ce74454848</sha1>
  </file>
  <file name="lists.ubuntu.com-archives-ubuntu-l10n-ko-2016-08-23-0f9bc9cc-00000.warc.gz" source="original">
    <mtime>1495614189</mtime>
    <size>64765</size>
    <md5>7d3dc9f2b69daaf684211ea661eb1f34</md5>
    <crc32>311612cb</crc32>
    <sha1>7347cbdefd6ade7a1d26740c4ede3f13928ee967</sha1>
    <format>Web ARChive GZ</format>
  </file>
  <file name="lists.ubuntu.com-archives-ubuntu-l10n-ko-2016-08-23-0f9bc9cc-00000.warc.os.cdx.gz" source="derivative">
    <format>WARC CDX Index</format>
    <original>lists.ubuntu.com-archives-ubuntu-l10n-ko-2016-08-23-0f9bc9cc-00000.warc.gz</original>
    <mtime>1495616526</mtime>
    <size>1277</size>
    <md5>f8794a26b57c859f5c6040db8486de39</md5>
    <crc32>ed9af6a0</crc32>
    <sha1>9c1e383cf5edef48440594b3ad2fa7bfca7d334d</sha1>
  </file>
  <file name="lists.ubuntu.com-archives-ubuntu-l10n-ko-2016-08-23-0f9bc9cc-meta.warc.gz" source="original">
    <mtime>1495614193</mtime>
    <size>3507</size>
    <md5>b0a1b7d80b078e3cfcbea98f9ec0ca6d</md5>
    <crc32>c41a7baa</crc32>
    <sha1>f58c362fa3954f79d817f3bfacccdbaf2876a710</sha1>
    <format>Web ARChive GZ</format>
  </file>
  <file name="lists.ubuntu.com-archives-ubuntu-l10n-ko-2016-08-23-0f9bc9cc-meta.warc.os.cdx.gz" source="derivative">
    <format>WARC CDX Index</format>
    <original>lists.ubuntu.com-archives-ubuntu-l10n-ko-2016-08-23-0f9bc9cc-meta.warc.gz</original>
    <mtime>1495616529</mtime>
    <size>47</size>
    <md5>8f6d203e3934c454fa834a1d52263273</md5>
    <crc32>3ea581ee</crc32>
    <sha1>59c2e88b6ba57d1c39bf7fd95f27f75f2b7ff42a</sha1>
  </file>
  <file name="lists.ubuntu.com-archives-ubuntu-l10n-ko.mbox-2016-08-23-6cd45805-00000.warc.gz" source="original">
    <mtime>1495614197</mtime>
    <size>21867</size>
    <md5>90af1920784e6cd2ccc9e14dcb12ef7d</md5>
    <crc32>8bbe681e</crc32>
    <sha1>32b08719fae6db9e53ddd60bcddb7a899232232a</sha1>
    <format>Web ARChive GZ</format>
  </file>
  <file name="lists.ubuntu.com-archives-ubuntu-l10n-ko.mbox-2016-08-23-6cd45805-00000.warc.os.cdx.gz" source="derivative">
    <format>WARC CDX Index</format>
    <original>lists.ubuntu.com-archives-ubuntu-l10n-ko.mbox-2016-08-23-6cd45805-00000.warc.gz</original>
    <mtime>1495616532</mtime>
    <size>436</size>
    <md5>1702db3231853f1a124202e83ed3d132</md5>
    <crc32>ee810a25</crc32>
    <sha1>11835bc8f7bf4597dd1601e7ff109cff8c679127</sha1>
  </file>
  <file name="lists.ubuntu.com-archives-ubuntu-l10n-ko.mbox-2016-08-23-6cd45805-meta.warc.gz" source="original">
    <mtime>1495614202</mtime>
    <size>3106</size>
    <md5>5a74dc00005e82c313db5c550bdf4784</md5>
    <crc32>42639c7b</crc32>
    <sha1>d29955276608bc9d35a2a6e0db50806c9bc31b99</sha1>
    <format>Web ARChive GZ</format>
  </file>
  <file name="lists.ubuntu.com-archives-ubuntu-l10n-ko.mbox-2016-08-23-6cd45805-meta.warc.os.cdx.gz" source="derivative">
    <format>WARC CDX Index</format>
    <original>lists.ubuntu.com-archives-ubuntu-l10n-ko.mbox-2016-08-23-6cd45805-meta.warc.gz</original>
    <mtime>1495616535</mtime>
    <size>47</size>
    <md5>fb80c402ed5dbf94794cb74cdfd21f9c</md5>
    <crc32>77bcb1b5</crc32>
    <sha1>17a8b47584c36efad7dd34f841067c5a258634d2</sha1>
  </file>
  <file name="lists.ubuntu.com-archives-ubuntu-l10n-kur-2016-08-23-530d3d6d-00000.warc.gz" source="original">
    <mtime>1495614207</mtime>
    <size>4780575</size>
    <md5>af7bcad683757beb3f849b4b82331364</md5>
    <crc32>8d627355</crc32>
    <sha1>af677d03ca6a2d0dd6deb52f3bba3afb8effff3c</sha1>
    <format>Web ARChive GZ</format>
  </file>
  <file name="lists.ubuntu.com-archives-ubuntu-l10n-kur-2016-08-23-530d3d6d-00000.warc.os.cdx.gz" source="derivative">
    <format>WARC CDX Index</format>
    <original>lists.ubuntu.com-archives-ubuntu-l10n-kur-2016-08-23-530d3d6d-00000.warc.gz</original>
    <mtime>1495616539</mtime>
    <size>32354</size>
    <md5>170415bfc181ad7ea0e51256e10be9e4</md5>
    <crc32>748a14e3</crc32>
    <sha1>429a022b618c8a4db90d236722faae70a1a30066</sha1>
  </file>
  <file name="lists.ubuntu.com-archives-ubuntu-l10n-kur-2016-08-23-530d3d6d-meta.warc.gz" source="original">
    <mtime>1495614211</mtime>
    <size>19035</size>
    <md5>6f2cc260ffbca8c99e006d35164afcda</md5>
    <crc32>4decbcc9</crc32>
    <sha1>10684dbed0f19a5d53bb500b5a2e9211955ed279</sha1>
    <format>Web ARChive GZ</format>
  </file>
  <file name="lists.ubuntu.com-archives-ubuntu-l10n-kur-2016-08-23-530d3d6d-meta.warc.os.cdx.gz" source="derivative">
    <format>WARC CDX Index</format>
    <original>lists.ubuntu.com-archives-ubuntu-l10n-kur-2016-08-23-530d3d6d-meta.warc.gz</original>
    <mtime>1495616542</mtime>
    <size>47</size>
    <md5>591512597ecb6b063af4054bd5bccc5a</md5>
    <crc32>65a3fa55</crc32>
    <sha1>251007559741e1a6b83940ecd14a1a0de4486e72</sha1>
  </file>
  <file name="lists.ubuntu.com-archives-ubuntu-l10n-kur.mbox-2016-08-23-2804745d-00000.warc.gz" source="original">
    <mtime>1495614216</mtime>
    <size>3490723</size>
    <md5>4e8be64c851b465a06d475206744218e</md5>
    <crc32>6885706b</crc32>
    <sha1>ce10c267fe28787fea9ec5f322ae1593be0b2793</sha1>
    <format>Web ARChive GZ</format>
  </file>
  <file name="lists.ubuntu.com-archives-ubuntu-l10n-kur.mbox-2016-08-23-2804745d-00000.warc.os.cdx.gz" source="derivative">
    <format>WARC CDX Index</format>
    <original>lists.ubuntu.com-archives-ubuntu-l10n-kur.mbox-2016-08-23-2804745d-00000.warc.gz</original>
    <mtime>1495616144</mtime>
    <size>435</size>
    <md5>032653fc5253fb02829d538791c21a33</md5>
    <crc32>814c048d</crc32>
    <sha1>3fa68f7adc071f32c72790251dd83be72d13e173</sha1>
  </file>
  <file name="lists.ubuntu.com-archives-ubuntu-l10n-kur.mbox-2016-08-23-2804745d-meta.warc.gz" source="original">
    <mtime>1495614221</mtime>
    <size>3105</size>
    <md5>9e7499a270906ecb293fa0809d6e6d55</md5>
    <crc32>02f130ae</crc32>
    <sha1>b64ea809358e1d0fa4f2bb3061b5abc768ea6e3d</sha1>
    <format>Web ARChive GZ</format>
  </file>
  <file name="lists.ubuntu.com-archives-ubuntu-l10n-kur.mbox-2016-08-23-2804745d-meta.warc.os.cdx.gz" source="derivative">
    <format>WARC CDX Index</format>
    <original>lists.ubuntu.com-archives-ubuntu-l10n-kur.mbox-2016-08-23-2804745d-meta.warc.gz</original>
    <mtime>1495616968</mtime>
    <size>47</size>
    <md5>a5e4cd6aebcaf7becf3ada73f59ab5d6</md5>
    <crc32>b2f014ba</crc32>
    <sha1>25ee68afc4741ca58a2f16f92d5d58a95dba911b</sha1>
  </file>
  <file name="lists.ubuntu.com-archives-ubuntu-l10n-kw-2016-08-23-806c4880-00000.warc.gz" source="original">
    <mtime>1495614225</mtime>
    <size>3821</size>
    <md5>5459e20f36591067f3836df156be7979</md5>
    <crc32>541e397d</crc32>
    <sha1>45e5f5bab4d39894b914950ac8b0ea699a6ae69d</sha1>
    <format>Web ARChive GZ</format>
  </file>
  <file name="lists.ubuntu.com-archives-ubuntu-l10n-kw-2016-08-23-806c4880-00000.warc.os.cdx.gz" source="derivative">
    <format>WARC CDX Index</format>
    <original>lists.ubuntu.com-archives-ubuntu-l10n-kw-2016-08-23-806c4880-00000.warc.gz</original>
    <mtime>1495616738</mtime>
    <size>221</size>
    <md5>d618d3e20e662d71d80a3702857b12ca</md5>
    <crc32>219fa736</crc32>
    <sha1>3788d56eb2a615a35e9bb0543cc6feccf2a247d3</sha1>
  </file>
  <file name="lists.ubuntu.com-archives-ubuntu-l10n-kw-2016-08-23-806c4880-meta.warc.gz" source="original">
    <mtime>1495614230</mtime>
    <size>2940</size>
    <md5>cccde6624a54ae4c43593c8befdefae4</md5>
    <crc32>eedd3d8a</crc32>
    <sha1>f92a61415684e4a230911f9f14f2f0d8cb6868a0</sha1>
    <format>Web ARChive GZ</format>
  </file>
  <file name="lists.ubuntu.com-archives-ubuntu-l10n-kw-2016-08-23-806c4880-meta.warc.os.cdx.gz" source="derivative">
    <format>WARC CDX Index</format>
    <original>lists.ubuntu.com-archives-ubuntu-l10n-kw-2016-08-23-806c4880-meta.warc.gz</original>
    <mtime>1495617083</mtime>
    <size>47</size>
    <md5>4146b445ae7cd607a7e121f3dbed5eae</md5>
    <crc32>f3cf2cb3</crc32>
    <sha1>a91e794bf8a781890ee2b26762993892092014eb</sha1>
  </file>
  <file name="lists.ubuntu.com-archives-ubuntu-l10n-kw.mbox-2016-08-23-d8976961-00000.warc.gz" source="original">
    <mtime>1495614234</mtime>
    <size>6443</size>
    <md5>7aaa9d77d083f96143602a9c32e8e237</md5>
    <crc32>101ebdf2</crc32>
    <sha1>d81db9c752f6f18c4a3604dd295cedd3e4a949d9</sha1>
    <format>Web ARChive GZ</format>
  </file>
  <file name="lists.ubuntu.com-archives-ubuntu-l10n-kw.mbox-2016-08-23-d8976961-00000.warc.os.cdx.gz" source="derivative">
    <format>WARC CDX Index</format>
    <original>lists.ubuntu.com-archives-ubuntu-l10n-kw.mbox-2016-08-23-d8976961-00000.warc.gz</original>
    <mtime>1495616561</mtime>
    <size>336</size>
    <md5>7c37f9c6100a30a02707fcf6a55a7108</md5>
    <crc32>37ae2a25</crc32>
    <sha1>165f56cce3c9a59cbfaef40cca61c34be9a8683c</sha1>
  </file>
  <file name="lists.ubuntu.com-archives-ubuntu-l10n-kw.mbox-2016-08-23-d8976961-meta.warc.gz" source="original">
    <mtime>1495614239</mtime>
    <size>3043</size>
    <md5>63587e1818b33ea120a91239d2bae117</md5>
    <crc32>60d9688c</crc32>
    <sha1>6b605f30b8ea694c87b7aca11cb2753404d69570</sha1>
    <format>Web ARChive GZ</format>
  </file>
  <file name="lists.ubuntu.com-archives-ubuntu-l10n-kw.mbox-2016-08-23-d8976961-meta.warc.os.cdx.gz" source="derivative">
    <format>WARC CDX Index</format>
    <original>lists.ubuntu.com-archives-ubuntu-l10n-kw.mbox-2016-08-23-d8976961-meta.warc.gz</original>
    <mtime>1495616564</mtime>
    <size>47</size>
    <md5>9a0654630e82bbd0f7a2307027b41303</md5>
    <crc32>31cb5895</crc32>
    <sha1>9c14ea624ff8328465b5759d61c94eb83b95cecf</sha1>
  </file>
  <file name="lists.ubuntu.com-archives-ubuntu-l10n-lao-2016-08-23-95a883dc-00000.warc.gz" source="original">
    <mtime>1495614243</mtime>
    <size>3817</size>
    <md5>a70026a5fb6c34aa16d7342d7a7dfdb6</md5>
    <crc32>04e0689b</crc32>
    <sha1>4c4ab3529eed7202f15db51599c34cb2b301e3e8</sha1>
    <format>Web ARChive GZ</format>
  </file>
  <file name="lists.ubuntu.com-archives-ubuntu-l10n-lao-2016-08-23-95a883dc-00000.warc.os.cdx.gz" source="derivative">
    <format>WARC CDX Index</format>
    <original>lists.ubuntu.com-archives-ubuntu-l10n-lao-2016-08-23-95a883dc-00000.warc.gz</original>
    <mtime>1495616567</mtime>
    <size>219</size>
    <md5>ac55bc01b982bf202d67093c140d8c29</md5>
    <crc32>17220758</crc32>
    <sha1>b096cd7aa61febc67558d765fdcc6a4805ab9923</sha1>
  </file>
  <file name="lists.ubuntu.com-archives-ubuntu-l10n-lao-2016-08-23-95a883dc-meta.warc.gz" source="original">
    <mtime>1495614247</mtime>
    <size>2937</size>
    <md5>1633633a99c54c0a3d26ec52735b385e</md5>
    <crc32>d574730f</crc32>
    <sha1>4fc70c9922813c178684bdeb65de7fea37a56ddd</sha1>
    <format>Web ARChive GZ</format>
  </file>
  <file name="lists.ubuntu.com-archives-ubuntu-l10n-lao-2016-08-23-95a883dc-meta.warc.os.cdx.gz" source="derivative">
    <format>WARC CDX Index</format>
    <original>lists.ubuntu.com-archives-ubuntu-l10n-lao-2016-08-23-95a883dc-meta.warc.gz</original>
    <mtime>1495616570</mtime>
    <size>47</size>
    <md5>a0cf173b5ef0f0815d627f76242ef529</md5>
    <crc32>2dded5d5</crc32>
    <sha1>85580fa0f96777029664c52b83ca18686c8c6ee0</sha1>
  </file>
  <file name="lists.ubuntu.com-archives-ubuntu-l10n-lao.mbox-2016-08-23-0cf3d041-00000.warc.gz" source="original">
    <mtime>1495614252</mtime>
    <size>6449</size>
    <md5>e66cc63872b8bff053348620c4986074</md5>
    <crc32>b4ff6ba1</crc32>
    <sha1>548ae3c1f41e3578aa2e707a302516d6f2ea1fe3</sha1>
    <format>Web ARChive GZ</format>
  </file>
  <file name="lists.ubuntu.com-archives-ubuntu-l10n-lao.mbox-2016-08-23-0cf3d041-00000.warc.os.cdx.gz" source="derivative">
    <format>WARC CDX Index</format>
    <original>lists.ubuntu.com-archives-ubuntu-l10n-lao.mbox-2016-08-23-0cf3d041-00000.warc.gz</original>
    <mtime>1495616573</mtime>
    <size>338</size>
    <md5>fb013774a8ce555560f8f06f882dce04</md5>
    <crc32>ef4b7d85</crc32>
    <sha1>b7116bb046c417ad459eaef0560601ab7b21c135</sha1>
  </file>
  <file name="lists.ubuntu.com-archives-ubuntu-l10n-lao.mbox-2016-08-23-0cf3d041-meta.warc.gz" source="original">
    <mtime>1495614256</mtime>
    <size>3044</size>
    <md5>495ffcb6023fd8f725cccaad52cb6849</md5>
    <crc32>a598e915</crc32>
    <sha1>d362939c9a093e29449c0750f4cf2bd84e661b89</sha1>
    <format>Web ARChive GZ</format>
  </file>
  <file name="lists.ubuntu.com-archives-ubuntu-l10n-lao.mbox-2016-08-23-0cf3d041-meta.warc.os.cdx.gz" source="derivative">
    <format>WARC CDX Index</format>
    <original>lists.ubuntu.com-archives-ubuntu-l10n-lao.mbox-2016-08-23-0cf3d041-meta.warc.gz</original>
    <mtime>1495616577</mtime>
    <size>47</size>
    <md5>8a88855e4956196908a6f3372caad4af</md5>
    <crc32>514a19c3</crc32>
    <sha1>f29fefbfc2cc679f93f5218a035d2d5b214bde73</sha1>
  </file>
  <file name="lists.ubuntu.com-archives-ubuntu-l10n-lin-2016-08-23-19e9542c-00000.warc.gz" source="original">
    <mtime>1495614260</mtime>
    <size>16953</size>
    <md5>818d0c57722b95301861b5d22ed2ecf4</md5>
    <crc32>9327d5ed</crc32>
    <sha1>e87094ec64e965d49db2ac9b6ef3905cb5223039</sha1>
    <format>Web ARChive GZ</format>
  </file>
  <file name="lists.ubuntu.com-archives-ubuntu-l10n-lin-2016-08-23-19e9542c-00000.warc.os.cdx.gz" source="derivative">
    <format>WARC CDX Index</format>
    <original>lists.ubuntu.com-archives-ubuntu-l10n-lin-2016-08-23-19e9542c-00000.warc.gz</original>
    <mtime>1495616580</mtime>
    <size>560</size>
    <md5>4425188701e00567a84d5a2f06c2a508</md5>
    <crc32>8c81811f</crc32>
    <sha1>aff7e6bfa753ff5173b0787daee8a80ba04addec</sha1>
  </file>
  <file name="lists.ubuntu.com-archives-ubuntu-l10n-lin-2016-08-23-19e9542c-meta.warc.gz" source="original">
    <mtime>1495614265</mtime>
    <size>3118</size>
    <md5>80bbfb19d03f991cbab5467f4eae30af</md5>
    <crc32>ade73e1e</crc32>
    <sha1>36264d8c007d09486326ed3e5408626798f0ea13</sha1>
    <format>Web ARChive GZ</format>
  </file>
  <file name="lists.ubuntu.com-archives-ubuntu-l10n-lin-2016-08-23-19e9542c-meta.warc.os.cdx.gz" source="derivative">
    <format>WARC CDX Index</format>
    <original>lists.ubuntu.com-archives-ubuntu-l10n-lin-2016-08-23-19e9542c-meta.warc.gz</original>
    <mtime>1495616583</mtime>
    <size>47</size>
    <md5>4513034408777562f14b30c5b5fe62e8</md5>
    <crc32>18532998</crc32>
    <sha1>74291a085f75d7e1ed07c5b96ae9f9e043e605b5</sha1>
  </file>
  <file name="lists.ubuntu.com-archives-ubuntu-l10n-lin.mbox-2016-08-23-b7c27c5f-00000.warc.gz" source="original">
    <mtime>1495614271</mtime>
    <size>9803</size>
    <md5>7c6d4aed63ea6291ef98ec5b864521fe</md5>
    <crc32>95916a4a</crc32>
    <sha1>1015545ce8b2bc626c761f0ff74756f0e2681cab</sha1>
    <format>Web ARChive GZ</format>
  </file>
  <file name="lists.ubuntu.com-archives-ubuntu-l10n-lin.mbox-2016-08-23-b7c27c5f-00000.warc.os.cdx.gz" source="derivative">
    <format>WARC CDX Index</format>
    <original>lists.ubuntu.com-archives-ubuntu-l10n-lin.mbox-2016-08-23-b7c27c5f-00000.warc.gz</original>
    <mtime>1495616586</mtime>
    <size>437</size>
    <md5>6fe56e5cfd76a49ba37707dc3ff4c3aa</md5>
    <crc32>93798c5d</crc32>
    <sha1>697932720fc106e986fda9b184accbd56704b547</sha1>
  </file>
  <file name="lists.ubuntu.com-archives-ubuntu-l10n-lin.mbox-2016-08-23-b7c27c5f-meta.warc.gz" source="original">
    <mtime>1495614276</mtime>
    <size>3101</size>
    <md5>c2c73d1a61db8fa15ccb8848b4fc4da4</md5>
    <crc32>309f2960</crc32>
    <sha1>cbc79353288d8ae2087f599a91beec43ff78a3d8</sha1>
    <format>Web ARChive GZ</format>
  </file>
  <file name="lists.ubuntu.com-archives-ubuntu-l10n-lin.mbox-2016-08-23-b7c27c5f-meta.warc.os.cdx.gz" source="derivative">
    <format>WARC CDX Index</format>
    <original>lists.ubuntu.com-archives-ubuntu-l10n-lin.mbox-2016-08-23-b7c27c5f-meta.warc.gz</original>
    <mtime>1495616589</mtime>
    <size>47</size>
    <md5>13739b69dd32f2f3202cf27e97302ae6</md5>
    <crc32>c3787975</crc32>
    <sha1>07bd8dbc7befe9ff2cb539da4d2123d289b1e0c6</sha1>
  </file>
  <file name="lists.ubuntu.com-archives-ubuntu-l10n-mal-2016-08-23-999e6f1f-00000.warc.gz" source="original">
    <mtime>1495614281</mtime>
    <size>35704</size>
    <md5>cefcd2b447229a50c3e5b807bb220292</md5>
    <crc32>715fbc98</crc32>
    <sha1>4e3c38094129f68789a5e220c19606e385f1d131</sha1>
    <format>Web ARChive GZ</format>
  </file>
  <file name="lists.ubuntu.com-archives-ubuntu-l10n-mal-2016-08-23-999e6f1f-00000.warc.os.cdx.gz" source="derivative">
    <format>WARC CDX Index</format>
    <original>lists.ubuntu.com-archives-ubuntu-l10n-mal-2016-08-23-999e6f1f-00000.warc.gz</original>
    <mtime>1495616555</mtime>
    <size>961</size>
    <md5>6092b25464a160c2420abab34d41d1dc</md5>
    <crc32>8cdfb12e</crc32>
    <sha1>52462387a4e17c6237ae0b4bda13fe6ae9d0fdb7</sha1>
  </file>
  <file name="lists.ubuntu.com-archives-ubuntu-l10n-mal-2016-08-23-999e6f1f-meta.warc.gz" source="original">
    <mtime>1495614288</mtime>
    <size>3359</size>
    <md5>524af115a1dde69b40454fb84ce6f98b</md5>
    <crc32>134c1696</crc32>
    <sha1>62c2c3027c792deb38836976b5f97f099309ecbd</sha1>
    <format>Web ARChive GZ</format>
  </file>
  <file name="lists.ubuntu.com-archives-ubuntu-l10n-mal-2016-08-23-999e6f1f-meta.warc.os.cdx.gz" source="derivative">
    <format>WARC CDX Index</format>
    <original>lists.ubuntu.com-archives-ubuntu-l10n-mal-2016-08-23-999e6f1f-meta.warc.gz</original>
    <mtime>1495616598</mtime>
    <size>47</size>
    <md5>e03c591bc0c1e3d58b24a818298a8463</md5>
    <crc32>f559a555</crc32>
    <sha1>32f8a6a1f0fcf219544fd58186f0528d72aee78f</sha1>
  </file>
  <file name="lists.ubuntu.com-archives-ubuntu-l10n-mal.mbox-2016-08-23-9f135ac8-00000.warc.gz" source="original">
    <mtime>1495614292</mtime>
    <size>11848</size>
    <md5>1147af3f66c0a9f870b06dc0cd3bb019</md5>
    <crc32>2762c380</crc32>
    <sha1>670242be090466d5cf5330bfce417de26a50e9a8</sha1>
    <format>Web ARChive GZ</format>
  </file>
  <file name="lists.ubuntu.com-archives-ubuntu-l10n-mal.mbox-2016-08-23-9f135ac8-00000.warc.os.cdx.gz" source="derivative">
    <format>WARC CDX Index</format>
    <original>lists.ubuntu.com-archives-ubuntu-l10n-mal.mbox-2016-08-23-9f135ac8-00000.warc.gz</original>
    <mtime>1495616640</mtime>
    <size>438</size>
    <md5>13300b7043000f1d7cb4a54605dfa208</md5>
    <crc32>cbb70905</crc32>
    <sha1>1e1f98ee71bde1963c19e71717ec0beb2ef5fc87</sha1>
  </file>
  <file name="lists.ubuntu.com-archives-ubuntu-l10n-mal.mbox-2016-08-23-9f135ac8-meta.warc.gz" source="original">
    <mtime>1495614296</mtime>
    <size>3106</size>
    <md5>c1957a0039f2cfcbe25a8e5bd17c4123</md5>
    <crc32>5fa9f66e</crc32>
    <sha1>789304c078cc4c6cc5b2606b1faa696b3edc1d23</sha1>
    <format>Web ARChive GZ</format>
  </file>
  <file name="lists.ubuntu.com-archives-ubuntu-l10n-mal.mbox-2016-08-23-9f135ac8-meta.warc.os.cdx.gz" source="derivative">
    <format>WARC CDX Index</format>
    <original>lists.ubuntu.com-archives-ubuntu-l10n-mal.mbox-2016-08-23-9f135ac8-meta.warc.gz</original>
    <mtime>1495616602</mtime>
    <size>47</size>
    <md5>1eb0611e28afbd635331e78678ab5889</md5>
    <crc32>676bc5e3</crc32>
    <sha1>4e412363d5c05ebc9067d53f5730186dd9388771</sha1>
  </file>
  <file name="lists.ubuntu.com-archives-ubuntu-l10n-mar-2016-08-23-222bbd82-00000.warc.gz" source="original">
    <mtime>1495614302</mtime>
    <size>233989</size>
    <md5>170135631496e798b30a1eac47a43628</md5>
    <crc32>b6160c13</crc32>
    <sha1>ef067c04f2af75e2d1f07caa723d460fd6c0a953</sha1>
    <format>Web ARChive GZ</format>
  </file>
  <file name="lists.ubuntu.com-archives-ubuntu-l10n-mar-2016-08-23-222bbd82-00000.warc.os.cdx.gz" source="derivative">
    <format>WARC CDX Index</format>
    <original>lists.ubuntu.com-archives-ubuntu-l10n-mar-2016-08-23-222bbd82-00000.warc.gz</original>
    <mtime>1495616605</mtime>
    <size>4866</size>
    <md5>52df85d300599802cd2380da59757133</md5>
    <crc32>2b0d8dd1</crc32>
    <sha1>70c92c06223b0696cc4e5042a2729ebfa5f7ff89</sha1>
  </file>
  <file name="lists.ubuntu.com-archives-ubuntu-l10n-mar-2016-08-23-222bbd82-meta.warc.gz" source="original">
    <mtime>1495614306</mtime>
    <size>5329</size>
    <md5>35e71d0644809bfa9e6746ab98c0ba26</md5>
    <crc32>805ef116</crc32>
    <sha1>fd829680a00ba7a0f8dd5edf4962ea0ea43ece26</sha1>
    <format>Web ARChive GZ</format>
  </file>
  <file name="lists.ubuntu.com-archives-ubuntu-l10n-mar-2016-08-23-222bbd82-meta.warc.os.cdx.gz" source="derivative">
    <format>WARC CDX Index</format>
    <original>lists.ubuntu.com-archives-ubuntu-l10n-mar-2016-08-23-222bbd82-meta.warc.gz</original>
    <mtime>1495616608</mtime>
    <size>47</size>
    <md5>cafd508809988e7688617488bc509b34</md5>
    <crc32>991a1d15</crc32>
    <sha1>8bc7bed09aa854e909a4b6a5b9f47230cb28a78e</sha1>
  </file>
  <file name="lists.ubuntu.com-archives-ubuntu-l10n-mar.mbox-2016-08-23-fddd3e9d-00000.warc.gz" source="original">
    <mtime>1495614312</mtime>
    <size>34020</size>
    <md5>710d69494fe694b0a0e48e53b8dcd987</md5>
    <crc32>ee799736</crc32>
    <sha1>e98837f264343ffd8072862bdc3a03b97de86bb9</sha1>
    <format>Web ARChive GZ</format>
  </file>
  <file name="lists.ubuntu.com-archives-ubuntu-l10n-mar.mbox-2016-08-23-fddd3e9d-00000.warc.os.cdx.gz" source="derivative">
    <format>WARC CDX Index</format>
    <original>lists.ubuntu.com-archives-ubuntu-l10n-mar.mbox-2016-08-23-fddd3e9d-00000.warc.gz</original>
    <mtime>1495616612</mtime>
    <size>437</size>
    <md5>6b10c5effd0e0472ca97996a2da8430a</md5>
    <crc32>589493be</crc32>
    <sha1>c0babd4a4828ea2288e78df3af002684c60839e5</sha1>
  </file>
  <file name="lists.ubuntu.com-archives-ubuntu-l10n-mar.mbox-2016-08-23-fddd3e9d-meta.warc.gz" source="original">
    <mtime>1495614316</mtime>
    <size>3109</size>
    <md5>0f3d109a268a1f43a0bac1f612f93687</md5>
    <crc32>ad1da349</crc32>
    <sha1>66fd739015ef504683d2ae4a7839c04f337b9007</sha1>
    <format>Web ARChive GZ</format>
  </file>
  <file name="lists.ubuntu.com-archives-ubuntu-l10n-mar.mbox-2016-08-23-fddd3e9d-meta.warc.os.cdx.gz" source="derivative">
    <format>WARC CDX Index</format>
    <original>lists.ubuntu.com-archives-ubuntu-l10n-mar.mbox-2016-08-23-fddd3e9d-meta.warc.gz</original>
    <mtime>1495616615</mtime>
    <size>47</size>
    <md5>15117a529a5f1496b2556b6bc669fb87</md5>
    <crc32>9710dbb5</crc32>
    <sha1>251b509e5a252cefaef3c90b3c6f008afa0366dd</sha1>
  </file>
  <file name="lists.ubuntu.com-archives-ubuntu-l10n-mhr-2016-08-23-f6c0d788-00000.warc.gz" source="original">
    <mtime>1495614321</mtime>
    <size>17390</size>
    <md5>b9aa7f026481ada0c4dd518888918c28</md5>
    <crc32>2638fdb6</crc32>
    <sha1>3d901dd3e9a3a539907156b16cf9872226b02d87</sha1>
    <format>Web ARChive GZ</format>
  </file>
  <file name="lists.ubuntu.com-archives-ubuntu-l10n-mhr-2016-08-23-f6c0d788-00000.warc.os.cdx.gz" source="derivative">
    <format>WARC CDX Index</format>
    <original>lists.ubuntu.com-archives-ubuntu-l10n-mhr-2016-08-23-f6c0d788-00000.warc.gz</original>
    <mtime>1495616618</mtime>
    <size>566</size>
    <md5>535697d74a69b9c5c1e5d3056fd19b8b</md5>
    <crc32>2974bdc7</crc32>
    <sha1>30eaa3b66f017186bb7f0e29f474cdaab0c80d8f</sha1>
  </file>
  <file name="lists.ubuntu.com-archives-ubuntu-l10n-mhr-2016-08-23-f6c0d788-meta.warc.gz" source="original">
    <mtime>1495614326</mtime>
    <size>3116</size>
    <md5>6a634371836041cd2c3ba7c2be21b21f</md5>
    <crc32>71548135</crc32>
    <sha1>32e4f3334a4a2751f9334bef4657a43b8e0c16c7</sha1>
    <format>Web ARChive GZ</format>
  </file>
  <file name="lists.ubuntu.com-archives-ubuntu-l10n-mhr-2016-08-23-f6c0d788-meta.warc.os.cdx.gz" source="derivative">
    <format>WARC CDX Index</format>
    <original>lists.ubuntu.com-archives-ubuntu-l10n-mhr-2016-08-23-f6c0d788-meta.warc.gz</original>
    <mtime>1495616621</mtime>
    <size>47</size>
    <md5>0c0c1239f5b516064351e3688c6df8e2</md5>
    <crc32>4c3b8b58</crc32>
    <sha1>c2141c9d0e0c814bc674d0a0c0814a0baa5f6b67</sha1>
  </file>
  <file name="lists.ubuntu.com-archives-ubuntu-l10n-mhr.mbox-2016-08-23-3360d601-00000.warc.gz" source="original">
    <mtime>1495614330</mtime>
    <size>10360</size>
    <md5>16c1ae7dc244b6a0ac7d60e354c77958</md5>
    <crc32>e87870ff</crc32>
    <sha1>2d38baa8b4ba23dae1a65a290498cc70fb52edd6</sha1>
    <format>Web ARChive GZ</format>
  </file>
  <file name="lists.ubuntu.com-archives-ubuntu-l10n-mhr.mbox-2016-08-23-3360d601-00000.warc.os.cdx.gz" source="derivative">
    <format>WARC CDX Index</format>
    <original>lists.ubuntu.com-archives-ubuntu-l10n-mhr.mbox-2016-08-23-3360d601-00000.warc.gz</original>
    <mtime>1495616624</mtime>
    <size>436</size>
    <md5>66d655a207417ab4dd112a06ec8d12fd</md5>
    <crc32>a6f19a91</crc32>
    <sha1>c8e5a8e4edd4876c70ed9e3d13105176f685eacf</sha1>
  </file>
  <file name="lists.ubuntu.com-archives-ubuntu-l10n-mhr.mbox-2016-08-23-3360d601-meta.warc.gz" source="original">
    <mtime>1495614335</mtime>
    <size>3094</size>
    <md5>f41c508ff224eab725501d754e90dd22</md5>
    <crc32>32c6a87b</crc32>
    <sha1>f01c9af210807ff1723ab002a02028ce781fdaa2</sha1>
    <format>Web ARChive GZ</format>
  </file>
  <file name="lists.ubuntu.com-archives-ubuntu-l10n-mhr.mbox-2016-08-23-3360d601-meta.warc.os.cdx.gz" source="derivative">
    <format>WARC CDX Index</format>
    <original>lists.ubuntu.com-archives-ubuntu-l10n-mhr.mbox-2016-08-23-3360d601-meta.warc.gz</original>
    <mtime>1495616627</mtime>
    <size>47</size>
    <md5>58ad996a0c4e986a3e58b3a9e5bebb9b</md5>
    <crc32>fa377c2e</crc32>
    <sha1>47db94392212eec42c59c61fcbc723d63da8ae80</sha1>
  </file>
  <file name="lists.ubuntu.com-archives-ubuntu-l10n-miq-2016-08-23-81d9aa6f-00000.warc.gz" source="original">
    <mtime>1495614341</mtime>
    <size>486661</size>
    <md5>0c8f22a380703ea7bbdfde25470ed950</md5>
    <crc32>2dba9150</crc32>
    <sha1>193d2916a5a7311939344ce16bb98bc641ca1204</sha1>
    <format>Web ARChive GZ</format>
  </file>
  <file name="lists.ubuntu.com-archives-ubuntu-l10n-miq-2016-08-23-81d9aa6f-00000.warc.os.cdx.gz" source="derivative">
    <format>WARC CDX Index</format>
    <original>lists.ubuntu.com-archives-ubuntu-l10n-miq-2016-08-23-81d9aa6f-00000.warc.gz</original>
    <mtime>1495616630</mtime>
    <size>8306</size>
    <md5>48c91ecf83a6002e2acf0dd631960e8b</md5>
    <crc32>ba5c5227</crc32>
    <sha1>443a518420957c6b0c955dfa137cbf26b0c35bf5</sha1>
  </file>
  <file name="lists.ubuntu.com-archives-ubuntu-l10n-miq-2016-08-23-81d9aa6f-meta.warc.gz" source="original">
    <mtime>1495614346</mtime>
    <size>7048</size>
    <md5>bd8538285e45c5d33352425749746e28</md5>
    <crc32>8cb76791</crc32>
    <sha1>2bcdf7ad0c13984aef98c019b7e4090fe67d6380</sha1>
    <format>Web ARChive GZ</format>
  </file>
  <file name="lists.ubuntu.com-archives-ubuntu-l10n-miq-2016-08-23-81d9aa6f-meta.warc.os.cdx.gz" source="derivative">
    <format>WARC CDX Index</format>
    <original>lists.ubuntu.com-archives-ubuntu-l10n-miq-2016-08-23-81d9aa6f-meta.warc.gz</original>
    <mtime>1495616731</mtime>
    <size>47</size>
    <md5>bb878dc4f0a50cfee779df084fa23cfc</md5>
    <crc32>70e4f16f</crc32>
    <sha1>ff8b0a312174537886b7b72a26031d5bf86da43e</sha1>
  </file>
  <file name="lists.ubuntu.com-archives-ubuntu-l10n-miq.mbox-2016-08-23-fbe399ad-00000.warc.gz" source="original">
    <mtime>1495614351</mtime>
    <size>314826</size>
    <md5>ec9661aa1f56e3b17f6837310f609bb2</md5>
    <crc32>6ed28f87</crc32>
    <sha1>7d5d93780e58d41f8e33cccb55da430ba3255389</sha1>
    <format>Web ARChive GZ</format>
  </file>
  <file name="lists.ubuntu.com-archives-ubuntu-l10n-miq.mbox-2016-08-23-fbe399ad-00000.warc.os.cdx.gz" source="derivative">
    <format>WARC CDX Index</format>
    <original>lists.ubuntu.com-archives-ubuntu-l10n-miq.mbox-2016-08-23-fbe399ad-00000.warc.gz</original>
    <mtime>1495616558</mtime>
    <size>8718</size>
    <md5>2a37e15f00e20c66925a73701b634466</md5>
    <crc32>b6777f63</crc32>
    <sha1>cddf70a990d8d6413d18de5da07ccff0b4f528e3</sha1>
  </file>
  <file name="lists.ubuntu.com-archives-ubuntu-l10n-miq.mbox-2016-08-23-fbe399ad-meta.warc.gz" source="original">
    <mtime>1495614355</mtime>
    <size>7248</size>
    <md5>8f56507c12f2c575555d9fa330586a03</md5>
    <crc32>cc9d2a7c</crc32>
    <sha1>9a15ec401c77475ba0bb8452a9cd552679e48dbd</sha1>
    <format>Web ARChive GZ</format>
  </file>
  <file name="lists.ubuntu.com-archives-ubuntu-l10n-miq.mbox-2016-08-23-fbe399ad-meta.warc.os.cdx.gz" source="derivative">
    <format>WARC CDX Index</format>
    <original>lists.ubuntu.com-archives-ubuntu-l10n-miq.mbox-2016-08-23-fbe399ad-meta.warc.gz</original>
    <mtime>1495616592</mtime>
    <size>47</size>
    <md5>4dc1bfb320606421a7e7979a2a4d4ffd</md5>
    <crc32>bc40950e</crc32>
    <sha1>94b6acbe0ab960e5aab8a9b0c32b93157b020ebd</sha1>
  </file>
  <file name="lists.ubuntu.com-archives-ubuntu-l10n-mlg-2016-08-23-c7a6702b-00000.warc.gz" source="original">
    <mtime>1495614360</mtime>
    <size>3812</size>
    <md5>f6c878f01ac149890848571119742cf0</md5>
    <crc32>b97c771a</crc32>
    <sha1>85dddbf4dbe4a366f97a84a515bc6fb707ee522e</sha1>
    <format>Web ARChive GZ</format>
  </file>
  <file name="lists.ubuntu.com-archives-ubuntu-l10n-mlg-2016-08-23-c7a6702b-00000.warc.os.cdx.gz" source="derivative">
    <format>WARC CDX Index</format>
    <original>lists.ubuntu.com-archives-ubuntu-l10n-mlg-2016-08-23-c7a6702b-00000.warc.gz</original>
    <mtime>1495616633</mtime>
    <size>225</size>
    <md5>53247a19752efddaba1713ae5a1124b9</md5>
    <crc32>bdd95a25</crc32>
    <sha1>815dbd6bdc42a150332b03bc51d40774e8399891</sha1>
  </file>
  <file name="lists.ubuntu.com-archives-ubuntu-l10n-mlg-2016-08-23-c7a6702b-meta.warc.gz" source="original">
    <mtime>1495614364</mtime>
    <size>2939</size>
    <md5>c22d8195c37bdd8a72956bb3bcfb4f60</md5>
    <crc32>b9b2aaa8</crc32>
    <sha1>1db6855b5f48088d6dfc1979b1d17f2bc1fcfbc4</sha1>
    <format>Web ARChive GZ</format>
  </file>
  <file name="lists.ubuntu.com-archives-ubuntu-l10n-mlg-2016-08-23-c7a6702b-meta.warc.os.cdx.gz" source="derivative">
    <format>WARC CDX Index</format>
    <original>lists.ubuntu.com-archives-ubuntu-l10n-mlg-2016-08-23-c7a6702b-meta.warc.gz</original>
    <mtime>1495616692</mtime>
    <size>47</size>
    <md5>91cad8a0affc4f73b565282e29cdeb4b</md5>
    <crc32>61579ae2</crc32>
    <sha1>89d1fb97876b46a6aa0f89ef435fae12ea8c83a8</sha1>
  </file>
  <file name="lists.ubuntu.com-archives-ubuntu-l10n-mlg.mbox-2016-08-23-b76d1f0f-00000.warc.gz" source="original">
    <mtime>1495614369</mtime>
    <size>6453</size>
    <md5>c09379265e2df1526ddbb22d7569e5eb</md5>
    <crc32>fcb9c15b</crc32>
    <sha1>777edf12856a841d41b0a570ecb6b3b7560b3adf</sha1>
    <format>Web ARChive GZ</format>
  </file>
  <file name="lists.ubuntu.com-archives-ubuntu-l10n-mlg.mbox-2016-08-23-b76d1f0f-00000.warc.os.cdx.gz" source="derivative">
    <format>WARC CDX Index</format>
    <original>lists.ubuntu.com-archives-ubuntu-l10n-mlg.mbox-2016-08-23-b76d1f0f-00000.warc.gz</original>
    <mtime>1495616655</mtime>
    <size>337</size>
    <md5>e193786cbd34667b6d7206113e76f0f4</md5>
    <crc32>10777083</crc32>
    <sha1>0486a1421a06f52fe9fd5fb224d0ea03050ffab8</sha1>
  </file>
  <file name="lists.ubuntu.com-archives-ubuntu-l10n-mlg.mbox-2016-08-23-b76d1f0f-meta.warc.gz" source="original">
    <mtime>1495614373</mtime>
    <size>3044</size>
    <md5>6f1a98f33706edf577f060c6848e573a</md5>
    <crc32>236903b8</crc32>
    <sha1>d2329df0a15681daea48cf4e16f27dfb07a0a0fe</sha1>
    <format>Web ARChive GZ</format>
  </file>
  <file name="lists.ubuntu.com-archives-ubuntu-l10n-mlg.mbox-2016-08-23-b76d1f0f-meta.warc.os.cdx.gz" source="derivative">
    <format>WARC CDX Index</format>
    <original>lists.ubuntu.com-archives-ubuntu-l10n-mlg.mbox-2016-08-23-b76d1f0f-meta.warc.gz</original>
    <mtime>1495616658</mtime>
    <size>47</size>
    <md5>aa31497b1a3f9a8d8091ef566906087b</md5>
    <crc32>a70d5894</crc32>
    <sha1>9618a63da154b6b71c6317f06295eb2bb2928a8a</sha1>
  </file>
  <file name="lists.ubuntu.com-archives-ubuntu-l10n-my-2016-08-23-80787e3b-00000.warc.gz" source="original">
    <mtime>1495614378</mtime>
    <size>3812</size>
    <md5>b26b28780442c900678007fb9dd34c97</md5>
    <crc32>f74e75b3</crc32>
    <sha1>aa73267a38c07fa50294dc462789413071438e25</sha1>
    <format>Web ARChive GZ</format>
  </file>
  <file name="lists.ubuntu.com-archives-ubuntu-l10n-my-2016-08-23-80787e3b-00000.warc.os.cdx.gz" source="derivative">
    <format>WARC CDX Index</format>
    <original>lists.ubuntu.com-archives-ubuntu-l10n-my-2016-08-23-80787e3b-00000.warc.gz</original>
    <mtime>1495616661</mtime>
    <size>223</size>
    <md5>5693f736b695c704c0d16ee5682f9fe3</md5>
    <crc32>44cec33d</crc32>
    <sha1>d32480c9b4c758c3b99eb04da37cafedf5c48be0</sha1>
  </file>
  <file name="lists.ubuntu.com-archives-ubuntu-l10n-my-2016-08-23-80787e3b-meta.warc.gz" source="original">
    <mtime>1495614382</mtime>
    <size>2931</size>
    <md5>a28ea074267f44c8dbe88b0dcec1c262</md5>
    <crc32>10ba1576</crc32>
    <sha1>34d798fafb9ce15f580ad59b7c9896b2558d1521</sha1>
    <format>Web ARChive GZ</format>
  </file>
  <file name="lists.ubuntu.com-archives-ubuntu-l10n-my-2016-08-23-80787e3b-meta.warc.os.cdx.gz" source="derivative">
    <format>WARC CDX Index</format>
    <original>lists.ubuntu.com-archives-ubuntu-l10n-my-2016-08-23-80787e3b-meta.warc.gz</original>
    <mtime>1495616664</mtime>
    <size>47</size>
    <md5>0559ce60e9407f0b544837e826961d94</md5>
    <crc32>7c260879</crc32>
    <sha1>c22ebf6843e6e83394d159c8e7a549245a8dfc95</sha1>
  </file>
  <file name="lists.ubuntu.com-archives-ubuntu-l10n-my.mbox-2016-08-23-6eeb8e67-00000.warc.gz" source="original">
    <mtime>1495614386</mtime>
    <size>6444</size>
    <md5>4df514eacef6904d3a7318954bb85d18</md5>
    <crc32>a08f0195</crc32>
    <sha1>a0cc8b6d628b3a8898d01e5f8156cc8b71e19015</sha1>
    <format>Web ARChive GZ</format>
  </file>
  <file name="lists.ubuntu.com-archives-ubuntu-l10n-my.mbox-2016-08-23-6eeb8e67-00000.warc.os.cdx.gz" source="derivative">
    <format>WARC CDX Index</format>
    <original>lists.ubuntu.com-archives-ubuntu-l10n-my.mbox-2016-08-23-6eeb8e67-00000.warc.gz</original>
    <mtime>1495616667</mtime>
    <size>341</size>
    <md5>aa4446b4c32c0019eca4b2f28845c283</md5>
    <crc32>c6f33a6a</crc32>
    <sha1>31bcc775bff8d7300ef92cc1427cf93a21b9b0ef</sha1>
  </file>
  <file name="lists.ubuntu.com-archives-ubuntu-l10n-my.mbox-2016-08-23-6eeb8e67-meta.warc.gz" source="original">
    <mtime>1495614390</mtime>
    <size>3042</size>
    <md5>b4ef491dea038609f2857bb1b2863ce3</md5>
    <crc32>b3ad9997</crc32>
    <sha1>75da845430e92201466134e7367e2dbc1a5ab251</sha1>
    <format>Web ARChive GZ</format>
  </file>
  <file name="lists.ubuntu.com-archives-ubuntu-l10n-my.mbox-2016-08-23-6eeb8e67-meta.warc.os.cdx.gz" source="derivative">
    <format>WARC CDX Index</format>
    <original>lists.ubuntu.com-archives-ubuntu-l10n-my.mbox-2016-08-23-6eeb8e67-meta.warc.gz</original>
    <mtime>1495616670</mtime>
    <size>47</size>
    <md5>73e1272176ed244dcb66a365b85bb281</md5>
    <crc32>353f3822</crc32>
    <sha1>718ed7d8bbba434ab2f44a7b88eab843d105653b</sha1>
  </file>
  <file name="lists.ubuntu.com-archives-ubuntu-l10n-nds-2016-08-23-08deab77-00000.warc.gz" source="original">
    <mtime>1495614395</mtime>
    <size>86054</size>
    <md5>cf2dc1e257d180dbde7c5755953434b6</md5>
    <crc32>097ecebb</crc32>
    <sha1>c79a83276b929b773f3b3b496df36ef2f1a7e5ce</sha1>
    <format>Web ARChive GZ</format>
  </file>
  <file name="lists.ubuntu.com-archives-ubuntu-l10n-nds-2016-08-23-08deab77-00000.warc.os.cdx.gz" source="derivative">
    <format>WARC CDX Index</format>
    <original>lists.ubuntu.com-archives-ubuntu-l10n-nds-2016-08-23-08deab77-00000.warc.gz</original>
    <mtime>1495616673</mtime>
    <size>1962</size>
    <md5>de275bc847212b8a0f40412a0e0ee9f9</md5>
    <crc32>b2bd1f34</crc32>
    <sha1>a79fccd6f2ce55e5f1eff4c7d4f8c63142f04992</sha1>
  </file>
  <file name="lists.ubuntu.com-archives-ubuntu-l10n-nds-2016-08-23-08deab77-meta.warc.gz" source="original">
    <mtime>1495614403</mtime>
    <size>3827</size>
    <md5>4fa023c4d6735313bf1ce8720bfdcff8</md5>
    <crc32>e0d21089</crc32>
    <sha1>7157992723b1ec44e7b4b34c56961e0f4b1c5481</sha1>
    <format>Web ARChive GZ</format>
  </file>
  <file name="lists.ubuntu.com-archives-ubuntu-l10n-nds-2016-08-23-08deab77-meta.warc.os.cdx.gz" source="derivative">
    <format>WARC CDX Index</format>
    <original>lists.ubuntu.com-archives-ubuntu-l10n-nds-2016-08-23-08deab77-meta.warc.gz</original>
    <mtime>1495616676</mtime>
    <size>47</size>
    <md5>8c1962b50f0d40295a77972cde065434</md5>
    <crc32>cb4ee0d4</crc32>
    <sha1>361784c1e2379620813b6a09d575642bdff02406</sha1>
  </file>
  <file name="lists.ubuntu.com-archives-ubuntu-l10n-nds.mbox-2016-08-23-ce43f96b-00000.warc.gz" source="original">
    <mtime>1495614408</mtime>
    <size>12081</size>
    <md5>65a87783b9ce5159c5202574b7e40cfd</md5>
    <crc32>6b0c8ebd</crc32>
    <sha1>c7521524fda14d985fafa29c779a57b4d9cce526</sha1>
    <format>Web ARChive GZ</format>
  </file>
  <file name="lists.ubuntu.com-archives-ubuntu-l10n-nds.mbox-2016-08-23-ce43f96b-00000.warc.os.cdx.gz" source="derivative">
    <format>WARC CDX Index</format>
    <original>lists.ubuntu.com-archives-ubuntu-l10n-nds.mbox-2016-08-23-ce43f96b-00000.warc.gz</original>
    <mtime>1495616679</mtime>
    <size>436</size>
    <md5>94d5c5c4aa62715ecf52496b15b7efc4</md5>
    <crc32>d54bc3e4</crc32>
    <sha1>0a7a78da73e34ef34e6adcd8d2794b676e688987</sha1>
  </file>
  <file name="lists.ubuntu.com-archives-ubuntu-l10n-nds.mbox-2016-08-23-ce43f96b-meta.warc.gz" source="original">
    <mtime>1495614412</mtime>
    <size>3103</size>
    <md5>437aea975f3a010353ae5cc18b9e6de2</md5>
    <crc32>f46a67b6</crc32>
    <sha1>e8146575d194b021d3fb5499f05e91b73e7e8dfc</sha1>
    <format>Web ARChive GZ</format>
  </file>
  <file name="lists.ubuntu.com-archives-ubuntu-l10n-nds.mbox-2016-08-23-ce43f96b-meta.warc.os.cdx.gz" source="derivative">
    <format>WARC CDX Index</format>
    <original>lists.ubuntu.com-archives-ubuntu-l10n-nds.mbox-2016-08-23-ce43f96b-meta.warc.gz</original>
    <mtime>1495616682</mtime>
    <size>47</size>
    <md5>c6467c37ec502842760e7a405864858f</md5>
    <crc32>d75b6d94</crc32>
    <sha1>ee4dd2d378526eb51062a2948d3bd3e44b1cdee2</sha1>
  </file>
  <file name="lists.ubuntu.com-archives-ubuntu-l10n-nl-2016-08-23-79d402bf-00000.warc.gz" source="original">
    <mtime>1495614418</mtime>
    <size>17212563</size>
    <md5>831f767637733a0df282f805faeb467c</md5>
    <crc32>27952ace</crc32>
    <sha1>a82aafdbd7b1c7d2f64bd18cf15f0b1c76e8aec1</sha1>
    <format>Web ARChive GZ</format>
  </file>
  <file name="lists.ubuntu.com-archives-ubuntu-l10n-nl-2016-08-23-79d402bf-00000.warc.os.cdx.gz" source="derivative">
    <format>WARC CDX Index</format>
    <original>lists.ubuntu.com-archives-ubuntu-l10n-nl-2016-08-23-79d402bf-00000.warc.gz</original>
    <mtime>1495616649</mtime>
    <size>193374</size>
    <md5>6c772c66d6039239c8a69a81073f2c1d</md5>
    <crc32>99f7365c</crc32>
    <sha1>f5e1bc40ad5e4396b9785f29bfacd93af35764cb</sha1>
  </file>
  <file name="lists.ubuntu.com-archives-ubuntu-l10n-nl-2016-08-23-79d402bf-meta.warc.gz" source="original">
    <mtime>1495614423</mtime>
    <size>93420</size>
    <md5>76709a2f481b0b1b6703072f6ef95cd2</md5>
    <crc32>cbe28263</crc32>
    <sha1>c341c6e2153eea8d15d130801ed443d747f5c2ed</sha1>
    <format>Web ARChive GZ</format>
  </file>
  <file name="lists.ubuntu.com-archives-ubuntu-l10n-nl-2016-08-23-79d402bf-meta.warc.os.cdx.gz" source="derivative">
    <format>WARC CDX Index</format>
    <original>lists.ubuntu.com-archives-ubuntu-l10n-nl-2016-08-23-79d402bf-meta.warc.gz</original>
    <mtime>1495616685</mtime>
    <size>47</size>
    <md5>cb9b7212bb3e91b433cbd83d9c9ad242</md5>
    <crc32>d951ab34</crc32>
    <sha1>cadbaac3c2f2b7470ef17bbc1f1dc5f9a9dd4f28</sha1>
  </file>
  <file name="lists.ubuntu.com-archives-ubuntu-l10n-nl.mbox-2016-08-23-e1d9fc17-00000.warc.gz" source="original">
    <mtime>1495614428</mtime>
    <size>7340253</size>
    <md5>8b23864bcc5bbccd6b8346267db40f81</md5>
    <crc32>a62ce295</crc32>
    <sha1>2bca45a40702241517810e72af8f927e92c8323e</sha1>
    <format>Web ARChive GZ</format>
  </file>
  <file name="lists.ubuntu.com-archives-ubuntu-l10n-nl.mbox-2016-08-23-e1d9fc17-00000.warc.os.cdx.gz" source="derivative">
    <format>WARC CDX Index</format>
    <original>lists.ubuntu.com-archives-ubuntu-l10n-nl.mbox-2016-08-23-e1d9fc17-00000.warc.gz</original>
    <mtime>1495616695</mtime>
    <size>445</size>
    <md5>99bfe758512c64018d2a5faa27ac35a3</md5>
    <crc32>7f985da8</crc32>
    <sha1>afd1a160ccfa0cf516ea600fdf8dbeab422128ef</sha1>
  </file>
  <file name="lists.ubuntu.com-archives-ubuntu-l10n-nl.mbox-2016-08-23-e1d9fc17-meta.warc.gz" source="original">
    <mtime>1495614433</mtime>
    <size>3114</size>
    <md5>302e3862c62b8274d6ca922136ccf8de</md5>
    <crc32>35aa70e3</crc32>
    <sha1>9a12e24ad356f8901730af1fae08c22cd9ab9a2a</sha1>
    <format>Web ARChive GZ</format>
  </file>
  <file name="lists.ubuntu.com-archives-ubuntu-l10n-nl.mbox-2016-08-23-e1d9fc17-meta.warc.os.cdx.gz" source="derivative">
    <format>WARC CDX Index</format>
    <original>lists.ubuntu.com-archives-ubuntu-l10n-nl.mbox-2016-08-23-e1d9fc17-meta.warc.gz</original>
    <mtime>1495616637</mtime>
    <size>47</size>
    <md5>dd25f7017b3ff1f8228ffa12a682f999</md5>
    <crc32>e622f16e</crc32>
    <sha1>3a519f6050f6984ad449ab3d4079f34f1f5a4973</sha1>
  </file>
  <file name="lists.ubuntu.com-archives-ubuntu-l10n-ny-2016-08-23-9d862958-00000.warc.gz" source="original">
    <mtime>1495614437</mtime>
    <size>3815</size>
    <md5>8f4cf5e9eefbdef5851a40fc8ae451e6</md5>
    <crc32>1b048948</crc32>
    <sha1>f0bae3dbf2b29a5cd0aa620bc6f92948ee350875</sha1>
    <format>Web ARChive GZ</format>
  </file>
  <file name="lists.ubuntu.com-archives-ubuntu-l10n-ny-2016-08-23-9d862958-00000.warc.os.cdx.gz" source="derivative">
    <format>WARC CDX Index</format>
    <original>lists.ubuntu.com-archives-ubuntu-l10n-ny-2016-08-23-9d862958-00000.warc.gz</original>
    <mtime>1495616699</mtime>
    <size>223</size>
    <md5>b1d23dfa4e9334c4a2e5d4505a3a21b7</md5>
    <crc32>c3a40e6d</crc32>
    <sha1>63c637c9c0a0ea43bc452601804a9cf867ba19aa</sha1>
  </file>
  <file name="lists.ubuntu.com-archives-ubuntu-l10n-ny-2016-08-23-9d862958-meta.warc.gz" source="original">
    <mtime>1495614442</mtime>
    <size>2935</size>
    <md5>1106832dcf5826274bc10d5ae9e1140f</md5>
    <crc32>a9ad4efa</crc32>
    <sha1>db428328a0208df7a0a175cea2da8f3754d13379</sha1>
    <format>Web ARChive GZ</format>
  </file>
  <file name="lists.ubuntu.com-archives-ubuntu-l10n-ny-2016-08-23-9d862958-meta.warc.os.cdx.gz" source="derivative">
    <format>WARC CDX Index</format>
    <original>lists.ubuntu.com-archives-ubuntu-l10n-ny-2016-08-23-9d862958-meta.warc.gz</original>
    <mtime>1495616702</mtime>
    <size>47</size>
    <md5>2aac6f36e8ad76ce12be55b27fadfe1b</md5>
    <crc32>ba7cca0f</crc32>
    <sha1>2cf7780240f33b5615b7982eb872b76e449a5bd7</sha1>
  </file>
  <file name="lists.ubuntu.com-archives-ubuntu-l10n-ny.mbox-2016-08-23-819518d5-00000.warc.gz" source="original">
    <mtime>1495614446</mtime>
    <size>6439</size>
    <md5>f52d158f75c93b858ba912872994d835</md5>
    <crc32>f3f486bc</crc32>
    <sha1>45b365af9c050ef73f8a9d61e6ac6e7f0f7485ae</sha1>
    <format>Web ARChive GZ</format>
  </file>
  <file name="lists.ubuntu.com-archives-ubuntu-l10n-ny.mbox-2016-08-23-819518d5-00000.warc.os.cdx.gz" source="derivative">
    <format>WARC CDX Index</format>
    <original>lists.ubuntu.com-archives-ubuntu-l10n-ny.mbox-2016-08-23-819518d5-00000.warc.gz</original>
    <mtime>1495616705</mtime>
    <size>337</size>
    <md5>8c0b55ee539ef5e2bb5db12a8d569a7a</md5>
    <crc32>e8971fa8</crc32>
    <sha1>f64f892599c37575d28b1d2e6f4bcfbc2cef9da8</sha1>
  </file>
  <file name="lists.ubuntu.com-archives-ubuntu-l10n-ny.mbox-2016-08-23-819518d5-meta.warc.gz" source="original">
    <mtime>1495614450</mtime>
    <size>3041</size>
    <md5>36d3ba2bdd3f276e34e7af60b0d5d00d</md5>
    <crc32>00c8ed84</crc32>
    <sha1>ba8c182e3e86da7b5620656373863359567586e0</sha1>
    <format>Web ARChive GZ</format>
  </file>
  <file name="lists.ubuntu.com-archives-ubuntu-l10n-ny.mbox-2016-08-23-819518d5-meta.warc.os.cdx.gz" source="derivative">
    <format>WARC CDX Index</format>
    <original>lists.ubuntu.com-archives-ubuntu-l10n-ny.mbox-2016-08-23-819518d5-meta.warc.gz</original>
    <mtime>1495616708</mtime>
    <size>47</size>
    <md5>0197b6512ff0c2d966ca47ab1a1dbd11</md5>
    <crc32>81fbf0e2</crc32>
    <sha1>9e6276d3fc2be27818aaee88d00b545d77a424c6</sha1>
  </file>
  <file name="lists.ubuntu.com-archives-ubuntu-l10n-oci-2016-08-23-ecad0afc-00000.warc.gz" source="original">
    <mtime>1495614460</mtime>
    <size>757865</size>
    <md5>8bb727ab8b018e184c023d99a947ce1d</md5>
    <crc32>3c54c954</crc32>
    <sha1>aad65594f19df3b75d09855d73baa35ca0bb7c3b</sha1>
    <format>Web ARChive GZ</format>
  </file>
  <file name="lists.ubuntu.com-archives-ubuntu-l10n-oci-2016-08-23-ecad0afc-00000.warc.os.cdx.gz" source="derivative">
    <format>WARC CDX Index</format>
    <original>lists.ubuntu.com-archives-ubuntu-l10n-oci-2016-08-23-ecad0afc-00000.warc.gz</original>
    <mtime>1495616713</mtime>
    <size>7512</size>
    <md5>5b9f78fe908155078c0662696b0a4419</md5>
    <crc32>75d479a1</crc32>
    <sha1>dc38f6c8fd63619cecf5fe954fcd85846d878924</sha1>
  </file>
  <file name="lists.ubuntu.com-archives-ubuntu-l10n-oci-2016-08-23-ecad0afc-meta.warc.gz" source="original">
    <mtime>1495614465</mtime>
    <size>6656</size>
    <md5>466598c0c93fe104f107be32659c1f2d</md5>
    <crc32>6170d1cc</crc32>
    <sha1>0e8265c35113de6701aefd06942e463087716b09</sha1>
    <format>Web ARChive GZ</format>
  </file>
  <file name="lists.ubuntu.com-archives-ubuntu-l10n-oci-2016-08-23-ecad0afc-meta.warc.os.cdx.gz" source="derivative">
    <format>WARC CDX Index</format>
    <original>lists.ubuntu.com-archives-ubuntu-l10n-oci-2016-08-23-ecad0afc-meta.warc.gz</original>
    <mtime>1495616716</mtime>
    <size>47</size>
    <md5>058ad6d0d5288a72035d802853bb4f2b</md5>
    <crc32>d4f74df9</crc32>
    <sha1>5c8a570307d32042f1e934d23e67fa67f57a79c7</sha1>
  </file>
  <file name="lists.ubuntu.com-archives-ubuntu-l10n-oci.mbox-2016-08-23-0800c138-00000.warc.gz" source="original">
    <mtime>1495614470</mtime>
    <size>251053</size>
    <md5>8912236dbea23f1f6d22f82dcde158bb</md5>
    <crc32>efb72bac</crc32>
    <sha1>167a0e00ea672c20b8ac55ed2b2969636e9ee96a</sha1>
    <format>Web ARChive GZ</format>
  </file>
  <file name="lists.ubuntu.com-archives-ubuntu-l10n-oci.mbox-2016-08-23-0800c138-00000.warc.os.cdx.gz" source="derivative">
    <format>WARC CDX Index</format>
    <original>lists.ubuntu.com-archives-ubuntu-l10n-oci.mbox-2016-08-23-0800c138-00000.warc.gz</original>
    <mtime>1495616719</mtime>
    <size>437</size>
    <md5>40b42f732df05673e841da003f13b610</md5>
    <crc32>442eb83a</crc32>
    <sha1>4f761e38bddd7875c3d5eca46e0fcee9756b7189</sha1>
  </file>
  <file name="lists.ubuntu.com-archives-ubuntu-l10n-oci.mbox-2016-08-23-0800c138-meta.warc.gz" source="original">
    <mtime>1495614475</mtime>
    <size>3111</size>
    <md5>4cf4ca04f1fd6f3856ec9c6fba98f0e5</md5>
    <crc32>3c88d0f5</crc32>
    <sha1>5279e4118260b36bd28aa812c7b7cb8b7a42310d</sha1>
    <format>Web ARChive GZ</format>
  </file>
  <file name="lists.ubuntu.com-archives-ubuntu-l10n-oci.mbox-2016-08-23-0800c138-meta.warc.os.cdx.gz" source="derivative">
    <format>WARC CDX Index</format>
    <original>lists.ubuntu.com-archives-ubuntu-l10n-oci.mbox-2016-08-23-0800c138-meta.warc.gz</original>
    <mtime>1495616722</mtime>
    <size>47</size>
    <md5>3b07abd9e2e4b8a72ef8071e82db910b</md5>
    <crc32>62fbba8f</crc32>
    <sha1>a5eb35ea40b2a125083a8d9e2b6661d2b8eeb045</sha1>
  </file>
  <file name="lists.ubuntu.com-archives-ubuntu-l10n-oji-2016-08-23-bb245ec5-00000.warc.gz" source="original">
    <mtime>1495614480</mtime>
    <size>1379862</size>
    <md5>20201d9fff43e108bda0002b5d065118</md5>
    <crc32>de603d2d</crc32>
    <sha1>01651383f5fd98f29b74766287d5f47d3118c0a6</sha1>
    <format>Web ARChive GZ</format>
  </file>
  <file name="lists.ubuntu.com-archives-ubuntu-l10n-oji-2016-08-23-bb245ec5-00000.warc.os.cdx.gz" source="derivative">
    <format>WARC CDX Index</format>
    <original>lists.ubuntu.com-archives-ubuntu-l10n-oji-2016-08-23-bb245ec5-00000.warc.gz</original>
    <mtime>1495616725</mtime>
    <size>25123</size>
    <md5>7bdf5b7d7ec8d976eb3b575e2e4e533a</md5>
    <crc32>2d6cf672</crc32>
    <sha1>0297e06041172c7a73cc56ae6441e0ba45d9fdc2</sha1>
  </file>
  <file name="lists.ubuntu.com-archives-ubuntu-l10n-oji-2016-08-23-bb245ec5-meta.warc.gz" source="original">
    <mtime>1495614485</mtime>
    <size>15133</size>
    <md5>8dd571a06b98cd512f84068a2d59a05f</md5>
    <crc32>ff8f045c</crc32>
    <sha1>0821669af36e4e83d505b61444caeb45838a875f</sha1>
    <format>Web ARChive GZ</format>
  </file>
  <file name="lists.ubuntu.com-archives-ubuntu-l10n-oji-2016-08-23-bb245ec5-meta.warc.os.cdx.gz" source="derivative">
    <format>WARC CDX Index</format>
    <original>lists.ubuntu.com-archives-ubuntu-l10n-oji-2016-08-23-bb245ec5-meta.warc.gz</original>
    <mtime>1495616728</mtime>
    <size>47</size>
    <md5>d49fa7acdc3c6c36c058bd364d64e348</md5>
    <crc32>b9d0ea62</crc32>
    <sha1>1161ec66afc7a2fbeb7dacd5b83406350a001ac3</sha1>
  </file>
  <file name="lists.ubuntu.com-archives-ubuntu-l10n-oji.mbox-2016-08-23-04fb149b-00000.warc.gz" source="original">
    <mtime>1495614494</mtime>
    <size>229757</size>
    <md5>e3e3e7f61a40d07510b29fa328f4651c</md5>
    <crc32>c3e8b31c</crc32>
    <sha1>5240b75f2042225c44fb4408b62035a0089c3f07</sha1>
    <format>Web ARChive GZ</format>
  </file>
  <file name="lists.ubuntu.com-archives-ubuntu-l10n-oji.mbox-2016-08-23-04fb149b-00000.warc.os.cdx.gz" source="derivative">
    <format>WARC CDX Index</format>
    <original>lists.ubuntu.com-archives-ubuntu-l10n-oji.mbox-2016-08-23-04fb149b-00000.warc.gz</original>
    <mtime>1495616688</mtime>
    <size>444</size>
    <md5>e0c31369ab2b06872fa20a3d3c6697f8</md5>
    <crc32>4abacc0c</crc32>
    <sha1>2f0d95b33ed465f90eb0c7d94301ef57b40eedf2</sha1>
  </file>
  <file name="lists.ubuntu.com-archives-ubuntu-l10n-oji.mbox-2016-08-23-04fb149b-meta.warc.gz" source="original">
    <mtime>1495614498</mtime>
    <size>3111</size>
    <md5>1d524b90a7c2fd8f8a90b29935ec7035</md5>
    <crc32>d45f02b2</crc32>
    <sha1>1217935a931e17b8d2ff7670ed8121a0976685e8</sha1>
    <format>Web ARChive GZ</format>
  </file>
  <file name="lists.ubuntu.com-archives-ubuntu-l10n-oji.mbox-2016-08-23-04fb149b-meta.warc.os.cdx.gz" source="derivative">
    <format>WARC CDX Index</format>
    <original>lists.ubuntu.com-archives-ubuntu-l10n-oji.mbox-2016-08-23-04fb149b-meta.warc.gz</original>
    <mtime>1495616595</mtime>
    <size>47</size>
    <md5>6afe2a7b975b50716f4049c2a28144cd</md5>
    <crc32>75748e03</crc32>
    <sha1>da3652dcf816057af6317828858ef9e2e9120987</sha1>
  </file>
  <file name="lists.ubuntu.com-archives-ubuntu-l10n-ori-2016-08-23-11a6aca3-00000.warc.gz" source="original">
    <mtime>1495614503</mtime>
    <size>3822</size>
    <md5>03cfbc10a1d013aa27b6f745d078de2f</md5>
    <crc32>87ab49a1</crc32>
    <sha1>105fb98f48a6ed4eda2199402c43f68515314613</sha1>
    <format>Web ARChive GZ</format>
  </file>
  <file name="lists.ubuntu.com-archives-ubuntu-l10n-ori-2016-08-23-11a6aca3-00000.warc.os.cdx.gz" source="derivative">
    <format>WARC CDX Index</format>
    <original>lists.ubuntu.com-archives-ubuntu-l10n-ori-2016-08-23-11a6aca3-00000.warc.gz</original>
    <mtime>1495616856</mtime>
    <size>224</size>
    <md5>3bf8821fee89775cd8f6a728851a55e1</md5>
    <crc32>108cac95</crc32>
    <sha1>f541afd6d2215839733b8cfa22efab84488b7732</sha1>
  </file>
  <file name="lists.ubuntu.com-archives-ubuntu-l10n-ori-2016-08-23-11a6aca3-meta.warc.gz" source="original">
    <mtime>1495614507</mtime>
    <size>2932</size>
    <md5>ea105c3bfd473ec51a8fde838bfc1bbd</md5>
    <crc32>d977da08</crc32>
    <sha1>47d8172ef395ffd5873076df200888cf46ba0246</sha1>
    <format>Web ARChive GZ</format>
  </file>
  <file name="lists.ubuntu.com-archives-ubuntu-l10n-ori-2016-08-23-11a6aca3-meta.warc.os.cdx.gz" source="derivative">
    <format>WARC CDX Index</format>
    <original>lists.ubuntu.com-archives-ubuntu-l10n-ori-2016-08-23-11a6aca3-meta.warc.gz</original>
    <mtime>1495616852</mtime>
    <size>47</size>
    <md5>4794ba8b13fb78baf6e5180c83a68fe7</md5>
    <crc32>da47cc4d</crc32>
    <sha1>d243155875ba16fde0128b5bf89293647dc382ea</sha1>
  </file>
  <file name="lists.ubuntu.com-archives-ubuntu-l10n-ori.mbox-2016-08-23-7a793bf5-00000.warc.gz" source="original">
    <mtime>1495614511</mtime>
    <size>6452</size>
    <md5>a1f6625d3801889c5e1e8906a1f43d39</md5>
    <crc32>6c2e64b6</crc32>
    <sha1>1806faf738542f3c146c0b839c2e32e5b8abae7b</sha1>
    <format>Web ARChive GZ</format>
  </file>
  <file name="lists.ubuntu.com-archives-ubuntu-l10n-ori.mbox-2016-08-23-7a793bf5-00000.warc.os.cdx.gz" source="derivative">
    <format>WARC CDX Index</format>
    <original>lists.ubuntu.com-archives-ubuntu-l10n-ori.mbox-2016-08-23-7a793bf5-00000.warc.gz</original>
    <mtime>1495616862</mtime>
    <size>338</size>
    <md5>04ad29a54397fcd576ea346ac4283bdf</md5>
    <crc32>12d32d37</crc32>
    <sha1>16954b20fb64f9356d335ad6dca3fd26e8e76e51</sha1>
  </file>
  <file name="lists.ubuntu.com-archives-ubuntu-l10n-ori.mbox-2016-08-23-7a793bf5-meta.warc.gz" source="original">
    <mtime>1495614516</mtime>
    <size>3040</size>
    <md5>893e6b86eb842bbd981aaf49970ddb6b</md5>
    <crc32>f86d3254</crc32>
    <sha1>3dd773dd8d3668be15271283bf0d6fb2f176ac1b</sha1>
    <format>Web ARChive GZ</format>
  </file>
  <file name="lists.ubuntu.com-archives-ubuntu-l10n-ori.mbox-2016-08-23-7a793bf5-meta.warc.os.cdx.gz" source="derivative">
    <format>WARC CDX Index</format>
    <original>lists.ubuntu.com-archives-ubuntu-l10n-ori.mbox-2016-08-23-7a793bf5-meta.warc.gz</original>
    <mtime>1495616744</mtime>
    <size>47</size>
    <md5>00cb6888a9e9e14aa81f96c08ef9f13b</md5>
    <crc32>9c8a6279</crc32>
    <sha1>f9ce4f6e5c620c860df2caf77e8e8dbcd1221813</sha1>
  </file>
  <file name="lists.ubuntu.com-archives-ubuntu-l10n-p_r.mbox-2016-08-23-b866d4be-00000.warc.gz" source="original">
    <mtime>1495614534</mtime>
    <size>16213375</size>
    <md5>b04850ceebc21794f3520dab122da0e0</md5>
    <crc32>3676490b</crc32>
    <sha1>b8d306302644c12b15342c1bb1bf60938e99c87c</sha1>
    <format>Web ARChive GZ</format>
  </file>
  <file name="lists.ubuntu.com-archives-ubuntu-l10n-p_r.mbox-2016-08-23-b866d4be-00000.warc.os.cdx.gz" source="derivative">
    <format>WARC CDX Index</format>
    <original>lists.ubuntu.com-archives-ubuntu-l10n-p_r.mbox-2016-08-23-b866d4be-00000.warc.gz</original>
    <mtime>1495616748</mtime>
    <size>449</size>
    <md5>7d0d2f2f6ad621671b8cecf9c377ba9f</md5>
    <crc32>d8bfb1c7</crc32>
    <sha1>8093940eee95432b05529506336a0f3159889242</sha1>
  </file>
  <file name="lists.ubuntu.com-archives-ubuntu-l10n-ptbr-2016-08-23-51ae3402-00000.warc.gz" source="original">
    <mtime>1495614523</mtime>
    <size>40627033</size>
    <md5>356f9b324dc4ac7d15e105ff75db289e</md5>
    <crc32>7e0ecf4d</crc32>
    <sha1>f09b1d9cdda0a0e63889964aaf71283cb9c80d52</sha1>
    <format>Web ARChive GZ</format>
  </file>
  <file name="lists.ubuntu.com-archives-ubuntu-l10n-ptbr-2016-08-23-51ae3402-00000.warc.os.cdx.gz" source="derivative">
    <format>WARC CDX Index</format>
    <original>lists.ubuntu.com-archives-ubuntu-l10n-ptbr-2016-08-23-51ae3402-00000.warc.gz</original>
    <mtime>1495616767</mtime>
    <size>522252</size>
    <md5>d2adf7f0259243e4e1ec91dbb3350e4e</md5>
    <crc32>264105f3</crc32>
    <sha1>b63a0451a4b8ffba71f8d73cc7ef278fa8bd8487</sha1>
  </file>
  <file name="lists.ubuntu.com-archives-ubuntu-l10n-ptbr-2016-08-23-51ae3402-meta.warc.gz" source="original">
    <mtime>1495614528</mtime>
    <size>250193</size>
    <md5>b9d78e1e249ca8246950202196522eb7</md5>
    <crc32>d1b8a633</crc32>
    <sha1>35af1af1222584f0afa9cbd799065656ffba1314</sha1>
    <format>Web ARChive GZ</format>
  </file>
  <file name="lists.ubuntu.com-archives-ubuntu-l10n-ptbr-2016-08-23-51ae3402-meta.warc.os.cdx.gz" source="derivative">
    <format>WARC CDX Index</format>
    <original>lists.ubuntu.com-archives-ubuntu-l10n-ptbr-2016-08-23-51ae3402-meta.warc.gz</original>
    <mtime>1495616770</mtime>
    <size>47</size>
    <md5>13737dadd6f9464fa568d7f6a7aba92b</md5>
    <crc32>fcb1643b</crc32>
    <sha1>87ff151983cdc9f25a2289e857e776cf507d8eca</sha1>
  </file>
  <file name="lists.ubuntu.com-archives-ubuntu-l10n-ptbr.mbox-2016-08-23-b866d4be-meta.warc.gz" source="original">
    <mtime>1495614538</mtime>
    <size>3115</size>
    <md5>57c6592c01ccccc1ba1ad1c8cd0eaefa</md5>
    <crc32>eee63425</crc32>
    <sha1>cfca9fd21063f96c2a7daa9ab4f62ffe1b779ee7</sha1>
    <format>Web ARChive GZ</format>
  </file>
  <file name="lists.ubuntu.com-archives-ubuntu-l10n-ptbr.mbox-2016-08-23-b866d4be-meta.warc.os.cdx.gz" source="derivative">
    <format>WARC CDX Index</format>
    <original>lists.ubuntu.com-archives-ubuntu-l10n-ptbr.mbox-2016-08-23-b866d4be-meta.warc.gz</original>
    <mtime>1495616773</mtime>
    <size>47</size>
    <md5>b67cd3f13574bad1e86c1ac7b6db11df</md5>
    <crc32>f2bba29b</crc32>
    <sha1>f24f7bc66d867b547dadc0a28f1b36f53547d0e3</sha1>
  </file>
  <file name="lists.ubuntu.com-archives-ubuntu-l10n-que-2016-08-23-939f4082-00000.warc.gz" source="original">
    <mtime>1495614542</mtime>
    <size>3815</size>
    <md5>45c9619341fd945e414630435893e3c2</md5>
    <crc32>0fe37d8b</crc32>
    <sha1>753cc996f63e1cded962e5ed83eeb3026c370f0c</sha1>
    <format>Web ARChive GZ</format>
  </file>
  <file name="lists.ubuntu.com-archives-ubuntu-l10n-que-2016-08-23-939f4082-00000.warc.os.cdx.gz" source="derivative">
    <format>WARC CDX Index</format>
    <original>lists.ubuntu.com-archives-ubuntu-l10n-que-2016-08-23-939f4082-00000.warc.gz</original>
    <mtime>1495616776</mtime>
    <size>224</size>
    <md5>8b2da0b2472e27cb9123e7c09d408c12</md5>
    <crc32>6a8c83a1</crc32>
    <sha1>6ec2e7fc64c42b4bf69318feb96fd64f97ab7c2b</sha1>
  </file>
  <file name="lists.ubuntu.com-archives-ubuntu-l10n-que-2016-08-23-939f4082-meta.warc.gz" source="original">
    <mtime>1495614547</mtime>
    <size>2935</size>
    <md5>4a3f5f1f649abf5ae03ea6d44f1e1b17</md5>
    <crc32>016c8916</crc32>
    <sha1>8d0bf453af4600ded125ebd8b77a6750ded2ecad</sha1>
    <format>Web ARChive GZ</format>
  </file>
  <file name="lists.ubuntu.com-archives-ubuntu-l10n-que-2016-08-23-939f4082-meta.warc.os.cdx.gz" source="derivative">
    <format>WARC CDX Index</format>
    <original>lists.ubuntu.com-archives-ubuntu-l10n-que-2016-08-23-939f4082-meta.warc.gz</original>
    <mtime>1495616779</mtime>
    <size>47</size>
    <md5>321f6d76ee7485311e2ccebbe470d3d4</md5>
    <crc32>eeae2fdb</crc32>
    <sha1>177851b8e44bccb99f84389627b52cbb7a10abd1</sha1>
  </file>
  <file name="lists.ubuntu.com-archives-ubuntu-l10n-que.mbox-2016-08-23-ddf15b20-00000.warc.gz" source="original">
    <mtime>1495614552</mtime>
    <size>6450</size>
    <md5>fc685a0d8274f815ca6dc65d0b510759</md5>
    <crc32>afdec5eb</crc32>
    <sha1>ece91c844c10d8f0b9762d1fc3b3bcf17878553a</sha1>
    <format>Web ARChive GZ</format>
  </file>
  <file name="lists.ubuntu.com-archives-ubuntu-l10n-que.mbox-2016-08-23-ddf15b20-00000.warc.os.cdx.gz" source="derivative">
    <format>WARC CDX Index</format>
    <original>lists.ubuntu.com-archives-ubuntu-l10n-que.mbox-2016-08-23-ddf15b20-00000.warc.gz</original>
    <mtime>1495616783</mtime>
    <size>336</size>
    <md5>4a3b4ac2b1819cb2f1a28758084e629a</md5>
    <crc32>90c1683b</crc32>
    <sha1>e65cfe5cf0a0cf5c2d1eea9d2336c5cfcec2feeb</sha1>
  </file>
  <file name="lists.ubuntu.com-archives-ubuntu-l10n-que.mbox-2016-08-23-ddf15b20-meta.warc.gz" source="original">
    <mtime>1495614556</mtime>
    <size>3040</size>
    <md5>7fe2d3b46cfaa18fe28ebe1d0b6151a7</md5>
    <crc32>4f0823bb</crc32>
    <sha1>12b980867e9db0b91b6eb2a21b2e062a8ef48a96</sha1>
    <format>Web ARChive GZ</format>
  </file>
  <file name="lists.ubuntu.com-archives-ubuntu-l10n-que.mbox-2016-08-23-ddf15b20-meta.warc.os.cdx.gz" source="derivative">
    <format>WARC CDX Index</format>
    <original>lists.ubuntu.com-archives-ubuntu-l10n-que.mbox-2016-08-23-ddf15b20-meta.warc.gz</original>
    <mtime>1495616786</mtime>
    <size>47</size>
    <md5>bc272bc0ef72e2df75e86b4f30eeedb2</md5>
    <crc32>56a81e0d</crc32>
    <sha1>1bb2def42b9f0fc38eb1fe80eb13294e044fbbc9</sha1>
  </file>
  <file name="lists.ubuntu.com-archives-ubuntu-l10n-ru-2016-08-23-d31b3d74-00000.warc.gz" source="original">
    <mtime>1495614562</mtime>
    <size>17989247</size>
    <md5>d10b319ab15f4cd38bbbdcbf14f99e45</md5>
    <crc32>11673940</crc32>
    <sha1>42347b4cb6e15fe6b96fac1d3ab945b6290a1cce</sha1>
    <format>Web ARChive GZ</format>
  </file>
  <file name="lists.ubuntu.com-archives-ubuntu-l10n-ru-2016-08-23-d31b3d74-00000.warc.os.cdx.gz" source="derivative">
    <format>WARC CDX Index</format>
    <original>lists.ubuntu.com-archives-ubuntu-l10n-ru-2016-08-23-d31b3d74-00000.warc.gz</original>
    <mtime>1495616801</mtime>
    <size>278675</size>
    <md5>d52f2fedc482a0eb61319624f0eafb09</md5>
    <crc32>31fe0f94</crc32>
    <sha1>913614b66c208755aff7424c1c7bcc4dff0de3a8</sha1>
  </file>
  <file name="lists.ubuntu.com-archives-ubuntu-l10n-ru-2016-08-23-d31b3d74-meta.warc.gz" source="original">
    <mtime>1495614568</mtime>
    <size>131939</size>
    <md5>5732cad4465f319494db1f7cda9043cd</md5>
    <crc32>5200cc5f</crc32>
    <sha1>07e7619070256dfeb8746231c765bbc640175e8b</sha1>
    <format>Web ARChive GZ</format>
  </file>
  <file name="lists.ubuntu.com-archives-ubuntu-l10n-ru-2016-08-23-d31b3d74-meta.warc.os.cdx.gz" source="derivative">
    <format>WARC CDX Index</format>
    <original>lists.ubuntu.com-archives-ubuntu-l10n-ru-2016-08-23-d31b3d74-meta.warc.gz</original>
    <mtime>1495616804</mtime>
    <size>47</size>
    <md5>ad89b9d515ae31a68466923b465fb5b7</md5>
    <crc32>3aeba64d</crc32>
    <sha1>44a36f6692d14af4df104ace1ff34e631f87c316</sha1>
  </file>
  <file name="lists.ubuntu.com-archives-ubuntu-l10n-ru.mbox-2016-08-23-2d5fb29d-00000.warc.gz" source="original">
    <mtime>1495614573</mtime>
    <size>5501352</size>
    <md5>4d7c4c4d460acf3857cb4456a65bf16b</md5>
    <crc32>735a4272</crc32>
    <sha1>218f410ba1687ef3ed923f1374b2af4308ab5846</sha1>
    <format>Web ARChive GZ</format>
  </file>
  <file name="lists.ubuntu.com-archives-ubuntu-l10n-ru.mbox-2016-08-23-2d5fb29d-00000.warc.os.cdx.gz" source="derivative">
    <format>WARC CDX Index</format>
    <original>lists.ubuntu.com-archives-ubuntu-l10n-ru.mbox-2016-08-23-2d5fb29d-00000.warc.gz</original>
    <mtime>1495616808</mtime>
    <size>444</size>
    <md5>b5f911f13fe8e860ba8232b5330e1b06</md5>
    <crc32>f3528b1b</crc32>
    <sha1>9195f31e16b722e7bd465ee5e0c9dab666f01739</sha1>
  </file>
  <file name="lists.ubuntu.com-archives-ubuntu-l10n-ru.mbox-2016-08-23-2d5fb29d-meta.warc.gz" source="original">
    <mtime>1495614578</mtime>
    <size>3101</size>
    <md5>ceab018cced410e8f1a9c8a3a358bf0a</md5>
    <crc32>013dd995</crc32>
    <sha1>c9cec5a958f789d7a89af91133e02eb203420c9f</sha1>
    <format>Web ARChive GZ</format>
  </file>
  <file name="lists.ubuntu.com-archives-ubuntu-l10n-ru.mbox-2016-08-23-2d5fb29d-meta.warc.os.cdx.gz" source="derivative">
    <format>WARC CDX Index</format>
    <original>lists.ubuntu.com-archives-ubuntu-l10n-ru.mbox-2016-08-23-2d5fb29d-meta.warc.gz</original>
    <mtime>1495616552</mtime>
    <size>47</size>
    <md5>78e62de581d0682398d1773af94e72c8</md5>
    <crc32>09e04215</crc32>
    <sha1>7caa2a262985a0a7a1c615d3b6b48644608f771c</sha1>
  </file>
  <file name="lists.ubuntu.com-archives-ubuntu-l10n-shs-2016-08-23-1ed50d1f-00000.warc.gz" source="original">
    <mtime>1495614582</mtime>
    <size>136237</size>
    <md5>cf2ece322ece6686f53fc71f7d34ebd3</md5>
    <crc32>c8c01f64</crc32>
    <sha1>5d89c7390fed9daa66691273c3682f496bb13406</sha1>
    <format>Web ARChive GZ</format>
  </file>
  <file name="lists.ubuntu.com-archives-ubuntu-l10n-shs-2016-08-23-1ed50d1f-00000.warc.os.cdx.gz" source="derivative">
    <format>WARC CDX Index</format>
    <original>lists.ubuntu.com-archives-ubuntu-l10n-shs-2016-08-23-1ed50d1f-00000.warc.gz</original>
    <mtime>1495616814</mtime>
    <size>2811</size>
    <md5>b30204cb087bda28d616f8a354ed3547</md5>
    <crc32>78b8c80e</crc32>
    <sha1>6d9203ca174c4fc8ec352ec863b20803c51acf1e</sha1>
  </file>
  <file name="lists.ubuntu.com-archives-ubuntu-l10n-shs-2016-08-23-1ed50d1f-meta.warc.gz" source="original">
    <mtime>1495614586</mtime>
    <size>4249</size>
    <md5>ecd50e64ebc4414256044ed061a74bc1</md5>
    <crc32>a678a517</crc32>
    <sha1>2a2e07fe4c346d91e43fa09140f271d6d644879b</sha1>
    <format>Web ARChive GZ</format>
  </file>
  <file name="lists.ubuntu.com-archives-ubuntu-l10n-shs-2016-08-23-1ed50d1f-meta.warc.os.cdx.gz" source="derivative">
    <format>WARC CDX Index</format>
    <original>lists.ubuntu.com-archives-ubuntu-l10n-shs-2016-08-23-1ed50d1f-meta.warc.gz</original>
    <mtime>1495616817</mtime>
    <size>47</size>
    <md5>c29c43259f0c70d8644a8311fb86b53b</md5>
    <crc32>10dff72d</crc32>
    <sha1>b7a482a9b87037664ff50518905d42cec5458f87</sha1>
  </file>
  <file name="lists.ubuntu.com-archives-ubuntu-l10n-shs.mbox-2016-08-23-d063ee37-00000.warc.gz" source="original">
    <mtime>1495614590</mtime>
    <size>20070</size>
    <md5>4935181ea70b4077af38224c47eab65a</md5>
    <crc32>a1ee1793</crc32>
    <sha1>496c645f70cff1f4b2697d09e6bb01aa65f6030a</sha1>
    <format>Web ARChive GZ</format>
  </file>
  <file name="lists.ubuntu.com-archives-ubuntu-l10n-shs.mbox-2016-08-23-d063ee37-00000.warc.os.cdx.gz" source="derivative">
    <format>WARC CDX Index</format>
    <original>lists.ubuntu.com-archives-ubuntu-l10n-shs.mbox-2016-08-23-d063ee37-00000.warc.gz</original>
    <mtime>1495616820</mtime>
    <size>437</size>
    <md5>7dad4ffcf3849ae07699b538f02a094c</md5>
    <crc32>7106a0f6</crc32>
    <sha1>0c768ab54e33afa056fbdb608875d1047a093404</sha1>
  </file>
  <file name="lists.ubuntu.com-archives-ubuntu-l10n-shs.mbox-2016-08-23-d063ee37-meta.warc.gz" source="original">
    <mtime>1495614595</mtime>
    <size>3107</size>
    <md5>c0ff02ca4e5db1edeb4e480fea1869bc</md5>
    <crc32>2c07842e</crc32>
    <sha1>ce6fd8a7f0732cbe9f7b4e460e9ff337ea989f13</sha1>
    <format>Web ARChive GZ</format>
  </file>
  <file name="lists.ubuntu.com-archives-ubuntu-l10n-shs.mbox-2016-08-23-d063ee37-meta.warc.os.cdx.gz" source="derivative">
    <format>WARC CDX Index</format>
    <original>lists.ubuntu.com-archives-ubuntu-l10n-shs.mbox-2016-08-23-d063ee37-meta.warc.gz</original>
    <mtime>1495616823</mtime>
    <size>47</size>
    <md5>6421212f6c651e71c30ab23000053b91</md5>
    <crc32>59c6c776</crc32>
    <sha1>6f6b77805a5b32a461ab06fe73c791c377fda05d</sha1>
  </file>
  <file name="lists.ubuntu.com-archives-ubuntu-l10n-slo-2016-08-23-dcb7a8b3-00000.warc.gz" source="original">
    <mtime>1495614600</mtime>
    <size>3815</size>
    <md5>a095d8492120b80693b4d293096de229</md5>
    <crc32>2eb9e946</crc32>
    <sha1>c83dfda45d141c66996f424f91053d0c4eeafa0a</sha1>
    <format>Web ARChive GZ</format>
  </file>
  <file name="lists.ubuntu.com-archives-ubuntu-l10n-slo-2016-08-23-dcb7a8b3-00000.warc.os.cdx.gz" source="derivative">
    <format>WARC CDX Index</format>
    <original>lists.ubuntu.com-archives-ubuntu-l10n-slo-2016-08-23-dcb7a8b3-00000.warc.gz</original>
    <mtime>1495616826</mtime>
    <size>223</size>
    <md5>e81f9d4a5342d4e1f744791c303c5abc</md5>
    <crc32>3c1bf022</crc32>
    <sha1>76b2c8d0b63ca5f5a41caa6c2c0a8fb3e97b7605</sha1>
  </file>
  <file name="lists.ubuntu.com-archives-ubuntu-l10n-slo-2016-08-23-dcb7a8b3-meta.warc.gz" source="original">
    <mtime>1495614607</mtime>
    <size>2936</size>
    <md5>cc9cd617c8dc013a2f4b310ce4e0b02a</md5>
    <crc32>26e33290</crc32>
    <sha1>8a8d6f44c62653995d78832094d80d26bb38fa77</sha1>
    <format>Web ARChive GZ</format>
  </file>
  <file name="lists.ubuntu.com-archives-ubuntu-l10n-slo-2016-08-23-dcb7a8b3-meta.warc.os.cdx.gz" source="derivative">
    <format>WARC CDX Index</format>
    <original>lists.ubuntu.com-archives-ubuntu-l10n-slo-2016-08-23-dcb7a8b3-meta.warc.gz</original>
    <mtime>1495616829</mtime>
    <size>47</size>
    <md5>d1dc52b816b9311cb347a2196d9bcb81</md5>
    <crc32>82ed979b</crc32>
    <sha1>b807ae2cd0f32f60b9b04043254120c7cad23cfd</sha1>
  </file>
  <file name="lists.ubuntu.com-archives-ubuntu-l10n-slo.mbox-2016-08-23-2773e15c-00000.warc.gz" source="original">
    <mtime>1495614611</mtime>
    <size>6448</size>
    <md5>346410743bb3f10067b137ef72d9d6fa</md5>
    <crc32>ea459893</crc32>
    <sha1>b488e40c779adfd3270cae21eb2becbb911e80d7</sha1>
    <format>Web ARChive GZ</format>
  </file>
  <file name="lists.ubuntu.com-archives-ubuntu-l10n-slo.mbox-2016-08-23-2773e15c-00000.warc.os.cdx.gz" source="derivative">
    <format>WARC CDX Index</format>
    <original>lists.ubuntu.com-archives-ubuntu-l10n-slo.mbox-2016-08-23-2773e15c-00000.warc.gz</original>
    <mtime>1495616833</mtime>
    <size>339</size>
    <md5>1789fee96cd1d573e1d7365ede7a24ba</md5>
    <crc32>683b38a5</crc32>
    <sha1>11cb80384e8a8f1588b1ea1f379152b12f537c47</sha1>
  </file>
  <file name="lists.ubuntu.com-archives-ubuntu-l10n-slo.mbox-2016-08-23-2773e15c-meta.warc.gz" source="original">
    <mtime>1495614616</mtime>
    <size>3047</size>
    <md5>08cb4574c9d32327b55a12f30cda57df</md5>
    <crc32>bc408de6</crc32>
    <sha1>8b85ec6b53b4ff0486ffb23910bb8b573e0d80e2</sha1>
    <format>Web ARChive GZ</format>
  </file>
  <file name="lists.ubuntu.com-archives-ubuntu-l10n-slo.mbox-2016-08-23-2773e15c-meta.warc.os.cdx.gz" source="derivative">
    <format>WARC CDX Index</format>
    <original>lists.ubuntu.com-archives-ubuntu-l10n-slo.mbox-2016-08-23-2773e15c-meta.warc.gz</original>
    <mtime>1495616836</mtime>
    <size>47</size>
    <md5>f70b6f347d669950097edb91a43ac849</md5>
    <crc32>705eb67b</crc32>
    <sha1>b9c14e4279f8313ed066d0415dd5e19428660f80</sha1>
  </file>
  <file name="lists.ubuntu.com-archives-ubuntu-l10n-slv-2016-08-23-e519fd91-00000.warc.gz" source="original">
    <mtime>1495614620</mtime>
    <size>1764705</size>
    <md5>1bf3194d67088ebb94ed3fa7fbd35d07</md5>
    <crc32>60ffec47</crc32>
    <sha1>86ce9358a0a4e043bd677c6f614a3402b8b872f3</sha1>
    <format>Web ARChive GZ</format>
  </file>
  <file name="lists.ubuntu.com-archives-ubuntu-l10n-slv-2016-08-23-e519fd91-00000.warc.os.cdx.gz" source="derivative">
    <format>WARC CDX Index</format>
    <original>lists.ubuntu.com-archives-ubuntu-l10n-slv-2016-08-23-e519fd91-00000.warc.gz</original>
    <mtime>1495616840</mtime>
    <size>30020</size>
    <md5>15593eebd8a91323b4152906c2057278</md5>
    <crc32>c01fd2c2</crc32>
    <sha1>e06d227ce500acebbc2143da4b0ba0653adb7347</sha1>
  </file>
  <file name="lists.ubuntu.com-archives-ubuntu-l10n-slv-2016-08-23-e519fd91-meta.warc.gz" source="original">
    <mtime>1495614628</mtime>
    <size>17075</size>
    <md5>017c35a116408777ae3881ada8412eb6</md5>
    <crc32>7caf8250</crc32>
    <sha1>11bbe186d4abeab5174b84cd5f26f1369e04b967</sha1>
    <format>Web ARChive GZ</format>
  </file>
  <file name="lists.ubuntu.com-archives-ubuntu-l10n-slv-2016-08-23-e519fd91-meta.warc.os.cdx.gz" source="derivative">
    <format>WARC CDX Index</format>
    <original>lists.ubuntu.com-archives-ubuntu-l10n-slv-2016-08-23-e519fd91-meta.warc.gz</original>
    <mtime>1495616843</mtime>
    <size>47</size>
    <md5>5c31905b07ef93ef1a01196399d8164e</md5>
    <crc32>2b58cdc0</crc32>
    <sha1>fea3ed98c3dee05fc50eabf3cbdaa0cc2431dc49</sha1>
  </file>
  <file name="lists.ubuntu.com-archives-ubuntu-l10n-slv.mbox-2016-08-23-431bc0f6-00000.warc.gz" source="original">
    <mtime>1495614633</mtime>
    <size>245467</size>
    <md5>bb9cb78eedd2e7a72e2c8898f15b58c0</md5>
    <crc32>aa7b95cd</crc32>
    <sha1>85130e5ef1a75f624ae191536e59bc62fb4666e4</sha1>
    <format>Web ARChive GZ</format>
  </file>
  <file name="lists.ubuntu.com-archives-ubuntu-l10n-slv.mbox-2016-08-23-431bc0f6-00000.warc.os.cdx.gz" source="derivative">
    <format>WARC CDX Index</format>
    <original>lists.ubuntu.com-archives-ubuntu-l10n-slv.mbox-2016-08-23-431bc0f6-00000.warc.gz</original>
    <mtime>1495616846</mtime>
    <size>440</size>
    <md5>0d17c4d38f3bc79b092b1f8e8e050e02</md5>
    <crc32>39a28b3f</crc32>
    <sha1>a68592ac1f7b37f37b9220129b72607390d74bc0</sha1>
  </file>
  <file name="lists.ubuntu.com-archives-ubuntu-l10n-slv.mbox-2016-08-23-431bc0f6-meta.warc.gz" source="original">
    <mtime>1495614637</mtime>
    <size>3105</size>
    <md5>b7aaafe56e117a489ae76e13f51f3d8b</md5>
    <crc32>567be716</crc32>
    <sha1>a2c7cbc83913549aacaa05e9870e9ec34f98e7ff</sha1>
    <format>Web ARChive GZ</format>
  </file>
  <file name="lists.ubuntu.com-archives-ubuntu-l10n-slv.mbox-2016-08-23-431bc0f6-meta.warc.os.cdx.gz" source="derivative">
    <format>WARC CDX Index</format>
    <original>lists.ubuntu.com-archives-ubuntu-l10n-slv.mbox-2016-08-23-431bc0f6-meta.warc.gz</original>
    <mtime>1495616849</mtime>
    <size>47</size>
    <md5>395b5d8859f0e43a4ad0a5454df43b70</md5>
    <crc32>5a6ae71b</crc32>
    <sha1>294e031ff0a249c86049ce42b4e76b17f09989fe</sha1>
  </file>
  <file name="lists.ubuntu.com-archives-ubuntu-l10n-swa-2016-08-23-114bab26-00000.warc.gz" source="original">
    <mtime>1495614651</mtime>
    <size>30956</size>
    <md5>01e3d60fcf4cbaf502c2906a8847c3d7</md5>
    <crc32>3f6b607d</crc32>
    <sha1>b7e98bfa99da7da7f1069a195349aeeebcfd9221</sha1>
    <format>Web ARChive GZ</format>
  </file>
  <file name="lists.ubuntu.com-archives-ubuntu-l10n-swa-2016-08-23-114bab26-00000.warc.os.cdx.gz" source="derivative">
    <format>WARC CDX Index</format>
    <original>lists.ubuntu.com-archives-ubuntu-l10n-swa-2016-08-23-114bab26-00000.warc.gz</original>
    <mtime>1495616741</mtime>
    <size>847</size>
    <md5>5a9f1c4f7f62e3d3a6cc6c6023805377</md5>
    <crc32>0cc74491</crc32>
    <sha1>70520619b2dc4573f10178c6218e3afa4e98acae</sha1>
  </file>
  <file name="lists.ubuntu.com-archives-ubuntu-l10n-swa-2016-08-23-114bab26-meta.warc.gz" source="original">
    <mtime>1495614657</mtime>
    <size>3285</size>
    <md5>140c24967abb173c827a82329b497172</md5>
    <crc32>a88b5d98</crc32>
    <sha1>65bf128250cc076f03f73b43296fbe83e9a50711</sha1>
    <format>Web ARChive GZ</format>
  </file>
  <file name="lists.ubuntu.com-archives-ubuntu-l10n-swa-2016-08-23-114bab26-meta.warc.os.cdx.gz" source="derivative">
    <format>WARC CDX Index</format>
    <original>lists.ubuntu.com-archives-ubuntu-l10n-swa-2016-08-23-114bab26-meta.warc.gz</original>
    <mtime>1495616811</mtime>
    <size>47</size>
    <md5>3e5d7df18f13f1743c5cec018f527e16</md5>
    <crc32>61edddf6</crc32>
    <sha1>284054a6849949131829471bbdc75d415550bf6a</sha1>
  </file>
  <file name="lists.ubuntu.com-archives-ubuntu-l10n-swa.mbox-2016-08-23-af0f959a-00000.warc.gz" source="original">
    <mtime>1495614662</mtime>
    <size>11011</size>
    <md5>e213f8cfeee2e8b8d9e09944538e1971</md5>
    <crc32>35bd0aec</crc32>
    <sha1>335c8dc73991c035c11e10b8332d14bf79154ded</sha1>
    <format>Web ARChive GZ</format>
  </file>
  <file name="lists.ubuntu.com-archives-ubuntu-l10n-swa.mbox-2016-08-23-af0f959a-00000.warc.os.cdx.gz" source="derivative">
    <format>WARC CDX Index</format>
    <original>lists.ubuntu.com-archives-ubuntu-l10n-swa.mbox-2016-08-23-af0f959a-00000.warc.gz</original>
    <mtime>1495616914</mtime>
    <size>436</size>
    <md5>c762145b21f6147a58b962e01838c578</md5>
    <crc32>f3b10b85</crc32>
    <sha1>393994be0098c21fa39a9c58572c851f8aceeb1a</sha1>
  </file>
  <file name="lists.ubuntu.com-archives-ubuntu-l10n-swa.mbox-2016-08-23-af0f959a-meta.warc.gz" source="original">
    <mtime>1495614667</mtime>
    <size>3111</size>
    <md5>adc925a9aa5d834b8a3f6c0677a7ad0d</md5>
    <crc32>e3e66bdb</crc32>
    <sha1>5d0e8ae50f1b889b41a37586348e73e9bb3fb2ba</sha1>
    <format>Web ARChive GZ</format>
  </file>
  <file name="lists.ubuntu.com-archives-ubuntu-l10n-swa.mbox-2016-08-23-af0f959a-meta.warc.os.cdx.gz" source="derivative">
    <format>WARC CDX Index</format>
    <original>lists.ubuntu.com-archives-ubuntu-l10n-swa.mbox-2016-08-23-af0f959a-meta.warc.gz</original>
    <mtime>1495616865</mtime>
    <size>47</size>
    <md5>012709916132c6bfd77952d2eb0653f3</md5>
    <crc32>7f306f00</crc32>
    <sha1>e47f1de69511a8c392bd61a00937a7b2d4acc736</sha1>
  </file>
  <file name="lists.ubuntu.com-archives-ubuntu-l10n-tam-2016-08-23-cd3144d1-00000.warc.gz" source="original">
    <mtime>1495614680</mtime>
    <size>65407173</size>
    <md5>1baf44d60a141327428dbd3fbde62d16</md5>
    <crc32>2853aca4</crc32>
    <sha1>2d67d5b1470c053e10a5310f00372edccdbe26a2</sha1>
    <format>Web ARChive GZ</format>
  </file>
  <file name="lists.ubuntu.com-archives-ubuntu-l10n-tam-2016-08-23-cd3144d1-00000.warc.os.cdx.gz" source="derivative">
    <format>WARC CDX Index</format>
    <original>lists.ubuntu.com-archives-ubuntu-l10n-tam-2016-08-23-cd3144d1-00000.warc.gz</original>
    <mtime>1495616880</mtime>
    <size>198018</size>
    <md5>ad7f0de6bf65b6e6288ad5ce8797dbf8</md5>
    <crc32>498fc23e</crc32>
    <sha1>28dbc07a8e705b4c3d3da275536afb2e14ed6c5f</sha1>
  </file>
  <file name="lists.ubuntu.com-archives-ubuntu-l10n-tam-2016-08-23-cd3144d1-meta.warc.gz" source="original">
    <mtime>1495614686</mtime>
    <size>100322</size>
    <md5>e336e6854b8a467d5cd49e02d5281a0b</md5>
    <crc32>c65c6aa4</crc32>
    <sha1>54d594aab73eedec5d58624e8afdaad3aead0ee5</sha1>
    <format>Web ARChive GZ</format>
  </file>
  <file name="lists.ubuntu.com-archives-ubuntu-l10n-tam-2016-08-23-cd3144d1-meta.warc.os.cdx.gz" source="derivative">
    <format>WARC CDX Index</format>
    <original>lists.ubuntu.com-archives-ubuntu-l10n-tam-2016-08-23-cd3144d1-meta.warc.gz</original>
    <mtime>1495616883</mtime>
    <size>47</size>
    <md5>65bff8bcef7904ac402a0875ae2481be</md5>
    <crc32>5b0ef8c0</crc32>
    <sha1>3ff75d4bf72fbebf1f2150a587bb4924ab9edf11</sha1>
  </file>
  <file name="lists.ubuntu.com-archives-ubuntu-l10n-tam.mbox-2016-08-23-dbde3560-00000.warc.gz" source="original">
    <mtime>1495614695</mtime>
    <size>58047244</size>
    <md5>c2420621cc0d1ea474ec17b779734367</md5>
    <crc32>fad004f5</crc32>
    <sha1>33fa7172f51cc0d6299047052b97af12822a2654</sha1>
    <format>Web ARChive GZ</format>
  </file>
  <file name="lists.ubuntu.com-archives-ubuntu-l10n-tam.mbox-2016-08-23-dbde3560-00000.warc.os.cdx.gz" source="derivative">
    <format>WARC CDX Index</format>
    <original>lists.ubuntu.com-archives-ubuntu-l10n-tam.mbox-2016-08-23-dbde3560-00000.warc.gz</original>
    <mtime>1495616892</mtime>
    <size>448</size>
    <md5>8e44dab2d485bf995435d085186f1f7f</md5>
    <crc32>52ce4ae3</crc32>
    <sha1>4d6c94f002cc5afd16ccbe4c91f77318c7638b16</sha1>
  </file>
  <file name="lists.ubuntu.com-archives-ubuntu-l10n-tam.mbox-2016-08-23-dbde3560-meta.warc.gz" source="original">
    <mtime>1495614705</mtime>
    <size>3112</size>
    <md5>06d89688e6210f5c554bd58b1ba49cf1</md5>
    <crc32>1101e2e2</crc32>
    <sha1>c71ceead494233a0c2ba514000babf5f38435d44</sha1>
    <format>Web ARChive GZ</format>
  </file>
  <file name="lists.ubuntu.com-archives-ubuntu-l10n-tam.mbox-2016-08-23-dbde3560-meta.warc.os.cdx.gz" source="derivative">
    <format>WARC CDX Index</format>
    <original>lists.ubuntu.com-archives-ubuntu-l10n-tam.mbox-2016-08-23-dbde3560-meta.warc.gz</original>
    <mtime>1495616895</mtime>
    <size>47</size>
    <md5>fc14be5fd20b658fea23c02ac0811174</md5>
    <crc32>c93c9876</crc32>
    <sha1>83e6d486c86e5f19962cd9a807e15f8cb219a5a7</sha1>
  </file>
  <file name="lists.ubuntu.com-archives-ubuntu-l10n-te-2016-08-23-d4fa52a3-00000.warc.gz" source="original">
    <mtime>1495614710</mtime>
    <size>3806</size>
    <md5>6ce64771c744e0d6c31f7e727a45247e</md5>
    <crc32>6d82f7bf</crc32>
    <sha1>75e90d4ef33d30bd07fbe7a185de648914941c75</sha1>
    <format>Web ARChive GZ</format>
  </file>
  <file name="lists.ubuntu.com-archives-ubuntu-l10n-te-2016-08-23-d4fa52a3-00000.warc.os.cdx.gz" source="derivative">
    <format>WARC CDX Index</format>
    <original>lists.ubuntu.com-archives-ubuntu-l10n-te-2016-08-23-d4fa52a3-00000.warc.gz</original>
    <mtime>1495616899</mtime>
    <size>220</size>
    <md5>0ab7831b54b98147050905928523ad36</md5>
    <crc32>e23f2292</crc32>
    <sha1>438f41e6806aa6d2ad270c050cbbb4078da09a76</sha1>
  </file>
  <file name="lists.ubuntu.com-archives-ubuntu-l10n-te-2016-08-23-d4fa52a3-meta.warc.gz" source="original">
    <mtime>1495614714</mtime>
    <size>2937</size>
    <md5>1ea7a44de8569a2c5a89b0de60b2675d</md5>
    <crc32>95b9416d</crc32>
    <sha1>778370d6d36e0729f26ce53b2bbdc00b45e00d75</sha1>
    <format>Web ARChive GZ</format>
  </file>
  <file name="lists.ubuntu.com-archives-ubuntu-l10n-te-2016-08-23-d4fa52a3-meta.warc.os.cdx.gz" source="derivative">
    <format>WARC CDX Index</format>
    <original>lists.ubuntu.com-archives-ubuntu-l10n-te-2016-08-23-d4fa52a3-meta.warc.gz</original>
    <mtime>1495616902</mtime>
    <size>47</size>
    <md5>7935625a3d9cb826dacad33b8d978d96</md5>
    <crc32>6b137be1</crc32>
    <sha1>be26e520ba665e4f3ee4678fc8900ab0629fc16c</sha1>
  </file>
  <file name="lists.ubuntu.com-archives-ubuntu-l10n-te.mbox-2016-08-23-ac7ccbd9-00000.warc.gz" source="original">
    <mtime>1495614718</mtime>
    <size>6445</size>
    <md5>09f1866b90ab8c185dfa02ce7348606d</md5>
    <crc32>f118eed7</crc32>
    <sha1>ac681a3d012d24ee42650f5506cb8ffd965617ac</sha1>
    <format>Web ARChive GZ</format>
  </file>
  <file name="lists.ubuntu.com-archives-ubuntu-l10n-te.mbox-2016-08-23-ac7ccbd9-00000.warc.os.cdx.gz" source="derivative">
    <format>WARC CDX Index</format>
    <original>lists.ubuntu.com-archives-ubuntu-l10n-te.mbox-2016-08-23-ac7ccbd9-00000.warc.gz</original>
    <mtime>1495616905</mtime>
    <size>335</size>
    <md5>88f0a5784a34c69b01fe3bafeef3b3bd</md5>
    <crc32>8da2f883</crc32>
    <sha1>86f810d6049697029b4642d43956038c38be8cc4</sha1>
  </file>
  <file name="lists.ubuntu.com-archives-ubuntu-l10n-te.mbox-2016-08-23-ac7ccbd9-meta.warc.gz" source="original">
    <mtime>1495614722</mtime>
    <size>3042</size>
    <md5>76ea741739e36f9a26830ff02cda8fd8</md5>
    <crc32>7a15a121</crc32>
    <sha1>a81302c14b2e7548c18b0d76950e6c0154752dd6</sha1>
    <format>Web ARChive GZ</format>
  </file>
  <file name="lists.ubuntu.com-archives-ubuntu-l10n-te.mbox-2016-08-23-ac7ccbd9-meta.warc.os.cdx.gz" source="derivative">
    <format>WARC CDX Index</format>
    <original>lists.ubuntu.com-archives-ubuntu-l10n-te.mbox-2016-08-23-ac7ccbd9-meta.warc.gz</original>
    <mtime>1495616908</mtime>
    <size>47</size>
    <md5>26c75d17b4a9ba83f6d70287ecb3f3c5</md5>
    <crc32>b0382b0c</crc32>
    <sha1>7237dc08ae2327910bf9120713e856fa02596a96</sha1>
  </file>
  <file name="lists.ubuntu.com-archives-ubuntu-l10n-tha-2016-08-23-938788e4-00000.warc.gz" source="original">
    <mtime>1495614727</mtime>
    <size>3812</size>
    <md5>d810eb9a770f2ab1c50977fd4aa3acd4</md5>
    <crc32>c7a4d5e8</crc32>
    <sha1>cd4907497ab085bce8bdc6770bb10737d4a1aeee</sha1>
    <format>Web ARChive GZ</format>
  </file>
  <file name="lists.ubuntu.com-archives-ubuntu-l10n-tha-2016-08-23-938788e4-00000.warc.os.cdx.gz" source="derivative">
    <format>WARC CDX Index</format>
    <original>lists.ubuntu.com-archives-ubuntu-l10n-tha-2016-08-23-938788e4-00000.warc.gz</original>
    <mtime>1495616911</mtime>
    <size>222</size>
    <md5>a3460c10c9a31280f948b7f375d891f6</md5>
    <crc32>ba13a2f7</crc32>
    <sha1>284f791c7d3ed5d86dbae200cfb763ca8592955a</sha1>
  </file>
  <file name="lists.ubuntu.com-archives-ubuntu-l10n-tha-2016-08-23-938788e4-meta.warc.gz" source="original">
    <mtime>1495614733</mtime>
    <size>2935</size>
    <md5>9f51922986de9e87743a745f170741b1</md5>
    <crc32>6619a0a1</crc32>
    <sha1>0feecc2cec5316b57588d401482fd14eda331191</sha1>
    <format>Web ARChive GZ</format>
  </file>
  <file name="lists.ubuntu.com-archives-ubuntu-l10n-tha-2016-08-23-938788e4-meta.warc.os.cdx.gz" source="derivative">
    <format>WARC CDX Index</format>
    <original>lists.ubuntu.com-archives-ubuntu-l10n-tha-2016-08-23-938788e4-meta.warc.gz</original>
    <mtime>1495616859</mtime>
    <size>47</size>
    <md5>0784efa2713bd4c8515d1365f34eb235</md5>
    <crc32>8141b7f6</crc32>
    <sha1>f20ae114635afe711c8c0b2c70d35d10a6db1742</sha1>
  </file>
  <file name="lists.ubuntu.com-archives-ubuntu-l10n-tha.mbox-2016-08-23-597e4829-00000.warc.gz" source="original">
    <mtime>1495614738</mtime>
    <size>6450</size>
    <md5>68e33961859f69cb596bbca9be3310b1</md5>
    <crc32>92b75f16</crc32>
    <sha1>5e1ec53cd03393fa314667f4797f8dc9bfa9e95e</sha1>
    <format>Web ARChive GZ</format>
  </file>
  <file name="lists.ubuntu.com-archives-ubuntu-l10n-tha.mbox-2016-08-23-597e4829-00000.warc.os.cdx.gz" source="derivative">
    <format>WARC CDX Index</format>
    <original>lists.ubuntu.com-archives-ubuntu-l10n-tha.mbox-2016-08-23-597e4829-00000.warc.gz</original>
    <mtime>1495616921</mtime>
    <size>336</size>
    <md5>a8271fe40c746d1ecb25e414008f2bd1</md5>
    <crc32>cf8ae6a5</crc32>
    <sha1>d47cfcbaf70868f1cdbff285f4736cd7e256b102</sha1>
  </file>
  <file name="lists.ubuntu.com-archives-ubuntu-l10n-tha.mbox-2016-08-23-597e4829-meta.warc.gz" source="original">
    <mtime>1495614744</mtime>
    <size>3042</size>
    <md5>0749a27b82d1c6e269d0f4d828a7dab0</md5>
    <crc32>eadf10da</crc32>
    <sha1>78fd82f78edfa6ec59b62008a82ff028e8063fb0</sha1>
    <format>Web ARChive GZ</format>
  </file>
  <file name="lists.ubuntu.com-archives-ubuntu-l10n-tha.mbox-2016-08-23-597e4829-meta.warc.os.cdx.gz" source="derivative">
    <format>WARC CDX Index</format>
    <original>lists.ubuntu.com-archives-ubuntu-l10n-tha.mbox-2016-08-23-597e4829-meta.warc.gz</original>
    <mtime>1495616918</mtime>
    <size>47</size>
    <md5>7486caf8b9985916e856e2efecbb85ab</md5>
    <crc32>c10a01d7</crc32>
    <sha1>9f3e141869e8ee95924a140272dcec531a018454</sha1>
  </file>
  <file name="lists.ubuntu.com-archives-ubuntu-l10n-tib-2016-08-23-56dfe7e6-00000.warc.gz" source="original">
    <mtime>1495614748</mtime>
    <size>19737</size>
    <md5>8176f812bae9e8f4a7571500635ff176</md5>
    <crc32>f4c02c69</crc32>
    <sha1>be60c231075aa9cd380072026192a97dc8afbc50</sha1>
    <format>Web ARChive GZ</format>
  </file>
  <file name="lists.ubuntu.com-archives-ubuntu-l10n-tib-2016-08-23-56dfe7e6-00000.warc.os.cdx.gz" source="derivative">
    <format>WARC CDX Index</format>
    <original>lists.ubuntu.com-archives-ubuntu-l10n-tib-2016-08-23-56dfe7e6-00000.warc.gz</original>
    <mtime>1495616924</mtime>
    <size>629</size>
    <md5>2f946f676069a0c7f3173d3e3aaaf53d</md5>
    <crc32>9fcda194</crc32>
    <sha1>999ed58aedb30daa058b748125c9386b8702719f</sha1>
  </file>
  <file name="lists.ubuntu.com-archives-ubuntu-l10n-tib-2016-08-23-56dfe7e6-meta.warc.gz" source="original">
    <mtime>1495614752</mtime>
    <size>3166</size>
    <md5>fe0108aecf6e9ebc3d83908209711b1c</md5>
    <crc32>68f9ae11</crc32>
    <sha1>8ddd33abb5b5346d98c25db59fdafb83c06a26d4</sha1>
    <format>Web ARChive GZ</format>
  </file>
  <file name="lists.ubuntu.com-archives-ubuntu-l10n-tib-2016-08-23-56dfe7e6-meta.warc.os.cdx.gz" source="derivative">
    <format>WARC CDX Index</format>
    <original>lists.ubuntu.com-archives-ubuntu-l10n-tib-2016-08-23-56dfe7e6-meta.warc.gz</original>
    <mtime>1495616927</mtime>
    <size>47</size>
    <md5>5927e875c265d2c58f95862fc5dc4778</md5>
    <crc32>d3154a37</crc32>
    <sha1>57e6c38f14daaff2d3b0c481c364e832910f173d</sha1>
  </file>
  <file name="lists.ubuntu.com-archives-ubuntu-l10n-tib.mbox-2016-08-23-dafe7cf5-00000.warc.gz" source="original">
    <mtime>1495614757</mtime>
    <size>13184</size>
    <md5>2a63cad12974d89e83f9144130e9f3f0</md5>
    <crc32>c32b3408</crc32>
    <sha1>b0ef48a03c08f04a43160ff168b5db82069249f6</sha1>
    <format>Web ARChive GZ</format>
  </file>
  <file name="lists.ubuntu.com-archives-ubuntu-l10n-tib.mbox-2016-08-23-dafe7cf5-00000.warc.os.cdx.gz" source="derivative">
    <format>WARC CDX Index</format>
    <original>lists.ubuntu.com-archives-ubuntu-l10n-tib.mbox-2016-08-23-dafe7cf5-00000.warc.gz</original>
    <mtime>1495616931</mtime>
    <size>573</size>
    <md5>c6e0b8ba56be6430ede7ec0032bfe9af</md5>
    <crc32>7f866285</crc32>
    <sha1>a091ea8a6ff53db39de7aa78c4c24780495179fc</sha1>
  </file>
  <file name="lists.ubuntu.com-archives-ubuntu-l10n-tib.mbox-2016-08-23-dafe7cf5-meta.warc.gz" source="original">
    <mtime>1495614761</mtime>
    <size>3183</size>
    <md5>ba6eee908e6868273376053ae7ba5f2c</md5>
    <crc32>0286555c</crc32>
    <sha1>f37ea3d2a55e4a5712b9091fa53369d49f3dfe2d</sha1>
    <format>Web ARChive GZ</format>
  </file>
  <file name="lists.ubuntu.com-archives-ubuntu-l10n-tib.mbox-2016-08-23-dafe7cf5-meta.warc.os.cdx.gz" source="derivative">
    <format>WARC CDX Index</format>
    <original>lists.ubuntu.com-archives-ubuntu-l10n-tib.mbox-2016-08-23-dafe7cf5-meta.warc.gz</original>
    <mtime>1495616934</mtime>
    <size>47</size>
    <md5>69a3d835dd8f188844b5bfcc83616169</md5>
    <crc32>e45089cc</crc32>
    <sha1>d8fcef0c951b9ff4e73da8c2b9a248e896a55ea5</sha1>
  </file>
  <file name="lists.ubuntu.com-archives-ubuntu-l10n-trp-2016-08-23-9a7f4a13-00000.warc.gz" source="original">
    <mtime>1495614765</mtime>
    <size>3815</size>
    <md5>9537748e189528bcc14fe8e61a17a286</md5>
    <crc32>c19b0233</crc32>
    <sha1>ab59cd378785dce4dc6295747b4f51a9cdbb3084</sha1>
    <format>Web ARChive GZ</format>
  </file>
  <file name="lists.ubuntu.com-archives-ubuntu-l10n-trp-2016-08-23-9a7f4a13-00000.warc.os.cdx.gz" source="derivative">
    <format>WARC CDX Index</format>
    <original>lists.ubuntu.com-archives-ubuntu-l10n-trp-2016-08-23-9a7f4a13-00000.warc.gz</original>
    <mtime>1495616938</mtime>
    <size>224</size>
    <md5>b117faafb5423dc07b93d8101e68c296</md5>
    <crc32>ad90e271</crc32>
    <sha1>318e57149de8b9af6aed143c9b457f4e8a4412d3</sha1>
  </file>
  <file name="lists.ubuntu.com-archives-ubuntu-l10n-trp-2016-08-23-9a7f4a13-meta.warc.gz" source="original">
    <mtime>1495614770</mtime>
    <size>2937</size>
    <md5>f5c2df4789850e56ac275a03c54c3aa1</md5>
    <crc32>4d63abfb</crc32>
    <sha1>2d0d1de284eb795d43334d12897df893d37c754d</sha1>
    <format>Web ARChive GZ</format>
  </file>
  <file name="lists.ubuntu.com-archives-ubuntu-l10n-trp-2016-08-23-9a7f4a13-meta.warc.os.cdx.gz" source="derivative">
    <format>WARC CDX Index</format>
    <original>lists.ubuntu.com-archives-ubuntu-l10n-trp-2016-08-23-9a7f4a13-meta.warc.gz</original>
    <mtime>1495616941</mtime>
    <size>47</size>
    <md5>b9bdf0d2eecca7388644788543b02c6f</md5>
    <crc32>78682fda</crc32>
    <sha1>1c2d831d37d5d8a4e3ddfcb4d5d4d92791ac2262</sha1>
  </file>
  <file name="lists.ubuntu.com-archives-ubuntu-l10n-trp.mbox-2016-08-23-c49b189a-00000.warc.gz" source="original">
    <mtime>1495614777</mtime>
    <size>6451</size>
    <md5>0884b836c0387882f1320821d0af30e6</md5>
    <crc32>c1a54a7f</crc32>
    <sha1>e4a58c3b1b9f8d5bb9e1e3300ab32e1a9cd69425</sha1>
    <format>Web ARChive GZ</format>
  </file>
  <file name="lists.ubuntu.com-archives-ubuntu-l10n-trp.mbox-2016-08-23-c49b189a-00000.warc.os.cdx.gz" source="derivative">
    <format>WARC CDX Index</format>
    <original>lists.ubuntu.com-archives-ubuntu-l10n-trp.mbox-2016-08-23-c49b189a-00000.warc.gz</original>
    <mtime>1495616945</mtime>
    <size>338</size>
    <md5>a010b31ba50afa38cdce773b9c399723</md5>
    <crc32>50c5885b</crc32>
    <sha1>f6f5763094b3d1ff5ee6ea6d2cfbc2976e731816</sha1>
  </file>
  <file name="lists.ubuntu.com-archives-ubuntu-l10n-trp.mbox-2016-08-23-c49b189a-meta.warc.gz" source="original">
    <mtime>1495614781</mtime>
    <size>3044</size>
    <md5>460cedbfdce0843adff4bd444bf31d7d</md5>
    <crc32>c183c9cc</crc32>
    <sha1>cca9676e32cbe881eca6ea2ebe93a5fe3db42c67</sha1>
    <format>Web ARChive GZ</format>
  </file>
  <file name="lists.ubuntu.com-archives-ubuntu-l10n-trp.mbox-2016-08-23-c49b189a-meta.warc.os.cdx.gz" source="derivative">
    <format>WARC CDX Index</format>
    <original>lists.ubuntu.com-archives-ubuntu-l10n-trp.mbox-2016-08-23-c49b189a-meta.warc.gz</original>
    <mtime>1495616948</mtime>
    <size>47</size>
    <md5>089f9739705260bbd2ba1e6fdce3f39e</md5>
    <crc32>c06e1e0c</crc32>
    <sha1>693cfc0da06e2a9d4c46e090899fe77eb2b1a547</sha1>
  </file>
  <file name="lists.ubuntu.com-archives-ubuntu-l10n-ug-2016-08-23-c74690ee-00000.warc.gz" source="original">
    <mtime>1495614785</mtime>
    <size>3813</size>
    <md5>83fdf51e4eccdc972cf4377cb034fa4a</md5>
    <crc32>f893d1b8</crc32>
    <sha1>e2538b3c9249c869009d366d2b06576015a20eba</sha1>
    <format>Web ARChive GZ</format>
  </file>
  <file name="lists.ubuntu.com-archives-ubuntu-l10n-ug-2016-08-23-c74690ee-00000.warc.os.cdx.gz" source="derivative">
    <format>WARC CDX Index</format>
    <original>lists.ubuntu.com-archives-ubuntu-l10n-ug-2016-08-23-c74690ee-00000.warc.gz</original>
    <mtime>1495616951</mtime>
    <size>224</size>
    <md5>26cc017666762c297a4dcfd9354a3ddc</md5>
    <crc32>bd5768de</crc32>
    <sha1>5bbc655cee4f2f9902a60df710281b04b46c90da</sha1>
  </file>
  <file name="lists.ubuntu.com-archives-ubuntu-l10n-ug-2016-08-23-c74690ee-meta.warc.gz" source="original">
    <mtime>1495614790</mtime>
    <size>2942</size>
    <md5>31f1443b15d56b241bf90045b7426330</md5>
    <crc32>ac920672</crc32>
    <sha1>238e179661c40b0ea7017b2e0cce6ce3829e8f7d</sha1>
    <format>Web ARChive GZ</format>
  </file>
  <file name="lists.ubuntu.com-archives-ubuntu-l10n-ug-2016-08-23-c74690ee-meta.warc.os.cdx.gz" source="derivative">
    <format>WARC CDX Index</format>
    <original>lists.ubuntu.com-archives-ubuntu-l10n-ug-2016-08-23-c74690ee-meta.warc.gz</original>
    <mtime>1495616954</mtime>
    <size>47</size>
    <md5>8955e783d51f579acee3e82d2963c09d</md5>
    <crc32>dc7b934c</crc32>
    <sha1>2a916c4812d4b5ac263800aa5b4792e371fee310</sha1>
  </file>
  <file name="lists.ubuntu.com-archives-ubuntu-l10n-ug.mbox-2016-08-23-ab50fdf7-00000.warc.gz" source="original">
    <mtime>1495614794</mtime>
    <size>6437</size>
    <md5>9a2289165648aaa9ddebd81c74e49bcb</md5>
    <crc32>10e7efd2</crc32>
    <sha1>c7286932e998c5524991f6afc8a51651f2870cd4</sha1>
    <format>Web ARChive GZ</format>
  </file>
  <file name="lists.ubuntu.com-archives-ubuntu-l10n-ug.mbox-2016-08-23-ab50fdf7-00000.warc.os.cdx.gz" source="derivative">
    <format>WARC CDX Index</format>
    <original>lists.ubuntu.com-archives-ubuntu-l10n-ug.mbox-2016-08-23-ab50fdf7-00000.warc.gz</original>
    <mtime>1495616957</mtime>
    <size>337</size>
    <md5>3807eaed166e2256e94cb7427545c279</md5>
    <crc32>1197f3b1</crc32>
    <sha1>8a7c62e75e37f4bf5094b2b4e18e531edc108310</sha1>
  </file>
  <file name="lists.ubuntu.com-archives-ubuntu-l10n-ug.mbox-2016-08-23-ab50fdf7-meta.warc.gz" source="original">
    <mtime>1495614798</mtime>
    <size>3043</size>
    <md5>8aa53e7b8291ac628f058aa262600d8c</md5>
    <crc32>667fd0af</crc32>
    <sha1>c371da7ca5d14359d1b99b99e8510f9028852887</sha1>
    <format>Web ARChive GZ</format>
  </file>
  <file name="lists.ubuntu.com-archives-ubuntu-l10n-ug.mbox-2016-08-23-ab50fdf7-meta.warc.os.cdx.gz" source="derivative">
    <format>WARC CDX Index</format>
    <original>lists.ubuntu.com-archives-ubuntu-l10n-ug.mbox-2016-08-23-ab50fdf7-meta.warc.gz</original>
    <mtime>1495616652</mtime>
    <size>47</size>
    <md5>0869b5814272a0d06e69f9bd74fbf670</md5>
    <crc32>1101afe2</crc32>
    <sha1>f04f4338642dbb9b536459658c6e8ca7bbfd7f65</sha1>
  </file>
  <file name="lists.ubuntu.com-archives-ubuntu-l10n-urd-2016-08-23-04da50fb-00000.warc.gz" source="original">
    <mtime>1495614803</mtime>
    <size>2273331</size>
    <md5>977b62cc9846517192b05d1e1437e302</md5>
    <crc32>2353266f</crc32>
    <sha1>19a5661a73f4f0b1df1f825e9822639d7bfe3869</sha1>
    <format>Web ARChive GZ</format>
  </file>
  <file name="lists.ubuntu.com-archives-ubuntu-l10n-urd-2016-08-23-04da50fb-00000.warc.os.cdx.gz" source="derivative">
    <format>WARC CDX Index</format>
    <original>lists.ubuntu.com-archives-ubuntu-l10n-urd-2016-08-23-04da50fb-00000.warc.gz</original>
    <mtime>1495616735</mtime>
    <size>19759</size>
    <md5>f9a85e676d122c877aa99e8ac232d6b8</md5>
    <crc32>7d13f1b0</crc32>
    <sha1>ed57d98c70e9f80e81cfd4e6e4d8764f37d9c8ec</sha1>
  </file>
  <file name="lists.ubuntu.com-archives-ubuntu-l10n-urd-2016-08-23-04da50fb-meta.warc.gz" source="original">
    <mtime>1495614807</mtime>
    <size>12719</size>
    <md5>be5bd7be1b75af1d592317aa657ff8db</md5>
    <crc32>cb2c81a3</crc32>
    <sha1>770ebb0da89412c4fa45960f0c9ced28147148b9</sha1>
    <format>Web ARChive GZ</format>
  </file>
  <file name="lists.ubuntu.com-archives-ubuntu-l10n-urd-2016-08-23-04da50fb-meta.warc.os.cdx.gz" source="derivative">
    <format>WARC CDX Index</format>
    <original>lists.ubuntu.com-archives-ubuntu-l10n-urd-2016-08-23-04da50fb-meta.warc.gz</original>
    <mtime>1495616961</mtime>
    <size>47</size>
    <md5>8e231850b5903ebc78e82bd211319056</md5>
    <crc32>a0ef5f5a</crc32>
    <sha1>d354206bfc191e8d7f4b0ee442a38fc9734a9b85</sha1>
  </file>
  <file name="lists.ubuntu.com-archives-ubuntu-l10n-urd.mbox-2016-08-23-62f4c22f-00000.warc.gz" source="original">
    <mtime>1495614812</mtime>
    <size>1303490</size>
    <md5>97dfdf8fa7bfb51fbb455339eb018cb6</md5>
    <crc32>b0f8b63b</crc32>
    <sha1>addc8e6a124be44039805425d48ca221d7930fe1</sha1>
    <format>Web ARChive GZ</format>
  </file>
  <file name="lists.ubuntu.com-archives-ubuntu-l10n-urd.mbox-2016-08-23-62f4c22f-00000.warc.os.cdx.gz" source="derivative">
    <format>WARC CDX Index</format>
    <original>lists.ubuntu.com-archives-ubuntu-l10n-urd.mbox-2016-08-23-62f4c22f-00000.warc.gz</original>
    <mtime>1495617214</mtime>
    <size>438</size>
    <md5>12dde2ce6cc1dafe5d0270ce1e416106</md5>
    <crc32>78c6e70f</crc32>
    <sha1>da1844c8b70c7c0c17043892b6ae33bd90293a6b</sha1>
  </file>
  <file name="lists.ubuntu.com-archives-ubuntu-l10n-urd.mbox-2016-08-23-62f4c22f-meta.warc.gz" source="original">
    <mtime>1495614819</mtime>
    <size>3107</size>
    <md5>4ea4cfff7cab9d54f07f561a114aa10d</md5>
    <crc32>960071e1</crc32>
    <sha1>9da35498e20f37bd802c0c10d5187f993f89af0d</sha1>
    <format>Web ARChive GZ</format>
  </file>
  <file name="lists.ubuntu.com-archives-ubuntu-l10n-urd.mbox-2016-08-23-62f4c22f-meta.warc.os.cdx.gz" source="derivative">
    <format>WARC CDX Index</format>
    <original>lists.ubuntu.com-archives-ubuntu-l10n-urd.mbox-2016-08-23-62f4c22f-meta.warc.gz</original>
    <mtime>1495616978</mtime>
    <size>47</size>
    <md5>3fc4c2b092d63e501ead94b9604ef6b8</md5>
    <crc32>c3c23e61</crc32>
    <sha1>0f36296add3d416e796716254604180aaf2b0cf1</sha1>
  </file>
  <file name="lists.ubuntu.com-archives-ubuntu-l10n-wol-2016-08-23-b32afb4f-00000.warc.gz" source="original">
    <mtime>1495614824</mtime>
    <size>2211442</size>
    <md5>232b19c34d17e2fdd9805a61e6d73a05</md5>
    <crc32>5941e256</crc32>
    <sha1>1816233e6bdf0736b1fe3d2e19aba2f4d6b8c8cd</sha1>
    <format>Web ARChive GZ</format>
  </file>
  <file name="lists.ubuntu.com-archives-ubuntu-l10n-wol-2016-08-23-b32afb4f-00000.warc.os.cdx.gz" source="derivative">
    <format>WARC CDX Index</format>
    <original>lists.ubuntu.com-archives-ubuntu-l10n-wol-2016-08-23-b32afb4f-00000.warc.gz</original>
    <mtime>1495616982</mtime>
    <size>10765</size>
    <md5>c125eb5d1e464d0148f21175dffb3f87</md5>
    <crc32>03019566</crc32>
    <sha1>b38fa2136762cb5021525f00b65897d4eb58c6a4</sha1>
  </file>
  <file name="lists.ubuntu.com-archives-ubuntu-l10n-wol-2016-08-23-b32afb4f-meta.warc.gz" source="original">
    <mtime>1495614829</mtime>
    <size>8059</size>
    <md5>16dec76a4a7b48ce6c216405a8087844</md5>
    <crc32>2885ffbf</crc32>
    <sha1>5925a750f9cf32d7995541ae83ad86f3658abae2</sha1>
    <format>Web ARChive GZ</format>
  </file>
  <file name="lists.ubuntu.com-archives-ubuntu-l10n-wol-2016-08-23-b32afb4f-meta.warc.os.cdx.gz" source="derivative">
    <format>WARC CDX Index</format>
    <original>lists.ubuntu.com-archives-ubuntu-l10n-wol-2016-08-23-b32afb4f-meta.warc.gz</original>
    <mtime>1495616985</mtime>
    <size>47</size>
    <md5>d7a6738f0c41062a0748c1e29011b7a0</md5>
    <crc32>5ffa9877</crc32>
    <sha1>835e193be97a0143e70f42fa2d39287f1bd46c2e</sha1>
  </file>
  <file name="lists.ubuntu.com-archives-ubuntu-l10n-wol.mbox-2016-08-23-65dbdda3-00000.warc.gz" source="original">
    <mtime>1495614834</mtime>
    <size>965439</size>
    <md5>b830fe15b47ad9618a37fedd29fdbc52</md5>
    <crc32>9f019d31</crc32>
    <sha1>31d0774a3ffa610f43ccd3eee27a7dc61cb10c5d</sha1>
    <format>Web ARChive GZ</format>
  </file>
  <file name="lists.ubuntu.com-archives-ubuntu-l10n-wol.mbox-2016-08-23-65dbdda3-00000.warc.os.cdx.gz" source="derivative">
    <format>WARC CDX Index</format>
    <original>lists.ubuntu.com-archives-ubuntu-l10n-wol.mbox-2016-08-23-65dbdda3-00000.warc.gz</original>
    <mtime>1495616990</mtime>
    <size>444</size>
    <md5>0f491dbac041151e9f7d09d58e2fad7c</md5>
    <crc32>abcc4ab0</crc32>
    <sha1>aa535b8ad5721a53ef9840a91cbfb896b7a9c675</sha1>
  </file>
  <file name="lists.ubuntu.com-archives-ubuntu-l10n-wol.mbox-2016-08-23-65dbdda3-meta.warc.gz" source="original">
    <mtime>1495614838</mtime>
    <size>3115</size>
    <md5>f280d7fa0a85507a5e0dc73fe76e194e</md5>
    <crc32>9691f941</crc32>
    <sha1>9612113bfd0c5afd02ccb3ff57961a9cb8f5bb58</sha1>
    <format>Web ARChive GZ</format>
  </file>
  <file name="lists.ubuntu.com-archives-ubuntu-l10n-wol.mbox-2016-08-23-65dbdda3-meta.warc.os.cdx.gz" source="derivative">
    <format>WARC CDX Index</format>
    <original>lists.ubuntu.com-archives-ubuntu-l10n-wol.mbox-2016-08-23-65dbdda3-meta.warc.gz</original>
    <mtime>1495616994</mtime>
    <size>47</size>
    <md5>dc1a45a97071def4ab33306a97c30b64</md5>
    <crc32>e698b67a</crc32>
    <sha1>988c20e5add2f145a4a40765c8ce4638460a5629</sha1>
  </file>
  <file name="lists.ubuntu.com-archives-ubuntu-l10n-yid-2016-08-23-a0ce2baf-00000.warc.gz" source="original">
    <mtime>1495614842</mtime>
    <size>3817</size>
    <md5>294f8b6da4b5a63a9988565d5dc3e9be</md5>
    <crc32>c961f6a9</crc32>
    <sha1>65da576eb4aac56ef56a832f322bcad3abba0dd4</sha1>
    <format>Web ARChive GZ</format>
  </file>
  <file name="lists.ubuntu.com-archives-ubuntu-l10n-yid-2016-08-23-a0ce2baf-00000.warc.os.cdx.gz" source="derivative">
    <format>WARC CDX Index</format>
    <original>lists.ubuntu.com-archives-ubuntu-l10n-yid-2016-08-23-a0ce2baf-00000.warc.gz</original>
    <mtime>1495616997</mtime>
    <size>224</size>
    <md5>cd06a323caec1029277e24de098c86dd</md5>
    <crc32>6c107152</crc32>
    <sha1>c30066d1f583f537d327295204af608e5e62dc09</sha1>
  </file>
  <file name="lists.ubuntu.com-archives-ubuntu-l10n-yid-2016-08-23-a0ce2baf-meta.warc.gz" source="original">
    <mtime>1495614846</mtime>
    <size>2934</size>
    <md5>138914f0b622a086a0185876377af0b7</md5>
    <crc32>aae4d82a</crc32>
    <sha1>e3c85a57f3b33f44fd7c459c1b05ee511649bab8</sha1>
    <format>Web ARChive GZ</format>
  </file>
  <file name="lists.ubuntu.com-archives-ubuntu-l10n-yid-2016-08-23-a0ce2baf-meta.warc.os.cdx.gz" source="derivative">
    <format>WARC CDX Index</format>
    <original>lists.ubuntu.com-archives-ubuntu-l10n-yid-2016-08-23-a0ce2baf-meta.warc.gz</original>
    <mtime>1495617000</mtime>
    <size>47</size>
    <md5>62b77ff3bd3f549deef49035aff0b68a</md5>
    <crc32>3db3e697</crc32>
    <sha1>4a3827e7ac3dd716fe33bde74cffae564261e6a2</sha1>
  </file>
  <file name="lists.ubuntu.com-archives-ubuntu-l10n-yid.mbox-2016-08-23-e751b5be-00000.warc.gz" source="original">
    <mtime>1495614851</mtime>
    <size>6442</size>
    <md5>deac0342fc3cc22eee6de120b9200e73</md5>
    <crc32>aa49622a</crc32>
    <sha1>07ccb6c94ef295f5d522ac7f6c097d7085b3d8fb</sha1>
    <format>Web ARChive GZ</format>
  </file>
  <file name="lists.ubuntu.com-archives-ubuntu-l10n-yid.mbox-2016-08-23-e751b5be-00000.warc.os.cdx.gz" source="derivative">
    <format>WARC CDX Index</format>
    <original>lists.ubuntu.com-archives-ubuntu-l10n-yid.mbox-2016-08-23-e751b5be-00000.warc.gz</original>
    <mtime>1495617003</mtime>
    <size>337</size>
    <md5>38fe5b4b488898bb38e822c49777a9e5</md5>
    <crc32>a1cad317</crc32>
    <sha1>4c0324fd253a162ce2ef858094e9da4246bc49b2</sha1>
  </file>
  <file name="lists.ubuntu.com-archives-ubuntu-l10n-yid.mbox-2016-08-23-e751b5be-meta.warc.gz" source="original">
    <mtime>1495614856</mtime>
    <size>3042</size>
    <md5>c4493dc8605726eeaa745e2d1a151efc</md5>
    <crc32>282c3b23</crc32>
    <sha1>784387d707ec395834b3013e78b7d22fcb1f81e4</sha1>
    <format>Web ARChive GZ</format>
  </file>
  <file name="lists.ubuntu.com-archives-ubuntu-l10n-yid.mbox-2016-08-23-e751b5be-meta.warc.os.cdx.gz" source="derivative">
    <format>WARC CDX Index</format>
    <original>lists.ubuntu.com-archives-ubuntu-l10n-yid.mbox-2016-08-23-e751b5be-meta.warc.gz</original>
    <mtime>1495617007</mtime>
    <size>47</size>
    <md5>886730ee4f5b8918a0a4235cfcf41447</md5>
    <crc32>33b92037</crc32>
    <sha1>7dff8ec7e86bd1ae3488a3e8195b33ce2ce223bc</sha1>
  </file>
  <file name="lists.ubuntu.com-archives-ubuntu-l10n-zh-2016-08-23-b9e45ffd-00000.warc.gz" source="original">
    <mtime>1495614862</mtime>
    <size>493645</size>
    <md5>0d1207619384fbe344940cd60aa69fab</md5>
    <crc32>c8c88c69</crc32>
    <sha1>7c91e98335c5cefb15f2ec79a2d55d368d025d83</sha1>
    <format>Web ARChive GZ</format>
  </file>
  <file name="lists.ubuntu.com-archives-ubuntu-l10n-zh-2016-08-23-b9e45ffd-00000.warc.os.cdx.gz" source="derivative">
    <format>WARC CDX Index</format>
    <original>lists.ubuntu.com-archives-ubuntu-l10n-zh-2016-08-23-b9e45ffd-00000.warc.gz</original>
    <mtime>1495617012</mtime>
    <size>8825</size>
    <md5>77d3b23d59ab915e3dd60cc9f4a96db1</md5>
    <crc32>92694b0e</crc32>
    <sha1>e043a5543930c12758b0af8401a26dec069b7533</sha1>
  </file>
  <file name="lists.ubuntu.com-archives-ubuntu-l10n-zh-2016-08-23-b9e45ffd-meta.warc.gz" source="original">
    <mtime>1495614871</mtime>
    <size>7370</size>
    <md5>5da7131398805a6c95f00db9b6221014</md5>
    <crc32>dc892b79</crc32>
    <sha1>2d2f83ac0b192aaf8cefdd491374ed830de5575b</sha1>
    <format>Web ARChive GZ</format>
  </file>
  <file name="lists.ubuntu.com-archives-ubuntu-l10n-zh-2016-08-23-b9e45ffd-meta.warc.os.cdx.gz" source="derivative">
    <format>WARC CDX Index</format>
    <original>lists.ubuntu.com-archives-ubuntu-l10n-zh-2016-08-23-b9e45ffd-meta.warc.gz</original>
    <mtime>1495616971</mtime>
    <size>47</size>
    <md5>f77fa9c984175b0923aa3d2ad35d01a5</md5>
    <crc32>7bc40fb7</crc32>
    <sha1>9c40bb89fd9077f4e345192797996befd70de6b8</sha1>
  </file>
  <file name="lists.ubuntu.com-archives-ubuntu-l10n-zh.mbox-2016-08-23-6a27ef3a-00000.warc.gz" source="original">
    <mtime>1495614876</mtime>
    <size>107745</size>
    <md5>6e7edd1b68149f562f4bdd2bdc1faf23</md5>
    <crc32>ae0749de</crc32>
    <sha1>5f01d84354e40eb8210105e6e5a8db189cc33b29</sha1>
    <format>Web ARChive GZ</format>
  </file>
  <file name="lists.ubuntu.com-archives-ubuntu-l10n-zh.mbox-2016-08-23-6a27ef3a-00000.warc.os.cdx.gz" source="derivative">
    <format>WARC CDX Index</format>
    <original>lists.ubuntu.com-archives-ubuntu-l10n-zh.mbox-2016-08-23-6a27ef3a-00000.warc.gz</original>
    <mtime>1495617025</mtime>
    <size>436</size>
    <md5>66b38bb638b39d7be40a9464fd42a8ea</md5>
    <crc32>4dbb1876</crc32>
    <sha1>d8541fcb8c9e4278b963af1614b4638eb11b0a45</sha1>
  </file>
  <file name="lists.ubuntu.com-archives-ubuntu-l10n-zh.mbox-2016-08-23-6a27ef3a-meta.warc.gz" source="original">
    <mtime>1495614880</mtime>
    <size>3111</size>
    <md5>9da9c328f72f7dec086b1ffd5317d9a7</md5>
    <crc32>a6c310ff</crc32>
    <sha1>c87d7e1fb260e5397a9b3a9bd1339b798c4efe0c</sha1>
    <format>Web ARChive GZ</format>
  </file>
  <file name="lists.ubuntu.com-archives-ubuntu-l10n-zh.mbox-2016-08-23-6a27ef3a-meta.warc.os.cdx.gz" source="derivative">
    <format>WARC CDX Index</format>
    <original>lists.ubuntu.com-archives-ubuntu-l10n-zh.mbox-2016-08-23-6a27ef3a-meta.warc.gz</original>
    <mtime>1495617077</mtime>
    <size>47</size>
    <md5>ce40eaab8bec800927194f66cf58d1ae</md5>
    <crc32>efdaa1f3</crc32>
    <sha1>041fcf53b1346c0ee65f55017b8d1f36275e2981</sha1>
  </file>
  <file name="lists.ubuntu.com-archives-ubuntu-lb-2016-08-23-e05463b3-00000.warc.gz" source="original">
    <mtime>1495614885</mtime>
    <size>4828256</size>
    <md5>68eaf37452cd3300bfcb6c525181635e</md5>
    <crc32>3073a8f4</crc32>
    <sha1>60a1a2d64de6af551822031a25426e0a141229dd</sha1>
    <format>Web ARChive GZ</format>
  </file>
  <file name="lists.ubuntu.com-archives-ubuntu-lb-2016-08-23-e05463b3-00000.warc.os.cdx.gz" source="derivative">
    <format>WARC CDX Index</format>
    <original>lists.ubuntu.com-archives-ubuntu-lb-2016-08-23-e05463b3-00000.warc.gz</original>
    <mtime>1495617032</mtime>
    <size>68758</size>
    <md5>307cf2b250d983071dc016df61d5a5e9</md5>
    <crc32>ae47b38b</crc32>
    <sha1>633b5d8eff583181f084b3c3337e32b8b9f58b4e</sha1>
  </file>
  <file name="lists.ubuntu.com-archives-ubuntu-lb-2016-08-23-e05463b3-meta.warc.gz" source="original">
    <mtime>1495614889</mtime>
    <size>36156</size>
    <md5>cc6064671c7e81124d7b45138c1af0a7</md5>
    <crc32>8649ea74</crc32>
    <sha1>b856fc9ef0b9befd911a04f002d020e6fa00c68f</sha1>
    <format>Web ARChive GZ</format>
  </file>
  <file name="lists.ubuntu.com-archives-ubuntu-lb-2016-08-23-e05463b3-meta.warc.os.cdx.gz" source="derivative">
    <format>WARC CDX Index</format>
    <original>lists.ubuntu.com-archives-ubuntu-lb-2016-08-23-e05463b3-meta.warc.gz</original>
    <mtime>1495617036</mtime>
    <size>47</size>
    <md5>648a24ff10faa3f57d0dcac734af7bb7</md5>
    <crc32>d89f6208</crc32>
    <sha1>671ceba2972f3b13dc538f27f636302687022bf1</sha1>
  </file>
  <file name="lists.ubuntu.com-archives-ubuntu-lb.mbox-2016-08-23-1a790ce4-00000.warc.gz" source="original">
    <mtime>1495614894</mtime>
    <size>1988479</size>
    <md5>b92741dd2e475439d1d842e210701795</md5>
    <crc32>a1e530e4</crc32>
    <sha1>b98eeaf6267a11bda1b9bac06c6ceed3709ed764</sha1>
    <format>Web ARChive GZ</format>
  </file>
  <file name="lists.ubuntu.com-archives-ubuntu-lb.mbox-2016-08-23-1a790ce4-00000.warc.os.cdx.gz" source="derivative">
    <format>WARC CDX Index</format>
    <original>lists.ubuntu.com-archives-ubuntu-lb.mbox-2016-08-23-1a790ce4-00000.warc.gz</original>
    <mtime>1495617041</mtime>
    <size>25965</size>
    <md5>1dc1adf37beb8fa4bce44a9bf419c8d6</md5>
    <crc32>db2add60</crc32>
    <sha1>6e3e93f0060530b5225003e41a7ee53e900d0434</sha1>
  </file>
  <file name="lists.ubuntu.com-archives-ubuntu-lb.mbox-2016-08-23-1a790ce4-meta.warc.gz" source="original">
    <mtime>1495614899</mtime>
    <size>16655</size>
    <md5>2eba280b16ff3b8858edd4f2c0be737d</md5>
    <crc32>faed9f8f</crc32>
    <sha1>d02c54ce4680b9ce7b174734af9b2e633bac93d0</sha1>
    <format>Web ARChive GZ</format>
  </file>
  <file name="lists.ubuntu.com-archives-ubuntu-lb.mbox-2016-08-23-1a790ce4-meta.warc.os.cdx.gz" source="derivative">
    <format>WARC CDX Index</format>
    <original>lists.ubuntu.com-archives-ubuntu-lb.mbox-2016-08-23-1a790ce4-meta.warc.gz</original>
    <mtime>1495617045</mtime>
    <size>47</size>
    <md5>f315f6023f2d4792beab93f0801ff9c3</md5>
    <crc32>609953de</crc32>
    <sha1>c9bf2b509d4a9da171cc72a47f027f0a176bc67b</sha1>
  </file>
  <file name="lists.ubuntu.com-archives-ubuntu-leader_ip.mbox-2016-08-23-e2c7c8ec-meta.warc.gz" source="original">
    <mtime>1495614919</mtime>
    <size>3115</size>
    <md5>e10ff8f75d4d88cab59c3cbc7c0906b1</md5>
    <crc32>729df1d7</crc32>
    <sha1>9edff80809a0fdb19ca247f65001afca76c165af</sha1>
    <format>Web ARChive GZ</format>
  </file>
  <file name="lists.ubuntu.com-archives-ubuntu-leader_ip.mbox-2016-08-23-e2c7c8ec-meta.warc.os.cdx.gz" source="derivative">
    <format>WARC CDX Index</format>
    <original>lists.ubuntu.com-archives-ubuntu-leader_ip.mbox-2016-08-23-e2c7c8ec-meta.warc.gz</original>
    <mtime>1495617048</mtime>
    <size>47</size>
    <md5>fc511e537709b99efbbacaaee6ee705c</md5>
    <crc32>b5b8c593</crc32>
    <sha1>876d84b92e193339dd33e4197dd1cb00b50ef08d</sha1>
  </file>
  <file name="lists.ubuntu.com-archives-ubuntu-leader_p.mbox-2016-08-23-e2c7c8ec-00000.warc.gz" source="original">
    <mtime>1495614915</mtime>
    <size>228001</size>
    <md5>0e023762b24644e4cf1265da4f110e55</md5>
    <crc32>d595a78e</crc32>
    <sha1>58551566f7b298d1f36a1faccd24ce0814d8a142</sha1>
    <format>Web ARChive GZ</format>
  </file>
  <file name="lists.ubuntu.com-archives-ubuntu-leader_p.mbox-2016-08-23-e2c7c8ec-00000.warc.os.cdx.gz" source="derivative">
    <format>WARC CDX Index</format>
    <original>lists.ubuntu.com-archives-ubuntu-leader_p.mbox-2016-08-23-e2c7c8ec-00000.warc.gz</original>
    <mtime>1495617051</mtime>
    <size>445</size>
    <md5>efac4e8f185b76d5a76abf579fd6e722</md5>
    <crc32>5ea2ec2b</crc32>
    <sha1>e2742202247eac12183a93b18e3e90fd3577eb77</sha1>
  </file>
  <file name="lists.ubuntu.com-archives-ubuntu-leadership-2016-08-23-6c31902f-00000.warc.gz" source="original">
    <mtime>1495614904</mtime>
    <size>835353</size>
    <md5>f59f324614f821112f6f03414e571c08</md5>
    <crc32>42d7d4f3</crc32>
    <sha1>62553bf597f82ab80c56cce278c1d28e4896058e</sha1>
    <format>Web ARChive GZ</format>
  </file>
  <file name="lists.ubuntu.com-archives-ubuntu-leadership-2016-08-23-6c31902f-00000.warc.os.cdx.gz" source="derivative">
    <format>WARC CDX Index</format>
    <original>lists.ubuntu.com-archives-ubuntu-leadership-2016-08-23-6c31902f-00000.warc.gz</original>
    <mtime>1495617056</mtime>
    <size>13150</size>
    <md5>2d367635a1a98d92d46fc86fc7e4cec0</md5>
    <crc32>3041e19c</crc32>
    <sha1>09594cb8091ea44416e1fbbddc5b1bcc43363e2e</sha1>
  </file>
  <file name="lists.ubuntu.com-archives-ubuntu-leadership-2016-08-23-6c31902f-meta.warc.gz" source="original">
    <mtime>1495614909</mtime>
    <size>9134</size>
    <md5>18d0c0eea7a194cdc1bdb82655f2f278</md5>
    <crc32>2c0ca6c6</crc32>
    <sha1>0f45735b2557a37d6fdb3976612c76f9b37a5d14</sha1>
    <format>Web ARChive GZ</format>
  </file>
  <file name="lists.ubuntu.com-archives-ubuntu-leadership-2016-08-23-6c31902f-meta.warc.os.cdx.gz" source="derivative">
    <format>WARC CDX Index</format>
    <original>lists.ubuntu.com-archives-ubuntu-leadership-2016-08-23-6c31902f-meta.warc.gz</original>
    <mtime>1495617059</mtime>
    <size>47</size>
    <md5>1d8cb80c7c73d37c43c0cb75d5d1a098</md5>
    <crc32>0cdaeb9e</crc32>
    <sha1>67adc3875f3968c89496299dd1415fb803febf5c</sha1>
  </file>
  <file name="lists.ubuntu.com-archives-ubuntu-learning-2016-08-23-012d4929-00000.warc.gz" source="original">
    <mtime>1495614925</mtime>
    <size>1139648</size>
    <md5>b9bd159ec4890e41f37cf0b1a64e8b9e</md5>
    <crc32>1e95ac87</crc32>
    <sha1>736a7a7968f91931fbe414109613872641484e42</sha1>
    <format>Web ARChive GZ</format>
  </file>
  <file name="lists.ubuntu.com-archives-ubuntu-learning-2016-08-23-012d4929-00000.warc.os.cdx.gz" source="derivative">
    <format>WARC CDX Index</format>
    <original>lists.ubuntu.com-archives-ubuntu-learning-2016-08-23-012d4929-00000.warc.gz</original>
    <mtime>1495617063</mtime>
    <size>18686</size>
    <md5>3b9ece31b4ca14c76ad0b45290aa2d82</md5>
    <crc32>626160a7</crc32>
    <sha1>af33090cecc11ccd230997260a4c0fd85c0fc14a</sha1>
  </file>
  <file name="lists.ubuntu.com-archives-ubuntu-learning-2016-08-23-012d4929-meta.warc.gz" source="original">
    <mtime>1495614929</mtime>
    <size>11825</size>
    <md5>8e0fb66d2f7c5b07b86203d485db19b2</md5>
    <crc32>53257eaf</crc32>
    <sha1>6bc1139ebb9e09cb7693b43ca443d589c377163e</sha1>
    <format>Web ARChive GZ</format>
  </file>
  <file name="lists.ubuntu.com-archives-ubuntu-learning-2016-08-23-012d4929-meta.warc.os.cdx.gz" source="derivative">
    <format>WARC CDX Index</format>
    <original>lists.ubuntu.com-archives-ubuntu-learning-2016-08-23-012d4929-meta.warc.gz</original>
    <mtime>1495617066</mtime>
    <size>47</size>
    <md5>f7b075c5ad2067de5304a3a3a14d7c66</md5>
    <crc32>1ec5a07e</crc32>
    <sha1>43e0d396f587d33c992cb291678f9781435ad8d4</sha1>
  </file>
  <file name="lists.ubuntu.com-archives-ubuntu-learning.mbox-2016-08-23-f4ec2037-00000.warc.gz" source="original">
    <mtime>1495614934</mtime>
    <size>184942</size>
    <md5>b4e391a6ab42273487c19498c050c7c9</md5>
    <crc32>dcd9c3d7</crc32>
    <sha1>ebdc0a7aa1748afeaaf40e46cd929448af1de88c</sha1>
    <format>Web ARChive GZ</format>
  </file>
  <file name="lists.ubuntu.com-archives-ubuntu-learning.mbox-2016-08-23-f4ec2037-00000.warc.os.cdx.gz" source="derivative">
    <format>WARC CDX Index</format>
    <original>lists.ubuntu.com-archives-ubuntu-learning.mbox-2016-08-23-f4ec2037-00000.warc.gz</original>
    <mtime>1495617211</mtime>
    <size>438</size>
    <md5>c13eb36d2997553fbb05ee64f675fe5c</md5>
    <crc32>cbcf5420</crc32>
    <sha1>34574feb1e6d6336d861480126c10d3e126b8424</sha1>
  </file>
  <file name="lists.ubuntu.com-archives-ubuntu-learning.mbox-2016-08-23-f4ec2037-meta.warc.gz" source="original">
    <mtime>1495614938</mtime>
    <size>3106</size>
    <md5>3f864e8318873dfbc2397ebc0a24ce26</md5>
    <crc32>7f312c5e</crc32>
    <sha1>0e4dcd056bc6c6700da2a4add50d4c1446273ef0</sha1>
    <format>Web ARChive GZ</format>
  </file>
  <file name="lists.ubuntu.com-archives-ubuntu-learning.mbox-2016-08-23-f4ec2037-meta.warc.os.cdx.gz" source="derivative">
    <format>WARC CDX Index</format>
    <original>lists.ubuntu.com-archives-ubuntu-learning.mbox-2016-08-23-f4ec2037-meta.warc.gz</original>
    <mtime>1495616974</mtime>
    <size>47</size>
    <md5>3e33bb6f14871f4f30fe8b598897e089</md5>
    <crc32>fbe924e1</crc32>
    <sha1>2076a73b9d55f73254188e1f7c60aec8af7afdc2</sha1>
  </file>
  <file name="lists.ubuntu.com-archives-ubuntu-lk-2016-08-23-d0639dc1-00000.warc.gz" source="original">
    <mtime>1495614943</mtime>
    <size>18750</size>
    <md5>4938841ceba4c1ae6f59b5a15f8d0052</md5>
    <crc32>e44bc585</crc32>
    <sha1>d03c97dbe48eabc5daa4b0beb6733b004f671634</sha1>
    <format>Web ARChive GZ</format>
  </file>
  <file name="lists.ubuntu.com-archives-ubuntu-lk-2016-08-23-d0639dc1-00000.warc.os.cdx.gz" source="derivative">
    <format>WARC CDX Index</format>
    <original>lists.ubuntu.com-archives-ubuntu-lk-2016-08-23-d0639dc1-00000.warc.gz</original>
    <mtime>1495617016</mtime>
    <size>621</size>
    <md5>ef1005cf2c891db56b77cf8d5bd8c6de</md5>
    <crc32>d69fd57f</crc32>
    <sha1>bfb91f8e04b67b0b5974df8fe1f7d4481ee76057</sha1>
  </file>
  <file name="lists.ubuntu.com-archives-ubuntu-lk-2016-08-23-d0639dc1-meta.warc.gz" source="original">
    <mtime>1495614947</mtime>
    <size>3148</size>
    <md5>d254605e3fa889c2644f30d112313b89</md5>
    <crc32>d27fdc2f</crc32>
    <sha1>86ebd8d4b82ba5f520e2c1ff1c8eda4844879ee4</sha1>
    <format>Web ARChive GZ</format>
  </file>
  <file name="lists.ubuntu.com-archives-ubuntu-lk-2016-08-23-d0639dc1-meta.warc.os.cdx.gz" source="derivative">
    <format>WARC CDX Index</format>
    <original>lists.ubuntu.com-archives-ubuntu-lk-2016-08-23-d0639dc1-meta.warc.gz</original>
    <mtime>1495617069</mtime>
    <size>47</size>
    <md5>a11f650a6f1e7621b2ce8f506522db83</md5>
    <crc32>10cf66de</crc32>
    <sha1>4e338777f850006a6a8fe6113291c46a3b94cd0b</sha1>
  </file>
  <file name="lists.ubuntu.com-archives-ubuntu-lk.mbox-2016-08-23-29d76a42-00000.warc.gz" source="original">
    <mtime>1495614954</mtime>
    <size>10289</size>
    <md5>8fd333e812074587248070ef3edca5b0</md5>
    <crc32>25c73ee1</crc32>
    <sha1>f0cf4b035056aff31c3035d2c85635844e3db65c</sha1>
    <format>Web ARChive GZ</format>
  </file>
  <file name="lists.ubuntu.com-archives-ubuntu-lk.mbox-2016-08-23-29d76a42-00000.warc.os.cdx.gz" source="derivative">
    <format>WARC CDX Index</format>
    <original>lists.ubuntu.com-archives-ubuntu-lk.mbox-2016-08-23-29d76a42-00000.warc.gz</original>
    <mtime>1495617126</mtime>
    <size>427</size>
    <md5>9eacdfebbeeb0419439b953f5320e6dc</md5>
    <crc32>7e725b1a</crc32>
    <sha1>cdc8d4a093ed5d106e6c05f32113c73e2d5a7935</sha1>
  </file>
  <file name="lists.ubuntu.com-archives-ubuntu-lk.mbox-2016-08-23-29d76a42-meta.warc.gz" source="original">
    <mtime>1495614958</mtime>
    <size>3092</size>
    <md5>b2f71c070258ea143f002c47d46456ab</md5>
    <crc32>62127520</crc32>
    <sha1>87c2372d9bfdc158c368f0ad4c9e5f7e0fc26094</sha1>
    <format>Web ARChive GZ</format>
  </file>
  <file name="lists.ubuntu.com-archives-ubuntu-lk.mbox-2016-08-23-29d76a42-meta.warc.os.cdx.gz" source="derivative">
    <format>WARC CDX Index</format>
    <original>lists.ubuntu.com-archives-ubuntu-lk.mbox-2016-08-23-29d76a42-meta.warc.gz</original>
    <mtime>1495617086</mtime>
    <size>47</size>
    <md5>3e0a15a0711bafcd5a28fd1d3ad98882</md5>
    <crc32>73e207e5</crc32>
    <sha1>9abe5f7b66065ea4c76590aa8217789edf83e86e</sha1>
  </file>
  <file name="lists.ubuntu.com-archives-ubuntu-lr-2016-08-23-30672d7f-00000.warc.gz" source="original">
    <mtime>1495614964</mtime>
    <size>3786</size>
    <md5>e93c59325fcb8d4680955fcaeaa617f3</md5>
    <crc32>6d14fa9b</crc32>
    <sha1>43de88953ab05b0bc587fc6ff11880b168e2b9c5</sha1>
    <format>Web ARChive GZ</format>
  </file>
  <file name="lists.ubuntu.com-archives-ubuntu-lr-2016-08-23-30672d7f-00000.warc.os.cdx.gz" source="derivative">
    <format>WARC CDX Index</format>
    <original>lists.ubuntu.com-archives-ubuntu-lr-2016-08-23-30672d7f-00000.warc.gz</original>
    <mtime>1495617089</mtime>
    <size>216</size>
    <md5>dcb084eeb6db0aca09ac752cc20ee348</md5>
    <crc32>c0077bad</crc32>
    <sha1>cbaa8f0b4dead15af0a538c11ccc0a15ed217104</sha1>
  </file>
  <file name="lists.ubuntu.com-archives-ubuntu-lr-2016-08-23-30672d7f-meta.warc.gz" source="original">
    <mtime>1495614970</mtime>
    <size>2919</size>
    <md5>00d08db0d3830e4f4fc7eeba67872c55</md5>
    <crc32>6e326613</crc32>
    <sha1>5767a6c52508d6896aff495d33e07015b2fc932d</sha1>
    <format>Web ARChive GZ</format>
  </file>
  <file name="lists.ubuntu.com-archives-ubuntu-lr-2016-08-23-30672d7f-meta.warc.os.cdx.gz" source="derivative">
    <format>WARC CDX Index</format>
    <original>lists.ubuntu.com-archives-ubuntu-lr-2016-08-23-30672d7f-meta.warc.gz</original>
    <mtime>1495617092</mtime>
    <size>47</size>
    <md5>bea56c46e6a66888d439e347f40b09a6</md5>
    <crc32>48653d08</crc32>
    <sha1>8418e443a64a3115f96451f6d63fbee0c7ae7fb0</sha1>
  </file>
  <file name="lists.ubuntu.com-archives-ubuntu-lr.mbox-2016-08-23-870598ec-00000.warc.gz" source="original">
    <mtime>1495614974</mtime>
    <size>6392</size>
    <md5>1ee68f47a084a2a1d5a41815ca47f769</md5>
    <crc32>eeafeadd</crc32>
    <sha1>fd96dbaabf581ea04e8d1fe39f91765111bcd467</sha1>
    <format>Web ARChive GZ</format>
  </file>
  <file name="lists.ubuntu.com-archives-ubuntu-lr.mbox-2016-08-23-870598ec-00000.warc.os.cdx.gz" source="derivative">
    <format>WARC CDX Index</format>
    <original>lists.ubuntu.com-archives-ubuntu-lr.mbox-2016-08-23-870598ec-00000.warc.gz</original>
    <mtime>1495617095</mtime>
    <size>334</size>
    <md5>e033f176348caac1adf2442b15be27f8</md5>
    <crc32>3cd4f11a</crc32>
    <sha1>792dfc8984f697b1a1c7f38c85722cafdb0e1531</sha1>
  </file>
  <file name="lists.ubuntu.com-archives-ubuntu-lr.mbox-2016-08-23-870598ec-meta.warc.gz" source="original">
    <mtime>1495614978</mtime>
    <size>3022</size>
    <md5>0aa4a6fd67d84fc8a9c1301f3e31916b</md5>
    <crc32>b18d8361</crc32>
    <sha1>6c43e9dd20a6bfbd3ccec71cd0072e9437a0e77d</sha1>
    <format>Web ARChive GZ</format>
  </file>
  <file name="lists.ubuntu.com-archives-ubuntu-lr.mbox-2016-08-23-870598ec-meta.warc.os.cdx.gz" source="derivative">
    <format>WARC CDX Index</format>
    <original>lists.ubuntu.com-archives-ubuntu-lr.mbox-2016-08-23-870598ec-meta.warc.gz</original>
    <mtime>1495617098</mtime>
    <size>47</size>
    <md5>35523935a481060aa1b4df08dd358ef2</md5>
    <crc32>5470b048</crc32>
    <sha1>a8518de937d7c4373d8b42236937ab057c031827</sha1>
  </file>
  <file name="lists.ubuntu.com-archives-ubuntu-lt-2016-08-23-930a7777-00000.warc.gz" source="original">
    <mtime>1495614983</mtime>
    <size>2202071</size>
    <md5>49c79c6d8e71d4c50fc9cd60bcdcdf98</md5>
    <crc32>858095ad</crc32>
    <sha1>a60c307211d69042c820de0363a745ffb5156235</sha1>
    <format>Web ARChive GZ</format>
  </file>
  <file name="lists.ubuntu.com-archives-ubuntu-lt-2016-08-23-930a7777-00000.warc.os.cdx.gz" source="derivative">
    <format>WARC CDX Index</format>
    <original>lists.ubuntu.com-archives-ubuntu-lt-2016-08-23-930a7777-00000.warc.gz</original>
    <mtime>1495617103</mtime>
    <size>36346</size>
    <md5>76fb787d482830038c0982d6ef9fba69</md5>
    <crc32>1cf296f7</crc32>
    <sha1>10e96913f4dd65490e6c6d20c379ca9e6dd392af</sha1>
  </file>
  <file name="lists.ubuntu.com-archives-ubuntu-lt-2016-08-23-930a7777-meta.warc.gz" source="original">
    <mtime>1495614988</mtime>
    <size>20450</size>
    <md5>b229ed1c1ffb4145547859482e447fc4</md5>
    <crc32>45122691</crc32>
    <sha1>d6d97fa2dfa7fa4645932f041925bf731e4058f0</sha1>
    <format>Web ARChive GZ</format>
  </file>
  <file name="lists.ubuntu.com-archives-ubuntu-lt-2016-08-23-930a7777-meta.warc.os.cdx.gz" source="derivative">
    <format>WARC CDX Index</format>
    <original>lists.ubuntu.com-archives-ubuntu-lt-2016-08-23-930a7777-meta.warc.gz</original>
    <mtime>1495617106</mtime>
    <size>47</size>
    <md5>68d03ad717e5f98d610b190871d88968</md5>
    <crc32>ab657765</crc32>
    <sha1>f0c668440236b26f3356b0afa94aed0644182518</sha1>
  </file>
  <file name="lists.ubuntu.com-archives-ubuntu-lt.mbox-2016-08-23-0e3ce0e6-00000.warc.gz" source="original">
    <mtime>1495614992</mtime>
    <size>547698</size>
    <md5>a3b33a2e8dd0ee1ef44e9fd9aef2326d</md5>
    <crc32>54eba539</crc32>
    <sha1>826d233ba9148963a73fb1f3a34505c6bfa474a8</sha1>
    <format>Web ARChive GZ</format>
  </file>
  <file name="lists.ubuntu.com-archives-ubuntu-lt.mbox-2016-08-23-0e3ce0e6-00000.warc.os.cdx.gz" source="derivative">
    <format>WARC CDX Index</format>
    <original>lists.ubuntu.com-archives-ubuntu-lt.mbox-2016-08-23-0e3ce0e6-00000.warc.gz</original>
    <mtime>1495617109</mtime>
    <size>434</size>
    <md5>2f3ade00c5ea0d6ea2c61150fdddda36</md5>
    <crc32>fe242057</crc32>
    <sha1>e1623ea8093c7ac56d8dfc83c96de00091938f9f</sha1>
  </file>
  <file name="lists.ubuntu.com-archives-ubuntu-lt.mbox-2016-08-23-0e3ce0e6-meta.warc.gz" source="original">
    <mtime>1495614996</mtime>
    <size>3095</size>
    <md5>f8b70fe1431378034269d8683e93c28d</md5>
    <crc32>4479b526</crc32>
    <sha1>2803f7b279ff6cf1239228fb7e429233528594b8</sha1>
    <format>Web ARChive GZ</format>
  </file>
  <file name="lists.ubuntu.com-archives-ubuntu-lt.mbox-2016-08-23-0e3ce0e6-meta.warc.os.cdx.gz" source="derivative">
    <format>WARC CDX Index</format>
    <original>lists.ubuntu.com-archives-ubuntu-lt.mbox-2016-08-23-0e3ce0e6-meta.warc.gz</original>
    <mtime>1495617112</mtime>
    <size>47</size>
    <md5>32331ef7fcb56b475634ce99dd7102cb</md5>
    <crc32>704e2788</crc32>
    <sha1>919f8201e4312181c78a36a33e57b3f671299bad</sha1>
  </file>
  <file name="lists.ubuntu.com-archives-ubuntu-lu-2016-08-23-e2c825af-00000.warc.gz" source="original">
    <mtime>1495615000</mtime>
    <size>366723</size>
    <md5>7023b90005ba9f9a6d2ce235a9bd1727</md5>
    <crc32>1a25a94e</crc32>
    <sha1>57ae2ee70cfc715a308cd716db64eb78bf4587ee</sha1>
    <format>Web ARChive GZ</format>
  </file>
  <file name="lists.ubuntu.com-archives-ubuntu-lu-2016-08-23-e2c825af-00000.warc.os.cdx.gz" source="derivative">
    <format>WARC CDX Index</format>
    <original>lists.ubuntu.com-archives-ubuntu-lu-2016-08-23-e2c825af-00000.warc.gz</original>
    <mtime>1495617117</mtime>
    <size>6225</size>
    <md5>7351a31b38611640ad6914aefaf7404b</md5>
    <crc32>f8e79caf</crc32>
    <sha1>13a86a81cb9f3e07c69cbe0fac3cd45aa0fda6b2</sha1>
  </file>
  <file name="lists.ubuntu.com-archives-ubuntu-lu-2016-08-23-e2c825af-meta.warc.gz" source="original">
    <mtime>1495615005</mtime>
    <size>5888</size>
    <md5>173da7521d7c9f137909cb9a4e489584</md5>
    <crc32>b3e13b7a</crc32>
    <sha1>c7ea618b63e875d3a7b297a76c39b7c4eaa235d0</sha1>
    <format>Web ARChive GZ</format>
  </file>
  <file name="lists.ubuntu.com-archives-ubuntu-lu-2016-08-23-e2c825af-meta.warc.os.cdx.gz" source="derivative">
    <format>WARC CDX Index</format>
    <original>lists.ubuntu.com-archives-ubuntu-lu-2016-08-23-e2c825af-meta.warc.gz</original>
    <mtime>1495617080</mtime>
    <size>47</size>
    <md5>d31dc9681faadca167cbeb908e8aac18</md5>
    <crc32>3afb37be</crc32>
    <sha1>4c502f7bafb50f9ae1a691d456f5918a79c912ec</sha1>
  </file>
  <file name="lists.ubuntu.com-archives-ubuntu-lu.mbox-2016-08-23-cc71c9fe-00000.warc.gz" source="original">
    <mtime>1495615009</mtime>
    <size>63218</size>
    <md5>a91c473c1f282b17143a6155cd586547</md5>
    <crc32>2cea2b9e</crc32>
    <sha1>89d37ce87c7b901d1bf45e087c71851760e4a7d4</sha1>
    <format>Web ARChive GZ</format>
  </file>
  <file name="lists.ubuntu.com-archives-ubuntu-lu.mbox-2016-08-23-cc71c9fe-00000.warc.os.cdx.gz" source="derivative">
    <format>WARC CDX Index</format>
    <original>lists.ubuntu.com-archives-ubuntu-lu.mbox-2016-08-23-cc71c9fe-00000.warc.gz</original>
    <mtime>1495617120</mtime>
    <size>431</size>
    <md5>e3ba7f0cbb4685bfaeead9986f06845b</md5>
    <crc32>89515233</crc32>
    <sha1>6326ea86c9f88dac1522dc81a40237503ab0a891</sha1>
  </file>
  <file name="lists.ubuntu.com-archives-ubuntu-lu.mbox-2016-08-23-cc71c9fe-meta.warc.gz" source="original">
    <mtime>1495615014</mtime>
    <size>3092</size>
    <md5>b1bc6a56aead0541822bebff935c3082</md5>
    <crc32>366cb078</crc32>
    <sha1>6363c3131b4f5a30e284326a343d6d46d3c29a0c</sha1>
    <format>Web ARChive GZ</format>
  </file>
  <file name="lists.ubuntu.com-archives-ubuntu-lu.mbox-2016-08-23-cc71c9fe-meta.warc.os.cdx.gz" source="derivative">
    <format>WARC CDX Index</format>
    <original>lists.ubuntu.com-archives-ubuntu-lu.mbox-2016-08-23-cc71c9fe-meta.warc.gz</original>
    <mtime>1495617130</mtime>
    <size>47</size>
    <md5>cdc8e39dedcb1cbde9f4c787b961648f</md5>
    <crc32>db334265</crc32>
    <sha1>7297657179b3081fb32e8e8077bf1245c9476b84</sha1>
  </file>
  <file name="lists.ubuntu.com-archives-ubuntu-lv-2016-08-23-d6fc9c98-00000.warc.gz" source="original">
    <mtime>1495615019</mtime>
    <size>4177742</size>
    <md5>c82bb4f87e51e869e7f5214e574034cc</md5>
    <crc32>93509cea</crc32>
    <sha1>d8b4830da3b19300cc8c83421aa6b4847130d63c</sha1>
    <format>Web ARChive GZ</format>
  </file>
  <file name="lists.ubuntu.com-archives-ubuntu-lv-2016-08-23-d6fc9c98-00000.warc.os.cdx.gz" source="derivative">
    <format>WARC CDX Index</format>
    <original>lists.ubuntu.com-archives-ubuntu-lv-2016-08-23-d6fc9c98-00000.warc.gz</original>
    <mtime>1495617074</mtime>
    <size>30374</size>
    <md5>6c168e58f07b6279489a0dbf6c7d9994</md5>
    <crc32>f4310009</crc32>
    <sha1>12225960d621bd68a64e0bd8c6ed289dadccfed1</sha1>
  </file>
  <file name="lists.ubuntu.com-archives-ubuntu-lv-2016-08-23-d6fc9c98-meta.warc.gz" source="original">
    <mtime>1495615024</mtime>
    <size>17359</size>
    <md5>72e2d01d7f10ad65cbd62c2e30cb3bcc</md5>
    <crc32>292000dc</crc32>
    <sha1>0e5e72f91342e7c81e40ae4169f3f756620220d4</sha1>
    <format>Web ARChive GZ</format>
  </file>
  <file name="lists.ubuntu.com-archives-ubuntu-lv-2016-08-23-d6fc9c98-meta.warc.os.cdx.gz" source="derivative">
    <format>WARC CDX Index</format>
    <original>lists.ubuntu.com-archives-ubuntu-lv-2016-08-23-d6fc9c98-meta.warc.gz</original>
    <mtime>1495617133</mtime>
    <size>47</size>
    <md5>fbd1fcdf706034a68650cfc32e63dff3</md5>
    <crc32>d53984c5</crc32>
    <sha1>c872f7e33238877bd420aafa215865485fc4a48d</sha1>
  </file>
  <file name="lists.ubuntu.com-archives-ubuntu-lv.mbox-2016-08-23-956f0228-00000.warc.gz" source="original">
    <mtime>1495615029</mtime>
    <size>2835178</size>
    <md5>30f90622a74e127b394ee55498e24763</md5>
    <crc32>cbea822f</crc32>
    <sha1>7d988e505e81863c1f9574e07914954773063a65</sha1>
    <format>Web ARChive GZ</format>
  </file>
  <file name="lists.ubuntu.com-archives-ubuntu-lv.mbox-2016-08-23-956f0228-00000.warc.os.cdx.gz" source="derivative">
    <format>WARC CDX Index</format>
    <original>lists.ubuntu.com-archives-ubuntu-lv.mbox-2016-08-23-956f0228-00000.warc.gz</original>
    <mtime>1495617136</mtime>
    <size>436</size>
    <md5>839f028f60507ebf51885c7b50d68a7b</md5>
    <crc32>379c8bdd</crc32>
    <sha1>7d4d5b4edbf63637ffb19e688ba19e5484d1a8f3</sha1>
  </file>
  <file name="lists.ubuntu.com-archives-ubuntu-lv.mbox-2016-08-23-956f0228-meta.warc.gz" source="original">
    <mtime>1495615033</mtime>
    <size>3091</size>
    <md5>f2271be5fb45827d35ae7ba0c75e6b4d</md5>
    <crc32>16cb02ee</crc32>
    <sha1>fdff209e7a7b80793137c4dd9c7e70ca98f1ba82</sha1>
    <format>Web ARChive GZ</format>
  </file>
  <file name="lists.ubuntu.com-archives-ubuntu-lv.mbox-2016-08-23-956f0228-meta.warc.os.cdx.gz" source="derivative">
    <format>WARC CDX Index</format>
    <original>lists.ubuntu.com-archives-ubuntu-lv.mbox-2016-08-23-956f0228-meta.warc.gz</original>
    <mtime>1495617139</mtime>
    <size>47</size>
    <md5>628acce7c7724a57991502f5a36c08a7</md5>
    <crc32>633573b3</crc32>
    <sha1>944a3f066dfa75fd4fa021f6b86d545a7977acf3</sha1>
  </file>
  <file name="lists.ubuntu.com-archives-ubuntu-ma-2016-08-23-c304325e-00000.warc.gz" source="original">
    <mtime>1495615042</mtime>
    <size>37517840</size>
    <md5>e868d26d0f47508d0bc58f9120236cdf</md5>
    <crc32>1b29aa16</crc32>
    <sha1>cae2e694cd6526de698df65b381c710c7fbfeafb</sha1>
    <format>Web ARChive GZ</format>
  </file>
  <file name="lists.ubuntu.com-archives-ubuntu-ma-2016-08-23-c304325e-00000.warc.os.cdx.gz" source="derivative">
    <format>WARC CDX Index</format>
    <original>lists.ubuntu.com-archives-ubuntu-ma-2016-08-23-c304325e-00000.warc.gz</original>
    <mtime>1495617153</mtime>
    <size>287080</size>
    <md5>40d66f74ba3ce06901d1d8d05a09ace8</md5>
    <crc32>f1397d42</crc32>
    <sha1>04fa024da1e578eeaeb513fa4fc307a5f3a3379d</sha1>
  </file>
  <file name="lists.ubuntu.com-archives-ubuntu-ma-2016-08-23-c304325e-meta.warc.gz" source="original">
    <mtime>1495615047</mtime>
    <size>138183</size>
    <md5>f5caa88396fc5b1f0c3eaa108e88adf1</md5>
    <crc32>36b1b9df</crc32>
    <sha1>ee32574f9a38e2e2ec4ee0009eca9c03cfd39b64</sha1>
    <format>Web ARChive GZ</format>
  </file>
  <file name="lists.ubuntu.com-archives-ubuntu-ma-2016-08-23-c304325e-meta.warc.os.cdx.gz" source="derivative">
    <format>WARC CDX Index</format>
    <original>lists.ubuntu.com-archives-ubuntu-ma-2016-08-23-c304325e-meta.warc.gz</original>
    <mtime>1495617156</mtime>
    <size>47</size>
    <md5>fe884c38823f2ecc8d003c24061c4f8e</md5>
    <crc32>dd0f1d64</crc32>
    <sha1>2edd4ea924d26ef4cdfb6b5566bdba911737184f</sha1>
  </file>
  <file name="lists.ubuntu.com-archives-ubuntu-ma.mbox-2016-08-23-67ade801-00000.warc.gz" source="original">
    <mtime>1495615056</mtime>
    <size>24064355</size>
    <md5>2cf7381521c1a9fa389991e10dab11df</md5>
    <crc32>5d73f2b4</crc32>
    <sha1>e5fb16fb9f00c6304014798c3739b0d8bd738c4a</sha1>
    <format>Web ARChive GZ</format>
  </file>
  <file name="lists.ubuntu.com-archives-ubuntu-ma.mbox-2016-08-23-67ade801-00000.warc.os.cdx.gz" source="derivative">
    <format>WARC CDX Index</format>
    <original>lists.ubuntu.com-archives-ubuntu-ma.mbox-2016-08-23-67ade801-00000.warc.gz</original>
    <mtime>1495617161</mtime>
    <size>430</size>
    <md5>dc2f61c2a1a182e758c5f5c22938cf20</md5>
    <crc32>dddaa570</crc32>
    <sha1>0246ddcc14b5b76e242a9999e51d6745ffb812bc</sha1>
  </file>
  <file name="lists.ubuntu.com-archives-ubuntu-ma.mbox-2016-08-23-67ade801-meta.warc.gz" source="original">
    <mtime>1495615060</mtime>
    <size>3097</size>
    <md5>a668263e7f4f62e4c4421207fed1d9db</md5>
    <crc32>5d980a6b</crc32>
    <sha1>93571627bcda1ae1a9470c20a66607e5af6c8a37</sha1>
    <format>Web ARChive GZ</format>
  </file>
  <file name="lists.ubuntu.com-archives-ubuntu-ma.mbox-2016-08-23-67ade801-meta.warc.os.cdx.gz" source="derivative">
    <format>WARC CDX Index</format>
    <original>lists.ubuntu.com-archives-ubuntu-ma.mbox-2016-08-23-67ade801-meta.warc.gz</original>
    <mtime>1495617164</mtime>
    <size>47</size>
    <md5>2385693b87b975cd244b51af59497969</md5>
    <crc32>8803a07f</crc32>
    <sha1>3d77ea48ec6fc1ec19ee8af044f61c58889f494c</sha1>
  </file>
  <file name="lists.ubuntu.com-archives-ubuntu-main-s_rs.mbox-2016-08-23-359bff2f-meta.warc.gz" source="original">
    <mtime>1495615084</mtime>
    <size>3138</size>
    <md5>5e9a241f28c1595cb7e02aad3c900e90</md5>
    <crc32>eaf41dc8</crc32>
    <sha1>70ea0c6ec8910b2d77efa35ebd08f175bd974be3</sha1>
    <format>Web ARChive GZ</format>
  </file>
  <file name="lists.ubuntu.com-archives-ubuntu-main-s_rs.mbox-2016-08-23-359bff2f-meta.warc.os.cdx.gz" source="derivative">
    <format>WARC CDX Index</format>
    <original>lists.ubuntu.com-archives-ubuntu-main-s_rs.mbox-2016-08-23-359bff2f-meta.warc.gz</original>
    <mtime>1495617167</mtime>
    <size>47</size>
    <md5>a0ac05f82a8148bbe9149a9e500c4031</md5>
    <crc32>4137bb72</crc32>
    <sha1>25c6d8eb0d73fc69fefb9654fbd8f5b7f1f7d7ef</sha1>
  </file>
  <file name="lists.ubuntu.com-archives-ubuntu-main-s_s.mbox-2016-08-23-359bff2f-00000.warc.gz" source="original">
    <mtime>1495615080</mtime>
    <size>8380312</size>
    <md5>3e0df0fff0cb00d9edb37232b8dcb457</md5>
    <crc32>2cb3eafd</crc32>
    <sha1>2b31e0c3784be12668d4fe156119daf50799d49d</sha1>
    <format>Web ARChive GZ</format>
  </file>
  <file name="lists.ubuntu.com-archives-ubuntu-main-s_s.mbox-2016-08-23-359bff2f-00000.warc.os.cdx.gz" source="derivative">
    <format>WARC CDX Index</format>
    <original>lists.ubuntu.com-archives-ubuntu-main-s_s.mbox-2016-08-23-359bff2f-00000.warc.gz</original>
    <mtime>1495617172</mtime>
    <size>451</size>
    <md5>dbba8546abfe97005d38edfbc56aab0e</md5>
    <crc32>b845f1b4</crc32>
    <sha1>6406aa322f29652f9c48c332496f3ad3a3f995db</sha1>
  </file>
  <file name="lists.ubuntu.com-archives-ubuntu-main-sponsors-2016-08-23-80f4d655-00000.warc.gz" source="original">
    <mtime>1495615070</mtime>
    <size>64033973</size>
    <md5>2f7178036f53fcddcdcf71c9436b0ef6</md5>
    <crc32>3292f5d2</crc32>
    <sha1>c45296cc735884817fbc71c54630872f4951f839</sha1>
    <format>Web ARChive GZ</format>
  </file>
  <file name="lists.ubuntu.com-archives-ubuntu-main-sponsors-2016-08-23-80f4d655-00000.warc.os.cdx.gz" source="derivative">
    <format>WARC CDX Index</format>
    <original>lists.ubuntu.com-archives-ubuntu-main-sponsors-2016-08-23-80f4d655-00000.warc.gz</original>
    <mtime>1495617207</mtime>
    <size>991517</size>
    <md5>9ff404dc1b940e73366b1097d33efce7</md5>
    <crc32>1ecda8dd</crc32>
    <sha1>92cd526b4689432c5b602cda3d2ce3656e404350</sha1>
  </file>
  <file name="lists.ubuntu.com-archives-ubuntu-main-sponsors-2016-08-23-80f4d655-meta.warc.gz" source="original">
    <mtime>1495615074</mtime>
    <size>438344</size>
    <md5>ce82b4643591ab1f319915a0ed104cda</md5>
    <crc32>13d5c513</crc32>
    <sha1>ef440920aa78cccddb7fb7a9e707fbf7216dc7a4</sha1>
    <format>Web ARChive GZ</format>
  </file>
  <file name="lists.ubuntu.com-archives-ubuntu-main-sponsors-2016-08-23-80f4d655-meta.warc.os.cdx.gz" source="derivative">
    <format>WARC CDX Index</format>
    <original>lists.ubuntu.com-archives-ubuntu-main-sponsors-2016-08-23-80f4d655-meta.warc.gz</original>
    <mtime>1495617123</mtime>
    <size>47</size>
    <md5>9ddfc12f3e7ca09195399857e50b9bd3</md5>
    <crc32>c92c0985</crc32>
    <sha1>38282f5cb5076da1872a85f4ee9f6fecb78e209b</sha1>
  </file>
  <file name="lists.ubuntu.com-archives-ubuntu-market_g.mbox-2016-08-23-7666c2b4-00000.warc.gz" source="original">
    <mtime>1495615121</mtime>
    <size>5858836</size>
    <md5>fad3a35bc1bb44cfc9bffab2f9da4cfb</md5>
    <crc32>3340ccad</crc32>
    <sha1>281b33df0dd2d021b2aaa200cbdae036a45fe509</sha1>
    <format>Web ARChive GZ</format>
  </file>
  <file name="lists.ubuntu.com-archives-ubuntu-market_g.mbox-2016-08-23-7666c2b4-00000.warc.os.cdx.gz" source="derivative">
    <format>WARC CDX Index</format>
    <original>lists.ubuntu.com-archives-ubuntu-market_g.mbox-2016-08-23-7666c2b4-00000.warc.gz</original>
    <mtime>1495617020</mtime>
    <size>439</size>
    <md5>dbbaf8a6a781624d9c3c4450900db211</md5>
    <crc32>a3266afa</crc32>
    <sha1>15b695b2715b3cf16cd5e4d500331982dd70df5c</sha1>
  </file>
  <file name="lists.ubuntu.com-archives-ubuntu-market_issions-2016-08-23-119506e8-meta.warc.gz" source="original">
    <mtime>1495615106</mtime>
    <size>24298</size>
    <md5>749f3ec68345aaa0974b3a6e44171ecc</md5>
    <crc32>4ef1e7fb</crc32>
    <sha1>e1f21b99994d9b86dbeb6a2029722a8039472343</sha1>
    <format>Web ARChive GZ</format>
  </file>
  <file name="lists.ubuntu.com-archives-ubuntu-market_issions-2016-08-23-119506e8-meta.warc.os.cdx.gz" source="derivative">
    <format>WARC CDX Index</format>
    <original>lists.ubuntu.com-archives-ubuntu-market_issions-2016-08-23-119506e8-meta.warc.gz</original>
    <mtime>1495617328</mtime>
    <size>47</size>
    <md5>725410272790babc0db0dfe97fb10b71</md5>
    <crc32>cece0e4b</crc32>
    <sha1>5afd35ba151918d21fa3944e7ea40c11d9777536</sha1>
  </file>
  <file name="lists.ubuntu.com-archives-ubuntu-market_ns.mbox-2016-08-23-0a2cddc3-meta.warc.gz" source="original">
    <mtime>1495615116</mtime>
    <size>3154</size>
    <md5>870e421b28ef4d49c8e1bcf55c0adb7e</md5>
    <crc32>cb65cfbd</crc32>
    <sha1>68d5d347a4659cf92167283293ee2bf8a1a36f79</sha1>
    <format>Web ARChive GZ</format>
  </file>
  <file name="lists.ubuntu.com-archives-ubuntu-market_ns.mbox-2016-08-23-0a2cddc3-meta.warc.os.cdx.gz" source="derivative">
    <format>WARC CDX Index</format>
    <original>lists.ubuntu.com-archives-ubuntu-market_ns.mbox-2016-08-23-0a2cddc3-meta.warc.gz</original>
    <mtime>1495617276</mtime>
    <size>47</size>
    <md5>3c7e24c6da393dcf3073ebe1733337ec</md5>
    <crc32>68afca7f</crc32>
    <sha1>32b4f9e8439282949f3ac29cd1b4c5e4f7dcac26</sha1>
  </file>
  <file name="lists.ubuntu.com-archives-ubuntu-market_s.mbox-2016-08-23-0a2cddc3-00000.warc.gz" source="original">
    <mtime>1495615111</mtime>
    <size>888979</size>
    <md5>cdf93e4df2180c5adb76cca358d5a8ab</md5>
    <crc32>b5879033</crc32>
    <sha1>959313764a58051a1f5b83d81bc4ded1212c4358</sha1>
    <format>Web ARChive GZ</format>
  </file>
  <file name="lists.ubuntu.com-archives-ubuntu-market_s.mbox-2016-08-23-0a2cddc3-00000.warc.os.cdx.gz" source="derivative">
    <format>WARC CDX Index</format>
    <original>lists.ubuntu.com-archives-ubuntu-market_s.mbox-2016-08-23-0a2cddc3-00000.warc.gz</original>
    <mtime>1495617336</mtime>
    <size>453</size>
    <md5>98e4a91a27412c4c4877dd9f432c3810</md5>
    <crc32>5125c5ca</crc32>
    <sha1>44ffd658d8aad4f934d0cdb7b1235f712d13231e</sha1>
  </file>
  <file name="lists.ubuntu.com-archives-ubuntu-market_ssions-2016-08-23-119506e8-00000.warc.gz" source="original">
    <mtime>1495615102</mtime>
    <size>3013072</size>
    <md5>618a8fa3fcf4b4a2b0a1bc55a90e4770</md5>
    <crc32>9acdcfbb</crc32>
    <sha1>f38392a47c8be4799623ebe5f990d56fff1dd55e</sha1>
    <format>Web ARChive GZ</format>
  </file>
  <file name="lists.ubuntu.com-archives-ubuntu-market_ssions-2016-08-23-119506e8-00000.warc.os.cdx.gz" source="derivative">
    <format>WARC CDX Index</format>
    <original>lists.ubuntu.com-archives-ubuntu-market_ssions-2016-08-23-119506e8-00000.warc.gz</original>
    <mtime>1495617229</mtime>
    <size>44083</size>
    <md5>fc531c876bab403258726ef89539b0e3</md5>
    <crc32>6e5e7168</crc32>
    <sha1>c4c19cf0ccef3cc3078630349fd83855cdf29412</sha1>
  </file>
  <file name="lists.ubuntu.com-archives-ubuntu-marketing-2016-08-23-8ab9c1e7-00000.warc.gz" source="original">
    <mtime>1495615090</mtime>
    <size>20780501</size>
    <md5>5400cb906a115afd4172f7e7a1f2a8d2</md5>
    <crc32>a865be8f</crc32>
    <sha1>70a7568753e5a12a06c4ce3c310b47c4fa5533d6</sha1>
    <format>Web ARChive GZ</format>
  </file>
  <file name="lists.ubuntu.com-archives-ubuntu-marketing-2016-08-23-8ab9c1e7-00000.warc.os.cdx.gz" source="derivative">
    <format>WARC CDX Index</format>
    <original>lists.ubuntu.com-archives-ubuntu-marketing-2016-08-23-8ab9c1e7-00000.warc.gz</original>
    <mtime>1495617241</mtime>
    <size>272253</size>
    <md5>0454fccd0be98754f1eb1b3d9af95b7a</md5>
    <crc32>25c628bf</crc32>
    <sha1>e51ffc937899bfbf9ffb8636542c8efe2d189089</sha1>
  </file>
  <file name="lists.ubuntu.com-archives-ubuntu-marketing-2016-08-23-8ab9c1e7-meta.warc.gz" source="original">
    <mtime>1495615097</mtime>
    <size>128192</size>
    <md5>835a8cdd04655f66aa228037d972a032</md5>
    <crc32>854f7dae</crc32>
    <sha1>1e76d7efa21bef5338eac1ac96a9782ea546f95c</sha1>
    <format>Web ARChive GZ</format>
  </file>
  <file name="lists.ubuntu.com-archives-ubuntu-marketing-2016-08-23-8ab9c1e7-meta.warc.os.cdx.gz" source="derivative">
    <format>WARC CDX Index</format>
    <original>lists.ubuntu.com-archives-ubuntu-marketing-2016-08-23-8ab9c1e7-meta.warc.gz</original>
    <mtime>1495617246</mtime>
    <size>47</size>
    <md5>62b93bf76c8aebb387047d544f3b0e95</md5>
    <crc32>69cbd5a4</crc32>
    <sha1>1d3713e1339679c647442e3a07eb1e2a26a6ecc8</sha1>
  </file>
  <file name="lists.ubuntu.com-archives-ubuntu-marketing.mbox-2016-08-23-7666c2b4-meta.warc.gz" source="original">
    <mtime>1495615126</mtime>
    <size>3111</size>
    <md5>8a23de6c8bb5728fb693de3ac239b17b</md5>
    <crc32>51057d6c</crc32>
    <sha1>f96edc5a50be1be533f066baf416bec5fadbe653</sha1>
    <format>Web ARChive GZ</format>
  </file>
  <file name="lists.ubuntu.com-archives-ubuntu-marketing.mbox-2016-08-23-7666c2b4-meta.warc.os.cdx.gz" source="derivative">
    <format>WARC CDX Index</format>
    <original>lists.ubuntu.com-archives-ubuntu-marketing.mbox-2016-08-23-7666c2b4-meta.warc.gz</original>
    <mtime>1495617249</mtime>
    <size>47</size>
    <md5>90332f292a8707b3f2e72da5c488d17c</md5>
    <crc32>17972604</crc32>
    <sha1>3bd888103fe5ee701b5aa78adf635875bf420f03</sha1>
  </file>
  <file name="lists.ubuntu.com-archives-ubuntu-md-2016-08-23-c1a3d128-00000.warc.gz" source="original">
    <mtime>1495615131</mtime>
    <size>561421</size>
    <md5>4893baa5580de1ee678305f00ba46966</md5>
    <crc32>28d1cc66</crc32>
    <sha1>e317580bab3e0c329333755add30bcdd41e38b88</sha1>
    <format>Web ARChive GZ</format>
  </file>
  <file name="lists.ubuntu.com-archives-ubuntu-md-2016-08-23-c1a3d128-00000.warc.os.cdx.gz" source="derivative">
    <format>WARC CDX Index</format>
    <original>lists.ubuntu.com-archives-ubuntu-md-2016-08-23-c1a3d128-00000.warc.gz</original>
    <mtime>1495617253</mtime>
    <size>10207</size>
    <md5>3f980b66399fff05d5855f2e910a5458</md5>
    <crc32>facca18b</crc32>
    <sha1>7491a4c8ed7fa89b9503ff9d3d07bff010fdab0b</sha1>
  </file>
  <file name="lists.ubuntu.com-archives-ubuntu-md-2016-08-23-c1a3d128-meta.warc.gz" source="original">
    <mtime>1495615135</mtime>
    <size>7702</size>
    <md5>a56deceeb747c78e9572587323680e6a</md5>
    <crc32>7b3144ee</crc32>
    <sha1>8798b8270763a34c7934479e96391452f16cb64b</sha1>
    <format>Web ARChive GZ</format>
  </file>
  <file name="lists.ubuntu.com-archives-ubuntu-md-2016-08-23-c1a3d128-meta.warc.os.cdx.gz" source="derivative">
    <format>WARC CDX Index</format>
    <original>lists.ubuntu.com-archives-ubuntu-md-2016-08-23-c1a3d128-meta.warc.gz</original>
    <mtime>1495617256</mtime>
    <size>47</size>
    <md5>d249e4e1c61144a357038daceec271bb</md5>
    <crc32>05886de4</crc32>
    <sha1>dbf936d78760ab96bb277b8981e1bd57f817c0a1</sha1>
  </file>
  <file name="lists.ubuntu.com-archives-ubuntu-md.mbox-2016-08-23-695cecb1-00000.warc.gz" source="original">
    <mtime>1495615140</mtime>
    <size>129439</size>
    <md5>d18306941c49831168abfef1c985280c</md5>
    <crc32>ce7d011a</crc32>
    <sha1>d13e893c982d281b540b3684684979b94a26fe4b</sha1>
    <format>Web ARChive GZ</format>
  </file>
  <file name="lists.ubuntu.com-archives-ubuntu-md.mbox-2016-08-23-695cecb1-00000.warc.os.cdx.gz" source="derivative">
    <format>WARC CDX Index</format>
    <original>lists.ubuntu.com-archives-ubuntu-md.mbox-2016-08-23-695cecb1-00000.warc.gz</original>
    <mtime>1495617260</mtime>
    <size>2079</size>
    <md5>c53c1155ebd0c9aeafb93b993ee848d9</md5>
    <crc32>abe9446c</crc32>
    <sha1>0594f848341706f146f76c7ce05a9250ee1a8106</sha1>
  </file>
  <file name="lists.ubuntu.com-archives-ubuntu-md.mbox-2016-08-23-695cecb1-meta.warc.gz" source="original">
    <mtime>1495615146</mtime>
    <size>3988</size>
    <md5>ab40b9ea08f2cc24a8e9f6e6d31a514a</md5>
    <crc32>7eef4843</crc32>
    <sha1>d910784ab35c47c3ff9be13e4c810fb511229892</sha1>
    <format>Web ARChive GZ</format>
  </file>
  <file name="lists.ubuntu.com-archives-ubuntu-md.mbox-2016-08-23-695cecb1-meta.warc.os.cdx.gz" source="derivative">
    <format>WARC CDX Index</format>
    <original>lists.ubuntu.com-archives-ubuntu-md.mbox-2016-08-23-695cecb1-meta.warc.gz</original>
    <mtime>1495617263</mtime>
    <size>47</size>
    <md5>446f33fd1aec80893b20083376fc93b4</md5>
    <crc32>0b82ab44</crc32>
    <sha1>3e051f9ed2911169dcd5940eef33a87009ba5d4c</sha1>
  </file>
  <file name="lists.ubuntu.com-archives-ubuntu-me-2016-08-23-c75d9e82-00000.warc.gz" source="original">
    <mtime>1495615152</mtime>
    <size>201681</size>
    <md5>1682e146cd0928e386c3cf77f199bdc2</md5>
    <crc32>5da7243b</crc32>
    <sha1>e510d22a1a5d07df2a7d57474d59dd9960cb313d</sha1>
    <format>Web ARChive GZ</format>
  </file>
  <file name="lists.ubuntu.com-archives-ubuntu-me-2016-08-23-c75d9e82-00000.warc.os.cdx.gz" source="derivative">
    <format>WARC CDX Index</format>
    <original>lists.ubuntu.com-archives-ubuntu-me-2016-08-23-c75d9e82-00000.warc.gz</original>
    <mtime>1495617266</mtime>
    <size>3531</size>
    <md5>ab0ebb0d86d3e7bad90c688c93af708d</md5>
    <crc32>0f8eeb48</crc32>
    <sha1>36d02f865d771e21a66fb0f74bb9b7d6292e114e</sha1>
  </file>
  <file name="lists.ubuntu.com-archives-ubuntu-me-2016-08-23-c75d9e82-meta.warc.gz" source="original">
    <mtime>1495615156</mtime>
    <size>4625</size>
    <md5>9ff3de2bb2c0615f87b670ea128df6e6</md5>
    <crc32>a8e80b5e</crc32>
    <sha1>f8e5502f142ccba526072de62292c930f8e7cbad</sha1>
    <format>Web ARChive GZ</format>
  </file>
  <file name="lists.ubuntu.com-archives-ubuntu-me-2016-08-23-c75d9e82-meta.warc.os.cdx.gz" source="derivative">
    <format>WARC CDX Index</format>
    <original>lists.ubuntu.com-archives-ubuntu-me-2016-08-23-c75d9e82-meta.warc.gz</original>
    <mtime>1495617270</mtime>
    <size>47</size>
    <md5>5a11f691b0654812865c09afd04296b5</md5>
    <crc32>b3849a92</crc32>
    <sha1>98265b89bbf3e6966a6712e6a12ef687371c3e53</sha1>
  </file>
  <file name="lists.ubuntu.com-archives-ubuntu-me.mbox-2016-08-23-63a31d0c-00000.warc.gz" source="original">
    <mtime>1495615162</mtime>
    <size>75144</size>
    <md5>74fc7262efe043b303962f0d6a966938</md5>
    <crc32>0e67deda</crc32>
    <sha1>6e2a56e1cc915a52d727f8059eca2590f5c94163</sha1>
    <format>Web ARChive GZ</format>
  </file>
  <file name="lists.ubuntu.com-archives-ubuntu-me.mbox-2016-08-23-63a31d0c-00000.warc.os.cdx.gz" source="derivative">
    <format>WARC CDX Index</format>
    <original>lists.ubuntu.com-archives-ubuntu-me.mbox-2016-08-23-63a31d0c-00000.warc.gz</original>
    <mtime>1495617221</mtime>
    <size>434</size>
    <md5>eb12cf4d8ed22906a440b584c42d7dad</md5>
    <crc32>2fc6233e</crc32>
    <sha1>3332cabce5f0428059b7249dfb9f2fbdfecd1b65</sha1>
  </file>
  <file name="lists.ubuntu.com-archives-ubuntu-me.mbox-2016-08-23-63a31d0c-meta.warc.gz" source="original">
    <mtime>1495615167</mtime>
    <size>3090</size>
    <md5>5d5f838d148914554d3a379681719c0d</md5>
    <crc32>f5647407</crc32>
    <sha1>1f2bb7eb2c08d852f9ff6e8c434d9e8f197a9b5b</sha1>
    <format>Web ARChive GZ</format>
  </file>
  <file name="lists.ubuntu.com-archives-ubuntu-me.mbox-2016-08-23-63a31d0c-meta.warc.os.cdx.gz" source="derivative">
    <format>WARC CDX Index</format>
    <original>lists.ubuntu.com-archives-ubuntu-me.mbox-2016-08-23-63a31d0c-meta.warc.gz</original>
    <mtime>1495617280</mtime>
    <size>47</size>
    <md5>e5a3c48444d3f18e373e30b5c52cc715</md5>
    <crc32>eb948650</crc32>
    <sha1>92f6e9b02d96210b41c4dd639ac2f446a7c8f11f</sha1>
  </file>
  <file name="lists.ubuntu.com-archives-ubuntu-mg-2016-08-23-6fb9a82b-00000.warc.gz" source="original">
    <mtime>1495615171</mtime>
    <size>3793</size>
    <md5>0313c0efcdcb127260cbb455f4103873</md5>
    <crc32>2649318c</crc32>
    <sha1>fe345c559d4ab73353c83f4aeb227d42903ebb24</sha1>
    <format>Web ARChive GZ</format>
  </file>
  <file name="lists.ubuntu.com-archives-ubuntu-mg-2016-08-23-6fb9a82b-00000.warc.os.cdx.gz" source="derivative">
    <format>WARC CDX Index</format>
    <original>lists.ubuntu.com-archives-ubuntu-mg-2016-08-23-6fb9a82b-00000.warc.gz</original>
    <mtime>1495616965</mtime>
    <size>217</size>
    <md5>d4f20d85848b9619392e1cb50f681d3c</md5>
    <crc32>d36c22ee</crc32>
    <sha1>5473363d6c3188a87bb3ebe06988c0383e06d602</sha1>
  </file>
  <file name="lists.ubuntu.com-archives-ubuntu-mg-2016-08-23-6fb9a82b-meta.warc.gz" source="original">
    <mtime>1495615175</mtime>
    <size>2920</size>
    <md5>890ca64857db9bccc57bde191e0e9ce7</md5>
    <crc32>975559f2</crc32>
    <sha1>67b5427c946a9dce6f4584fbc2fc46770fc4ff32</sha1>
    <format>Web ARChive GZ</format>
  </file>
  <file name="lists.ubuntu.com-archives-ubuntu-mg-2016-08-23-6fb9a82b-meta.warc.os.cdx.gz" source="derivative">
    <format>WARC CDX Index</format>
    <original>lists.ubuntu.com-archives-ubuntu-mg-2016-08-23-6fb9a82b-meta.warc.gz</original>
    <mtime>1495617283</mtime>
    <size>47</size>
    <md5>d642c2e392f998d56ed7f024c160a50e</md5>
    <crc32>22a09d5d</crc32>
    <sha1>1ecf8d2294cef7686efc28581837079eb001ac1d</sha1>
  </file>
  <file name="lists.ubuntu.com-archives-ubuntu-mg.mbox-2016-08-23-c710c635-00000.warc.gz" source="original">
    <mtime>1495615179</mtime>
    <size>6385</size>
    <md5>3b8b0b3c53a1651096e7044d58a2d055</md5>
    <crc32>98e962e5</crc32>
    <sha1>0c352a84bbdc6e5870b663d26414ad18e1598ddb</sha1>
    <format>Web ARChive GZ</format>
  </file>
  <file name="lists.ubuntu.com-archives-ubuntu-mg.mbox-2016-08-23-c710c635-00000.warc.os.cdx.gz" source="derivative">
    <format>WARC CDX Index</format>
    <original>lists.ubuntu.com-archives-ubuntu-mg.mbox-2016-08-23-c710c635-00000.warc.gz</original>
    <mtime>1495617287</mtime>
    <size>330</size>
    <md5>cc56c6e7f23ec74e10d898db91ba844c</md5>
    <crc32>3b2d2582</crc32>
    <sha1>ec27c48666816a5ac65a2b4a15acec0db4ad95da</sha1>
  </file>
  <file name="lists.ubuntu.com-archives-ubuntu-mg.mbox-2016-08-23-c710c635-meta.warc.gz" source="original">
    <mtime>1495615184</mtime>
    <size>3023</size>
    <md5>c41450ac430c0433ad08df61c40ef565</md5>
    <crc32>8ca7bb53</crc32>
    <sha1>b85164d194fbb51aaed05e921fea3d5114bfa4d4</sha1>
    <format>Web ARChive GZ</format>
  </file>
  <file name="lists.ubuntu.com-archives-ubuntu-mg.mbox-2016-08-23-c710c635-meta.warc.os.cdx.gz" source="derivative">
    <format>WARC CDX Index</format>
    <original>lists.ubuntu.com-archives-ubuntu-mg.mbox-2016-08-23-c710c635-meta.warc.gz</original>
    <mtime>1495617290</mtime>
    <size>47</size>
    <md5>ec83fe0dc37dcd0748035954d9560d5f</md5>
    <crc32>30bfd6bd</crc32>
    <sha1>5b3ff1926f76bcae1f610e24e4ebf1eddf85f270</sha1>
  </file>
  <file name="lists.ubuntu.com-archives-ubuntu-mirror_ce.mbox-2016-08-23-8ac4adba-meta.warc.gz" source="original">
    <mtime>1495615212</mtime>
    <size>3141</size>
    <md5>5c52875c9863619da4e9df00b4b9102d</md5>
    <crc32>1572f720</crc32>
    <sha1>a6508fb76235d6742f0376acb7af00f42a86625d</sha1>
    <format>Web ARChive GZ</format>
  </file>
  <file name="lists.ubuntu.com-archives-ubuntu-mirror_ce.mbox-2016-08-23-8ac4adba-meta.warc.os.cdx.gz" source="derivative">
    <format>WARC CDX Index</format>
    <original>lists.ubuntu.com-archives-ubuntu-mirror_ce.mbox-2016-08-23-8ac4adba-meta.warc.gz</original>
    <mtime>1495617293</mtime>
    <size>47</size>
    <md5>579246681d563e06b687fc0b4c86cf39</md5>
    <crc32>3eb5101d</crc32>
    <sha1>73a69fdf3cc45378f267372daf9072982ed91020</sha1>
  </file>
  <file name="lists.ubuntu.com-archives-ubuntu-mirror_e.mbox-2016-08-23-8ac4adba-00000.warc.gz" source="original">
    <mtime>1495615207</mtime>
    <size>65352</size>
    <md5>3e66a5b0b9f9b5a52dec7710119f901d</md5>
    <crc32>41be3be3</crc32>
    <sha1>2c9bcb3140ceedc82850fbb193e25fcf868658ee</sha1>
    <format>Web ARChive GZ</format>
  </file>
  <file name="lists.ubuntu.com-archives-ubuntu-mirror_e.mbox-2016-08-23-8ac4adba-00000.warc.os.cdx.gz" source="derivative">
    <format>WARC CDX Index</format>
    <original>lists.ubuntu.com-archives-ubuntu-mirror_e.mbox-2016-08-23-8ac4adba-00000.warc.gz</original>
    <mtime>1495617296</mtime>
    <size>444</size>
    <md5>864253baef1f8e9d9fa0a69a62f40604</md5>
    <crc32>2aff54a2</crc32>
    <sha1>a100bc9930c7cf754678678506d1bb1b57a4682c</sha1>
  </file>
  <file name="lists.ubuntu.com-archives-ubuntu-mirror_nnounce-2016-08-23-865afb80-meta.warc.gz" source="original">
    <mtime>1495615203</mtime>
    <size>6606</size>
    <md5>d6dc2bbaf4887dea04f2e57900b21062</md5>
    <crc32>822fd1c9</crc32>
    <sha1>3d7a267534abf882507975cf3e760400907cf8a6</sha1>
    <format>Web ARChive GZ</format>
  </file>
  <file name="lists.ubuntu.com-archives-ubuntu-mirror_nnounce-2016-08-23-865afb80-meta.warc.os.cdx.gz" source="derivative">
    <format>WARC CDX Index</format>
    <original>lists.ubuntu.com-archives-ubuntu-mirror_nnounce-2016-08-23-865afb80-meta.warc.gz</original>
    <mtime>1495617299</mtime>
    <size>47</size>
    <md5>1b306b739b9e440535301ee53abe8c06</md5>
    <crc32>88b9e76b</crc32>
    <sha1>e5d51ca2dd4e8fef25a4001c9188867ecd01e979</sha1>
  </file>
  <file name="lists.ubuntu.com-archives-ubuntu-mirror_nounce-2016-08-23-865afb80-00000.warc.gz" source="original">
    <mtime>1495615197</mtime>
    <size>400301</size>
    <md5>c17049b1655355bf0ae055b520b65d30</md5>
    <crc32>19bb3f26</crc32>
    <sha1>30dd18c53c324249aa7506b056190bdd2ca63761</sha1>
    <format>Web ARChive GZ</format>
  </file>
  <file name="lists.ubuntu.com-archives-ubuntu-mirror_nounce-2016-08-23-865afb80-00000.warc.os.cdx.gz" source="derivative">
    <format>WARC CDX Index</format>
    <original>lists.ubuntu.com-archives-ubuntu-mirror_nounce-2016-08-23-865afb80-00000.warc.gz</original>
    <mtime>1495617303</mtime>
    <size>7468</size>
    <md5>2a49cfca93d4649210ad616939bf36c5</md5>
    <crc32>e4839e15</crc32>
    <sha1>bbdd8c9492fce4fa1802e49b7d3fab77454778d0</sha1>
  </file>
  <file name="lists.ubuntu.com-archives-ubuntu-mirrors-2016-08-23-b7a7ef40-00000.warc.gz" source="original">
    <mtime>1495615188</mtime>
    <size>2527407</size>
    <md5>f5afb484fc6a487746f6604ffc9292fe</md5>
    <crc32>b31621dd</crc32>
    <sha1>c9e7d528757c9de3c0de0b102d434eb593b46835</sha1>
    <format>Web ARChive GZ</format>
  </file>
  <file name="lists.ubuntu.com-archives-ubuntu-mirrors-2016-08-23-b7a7ef40-00000.warc.os.cdx.gz" source="derivative">
    <format>WARC CDX Index</format>
    <original>lists.ubuntu.com-archives-ubuntu-mirrors-2016-08-23-b7a7ef40-00000.warc.gz</original>
    <mtime>1495617312</mtime>
    <size>47057</size>
    <md5>93acfe497d128c81ea6ff5df464bacf8</md5>
    <crc32>958b8b52</crc32>
    <sha1>47778fa1b1ed50c2f814d9f33b232e3601d1cc87</sha1>
  </file>
  <file name="lists.ubuntu.com-archives-ubuntu-mirrors-2016-08-23-b7a7ef40-meta.warc.gz" source="original">
    <mtime>1495615192</mtime>
    <size>25907</size>
    <md5>a831976adc7c6242eb3e25de97c79690</md5>
    <crc32>72bdbc93</crc32>
    <sha1>fb9f272919465aa169b3d692c7bcbffaae3e10de</sha1>
    <format>Web ARChive GZ</format>
  </file>
  <file name="lists.ubuntu.com-archives-ubuntu-mirrors-2016-08-23-b7a7ef40-meta.warc.os.cdx.gz" source="derivative">
    <format>WARC CDX Index</format>
    <original>lists.ubuntu.com-archives-ubuntu-mirrors-2016-08-23-b7a7ef40-meta.warc.gz</original>
    <mtime>1495617315</mtime>
    <size>47</size>
    <md5>c46e74323b7bb4ccb143fecf5fa65c66</md5>
    <crc32>ade36f70</crc32>
    <sha1>e3a84b5e455b47550a1383a41795c53b1f481c6b</sha1>
  </file>
  <file name="lists.ubuntu.com-archives-ubuntu-mirrors.mbox-2016-08-23-e7492c31-00000.warc.gz" source="original">
    <mtime>1495615217</mtime>
    <size>358822</size>
    <md5>a7a5f0d79fba5df1e8519d8e6c96f0c5</md5>
    <crc32>b236738a</crc32>
    <sha1>bcf2823a8ae82ad80193729176e278091e36136b</sha1>
    <format>Web ARChive GZ</format>
  </file>
  <file name="lists.ubuntu.com-archives-ubuntu-mirrors.mbox-2016-08-23-e7492c31-00000.warc.os.cdx.gz" source="derivative">
    <format>WARC CDX Index</format>
    <original>lists.ubuntu.com-archives-ubuntu-mirrors.mbox-2016-08-23-e7492c31-00000.warc.gz</original>
    <mtime>1495617319</mtime>
    <size>439</size>
    <md5>5407c8b90689ff06fe7d7e5153c6fd6e</md5>
    <crc32>7e4bf7b0</crc32>
    <sha1>b50a9e5829593070e96a7f25e7163148b72f7e4c</sha1>
  </file>
  <file name="lists.ubuntu.com-archives-ubuntu-mirrors.mbox-2016-08-23-e7492c31-meta.warc.gz" source="original">
    <mtime>1495615222</mtime>
    <size>3109</size>
    <md5>d6b3e993c2e68115ead7b813591760cb</md5>
    <crc32>47474422</crc32>
    <sha1>63385ff32ba0edf482c647333be8f0ee7610717f</sha1>
    <format>Web ARChive GZ</format>
  </file>
  <file name="lists.ubuntu.com-archives-ubuntu-mirrors.mbox-2016-08-23-e7492c31-meta.warc.os.cdx.gz" source="derivative">
    <format>WARC CDX Index</format>
    <original>lists.ubuntu.com-archives-ubuntu-mirrors.mbox-2016-08-23-e7492c31-meta.warc.gz</original>
    <mtime>1495617217</mtime>
    <size>47</size>
    <md5>9bccb55f29dde24c57b72c591433e70b</md5>
    <crc32>98d4d429</crc32>
    <sha1>7bfddf048c3d470efded61527763d211347fb24c</sha1>
  </file>
  <file name="lists.ubuntu.com-archives-ubuntu-mk-2016-08-23-01b6293c-00000.warc.gz" source="original">
    <mtime>1495615226</mtime>
    <size>3783</size>
    <md5>ed245ea77b5d7a6948826aaaa6da5a4e</md5>
    <crc32>e1e7e9f6</crc32>
    <sha1>e7f0ecb40a3d2d6439979235fcaf57a2fadc483f</sha1>
    <format>Web ARChive GZ</format>
  </file>
  <file name="lists.ubuntu.com-archives-ubuntu-mk-2016-08-23-01b6293c-00000.warc.os.cdx.gz" source="derivative">
    <format>WARC CDX Index</format>
    <original>lists.ubuntu.com-archives-ubuntu-mk-2016-08-23-01b6293c-00000.warc.gz</original>
    <mtime>1495617224</mtime>
    <size>213</size>
    <md5>bbb291077c618b5c6481eb17042b7c75</md5>
    <crc32>950aea43</crc32>
    <sha1>bff051ea125c5f6c522e76cb6eab507146b7fd47</sha1>
  </file>
  <file name="lists.ubuntu.com-archives-ubuntu-mk-2016-08-23-01b6293c-meta.warc.gz" source="original">
    <mtime>1495615231</mtime>
    <size>2918</size>
    <md5>87917923dbaa69277552e335c3da5cbe</md5>
    <crc32>3dcc9298</crc32>
    <sha1>25c74cbd1689e51de7c17d86197d2144288e6366</sha1>
    <format>Web ARChive GZ</format>
  </file>
  <file name="lists.ubuntu.com-archives-ubuntu-mk-2016-08-23-01b6293c-meta.warc.os.cdx.gz" source="derivative">
    <format>WARC CDX Index</format>
    <original>lists.ubuntu.com-archives-ubuntu-mk-2016-08-23-01b6293c-meta.warc.gz</original>
    <mtime>1495617273</mtime>
    <size>47</size>
    <md5>f42adb75a6e871ff852a0761904f1bf7</md5>
    <crc32>e882e129</crc32>
    <sha1>e1a7734f8dc35f22fe44dddeed552dcf53592ab3</sha1>
  </file>
  <file name="lists.ubuntu.com-archives-ubuntu-mk.mbox-2016-08-23-813db20e-00000.warc.gz" source="original">
    <mtime>1495615237</mtime>
    <size>6397</size>
    <md5>55cc6d4b5dc57fc72300743fc10807e8</md5>
    <crc32>95dc4f41</crc32>
    <sha1>0fb5e6f374088179ea39c1821473c182c0c3b05e</sha1>
    <format>Web ARChive GZ</format>
  </file>
  <file name="lists.ubuntu.com-archives-ubuntu-mk.mbox-2016-08-23-813db20e-00000.warc.os.cdx.gz" source="derivative">
    <format>WARC CDX Index</format>
    <original>lists.ubuntu.com-archives-ubuntu-mk.mbox-2016-08-23-813db20e-00000.warc.gz</original>
    <mtime>1495617322</mtime>
    <size>331</size>
    <md5>5dbc73b16b1b2d920c2d1c0fac790d9b</md5>
    <crc32>d3585b06</crc32>
    <sha1>50d82c7e55efe2d281d3548e6828bf249fbc1638</sha1>
  </file>
  <file name="lists.ubuntu.com-archives-ubuntu-mk.mbox-2016-08-23-813db20e-meta.warc.gz" source="original">
    <mtime>1495615242</mtime>
    <size>3026</size>
    <md5>8d7efd7b86d9c47af06def6b3d969d72</md5>
    <crc32>568916f8</crc32>
    <sha1>f6557b2c62d2c385f1b83cdad61a1cbdbfa2fd6f</sha1>
    <format>Web ARChive GZ</format>
  </file>
  <file name="lists.ubuntu.com-archives-ubuntu-mk.mbox-2016-08-23-813db20e-meta.warc.os.cdx.gz" source="derivative">
    <format>WARC CDX Index</format>
    <original>lists.ubuntu.com-archives-ubuntu-mk.mbox-2016-08-23-813db20e-meta.warc.gz</original>
    <mtime>1495617463</mtime>
    <size>47</size>
    <md5>6fce3e8981626b54402afd4ab18d7753</md5>
    <crc32>90580a9c</crc32>
    <sha1>6723641ca0876bf01b98bce981a89904ad42d210</sha1>
  </file>
  <file name="lists.ubuntu.com-archives-ubuntu-ml-2016-08-23-55fc3a07-00000.warc.gz" source="original">
    <mtime>1495615247</mtime>
    <size>443598</size>
    <md5>be386f481f7fa15abbe9a1eb2b837671</md5>
    <crc32>94c6ad0d</crc32>
    <sha1>cf3dc4478b8b6111a84147b10bb16831f847d463</sha1>
    <format>Web ARChive GZ</format>
  </file>
  <file name="lists.ubuntu.com-archives-ubuntu-ml-2016-08-23-55fc3a07-00000.warc.os.cdx.gz" source="derivative">
    <format>WARC CDX Index</format>
    <original>lists.ubuntu.com-archives-ubuntu-ml-2016-08-23-55fc3a07-00000.warc.gz</original>
    <mtime>1495617339</mtime>
    <size>8037</size>
    <md5>044b38ef7313859edd321240c9a66244</md5>
    <crc32>26722be2</crc32>
    <sha1>07cc29fbca2150d6e3892fb0fe8fb203f9b5142f</sha1>
  </file>
  <file name="lists.ubuntu.com-archives-ubuntu-ml-2016-08-23-55fc3a07-meta.warc.gz" source="original">
    <mtime>1495615252</mtime>
    <size>6779</size>
    <md5>48e1f34fbc8e34bde8e60e9d36bd9487</md5>
    <crc32>6d9d290b</crc32>
    <sha1>665309caa4ec4370eae9209daca1db4c7212cadb</sha1>
    <format>Web ARChive GZ</format>
  </file>
  <file name="lists.ubuntu.com-archives-ubuntu-ml-2016-08-23-55fc3a07-meta.warc.os.cdx.gz" source="derivative">
    <format>WARC CDX Index</format>
    <original>lists.ubuntu.com-archives-ubuntu-ml-2016-08-23-55fc3a07-meta.warc.gz</original>
    <mtime>1495617342</mtime>
    <size>47</size>
    <md5>0cf75a5ceb0af4c7be0db152a3ffc468</md5>
    <crc32>d2db830b</crc32>
    <sha1>89d96afb2c80c299ec852c820fbf0a245d01761b</sha1>
  </file>
  <file name="lists.ubuntu.com-archives-ubuntu-ml.mbox-2016-08-23-8c267cdb-00000.warc.gz" source="original">
    <mtime>1495615258</mtime>
    <size>92904</size>
    <md5>937916e4e0f92ffc82babfb478d25161</md5>
    <crc32>96177b91</crc32>
    <sha1>32543e449b153bea4a0ed1bb707b8159e3114533</sha1>
    <format>Web ARChive GZ</format>
  </file>
  <file name="lists.ubuntu.com-archives-ubuntu-ml.mbox-2016-08-23-8c267cdb-00000.warc.os.cdx.gz" source="derivative">
    <format>WARC CDX Index</format>
    <original>lists.ubuntu.com-archives-ubuntu-ml.mbox-2016-08-23-8c267cdb-00000.warc.gz</original>
    <mtime>1495617345</mtime>
    <size>429</size>
    <md5>28c1c98417ab2e3461be84726646f334</md5>
    <crc32>22f4520c</crc32>
    <sha1>6ad71a63ee5986f58b2ca9f5543c6afc7439abea</sha1>
  </file>
  <file name="lists.ubuntu.com-archives-ubuntu-ml.mbox-2016-08-23-8c267cdb-meta.warc.gz" source="original">
    <mtime>1495615265</mtime>
    <size>3094</size>
    <md5>d40360ca7420adc4515122aaef633c8b</md5>
    <crc32>b434461d</crc32>
    <sha1>12fe7f2d3867913e4f9f82769629b491ee8156b1</sha1>
    <format>Web ARChive GZ</format>
  </file>
  <file name="lists.ubuntu.com-archives-ubuntu-ml.mbox-2016-08-23-8c267cdb-meta.warc.os.cdx.gz" source="derivative">
    <format>WARC CDX Index</format>
    <original>lists.ubuntu.com-archives-ubuntu-ml.mbox-2016-08-23-8c267cdb-meta.warc.gz</original>
    <mtime>1495617349</mtime>
    <size>47</size>
    <md5>71ef83a2a0722ed149b690ddda7bf1d5</md5>
    <crc32>ae4f4f1d</crc32>
    <sha1>21992398e1f7084bce92a4af8a8780eeea986854</sha1>
  </file>
  <file name="lists.ubuntu.com-archives-ubuntu-mono-2016-08-23-e1d180e9-00000.warc.gz" source="original">
    <mtime>1495615279</mtime>
    <size>146725219</size>
    <md5>677292273f208a5bab3cc66fce1b7b0a</md5>
    <crc32>fb8f29d3</crc32>
    <sha1>490521528d25aa7e44b420d16127bdb94b4d85bf</sha1>
    <format>Web ARChive GZ</format>
  </file>
  <file name="lists.ubuntu.com-archives-ubuntu-mono-2016-08-23-e1d180e9-00000.warc.os.cdx.gz" source="derivative">
    <format>WARC CDX Index</format>
    <original>lists.ubuntu.com-archives-ubuntu-mono-2016-08-23-e1d180e9-00000.warc.gz</original>
    <mtime>1495617414</mtime>
    <size>1976644</size>
    <md5>8be1179d23cb3ee97c64f54f6007aec2</md5>
    <crc32>c6a5ea4c</crc32>
    <sha1>19fc3799843a6bbb743f72d863bb99e981f87d8a</sha1>
  </file>
  <file name="lists.ubuntu.com-archives-ubuntu-mono-2016-08-23-e1d180e9-meta.warc.gz" source="original">
    <mtime>1495615283</mtime>
    <size>837551</size>
    <md5>33a77eaacffd8e1ce52ae65f4b13e24c</md5>
    <crc32>69e89350</crc32>
    <sha1>73668a89a17468cc0028ac542e7d3521737a3925</sha1>
    <format>Web ARChive GZ</format>
  </file>
  <file name="lists.ubuntu.com-archives-ubuntu-mono-2016-08-23-e1d180e9-meta.warc.os.cdx.gz" source="derivative">
    <format>WARC CDX Index</format>
    <original>lists.ubuntu.com-archives-ubuntu-mono-2016-08-23-e1d180e9-meta.warc.gz</original>
    <mtime>1495617417</mtime>
    <size>47</size>
    <md5>48f19747ddf7bb4c9f21a4f8fe09d89b</md5>
    <crc32>a9170fc7</crc32>
    <sha1>500e84dc47bd5e3adc0253ca3f1c5b739e027ca7</sha1>
  </file>
  <file name="lists.ubuntu.com-archives-ubuntu-mono.mbox-2016-08-23-3408faeb-00000.warc.gz" source="original">
    <mtime>1495615290</mtime>
    <size>24873020</size>
    <md5>d114fd403daa80c62dc7a689d43646ed</md5>
    <crc32>10726ad4</crc32>
    <sha1>4377abe3377e7e348689f486c081a5d0690c0047</sha1>
    <format>Web ARChive GZ</format>
  </file>
  <file name="lists.ubuntu.com-archives-ubuntu-mono.mbox-2016-08-23-3408faeb-00000.warc.os.cdx.gz" source="derivative">
    <format>WARC CDX Index</format>
    <original>lists.ubuntu.com-archives-ubuntu-mono.mbox-2016-08-23-3408faeb-00000.warc.gz</original>
    <mtime>1495617424</mtime>
    <size>432</size>
    <md5>564e70b31bf46a876194936c84330307</md5>
    <crc32>6b2e9949</crc32>
    <sha1>1b9e6240fff3474b8bf53dc847579056ec8c3863</sha1>
  </file>
  <file name="lists.ubuntu.com-archives-ubuntu-mono.mbox-2016-08-23-3408faeb-meta.warc.gz" source="original">
    <mtime>1495615295</mtime>
    <size>3161</size>
    <md5>44361e19e71250bc574394247135e11f</md5>
    <crc32>15388ed6</crc32>
    <sha1>5f158c06cea2a3bd371419521822da9ac9c63c0a</sha1>
    <format>Web ARChive GZ</format>
  </file>
  <file name="lists.ubuntu.com-archives-ubuntu-mono.mbox-2016-08-23-3408faeb-meta.warc.os.cdx.gz" source="derivative">
    <format>WARC CDX Index</format>
    <original>lists.ubuntu.com-archives-ubuntu-mono.mbox-2016-08-23-3408faeb-meta.warc.gz</original>
    <mtime>1495617427</mtime>
    <size>47</size>
    <md5>1b1de2f60756c3a29f988023261532e9</md5>
    <crc32>d825251c</crc32>
    <sha1>89543d8c6bf22c37fb7afa8a979ef89886c014b8</sha1>
  </file>
  <file name="lists.ubuntu.com-archives-ubuntu-motu-2016-08-23-c5b0b5cc-00000.warc.gz" source="original">
    <mtime>1495615302</mtime>
    <size>35615872</size>
    <md5>d6f39bdfaea55fe75275c4648a45f15c</md5>
    <crc32>f0cd4490</crc32>
    <sha1>1c1287933375cf8b7b364819be4a8d6e75e64a07</sha1>
    <format>Web ARChive GZ</format>
  </file>
  <file name="lists.ubuntu.com-archives-ubuntu-motu-2016-08-23-c5b0b5cc-00000.warc.os.cdx.gz" source="derivative">
    <format>WARC CDX Index</format>
    <original>lists.ubuntu.com-archives-ubuntu-motu-2016-08-23-c5b0b5cc-00000.warc.gz</original>
    <mtime>1495617446</mtime>
    <size>517195</size>
    <md5>6e5151852459b02a502e78b4cbbfb7dc</md5>
    <crc32>35ada4fa</crc32>
    <sha1>b3816d02f91ef504b0da53f5ed9345307391bba4</sha1>
  </file>
  <file name="lists.ubuntu.com-archives-ubuntu-motu-2016-08-23-c5b0b5cc-meta.warc.gz" source="original">
    <mtime>1495615307</mtime>
    <size>230657</size>
    <md5>6eff4b162c2eede6c44c033b075d726e</md5>
    <crc32>5f9c5044</crc32>
    <sha1>c0354d3d66438f4ee205080986ae1ebdaae21aaa</sha1>
    <format>Web ARChive GZ</format>
  </file>
  <file name="lists.ubuntu.com-archives-ubuntu-motu-2016-08-23-c5b0b5cc-meta.warc.os.cdx.gz" source="derivative">
    <format>WARC CDX Index</format>
    <original>lists.ubuntu.com-archives-ubuntu-motu-2016-08-23-c5b0b5cc-meta.warc.gz</original>
    <mtime>1495617450</mtime>
    <size>47</size>
    <md5>2a7aa4c9dedbd6a1159d3798f60ecfaf</md5>
    <crc32>ef60e6e7</crc32>
    <sha1>73ed3696f9e5c791e5be7fbcb138f043f8c70329</sha1>
  </file>
  <file name="lists.ubuntu.com-archives-ubuntu-motu-m_rs.mbox-2016-08-23-682ee65f-meta.warc.gz" source="original">
    <mtime>1495615329</mtime>
    <size>3124</size>
    <md5>3e9979907e74e28d7b4fdbeb9d04d865</md5>
    <crc32>17a2a2c9</crc32>
    <sha1>c7890509a9831e72a32d434c71aba105262c3f50</sha1>
    <format>Web ARChive GZ</format>
  </file>
  <file name="lists.ubuntu.com-archives-ubuntu-motu-m_rs.mbox-2016-08-23-682ee65f-meta.warc.os.cdx.gz" source="derivative">
    <format>WARC CDX Index</format>
    <original>lists.ubuntu.com-archives-ubuntu-motu-m_rs.mbox-2016-08-23-682ee65f-meta.warc.gz</original>
    <mtime>1495617332</mtime>
    <size>47</size>
    <md5>f4d29b06e413b82f42c859eb91e9de86</md5>
    <crc32>09f0d3e6</crc32>
    <sha1>84b6ca6e325c121e0c88bb9d625b3cef637bfcad</sha1>
  </file>
  <file name="lists.ubuntu.com-archives-ubuntu-motu-m_s.mbox-2016-08-23-682ee65f-00000.warc.gz" source="original">
    <mtime>1495615324</mtime>
    <size>675276</size>
    <md5>62c68e0bcdadf0b44666bad434f6b85a</md5>
    <crc32>80abc91a</crc32>
    <sha1>ac40b4214dc1a4b4a5882a9443e6ba8f0870dc6d</sha1>
    <format>Web ARChive GZ</format>
  </file>
  <file name="lists.ubuntu.com-archives-ubuntu-motu-m_s.mbox-2016-08-23-682ee65f-00000.warc.os.cdx.gz" source="derivative">
    <format>WARC CDX Index</format>
    <original>lists.ubuntu.com-archives-ubuntu-motu-m_s.mbox-2016-08-23-682ee65f-00000.warc.gz</original>
    <mtime>1495617453</mtime>
    <size>442</size>
    <md5>a5d7190bbecb03880f91cd1afd1a07d4</md5>
    <crc32>d4644097</crc32>
    <sha1>389688f996f32e254d32a6f74c020d65549dd072</sha1>
  </file>
  <file name="lists.ubuntu.com-archives-ubuntu-motu-mentors-2016-08-23-e69aaeea-00000.warc.gz" source="original">
    <mtime>1495615315</mtime>
    <size>3780817</size>
    <md5>dfb732e05da05e4f8e61fb7952f5a382</md5>
    <crc32>ddebb8fa</crc32>
    <sha1>4638886811fc35a13040f32966c1dcbb4956661f</sha1>
    <format>Web ARChive GZ</format>
  </file>
  <file name="lists.ubuntu.com-archives-ubuntu-motu-mentors-2016-08-23-e69aaeea-00000.warc.os.cdx.gz" source="derivative">
    <format>WARC CDX Index</format>
    <original>lists.ubuntu.com-archives-ubuntu-motu-mentors-2016-08-23-e69aaeea-00000.warc.gz</original>
    <mtime>1495617468</mtime>
    <size>64048</size>
    <md5>2680c55329691fb947b94d322854a584</md5>
    <crc32>d3943f16</crc32>
    <sha1>7db195dbcf8df6c3a49c76b38f287b25611e14ab</sha1>
  </file>
  <file name="lists.ubuntu.com-archives-ubuntu-motu-mentors-2016-08-23-e69aaeea-meta.warc.gz" source="original">
    <mtime>1495615320</mtime>
    <size>33415</size>
    <md5>695a9de1e98a59c391b2eb80376b8dab</md5>
    <crc32>a4c4e45f</crc32>
    <sha1>27f9eecc12055f405e7eee6ffbd540311aa1c358</sha1>
    <format>Web ARChive GZ</format>
  </file>
  <file name="lists.ubuntu.com-archives-ubuntu-motu-mentors-2016-08-23-e69aaeea-meta.warc.os.cdx.gz" source="derivative">
    <format>WARC CDX Index</format>
    <original>lists.ubuntu.com-archives-ubuntu-motu-mentors-2016-08-23-e69aaeea-meta.warc.gz</original>
    <mtime>1495617325</mtime>
    <size>47</size>
    <md5>f3c179a8b2151c8d5f45baa043e907e0</md5>
    <crc32>b1f6e230</crc32>
    <sha1>212dc1aa8fbac44f853c7563d7a70d96b8a357e1</sha1>
  </file>
  <file name="lists.ubuntu.com-archives-ubuntu-motu-p2p-2016-08-23-c209a0a8-00000.warc.gz" source="original">
    <mtime>1495615334</mtime>
    <size>3070976</size>
    <md5>8e1486393234d433ce492fb084ecbd06</md5>
    <crc32>b02305de</crc32>
    <sha1>1b4e8d12670bd67a5af356a7b8968597be17716b</sha1>
    <format>Web ARChive GZ</format>
  </file>
  <file name="lists.ubuntu.com-archives-ubuntu-motu-p2p-2016-08-23-c209a0a8-00000.warc.os.cdx.gz" source="derivative">
    <format>WARC CDX Index</format>
    <original>lists.ubuntu.com-archives-ubuntu-motu-p2p-2016-08-23-c209a0a8-00000.warc.gz</original>
    <mtime>1495617473</mtime>
    <size>48047</size>
    <md5>6cb8456df7257de889d080c81c0ccfc4</md5>
    <crc32>45a5b89c</crc32>
    <sha1>54264f3adb3ca1f8037fc3be132580124c559175</sha1>
  </file>
  <file name="lists.ubuntu.com-archives-ubuntu-motu-p2p-2016-08-23-c209a0a8-meta.warc.gz" source="original">
    <mtime>1495615339</mtime>
    <size>23918</size>
    <md5>13389811211a8f57d34d616a41268de8</md5>
    <crc32>71f966c6</crc32>
    <sha1>ba2fc5823207fdda6bdfc04e54828ef05ba4867b</sha1>
    <format>Web ARChive GZ</format>
  </file>
  <file name="lists.ubuntu.com-archives-ubuntu-motu-p2p-2016-08-23-c209a0a8-meta.warc.os.cdx.gz" source="derivative">
    <format>WARC CDX Index</format>
    <original>lists.ubuntu.com-archives-ubuntu-motu-p2p-2016-08-23-c209a0a8-meta.warc.gz</original>
    <mtime>1495617476</mtime>
    <size>47</size>
    <md5>1956a15cdc13a514828b9f81b427db16</md5>
    <crc32>b9c07b91</crc32>
    <sha1>e8f6bc0bbd7ef566c3f7a8424d38133c800f1de8</sha1>
  </file>
  <file name="lists.ubuntu.com-archives-ubuntu-motu-p2p.mbox-2016-08-23-bc269c61-00000.warc.gz" source="original">
    <mtime>1495615343</mtime>
    <size>406362</size>
    <md5>69468fd64f140b0c2b33293470bc032e</md5>
    <crc32>2cb466ab</crc32>
    <sha1>6f407283e2a9c05c72f49f74deefbbd7f59d1c94</sha1>
    <format>Web ARChive GZ</format>
  </file>
  <file name="lists.ubuntu.com-archives-ubuntu-motu-p2p.mbox-2016-08-23-bc269c61-00000.warc.os.cdx.gz" source="derivative">
    <format>WARC CDX Index</format>
    <original>lists.ubuntu.com-archives-ubuntu-motu-p2p.mbox-2016-08-23-bc269c61-00000.warc.gz</original>
    <mtime>1495617480</mtime>
    <size>438</size>
    <md5>531e6852f0d724e7a8cc72f799ea60b9</md5>
    <crc32>c90f8d82</crc32>
    <sha1>fdbce8c9b0954cf0e2e32c5db4c53445d3d58c09</sha1>
  </file>
  <file name="lists.ubuntu.com-archives-ubuntu-motu-p2p.mbox-2016-08-23-bc269c61-meta.warc.gz" source="original">
    <mtime>1495615349</mtime>
    <size>3103</size>
    <md5>5d06b8aece92b0e7f6691a5aa85dcfc3</md5>
    <crc32>943523f7</crc32>
    <sha1>c36b2975c93490ed391b97a6261eae1c38834848</sha1>
    <format>Web ARChive GZ</format>
  </file>
  <file name="lists.ubuntu.com-archives-ubuntu-motu-p2p.mbox-2016-08-23-bc269c61-meta.warc.os.cdx.gz" source="derivative">
    <format>WARC CDX Index</format>
    <original>lists.ubuntu.com-archives-ubuntu-motu-p2p.mbox-2016-08-23-bc269c61-meta.warc.gz</original>
    <mtime>1495617483</mtime>
    <size>47</size>
    <md5>f3c7a72a68c144b07d120f8204d8a4c5</md5>
    <crc32>e2c6002a</crc32>
    <sha1>1dc42f990d85f05b72de60d5cb7849cd696dd789</sha1>
  </file>
  <file name="lists.ubuntu.com-archives-ubuntu-motu-s_ce.mbox-2016-08-23-5ac68148-meta.warc.gz" source="original">
    <mtime>1495615368</mtime>
    <size>3124</size>
    <md5>20c0df116cc302af2101ef0c6801cc41</md5>
    <crc32>3ebcc6b4</crc32>
    <sha1>5d6ca31612a1f06b98cafe588b351d3d8295040d</sha1>
    <format>Web ARChive GZ</format>
  </file>
  <file name="lists.ubuntu.com-archives-ubuntu-motu-s_ce.mbox-2016-08-23-5ac68148-meta.warc.os.cdx.gz" source="derivative">
    <format>WARC CDX Index</format>
    <original>lists.ubuntu.com-archives-ubuntu-motu-s_ce.mbox-2016-08-23-5ac68148-meta.warc.gz</original>
    <mtime>1495617487</mtime>
    <size>47</size>
    <md5>a98d4f049e68e83aeedfe25cbcd6b3c1</md5>
    <crc32>25f8dd87</crc32>
    <sha1>6eb430f24a18419283c9bd2b3e164bb6ea3403f1</sha1>
  </file>
  <file name="lists.ubuntu.com-archives-ubuntu-motu-s_e.mbox-2016-08-23-5ac68148-00000.warc.gz" source="original">
    <mtime>1495615364</mtime>
    <size>55158</size>
    <md5>638f154f27704263a23ec6534a53339c</md5>
    <crc32>793df533</crc32>
    <sha1>36caff51b325545f323af11829438b15a9e5581d</sha1>
    <format>Web ARChive GZ</format>
  </file>
  <file name="lists.ubuntu.com-archives-ubuntu-motu-s_e.mbox-2016-08-23-5ac68148-00000.warc.os.cdx.gz" source="derivative">
    <format>WARC CDX Index</format>
    <original>lists.ubuntu.com-archives-ubuntu-motu-s_e.mbox-2016-08-23-5ac68148-00000.warc.gz</original>
    <mtime>1495617490</mtime>
    <size>436</size>
    <md5>a97d3582b0495c3f59b1ad4e2e5f162b</md5>
    <crc32>49919ccd</crc32>
    <sha1>eb203a00070dba936bf2ce3630f79787655e3dd4</sha1>
  </file>
  <file name="lists.ubuntu.com-archives-ubuntu-motu-science-2016-08-23-6831b058-00000.warc.gz" source="original">
    <mtime>1495615354</mtime>
    <size>435429</size>
    <md5>0919541d5df05e506f51bbd2fd83e801</md5>
    <crc32>da67879e</crc32>
    <sha1>7f7f27701c74bc65f52a33eb86e9b5e62ccfee56</sha1>
    <format>Web ARChive GZ</format>
  </file>
  <file name="lists.ubuntu.com-archives-ubuntu-motu-science-2016-08-23-6831b058-00000.warc.os.cdx.gz" source="derivative">
    <format>WARC CDX Index</format>
    <original>lists.ubuntu.com-archives-ubuntu-motu-science-2016-08-23-6831b058-00000.warc.gz</original>
    <mtime>1495617494</mtime>
    <size>8040</size>
    <md5>c1d5fe4a8bc9ddf39fc0814f6255e73c</md5>
    <crc32>c781ae56</crc32>
    <sha1>38aa0803788a70000d948190568e3023967017b4</sha1>
  </file>
  <file name="lists.ubuntu.com-archives-ubuntu-motu-science-2016-08-23-6831b058-meta.warc.gz" source="original">
    <mtime>1495615358</mtime>
    <size>6778</size>
    <md5>40ee2b1804b07fbdbcd69115834ef886</md5>
    <crc32>a1636374</crc32>
    <sha1>c96f4a80dfee908d682499b8337805b192d2d2a4</sha1>
    <format>Web ARChive GZ</format>
  </file>
  <file name="lists.ubuntu.com-archives-ubuntu-motu-science-2016-08-23-6831b058-meta.warc.os.cdx.gz" source="derivative">
    <format>WARC CDX Index</format>
    <original>lists.ubuntu.com-archives-ubuntu-motu-science-2016-08-23-6831b058-meta.warc.gz</original>
    <mtime>1495617498</mtime>
    <size>47</size>
    <md5>6ddcd0dfba05eb38781dafcb1b423778</md5>
    <crc32>0fcc8ce7</crc32>
    <sha1>328b34e30be0e92ae98465b5587055416b4938b6</sha1>
  </file>
  <file name="lists.ubuntu.com-archives-ubuntu-motu.mbox-2016-08-23-086c2667-00000.warc.gz" source="original">
    <mtime>1495615374</mtime>
    <size>11510360</size>
    <md5>d3d3c4fdcf87e7224679d588f751b387</md5>
    <crc32>f7dc69e6</crc32>
    <sha1>1cf3b7939e8273b509262ed500369fa978649d85</sha1>
    <format>Web ARChive GZ</format>
  </file>
  <file name="lists.ubuntu.com-archives-ubuntu-motu.mbox-2016-08-23-086c2667-00000.warc.os.cdx.gz" source="derivative">
    <format>WARC CDX Index</format>
    <original>lists.ubuntu.com-archives-ubuntu-motu.mbox-2016-08-23-086c2667-00000.warc.gz</original>
    <mtime>1495617502</mtime>
    <size>430</size>
    <md5>db30c321737382aa22be1473f7b8b58c</md5>
    <crc32>de533360</crc32>
    <sha1>f87ad728e1922f406a06c494f4365150a10cec59</sha1>
  </file>
  <file name="lists.ubuntu.com-archives-ubuntu-motu.mbox-2016-08-23-086c2667-meta.warc.gz" source="original">
    <mtime>1495615379</mtime>
    <size>3087</size>
    <md5>e8fa486336a76354243828dba035d914</md5>
    <crc32>01bb9122</crc32>
    <sha1>4b48f45a6cbc4e87f7a58144fb68e8982b185b60</sha1>
    <format>Web ARChive GZ</format>
  </file>
  <file name="lists.ubuntu.com-archives-ubuntu-motu.mbox-2016-08-23-086c2667-meta.warc.os.cdx.gz" source="derivative">
    <format>WARC CDX Index</format>
    <original>lists.ubuntu.com-archives-ubuntu-motu.mbox-2016-08-23-086c2667-meta.warc.gz</original>
    <mtime>1495617505</mtime>
    <size>47</size>
    <md5>2bdad2a29249c43d0b3b7cda79650d60</md5>
    <crc32>b6aea2ea</crc32>
    <sha1>937e397cb216e600ce7aec02f934ffac649dd27e</sha1>
  </file>
  <file name="lists.ubuntu.com-archives-ubuntu-mozill_am-bugs-2016-08-23-0f0ef201-meta.warc.gz" source="original">
    <mtime>1495615430</mtime>
    <size>2995814</size>
    <md5>f37af482c5f35caafba5de50de0680d2</md5>
    <crc32>77538738</crc32>
    <sha1>0db076839e2add7279d07414426a61b969c7efb8</sha1>
    <format>Web ARChive GZ</format>
  </file>
  <file name="lists.ubuntu.com-archives-ubuntu-mozill_am-bugs-2016-08-23-0f0ef201-meta.warc.os.cdx.gz" source="derivative">
    <format>WARC CDX Index</format>
    <original>lists.ubuntu.com-archives-ubuntu-mozill_am-bugs-2016-08-23-0f0ef201-meta.warc.gz</original>
    <mtime>1495618287</mtime>
    <size>47</size>
    <md5>2a3e489405a4aa7f78f31a92ecb907da</md5>
    <crc32>f85aefe6</crc32>
    <sha1>e31cb3a88d50eb4fa890fb2c37d145eba7b675ef</sha1>
  </file>
  <file name="lists.ubuntu.com-archives-ubuntu-mozill_am.mbox-2016-08-23-005ff6da-meta.warc.gz" source="original">
    <mtime>1495615457</mtime>
    <size>5501</size>
    <md5>abc5dec36373fd7009d032ec1d71c403</md5>
    <crc32>49970fc1</crc32>
    <sha1>2dff55a0e4b23660ef8a7ef3c2b227e6808a4b30</sha1>
    <format>Web ARChive GZ</format>
  </file>
  <file name="lists.ubuntu.com-archives-ubuntu-mozill_am.mbox-2016-08-23-005ff6da-meta.warc.os.cdx.gz" source="derivative">
    <format>WARC CDX Index</format>
    <original>lists.ubuntu.com-archives-ubuntu-mozill_am.mbox-2016-08-23-005ff6da-meta.warc.gz</original>
    <mtime>1495618945</mtime>
    <size>47</size>
    <md5>7e15f5ba7f69e956e5b776748dd9ca9e</md5>
    <crc32>7fb4e098</crc32>
    <sha1>90f3301e3524f458c94ea4e6494d5f20df638445</sha1>
  </file>
  <file name="lists.ubuntu.com-archives-ubuntu-mozill_gs.mbox-2016-08-23-95fc932e-meta.warc.gz" source="original">
    <mtime>1495615448</mtime>
    <size>3268</size>
    <md5>60ba070e6d918d88efe4113ada2eb03a</md5>
    <crc32>53cd9588</crc32>
    <sha1>6c05783cd694019845a0316cf39b1b1525a314a5</sha1>
    <format>Web ARChive GZ</format>
  </file>
  <file name="lists.ubuntu.com-archives-ubuntu-mozill_gs.mbox-2016-08-23-95fc932e-meta.warc.os.cdx.gz" source="derivative">
    <format>WARC CDX Index</format>
    <original>lists.ubuntu.com-archives-ubuntu-mozill_gs.mbox-2016-08-23-95fc932e-meta.warc.gz</original>
    <mtime>1495618541</mtime>
    <size>47</size>
    <md5>0ead3c6af159d5108040b36b95165604</md5>
    <crc32>d74486fe</crc32>
    <sha1>d3d081c9d725e010be673240a6095e6c2d83ed97</sha1>
  </file>
  <file name="lists.ubuntu.com-archives-ubuntu-mozill_m-bugs-2016-08-23-0f0ef201-00000.warc.gz" source="original">
    <mtime>1495615423</mtime>
    <size>459311541</size>
    <md5>07c857fe83f727e66e641887a59b4be7</md5>
    <crc32>ec621ab1</crc32>
    <sha1>b845bb6241694512ed9d66a0a9d9c3d33afd7cd9</sha1>
    <format>Web ARChive GZ</format>
  </file>
  <file name="lists.ubuntu.com-archives-ubuntu-mozill_m-bugs-2016-08-23-0f0ef201-00000.warc.os.cdx.gz" source="derivative">
    <format>WARC CDX Index</format>
    <original>lists.ubuntu.com-archives-ubuntu-mozill_m-bugs-2016-08-23-0f0ef201-00000.warc.gz</original>
    <mtime>1495618436</mtime>
    <size>6773265</size>
    <md5>dff4acd6b97e1b9a8efde43b9830a14f</md5>
    <crc32>d8434b5a</crc32>
    <sha1>3b7f1438ca327b8efbedfa654caedb833bf6e556</sha1>
  </file>
  <file name="lists.ubuntu.com-archives-ubuntu-mozill_m.mbox-2016-08-23-005ff6da-00000.warc.gz" source="original">
    <mtime>1495615453</mtime>
    <size>6656671</size>
    <md5>c2508b40db19c15e51628dfb0dacaebb</md5>
    <crc32>0984ebde</crc32>
    <sha1>27e576a572e8c9267d7cef37b2ce4b0fe3c8f83f</sha1>
    <format>Web ARChive GZ</format>
  </file>
  <file name="lists.ubuntu.com-archives-ubuntu-mozill_m.mbox-2016-08-23-005ff6da-00000.warc.os.cdx.gz" source="derivative">
    <format>WARC CDX Index</format>
    <original>lists.ubuntu.com-archives-ubuntu-mozill_m.mbox-2016-08-23-005ff6da-00000.warc.gz</original>
    <mtime>1495618441</mtime>
    <size>4711</size>
    <md5>a78849615523d48606b2e39534f06753</md5>
    <crc32>0d10008d</crc32>
    <sha1>64a5a01da5371e2ece6ff9f2eff582c1791c4cac</sha1>
  </file>
  <file name="lists.ubuntu.com-archives-ubuntu-mozill_s.mbox-2016-08-23-95fc932e-00000.warc.gz" source="original">
    <mtime>1495615444</mtime>
    <size>125417468</size>
    <md5>070f24618f64a7c26356882c2a4d677f</md5>
    <crc32>f0557bfc</crc32>
    <sha1>e7f6dd0a8cf0e8f59fea364e6c2424b4d0a3306b</sha1>
    <format>Web ARChive GZ</format>
  </file>
  <file name="lists.ubuntu.com-archives-ubuntu-mozill_s.mbox-2016-08-23-95fc932e-00000.warc.os.cdx.gz" source="derivative">
    <format>WARC CDX Index</format>
    <original>lists.ubuntu.com-archives-ubuntu-mozill_s.mbox-2016-08-23-95fc932e-00000.warc.gz</original>
    <mtime>1495618451</mtime>
    <size>507</size>
    <md5>51c34eda6edc57f5c43882c899537617</md5>
    <crc32>6d15be6a</crc32>
    <sha1>7bb6a524a28ecd102be3f0c97fff5c7eb6115e3a</sha1>
  </file>
  <file name="lists.ubuntu.com-archives-ubuntu-mozillateam-2016-08-23-c2e8399e-00000.warc.gz" source="original">
    <mtime>1495615385</mtime>
    <size>11185322</size>
    <md5>a9bec92115c6ddfcbcd96d51065aa888</md5>
    <crc32>3bb11bf2</crc32>
    <sha1>15471809a236680f06789e25e102cc3e53dbf38b</sha1>
    <format>Web ARChive GZ</format>
  </file>
  <file name="lists.ubuntu.com-archives-ubuntu-mozillateam-2016-08-23-c2e8399e-00000.warc.os.cdx.gz" source="derivative">
    <format>WARC CDX Index</format>
    <original>lists.ubuntu.com-archives-ubuntu-mozillateam-2016-08-23-c2e8399e-00000.warc.gz</original>
    <mtime>1495617459</mtime>
    <size>98753</size>
    <md5>888aa9cfd94b5ceb4e188825e859de3a</md5>
    <crc32>1370e54b</crc32>
    <sha1>57ffde8348ae45086c72474f4262020a1cb2bc78</sha1>
  </file>
  <file name="lists.ubuntu.com-archives-ubuntu-mozillateam-2016-08-23-c2e8399e-meta.warc.gz" source="original">
    <mtime>1495615389</mtime>
    <size>49372</size>
    <md5>81404a145af58e2c534def86b60f4341</md5>
    <crc32>20b309b5</crc32>
    <sha1>512d6b765cfcb5c9c076b2336c1d3967581ea89d</sha1>
    <format>Web ARChive GZ</format>
  </file>
  <file name="lists.ubuntu.com-archives-ubuntu-mozillateam-2016-08-23-c2e8399e-meta.warc.os.cdx.gz" source="derivative">
    <format>WARC CDX Index</format>
    <original>lists.ubuntu.com-archives-ubuntu-mozillateam-2016-08-23-c2e8399e-meta.warc.gz</original>
    <mtime>1495617509</mtime>
    <size>47</size>
    <md5>f4777823feae423a09b21c43cd1e3a30</md5>
    <crc32>71907f47</crc32>
    <sha1>5c2de2927ecae9b01a4fba4eae39c851c11e478d</sha1>
  </file>
  <file name="lists.ubuntu.com-archives-ubuntu-mt-2016-08-23-0932ee77-00000.warc.gz" source="original">
    <mtime>1495615462</mtime>
    <size>21654</size>
    <md5>61c8015d7d71fb71fc87066826113558</md5>
    <crc32>f17536f1</crc32>
    <sha1>23abd737c0a72e467855032a747d6b4cc2647507</sha1>
    <format>Web ARChive GZ</format>
  </file>
  <file name="lists.ubuntu.com-archives-ubuntu-mt-2016-08-23-0932ee77-00000.warc.os.cdx.gz" source="derivative">
    <format>WARC CDX Index</format>
    <original>lists.ubuntu.com-archives-ubuntu-mt-2016-08-23-0932ee77-00000.warc.gz</original>
    <mtime>1495618454</mtime>
    <size>729</size>
    <md5>04a402ae9726ae52f7448dbaff2ef6a6</md5>
    <crc32>82eb0022</crc32>
    <sha1>86694a09fa3eb52750acb2036cfe38b9740f348e</sha1>
  </file>
  <file name="lists.ubuntu.com-archives-ubuntu-mt-2016-08-23-0932ee77-meta.warc.gz" source="original">
    <mtime>1495615466</mtime>
    <size>3207</size>
    <md5>728930b5f0b5e7e404a60fa481a71d4c</md5>
    <crc32>a86a839a</crc32>
    <sha1>6dfceff6b4e992f0b8d6abc2365ebeaf909b4195</sha1>
    <format>Web ARChive GZ</format>
  </file>
  <file name="lists.ubuntu.com-archives-ubuntu-mt-2016-08-23-0932ee77-meta.warc.os.cdx.gz" source="derivative">
    <format>WARC CDX Index</format>
    <original>lists.ubuntu.com-archives-ubuntu-mt-2016-08-23-0932ee77-meta.warc.gz</original>
    <mtime>1495618458</mtime>
    <size>47</size>
    <md5>0a0bfe8f794fe1d3aca980c24c40a4d1</md5>
    <crc32>39e22a5e</crc32>
    <sha1>9a3cec7178f800903235e5edd1c32ad0af251a2f</sha1>
  </file>
  <file name="lists.ubuntu.com-archives-ubuntu-mt.mbox-2016-08-23-b49bd70a-00000.warc.gz" source="original">
    <mtime>1495615470</mtime>
    <size>9790</size>
    <md5>c2e9f7dcd03fe6e952f2606359d712f1</md5>
    <crc32>db2f38d1</crc32>
    <sha1>adbcc70172b092971d60d306eebf917d38b2dcc4</sha1>
    <format>Web ARChive GZ</format>
  </file>
  <file name="lists.ubuntu.com-archives-ubuntu-mt.mbox-2016-08-23-b49bd70a-00000.warc.os.cdx.gz" source="derivative">
    <format>WARC CDX Index</format>
    <original>lists.ubuntu.com-archives-ubuntu-mt.mbox-2016-08-23-b49bd70a-00000.warc.gz</original>
    <mtime>1495618461</mtime>
    <size>434</size>
    <md5>6d7ef6ff5e78464b28b545419f9ac086</md5>
    <crc32>879773f4</crc32>
    <sha1>7ddbef718218ba694e3af3f3288f358f90f26758</sha1>
  </file>
  <file name="lists.ubuntu.com-archives-ubuntu-mt.mbox-2016-08-23-b49bd70a-meta.warc.gz" source="original">
    <mtime>1495615475</mtime>
    <size>3089</size>
    <md5>c51aa039c2845f60f73d43d3c2af1c99</md5>
    <crc32>140db77b</crc32>
    <sha1>9dd19ce238685dcbf56042decef4649996d0325c</sha1>
    <format>Web ARChive GZ</format>
  </file>
  <file name="lists.ubuntu.com-archives-ubuntu-mt.mbox-2016-08-23-b49bd70a-meta.warc.os.cdx.gz" source="derivative">
    <format>WARC CDX Index</format>
    <original>lists.ubuntu.com-archives-ubuntu-mt.mbox-2016-08-23-b49bd70a-meta.warc.gz</original>
    <mtime>1495618464</mtime>
    <size>47</size>
    <md5>6d14313d4582b6ac7797265dcc05744f</md5>
    <crc32>c793f2a8</crc32>
    <sha1>10399555d7e7ddc452ef07553132c6022b02058c</sha1>
  </file>
  <file name="lists.ubuntu.com-archives-ubuntu-mx-2016-08-23-20b3e709-00000.warc.gz" source="original">
    <mtime>1495615480</mtime>
    <size>11833237</size>
    <md5>394c03a27fd801291b2ea710657ba76e</md5>
    <crc32>846e3c8c</crc32>
    <sha1>b3d96318edc874859d5664b9ac2559609cd85e2d</sha1>
    <format>Web ARChive GZ</format>
  </file>
  <file name="lists.ubuntu.com-archives-ubuntu-mx-2016-08-23-20b3e709-00000.warc.os.cdx.gz" source="derivative">
    <format>WARC CDX Index</format>
    <original>lists.ubuntu.com-archives-ubuntu-mx-2016-08-23-20b3e709-00000.warc.gz</original>
    <mtime>1495618471</mtime>
    <size>140613</size>
    <md5>3880de3ad83fabbebe5f300f8d9217d0</md5>
    <crc32>12adb02d</crc32>
    <sha1>1a1a48d5d9b034f187f4fe9649d995f83b8d5f64</sha1>
  </file>
  <file name="lists.ubuntu.com-archives-ubuntu-mx-2016-08-23-20b3e709-meta.warc.gz" source="original">
    <mtime>1495615485</mtime>
    <size>69502</size>
    <md5>b7fe6e2d387dd57645def853a8c293d8</md5>
    <crc32>a3a4be53</crc32>
    <sha1>6c618a709f472663dcf683d7135bc1254c02e5d1</sha1>
    <format>Web ARChive GZ</format>
  </file>
  <file name="lists.ubuntu.com-archives-ubuntu-mx-2016-08-23-20b3e709-meta.warc.os.cdx.gz" source="derivative">
    <format>WARC CDX Index</format>
    <original>lists.ubuntu.com-archives-ubuntu-mx-2016-08-23-20b3e709-meta.warc.gz</original>
    <mtime>1495618475</mtime>
    <size>47</size>
    <md5>99ce449b978fb7215210015a3c2955fd</md5>
    <crc32>5bab54be</crc32>
    <sha1>619593c44840ea79adefbb933fd8ca2df1375110</sha1>
  </file>
  <file name="lists.ubuntu.com-archives-ubuntu-mx-df-2016-08-23-42761fb9-00000.warc.gz" source="original">
    <mtime>1495615489</mtime>
    <size>3802</size>
    <md5>db273ab247258b12caf11e570a5d3bde</md5>
    <crc32>ffe48310</crc32>
    <sha1>a1a700b44f6ec06b429d8acdcc852cc9dec690cf</sha1>
    <format>Web ARChive GZ</format>
  </file>
  <file name="lists.ubuntu.com-archives-ubuntu-mx-df-2016-08-23-42761fb9-00000.warc.os.cdx.gz" source="derivative">
    <format>WARC CDX Index</format>
    <original>lists.ubuntu.com-archives-ubuntu-mx-df-2016-08-23-42761fb9-00000.warc.gz</original>
    <mtime>1495618478</mtime>
    <size>221</size>
    <md5>306ceb8b13c51345ca925b145698ed2f</md5>
    <crc32>f0dad0c5</crc32>
    <sha1>475fddbaad639f224f0e12dd4e52bc486a85410c</sha1>
  </file>
  <file name="lists.ubuntu.com-archives-ubuntu-mx-df-2016-08-23-42761fb9-meta.warc.gz" source="original">
    <mtime>1495615493</mtime>
    <size>2938</size>
    <md5>6a4541efd71a1a45fd2d5bc53d9cba23</md5>
    <crc32>b3223003</crc32>
    <sha1>7458827cae2c5ce9c033ce3746c34074efa12053</sha1>
    <format>Web ARChive GZ</format>
  </file>
  <file name="lists.ubuntu.com-archives-ubuntu-mx-df-2016-08-23-42761fb9-meta.warc.os.cdx.gz" source="derivative">
    <format>WARC CDX Index</format>
    <original>lists.ubuntu.com-archives-ubuntu-mx-df-2016-08-23-42761fb9-meta.warc.gz</original>
    <mtime>1495618485</mtime>
    <size>47</size>
    <md5>232352c93420822aea8463da0977ffe5</md5>
    <crc32>eda7a3c8</crc32>
    <sha1>52873e8da3678a40d54e016bfe2f37b548c0eede</sha1>
  </file>
  <file name="lists.ubuntu.com-archives-ubuntu-mx-df.mbox-2016-08-23-33a4dd7d-00000.warc.gz" source="original">
    <mtime>1495615497</mtime>
    <size>6424</size>
    <md5>bde6e1d9855e5126b3aeaeac36b03df4</md5>
    <crc32>ffda83d3</crc32>
    <sha1>bdf1a08ba3c39b045e6882798e963e7ea966b665</sha1>
    <format>Web ARChive GZ</format>
  </file>
  <file name="lists.ubuntu.com-archives-ubuntu-mx-df.mbox-2016-08-23-33a4dd7d-00000.warc.os.cdx.gz" source="derivative">
    <format>WARC CDX Index</format>
    <original>lists.ubuntu.com-archives-ubuntu-mx-df.mbox-2016-08-23-33a4dd7d-00000.warc.gz</original>
    <mtime>1495618290</mtime>
    <size>335</size>
    <md5>0b9a117861256faa3aeae8f835d3ddc4</md5>
    <crc32>7429b830</crc32>
    <sha1>a13ebd5eef96dbc05764137885c48fa10c0341c5</sha1>
  </file>
  <file name="lists.ubuntu.com-archives-ubuntu-mx-df.mbox-2016-08-23-33a4dd7d-meta.warc.gz" source="original">
    <mtime>1495615502</mtime>
    <size>3038</size>
    <md5>4d581afa6d4725013c04450058b5ff79</md5>
    <crc32>1bd18c35</crc32>
    <sha1>0e997284f702c757cf93efb06b4190777696bf5f</sha1>
    <format>Web ARChive GZ</format>
  </file>
  <file name="lists.ubuntu.com-archives-ubuntu-mx-df.mbox-2016-08-23-33a4dd7d-meta.warc.os.cdx.gz" source="derivative">
    <format>WARC CDX Index</format>
    <original>lists.ubuntu.com-archives-ubuntu-mx-df.mbox-2016-08-23-33a4dd7d-meta.warc.gz</original>
    <mtime>1495618488</mtime>
    <size>47</size>
    <md5>2246e6d238da1acf339a1ea145bcf16c</md5>
    <crc32>38863585</crc32>
    <sha1>50bd233b7c6c65cd694584da22481561d291f599</sha1>
  </file>
  <file name="lists.ubuntu.com-archives-ubuntu-mx.mbox-2016-08-23-483ceee0-00000.warc.gz" source="original">
    <mtime>1495615508</mtime>
    <size>7457897</size>
    <md5>42f976690d65b6d0e6a6390fbd88ce3b</md5>
    <crc32>15622947</crc32>
    <sha1>b98f3a8a522e3202671947ab8d3e3aace8e3b72d</sha1>
    <format>Web ARChive GZ</format>
  </file>
  <file name="lists.ubuntu.com-archives-ubuntu-mx.mbox-2016-08-23-483ceee0-00000.warc.os.cdx.gz" source="derivative">
    <format>WARC CDX Index</format>
    <original>lists.ubuntu.com-archives-ubuntu-mx.mbox-2016-08-23-483ceee0-00000.warc.gz</original>
    <mtime>1495618493</mtime>
    <size>80135</size>
    <md5>38470a8014519b3b588a84b6452a20bb</md5>
    <crc32>a41fecbc</crc32>
    <sha1>60d68dae3b7b0f0d9389b60212f113d4a94d6dae</sha1>
  </file>
  <file name="lists.ubuntu.com-archives-ubuntu-mx.mbox-2016-08-23-483ceee0-meta.warc.gz" source="original">
    <mtime>1495615514</mtime>
    <size>49127</size>
    <md5>fa7649a836f3ecbe7f2d142e2e0cc9f8</md5>
    <crc32>17eefe24</crc32>
    <sha1>f8986da42024cf566f355360bc66e4500edf31d0</sha1>
    <format>Web ARChive GZ</format>
  </file>
  <file name="lists.ubuntu.com-archives-ubuntu-mx.mbox-2016-08-23-483ceee0-meta.warc.os.cdx.gz" source="derivative">
    <format>WARC CDX Index</format>
    <original>lists.ubuntu.com-archives-ubuntu-mx.mbox-2016-08-23-483ceee0-meta.warc.gz</original>
    <mtime>1495618497</mtime>
    <size>47</size>
    <md5>2004b3af61718402aeda0f44785c86e6</md5>
    <crc32>ca351465</crc32>
    <sha1>2e9288fc012f5a72a72241b97ee01ee95cd59f20</sha1>
  </file>
  <file name="lists.ubuntu.com-archives-ubuntu-my-2016-08-23-83fdb501-00000.warc.gz" source="original">
    <mtime>1495615523</mtime>
    <size>54374328</size>
    <md5>904022c0821565b46a0bb6968c99bc07</md5>
    <crc32>b5f01a53</crc32>
    <sha1>68b472b320f8698d26f54561f91cb789778abb5b</sha1>
    <format>Web ARChive GZ</format>
  </file>
  <file name="lists.ubuntu.com-archives-ubuntu-my-2016-08-23-83fdb501-00000.warc.os.cdx.gz" source="derivative">
    <format>WARC CDX Index</format>
    <original>lists.ubuntu.com-archives-ubuntu-my-2016-08-23-83fdb501-00000.warc.gz</original>
    <mtime>1495618508</mtime>
    <size>337023</size>
    <md5>116fe005a5814b1223c5e4025f6713a8</md5>
    <crc32>e5c4a460</crc32>
    <sha1>3dd86577fe0024b5c12c2c44f8273db1b023161d</sha1>
  </file>
  <file name="lists.ubuntu.com-archives-ubuntu-my-2016-08-23-83fdb501-meta.warc.gz" source="original">
    <mtime>1495615529</mtime>
    <size>162359</size>
    <md5>a82769cf3960e1e0746cd05532d12c9e</md5>
    <crc32>2eca169c</crc32>
    <sha1>85c1e66d254b417d543d0a1fdea100bcb134d034</sha1>
    <format>Web ARChive GZ</format>
  </file>
  <file name="lists.ubuntu.com-archives-ubuntu-my-2016-08-23-83fdb501-meta.warc.os.cdx.gz" source="derivative">
    <format>WARC CDX Index</format>
    <original>lists.ubuntu.com-archives-ubuntu-my-2016-08-23-83fdb501-meta.warc.gz</original>
    <mtime>1495618512</mtime>
    <size>47</size>
    <md5>644aba316035cff1fcdcb86c25046636</md5>
    <crc32>273f98a8</crc32>
    <sha1>c518f1d48c7744507ca5f101678d65a1137cb914</sha1>
  </file>
  <file name="lists.ubuntu.com-archives-ubuntu-my.mbox-2016-08-23-4857f09e-00000.warc.gz" source="original">
    <mtime>1495615536</mtime>
    <size>43551369</size>
    <md5>b04f6ea620ccd30073fe4caf026d239c</md5>
    <crc32>4e752d9f</crc32>
    <sha1>1e7afbd5b6ef7268a41e61f5a31e3c8a83f76951</sha1>
    <format>Web ARChive GZ</format>
  </file>
  <file name="lists.ubuntu.com-archives-ubuntu-my.mbox-2016-08-23-4857f09e-00000.warc.os.cdx.gz" source="derivative">
    <format>WARC CDX Index</format>
    <original>lists.ubuntu.com-archives-ubuntu-my.mbox-2016-08-23-4857f09e-00000.warc.gz</original>
    <mtime>1495618518</mtime>
    <size>164782</size>
    <md5>c20b1902f75ac1046ae83292b3b701c0</md5>
    <crc32>9cff033a</crc32>
    <sha1>26f3d16cc719b62c5c9797bd53bfb0f591573c11</sha1>
  </file>
  <file name="lists.ubuntu.com-archives-ubuntu-my.mbox-2016-08-23-4857f09e-meta.warc.gz" source="original">
    <mtime>1495615541</mtime>
    <size>98671</size>
    <md5>38f78529beca9717c7a380266a3e6a9e</md5>
    <crc32>5671e8dc</crc32>
    <sha1>65f36ea5ae1ae59578b451e5f563aeb23a1044ee</sha1>
    <format>Web ARChive GZ</format>
  </file>
  <file name="lists.ubuntu.com-archives-ubuntu-my.mbox-2016-08-23-4857f09e-meta.warc.os.cdx.gz" source="derivative">
    <format>WARC CDX Index</format>
    <original>lists.ubuntu.com-archives-ubuntu-my.mbox-2016-08-23-4857f09e-meta.warc.gz</original>
    <mtime>1495618522</mtime>
    <size>47</size>
    <md5>4ee070ada91884288f8e68f8b78c1acb</md5>
    <crc32>fc14c845</crc32>
    <sha1>5a3b1fe2ad7faec5e8f2390706dcab26f8e78d30</sha1>
  </file>
  <file name="lists.ubuntu.com-archives-ubuntu-mythtv-2016-08-23-6a705465-00000.warc.gz" source="original">
    <mtime>1495615547</mtime>
    <size>16301182</size>
    <md5>eb33caeaa6f77f1d4b691c342e657ab8</md5>
    <crc32>f371be95</crc32>
    <sha1>41cf2fc1d9739a5c4155859db4211c62bcf95d85</sha1>
    <format>Web ARChive GZ</format>
  </file>
  <file name="lists.ubuntu.com-archives-ubuntu-mythtv-2016-08-23-6a705465-00000.warc.os.cdx.gz" source="derivative">
    <format>WARC CDX Index</format>
    <original>lists.ubuntu.com-archives-ubuntu-mythtv-2016-08-23-6a705465-00000.warc.gz</original>
    <mtime>1495618527</mtime>
    <size>90047</size>
    <md5>3212b7a55d9b64ac71136020f21f9569</md5>
    <crc32>23e69655</crc32>
    <sha1>4e22875a1a4f311d77e9e8baf5f150271e90b480</sha1>
  </file>
  <file name="lists.ubuntu.com-archives-ubuntu-mythtv-2016-08-23-6a705465-meta.warc.gz" source="original">
    <mtime>1495615552</mtime>
    <size>44580</size>
    <md5>e9aad096df182f27bf359b5be6659611</md5>
    <crc32>aa5d2912</crc32>
    <sha1>e685d4d1b525ef37dd9d8877325aca5e2ced2b00</sha1>
    <format>Web ARChive GZ</format>
  </file>
  <file name="lists.ubuntu.com-archives-ubuntu-mythtv-2016-08-23-6a705465-meta.warc.os.cdx.gz" source="derivative">
    <format>WARC CDX Index</format>
    <original>lists.ubuntu.com-archives-ubuntu-mythtv-2016-08-23-6a705465-meta.warc.gz</original>
    <mtime>1495618530</mtime>
    <size>47</size>
    <md5>28712e3b6ef401c878a075026906a837</md5>
    <crc32>8c42fd45</crc32>
    <sha1>39b9cb9b0f4794b57b4cc7d41eeaf4886e6b33f8</sha1>
  </file>
  <file name="lists.ubuntu.com-archives-ubuntu-mythtv.mbox-2016-08-23-86c3ca38-00000.warc.gz" source="original">
    <mtime>1495615558</mtime>
    <size>12353937</size>
    <md5>bf941b518e253f8024cfb8c9151342a1</md5>
    <crc32>85c713ce</crc32>
    <sha1>b9ebc54a92775050cffd4a478b47b0006752b16d</sha1>
    <format>Web ARChive GZ</format>
  </file>
  <file name="lists.ubuntu.com-archives-ubuntu-mythtv.mbox-2016-08-23-86c3ca38-00000.warc.os.cdx.gz" source="derivative">
    <format>WARC CDX Index</format>
    <original>lists.ubuntu.com-archives-ubuntu-mythtv.mbox-2016-08-23-86c3ca38-00000.warc.gz</original>
    <mtime>1495618534</mtime>
    <size>442</size>
    <md5>0c56b88837cf9f6779455d84666d9212</md5>
    <crc32>a2c77f9a</crc32>
    <sha1>37f90404fdd1be6f5ae9b65a2633a365bb596d87</sha1>
  </file>
  <file name="lists.ubuntu.com-archives-ubuntu-mythtv.mbox-2016-08-23-86c3ca38-meta.warc.gz" source="original">
    <mtime>1495615562</mtime>
    <size>3104</size>
    <md5>26c73ead460e1719b55c38522384c99d</md5>
    <crc32>41ac82ac</crc32>
    <sha1>821915ca2fb2b441477fcdb01ab956a847eeb551</sha1>
    <format>Web ARChive GZ</format>
  </file>
  <file name="lists.ubuntu.com-archives-ubuntu-mythtv.mbox-2016-08-23-86c3ca38-meta.warc.os.cdx.gz" source="derivative">
    <format>WARC CDX Index</format>
    <original>lists.ubuntu.com-archives-ubuntu-mythtv.mbox-2016-08-23-86c3ca38-meta.warc.gz</original>
    <mtime>1495618537</mtime>
    <size>47</size>
    <md5>bb7c6adabaf46127c5d266f4a6836b02</md5>
    <crc32>107a5b53</crc32>
    <sha1>9ef17403cd4c80c6a72b6916385515c67ce48d26</sha1>
  </file>
  <file name="lists.ubuntu.com-archives-ubuntu-mz-2016-08-23-cb8d860f-00000.warc.gz" source="original">
    <mtime>1495615567</mtime>
    <size>3789</size>
    <md5>a57d4120b49364e926d72edb1c773bb4</md5>
    <crc32>4c167408</crc32>
    <sha1>8536c98922d6de44621960f95d8295d4fa97b27f</sha1>
    <format>Web ARChive GZ</format>
  </file>
  <file name="lists.ubuntu.com-archives-ubuntu-mz-2016-08-23-cb8d860f-00000.warc.os.cdx.gz" source="derivative">
    <format>WARC CDX Index</format>
    <original>lists.ubuntu.com-archives-ubuntu-mz-2016-08-23-cb8d860f-00000.warc.gz</original>
    <mtime>1495618482</mtime>
    <size>218</size>
    <md5>ad20820a019bd5b373f315a6e19bec0c</md5>
    <crc32>c821e970</crc32>
    <sha1>ce4da4dc9be2f2c3392e76aa85b072720455c3bb</sha1>
  </file>
  <file name="lists.ubuntu.com-archives-ubuntu-mz-2016-08-23-cb8d860f-meta.warc.gz" source="original">
    <mtime>1495615571</mtime>
    <size>2914</size>
    <md5>b2f4a4d4f2a2cc8526c45997d8bab399</md5>
    <crc32>a284768b</crc32>
    <sha1>2ab694d36c3a2a7ad6dc2ac142bb41a9e410dbc2</sha1>
    <format>Web ARChive GZ</format>
  </file>
  <file name="lists.ubuntu.com-archives-ubuntu-mz-2016-08-23-cb8d860f-meta.warc.os.cdx.gz" source="derivative">
    <format>WARC CDX Index</format>
    <original>lists.ubuntu.com-archives-ubuntu-mz-2016-08-23-cb8d860f-meta.warc.gz</original>
    <mtime>1495618598</mtime>
    <size>47</size>
    <md5>b272c39ab9dd73ac80542856158622ff</md5>
    <crc32>0f58928c</crc32>
    <sha1>0d12c788665975522ce8243d87f653f9f4daa85a</sha1>
  </file>
  <file name="lists.ubuntu.com-archives-ubuntu-mz.mbox-2016-08-23-d703073f-00000.warc.gz" source="original">
    <mtime>1495615576</mtime>
    <size>6398</size>
    <md5>cb27a18591269be30677862adfd5971c</md5>
    <crc32>2753bd49</crc32>
    <sha1>c8c34947a9bdadc5fa48e8f8bd569e2e3fff25fa</sha1>
    <format>Web ARChive GZ</format>
  </file>
  <file name="lists.ubuntu.com-archives-ubuntu-mz.mbox-2016-08-23-d703073f-00000.warc.os.cdx.gz" source="derivative">
    <format>WARC CDX Index</format>
    <original>lists.ubuntu.com-archives-ubuntu-mz.mbox-2016-08-23-d703073f-00000.warc.gz</original>
    <mtime>1495618552</mtime>
    <size>329</size>
    <md5>d8249e52bc49343d4b5172dd87654746</md5>
    <crc32>dff65b8b</crc32>
    <sha1>046dd0cd64306fbd752be23d3267ddb9e5776d8f</sha1>
  </file>
  <file name="lists.ubuntu.com-archives-ubuntu-mz.mbox-2016-08-23-d703073f-meta.warc.gz" source="original">
    <mtime>1495615580</mtime>
    <size>3029</size>
    <md5>abb6b63be27c4821f0986e0dbde5a6a5</md5>
    <crc32>f753a84a</crc32>
    <sha1>fb31551f061a0f3b95325e4276712f6b94cd2995</sha1>
    <format>Web ARChive GZ</format>
  </file>
  <file name="lists.ubuntu.com-archives-ubuntu-mz.mbox-2016-08-23-d703073f-meta.warc.os.cdx.gz" source="derivative">
    <format>WARC CDX Index</format>
    <original>lists.ubuntu.com-archives-ubuntu-mz.mbox-2016-08-23-d703073f-meta.warc.gz</original>
    <mtime>1495618640</mtime>
    <size>47</size>
    <md5>a6d899a24a3d482c99a4aa19fde53829</md5>
    <crc32>a6edc8d7</crc32>
    <sha1>6feea3c7fc635eb3846ca7f7699e85387dd57616</sha1>
  </file>
  <file name="lists.ubuntu.com-archives-ubuntu-na-2016-08-23-a546824f-00000.warc.gz" source="original">
    <mtime>1495615584</mtime>
    <size>16961</size>
    <md5>b16b34e3d4802d3397433c4a114c4e26</md5>
    <crc32>45b48460</crc32>
    <sha1>0425d6f9884cd225a5a55bcecbe9f72c68385c24</sha1>
    <format>Web ARChive GZ</format>
  </file>
  <file name="lists.ubuntu.com-archives-ubuntu-na-2016-08-23-a546824f-00000.warc.os.cdx.gz" source="derivative">
    <format>WARC CDX Index</format>
    <original>lists.ubuntu.com-archives-ubuntu-na-2016-08-23-a546824f-00000.warc.gz</original>
    <mtime>1495618941</mtime>
    <size>549</size>
    <md5>ada0b71bf9934b64b67f1cb999232480</md5>
    <crc32>06acc95e</crc32>
    <sha1>b7bac37a79a98713a5f4af83ded4b2cf24be70af</sha1>
  </file>
  <file name="lists.ubuntu.com-archives-ubuntu-na-2016-08-23-a546824f-meta.warc.gz" source="original">
    <mtime>1495615589</mtime>
    <size>3109</size>
    <md5>dc3edcf62fc4b2889e5ff7182d883be3</md5>
    <crc32>86275d14</crc32>
    <sha1>08324bc45fb1cc416dac22bbde7460eebb91550d</sha1>
    <format>Web ARChive GZ</format>
  </file>
  <file name="lists.ubuntu.com-archives-ubuntu-na-2016-08-23-a546824f-meta.warc.os.cdx.gz" source="derivative">
    <format>WARC CDX Index</format>
    <original>lists.ubuntu.com-archives-ubuntu-na-2016-08-23-a546824f-meta.warc.gz</original>
    <mtime>1495618555</mtime>
    <size>47</size>
    <md5>02c1648f4cb5c199271f0d220fa943c9</md5>
    <crc32>3444cc93</crc32>
    <sha1>dab41f55a97787be79c715063552eeeec711882a</sha1>
  </file>
  <file name="lists.ubuntu.com-archives-ubuntu-na.mbox-2016-08-23-2df204c7-00000.warc.gz" source="original">
    <mtime>1495615593</mtime>
    <size>10200</size>
    <md5>635275aa8bf650a721b2544c854d8585</md5>
    <crc32>a128725d</crc32>
    <sha1>8fb46fb2fe2d3be9d11516a6d73f52369766f6e5</sha1>
    <format>Web ARChive GZ</format>
  </file>
  <file name="lists.ubuntu.com-archives-ubuntu-na.mbox-2016-08-23-2df204c7-00000.warc.os.cdx.gz" source="derivative">
    <format>WARC CDX Index</format>
    <original>lists.ubuntu.com-archives-ubuntu-na.mbox-2016-08-23-2df204c7-00000.warc.gz</original>
    <mtime>1495618559</mtime>
    <size>425</size>
    <md5>563256512504cd37e2554926a6662a42</md5>
    <crc32>403376ac</crc32>
    <sha1>97c22f984ee211b321b2fca5cacc4ab9ccc75d19</sha1>
  </file>
  <file name="lists.ubuntu.com-archives-ubuntu-na.mbox-2016-08-23-2df204c7-meta.warc.gz" source="original">
    <mtime>1495615597</mtime>
    <size>3085</size>
    <md5>ac2e42cc3d03cf427b385e5088b002d2</md5>
    <crc32>3437a4f8</crc32>
    <sha1>f47883e4059e698d23707019bed77ec4e73c1a9a</sha1>
    <format>Web ARChive GZ</format>
  </file>
  <file name="lists.ubuntu.com-archives-ubuntu-na.mbox-2016-08-23-2df204c7-meta.warc.os.cdx.gz" source="derivative">
    <format>WARC CDX Index</format>
    <original>lists.ubuntu.com-archives-ubuntu-na.mbox-2016-08-23-2df204c7-meta.warc.gz</original>
    <mtime>1495618563</mtime>
    <size>47</size>
    <md5>6b638ae4c37af54d87a91179cd151bd6</md5>
    <crc32>00364bf7</crc32>
    <sha1>28302e449f2fd5597bc9e1aa9eda7a066fe6bb2d</sha1>
  </file>
  <file name="lists.ubuntu.com-archives-ubuntu-ne-2016-08-23-5d5baeac-00000.warc.gz" source="original">
    <mtime>1495615602</mtime>
    <size>3780</size>
    <md5>0bcdd8ff730d01ea6bafd987d579a775</md5>
    <crc32>dfae5ec8</crc32>
    <sha1>ad674586e5f731f6eb4b5eacaec0218f26e00773</sha1>
    <format>Web ARChive GZ</format>
  </file>
  <file name="lists.ubuntu.com-archives-ubuntu-ne-2016-08-23-5d5baeac-00000.warc.os.cdx.gz" source="derivative">
    <format>WARC CDX Index</format>
    <original>lists.ubuntu.com-archives-ubuntu-ne-2016-08-23-5d5baeac-00000.warc.gz</original>
    <mtime>1495618566</mtime>
    <size>220</size>
    <md5>65d77ed22f030fe93bd07442951cfa77</md5>
    <crc32>3666cde9</crc32>
    <sha1>b6127ba184e92c600ed32cebe695733162e1b2f7</sha1>
  </file>
  <file name="lists.ubuntu.com-archives-ubuntu-ne-2016-08-23-5d5baeac-meta.warc.gz" source="original">
    <mtime>1495615608</mtime>
    <size>2916</size>
    <md5>6adb2c8af4508394f4f94eef1344892f</md5>
    <crc32>6b4bf879</crc32>
    <sha1>4ab9b18d4936236bff3bcbe22897f20cafb2a67a</sha1>
    <format>Web ARChive GZ</format>
  </file>
  <file name="lists.ubuntu.com-archives-ubuntu-ne-2016-08-23-5d5baeac-meta.warc.os.cdx.gz" source="derivative">
    <format>WARC CDX Index</format>
    <original>lists.ubuntu.com-archives-ubuntu-ne-2016-08-23-5d5baeac-meta.warc.gz</original>
    <mtime>1495618570</mtime>
    <size>47</size>
    <md5>6bb6cb61b726c6a41ded2e8de2b18917</md5>
    <crc32>12290017</crc32>
    <sha1>188bcf68ab8b36b9a71fbfb4074059a5b756947a</sha1>
  </file>
  <file name="lists.ubuntu.com-archives-ubuntu-ne.mbox-2016-08-23-e96015fc-00000.warc.gz" source="original">
    <mtime>1495615612</mtime>
    <size>6389</size>
    <md5>4bd9157169cb374b37b96215a77c6c2f</md5>
    <crc32>7828aaf6</crc32>
    <sha1>1026226a19e6c28877c624a24f83ee505fda0120</sha1>
    <format>Web ARChive GZ</format>
  </file>
  <file name="lists.ubuntu.com-archives-ubuntu-ne.mbox-2016-08-23-e96015fc-00000.warc.os.cdx.gz" source="derivative">
    <format>WARC CDX Index</format>
    <original>lists.ubuntu.com-archives-ubuntu-ne.mbox-2016-08-23-e96015fc-00000.warc.gz</original>
    <mtime>1495618573</mtime>
    <size>332</size>
    <md5>f26a445299aaeaaec3a8469d3bbc6ff9</md5>
    <crc32>13a1c5a3</crc32>
    <sha1>9eb317e7d2ad90bb872e5db3faaabc90ca835e72</sha1>
  </file>
  <file name="lists.ubuntu.com-archives-ubuntu-ne.mbox-2016-08-23-e96015fc-meta.warc.gz" source="original">
    <mtime>1495615616</mtime>
    <size>3027</size>
    <md5>51aafb6be91a2cc5c9b24ace4e1a8fe1</md5>
    <crc32>c345ca9f</crc32>
    <sha1>6cce11d991ab647ecba47beb1c23891482ec10d3</sha1>
    <format>Web ARChive GZ</format>
  </file>
  <file name="lists.ubuntu.com-archives-ubuntu-ne.mbox-2016-08-23-e96015fc-meta.warc.os.cdx.gz" source="derivative">
    <format>WARC CDX Index</format>
    <original>lists.ubuntu.com-archives-ubuntu-ne.mbox-2016-08-23-e96015fc-meta.warc.gz</original>
    <mtime>1495618576</mtime>
    <size>47</size>
    <md5>46426ef944552bd77d790c7387594294</md5>
    <crc32>631b2acc</crc32>
    <sha1>1e21c5a40ccf1898c82e7ba295f6658465493613</sha1>
  </file>
  <file name="lists.ubuntu.com-archives-ubuntu-news-2016-08-23-8ea9e5a3-00000.warc.gz" source="original">
    <mtime>1495615624</mtime>
    <size>13554577</size>
    <md5>5c84f7692b1454a8d07b744202f3275a</md5>
    <crc32>d0efd710</crc32>
    <sha1>6911ab52421381de4ad1201d63cb30818afa3d6c</sha1>
    <format>Web ARChive GZ</format>
  </file>
  <file name="lists.ubuntu.com-archives-ubuntu-news-2016-08-23-8ea9e5a3-00000.warc.os.cdx.gz" source="derivative">
    <format>WARC CDX Index</format>
    <original>lists.ubuntu.com-archives-ubuntu-news-2016-08-23-8ea9e5a3-00000.warc.gz</original>
    <mtime>1495618581</mtime>
    <size>60231</size>
    <md5>9a5094d4827665953c111e1a181baa98</md5>
    <crc32>82470ab7</crc32>
    <sha1>ddaf9c92e00530f4568eb3cd61d5bd2bfc41acec</sha1>
  </file>
  <file name="lists.ubuntu.com-archives-ubuntu-news-2016-08-23-8ea9e5a3-meta.warc.gz" source="original">
    <mtime>1495615628</mtime>
    <size>30730</size>
    <md5>b8976433074dc883ddc89f01484f7645</md5>
    <crc32>3b3923a0</crc32>
    <sha1>60e2c3620ae23c6a438e958380559d1b314a40ed</sha1>
    <format>Web ARChive GZ</format>
  </file>
  <file name="lists.ubuntu.com-archives-ubuntu-news-2016-08-23-8ea9e5a3-meta.warc.os.cdx.gz" source="derivative">
    <format>WARC CDX Index</format>
    <original>lists.ubuntu.com-archives-ubuntu-news-2016-08-23-8ea9e5a3-meta.warc.gz</original>
    <mtime>1495618584</mtime>
    <size>47</size>
    <md5>1a7eb4fd2d0bd07c2ed6ec2023f895db</md5>
    <crc32>361797d7</crc32>
    <sha1>64476c32d74469e34831cc0cefb678af7cca0081</sha1>
  </file>
  <file name="lists.ubuntu.com-archives-ubuntu-news-t_ations-2016-08-23-ff92fefd-00000.warc.gz" source="original">
    <mtime>1495615654</mtime>
    <size>35184</size>
    <md5>fa39e3665c954794b6ed6d7ed5654693</md5>
    <crc32>4e27a477</crc32>
    <sha1>9472c86861818bba1c9109324ce1ac3c56aef40d</sha1>
    <format>Web ARChive GZ</format>
  </file>
  <file name="lists.ubuntu.com-archives-ubuntu-news-t_ations-2016-08-23-ff92fefd-00000.warc.os.cdx.gz" source="derivative">
    <format>WARC CDX Index</format>
    <original>lists.ubuntu.com-archives-ubuntu-news-t_ations-2016-08-23-ff92fefd-00000.warc.gz</original>
    <mtime>1495618588</mtime>
    <size>995</size>
    <md5>184fcd958b0af13d1334ffdda1e03b84</md5>
    <crc32>6cb05592</crc32>
    <sha1>977d2016b3ca7617b8aa2b900ec9aba37c91d1d3</sha1>
  </file>
  <file name="lists.ubuntu.com-archives-ubuntu-news-t_lations-2016-08-23-ff92fefd-meta.warc.gz" source="original">
    <mtime>1495615658</mtime>
    <size>3403</size>
    <md5>683700dd62005de83c1188fcd40f64a9</md5>
    <crc32>1917d048</crc32>
    <sha1>3b1156b7a643185e54893a76663144c59b1e77a7</sha1>
    <format>Web ARChive GZ</format>
  </file>
  <file name="lists.ubuntu.com-archives-ubuntu-news-t_lations-2016-08-23-ff92fefd-meta.warc.os.cdx.gz" source="derivative">
    <format>WARC CDX Index</format>
    <original>lists.ubuntu.com-archives-ubuntu-news-t_lations-2016-08-23-ff92fefd-meta.warc.gz</original>
    <mtime>1495618686</mtime>
    <size>47</size>
    <md5>2800341bbf6f0f0285c43818b5eecdb1</md5>
    <crc32>35bbb7ba</crc32>
    <sha1>134582978df167e7d241d5118a719fe1ca930254</sha1>
  </file>
  <file name="lists.ubuntu.com-archives-ubuntu-news-t_m.mbox-2016-08-23-ce3a9cbb-00000.warc.gz" source="original">
    <mtime>1495615646</mtime>
    <size>3618905</size>
    <md5>a82b73a523c8a935d9ef89190e2fffcd</md5>
    <crc32>f045a689</crc32>
    <sha1>0efff755e0141e24cd294449319c694ee1a4d6db</sha1>
    <format>Web ARChive GZ</format>
  </file>
  <file name="lists.ubuntu.com-archives-ubuntu-news-t_m.mbox-2016-08-23-ce3a9cbb-00000.warc.os.cdx.gz" source="derivative">
    <format>WARC CDX Index</format>
    <original>lists.ubuntu.com-archives-ubuntu-news-t_m.mbox-2016-08-23-ce3a9cbb-00000.warc.gz</original>
    <mtime>1495618591</mtime>
    <size>443</size>
    <md5>2b1a2ca700d71aa94dc668099633680f</md5>
    <crc32>7d48da13</crc32>
    <sha1>6bcabd4cb6b6b798d1f37292087507aa9568ade0</sha1>
  </file>
  <file name="lists.ubuntu.com-archives-ubuntu-news-t_ns.mbox-2016-08-23-06937c8c-meta.warc.gz" source="original">
    <mtime>1495615667</mtime>
    <size>3144</size>
    <md5>a6da7b3f16e65495e01caf902485baec</md5>
    <crc32>67f2fa5b</crc32>
    <sha1>f3367be09b2b9386e8fae68d6c555893eb27c7d6</sha1>
    <format>Web ARChive GZ</format>
  </file>
  <file name="lists.ubuntu.com-archives-ubuntu-news-t_ns.mbox-2016-08-23-06937c8c-meta.warc.os.cdx.gz" source="derivative">
    <format>WARC CDX Index</format>
    <original>lists.ubuntu.com-archives-ubuntu-news-t_ns.mbox-2016-08-23-06937c8c-meta.warc.gz</original>
    <mtime>1495618595</mtime>
    <size>47</size>
    <md5>0614d1ba91c396d5a1ae4cfd0456f7cc</md5>
    <crc32>8f75b9da</crc32>
    <sha1>281c9cb078390e565dfa9088cea7017290810708</sha1>
  </file>
  <file name="lists.ubuntu.com-archives-ubuntu-news-t_s.mbox-2016-08-23-06937c8c-00000.warc.gz" source="original">
    <mtime>1495615662</mtime>
    <size>11169</size>
    <md5>eed4d06ce5bdd262dc3263ed55b021ca</md5>
    <crc32>0c2ade6c</crc32>
    <sha1>a6b996977c31734394c34e22be0dca793e59bf3e</sha1>
    <format>Web ARChive GZ</format>
  </file>
  <file name="lists.ubuntu.com-archives-ubuntu-news-t_s.mbox-2016-08-23-06937c8c-00000.warc.os.cdx.gz" source="derivative">
    <format>WARC CDX Index</format>
    <original>lists.ubuntu.com-archives-ubuntu-news-t_s.mbox-2016-08-23-06937c8c-00000.warc.gz</original>
    <mtime>1495618602</mtime>
    <size>438</size>
    <md5>740d3752fd68e487f2fdcbfe508d047d</md5>
    <crc32>dcaaea9a</crc32>
    <sha1>d70091ff15687844164bcfda5ecd3188dc9be53f</sha1>
  </file>
  <file name="lists.ubuntu.com-archives-ubuntu-news-team-2016-08-23-b72a6036-00000.warc.gz" source="original">
    <mtime>1495615634</mtime>
    <size>12594203</size>
    <md5>20945f30fac308c53eccb1f2c578a7b2</md5>
    <crc32>02e2b694</crc32>
    <sha1>dbab9bfb4165d512d92ac11fa9b30b3164ad38b1</sha1>
    <format>Web ARChive GZ</format>
  </file>
  <file name="lists.ubuntu.com-archives-ubuntu-news-team-2016-08-23-b72a6036-00000.warc.os.cdx.gz" source="derivative">
    <format>WARC CDX Index</format>
    <original>lists.ubuntu.com-archives-ubuntu-news-team-2016-08-23-b72a6036-00000.warc.gz</original>
    <mtime>1495618609</mtime>
    <size>175387</size>
    <md5>94435b921a43ed6f667a3ae42e7ee077</md5>
    <crc32>8f33491b</crc32>
    <sha1>7f917c8ca5983c59a048fb5438037cee5f5ab29f</sha1>
  </file>
  <file name="lists.ubuntu.com-archives-ubuntu-news-team-2016-08-23-b72a6036-meta.warc.gz" source="original">
    <mtime>1495615640</mtime>
    <size>85141</size>
    <md5>413135c77aff306fb55ac1347818deb5</md5>
    <crc32>9f313dcc</crc32>
    <sha1>c822f04c2a5b375cce5d0eddb50978e2cb85bb1c</sha1>
    <format>Web ARChive GZ</format>
  </file>
  <file name="lists.ubuntu.com-archives-ubuntu-news-team-2016-08-23-b72a6036-meta.warc.os.cdx.gz" source="derivative">
    <format>WARC CDX Index</format>
    <original>lists.ubuntu.com-archives-ubuntu-news-team-2016-08-23-b72a6036-meta.warc.gz</original>
    <mtime>1495618613</mtime>
    <size>47</size>
    <md5>ae106f48beb3e851599f17f0f9a400f6</md5>
    <crc32>6c75f3b7</crc32>
    <sha1>acf4c88e2490104c3e1e5263896eaae012b0072a</sha1>
  </file>
  <file name="lists.ubuntu.com-archives-ubuntu-news-team.mbox-2016-08-23-ce3a9cbb-meta.warc.gz" source="original">
    <mtime>1495615650</mtime>
    <size>3116</size>
    <md5>308968c2dd12e78203c723c8cdb5accc</md5>
    <crc32>52e02a53</crc32>
    <sha1>84aa9630352bdda55d1592ab345e796ffb89d848</sha1>
    <format>Web ARChive GZ</format>
  </file>
  <file name="lists.ubuntu.com-archives-ubuntu-news-team.mbox-2016-08-23-ce3a9cbb-meta.warc.os.cdx.gz" source="derivative">
    <format>WARC CDX Index</format>
    <original>lists.ubuntu.com-archives-ubuntu-news-team.mbox-2016-08-23-ce3a9cbb-meta.warc.gz</original>
    <mtime>1495618616</mtime>
    <size>47</size>
    <md5>f09e1769338eaf9cf0804da596b0faf1</md5>
    <crc32>b95465fa</crc32>
    <sha1>3cde0dc51db9979a41b3bfc5f4e53f1e1b053844</sha1>
  </file>
  <file name="lists.ubuntu.com-archives-ubuntu-news.mbox-2016-08-23-417fdaf1-00000.warc.gz" source="original">
    <mtime>1495615672</mtime>
    <size>5555795</size>
    <md5>113976ee9c5788cefdbeaae66f41ac2b</md5>
    <crc32>79733efd</crc32>
    <sha1>08fe6b4bcabcfa56f0dde6c47343044d7a7b595f</sha1>
    <format>Web ARChive GZ</format>
  </file>
  <file name="lists.ubuntu.com-archives-ubuntu-news.mbox-2016-08-23-417fdaf1-00000.warc.os.cdx.gz" source="derivative">
    <format>WARC CDX Index</format>
    <original>lists.ubuntu.com-archives-ubuntu-news.mbox-2016-08-23-417fdaf1-00000.warc.gz</original>
    <mtime>1495618620</mtime>
    <size>440</size>
    <md5>28cfc3f3c3700c4d8d09e2a4fcaded88</md5>
    <crc32>101e50f9</crc32>
    <sha1>d329c86da8b196406789b2d1cf57f8c4e5007276</sha1>
  </file>
  <file name="lists.ubuntu.com-archives-ubuntu-news.mbox-2016-08-23-417fdaf1-meta.warc.gz" source="original">
    <mtime>1495615676</mtime>
    <size>3102</size>
    <md5>b78efbd0d08a95ee45bbde938dbefb9b</md5>
    <crc32>ec9a7aa4</crc32>
    <sha1>dc946c6a20f380e40f8255ac4b19bd407bc405a6</sha1>
    <format>Web ARChive GZ</format>
  </file>
  <file name="lists.ubuntu.com-archives-ubuntu-news.mbox-2016-08-23-417fdaf1-meta.warc.os.cdx.gz" source="derivative">
    <format>WARC CDX Index</format>
    <original>lists.ubuntu.com-archives-ubuntu-news.mbox-2016-08-23-417fdaf1-meta.warc.gz</original>
    <mtime>1495618623</mtime>
    <size>47</size>
    <md5>f654091f58698774e2012ececbbf4ba6</md5>
    <crc32>b75ea35a</crc32>
    <sha1>95d5ad6f9de682ecc18cfe74053e2f132e84a37c</sha1>
  </file>
  <file name="lists.ubuntu.com-archives-ubuntu-ng-2016-08-23-a20ddabd-00000.warc.gz" source="original">
    <mtime>1495615681</mtime>
    <size>558267</size>
    <md5>47802838c6fce37e795f33ce05f8f03e</md5>
    <crc32>0f2437e8</crc32>
    <sha1>eaf01343ad6dd64429c02816d7ebffccf1cf80ad</sha1>
    <format>Web ARChive GZ</format>
  </file>
  <file name="lists.ubuntu.com-archives-ubuntu-ng-2016-08-23-a20ddabd-00000.warc.os.cdx.gz" source="derivative">
    <format>WARC CDX Index</format>
    <original>lists.ubuntu.com-archives-ubuntu-ng-2016-08-23-a20ddabd-00000.warc.gz</original>
    <mtime>1495618627</mtime>
    <size>9092</size>
    <md5>bba8e0dee6f79225f0416707c83ad7fb</md5>
    <crc32>7d9961a8</crc32>
    <sha1>8f33054b89335ea7708aad421b23a9f5d588f516</sha1>
  </file>
  <file name="lists.ubuntu.com-archives-ubuntu-ng-2016-08-23-a20ddabd-meta.warc.gz" source="original">
    <mtime>1495615685</mtime>
    <size>7597</size>
    <md5>89ebbade290e6399dfb21239b88b2804</md5>
    <crc32>b8c316ae</crc32>
    <sha1>1e519b8b17cc9abf98fcf2203aa0c0cd8ddc7883</sha1>
    <format>Web ARChive GZ</format>
  </file>
  <file name="lists.ubuntu.com-archives-ubuntu-ng-2016-08-23-a20ddabd-meta.warc.os.cdx.gz" source="derivative">
    <format>WARC CDX Index</format>
    <original>lists.ubuntu.com-archives-ubuntu-ng-2016-08-23-a20ddabd-meta.warc.gz</original>
    <mtime>1495618630</mtime>
    <size>47</size>
    <md5>d56f5c7a311266e05f51bcf6b5792c89</md5>
    <crc32>45ed82ba</crc32>
    <sha1>42715fe737828c96f8c3b477d4caa75d85e1e1e9</sha1>
  </file>
  <file name="lists.ubuntu.com-archives-ubuntu-ng.mbox-2016-08-23-3fe03db0-00000.warc.gz" source="original">
    <mtime>1495615689</mtime>
    <size>97006</size>
    <md5>c34d641040fda121ee390ae5553f617e</md5>
    <crc32>54925c46</crc32>
    <sha1>7d4636113e32b7e912be505ef13148d09143aee3</sha1>
    <format>Web ARChive GZ</format>
  </file>
  <file name="lists.ubuntu.com-archives-ubuntu-ng.mbox-2016-08-23-3fe03db0-00000.warc.os.cdx.gz" source="derivative">
    <format>WARC CDX Index</format>
    <original>lists.ubuntu.com-archives-ubuntu-ng.mbox-2016-08-23-3fe03db0-00000.warc.gz</original>
    <mtime>1495618633</mtime>
    <size>426</size>
    <md5>17c83156c63e4a8f470a9927713f3e6d</md5>
    <crc32>e2bb40df</crc32>
    <sha1>de3dc5825aae11e20c97798c2689521164df90be</sha1>
  </file>
  <file name="lists.ubuntu.com-archives-ubuntu-ng.mbox-2016-08-23-3fe03db0-meta.warc.gz" source="original">
    <mtime>1495615694</mtime>
    <size>3092</size>
    <md5>45d8b0ed857ef0997937dc5642fd0764</md5>
    <crc32>c853b2a5</crc32>
    <sha1>1c0a5d2cca047f7224f5f489228ce58f56f6ea5c</sha1>
    <format>Web ARChive GZ</format>
  </file>
  <file name="lists.ubuntu.com-archives-ubuntu-ng.mbox-2016-08-23-3fe03db0-meta.warc.os.cdx.gz" source="derivative">
    <format>WARC CDX Index</format>
    <original>lists.ubuntu.com-archives-ubuntu-ng.mbox-2016-08-23-3fe03db0-meta.warc.gz</original>
    <mtime>1495618637</mtime>
    <size>47</size>
    <md5>301d5494ae8d9dbf92a0bb76f377a899</md5>
    <crc32>d9d524ac</crc32>
    <sha1>1abb4a5176605333e0634476a3ad63bd7bf256a2</sha1>
  </file>
  <file name="lists.ubuntu.com-archives-ubuntu-ni-2016-08-23-b78d8c1a-00000.warc.gz" source="original">
    <mtime>1495615707</mtime>
    <size>132302765</size>
    <md5>27ae9d6c90560f016eaa36102b17a7da</md5>
    <crc32>4b057e68</crc32>
    <sha1>c6b145af2531dd14ae5a350300f7514fa9f1d228</sha1>
    <format>Web ARChive GZ</format>
  </file>
  <file name="lists.ubuntu.com-archives-ubuntu-ni-2016-08-23-b78d8c1a-00000.warc.os.cdx.gz" source="derivative">
    <format>WARC CDX Index</format>
    <original>lists.ubuntu.com-archives-ubuntu-ni-2016-08-23-b78d8c1a-00000.warc.gz</original>
    <mtime>1495618675</mtime>
    <size>1391932</size>
    <md5>aca1ae5bb1c9946e60593cd57daf7c3f</md5>
    <crc32>95e22766</crc32>
    <sha1>1628722804bb764d41ba2c7744049a1550cefb36</sha1>
  </file>
  <file name="lists.ubuntu.com-archives-ubuntu-ni-2016-08-23-b78d8c1a-meta.warc.gz" source="original">
    <mtime>1495615712</mtime>
    <size>660515</size>
    <md5>d8f76fd0a1e615e8ba867d5c8f33846b</md5>
    <crc32>ab302909</crc32>
    <sha1>a6545da39ad2678d7beb29395cf65102009c7d13</sha1>
    <format>Web ARChive GZ</format>
  </file>
  <file name="lists.ubuntu.com-archives-ubuntu-ni-2016-08-23-b78d8c1a-meta.warc.os.cdx.gz" source="derivative">
    <format>WARC CDX Index</format>
    <original>lists.ubuntu.com-archives-ubuntu-ni-2016-08-23-b78d8c1a-meta.warc.gz</original>
    <mtime>1495618544</mtime>
    <size>47</size>
    <md5>98a98c2de9a6b3a776f2169fef806bf8</md5>
    <crc32>a87c6a85</crc32>
    <sha1>9ed4bc66fa08e84bcd02ce5fc8085f62d66d9be2</sha1>
  </file>
  <file name="lists.ubuntu.com-archives-ubuntu-ni.mbox-2016-08-23-83b0f6a6-00000.warc.gz" source="original">
    <mtime>1495615721</mtime>
    <size>62518757</size>
    <md5>e77d6548f54a4e3c0e227728785f0db4</md5>
    <crc32>f21e78f4</crc32>
    <sha1>d522e5dfad2175f7d1dfdca5da64c47ff95f4cc7</sha1>
    <format>Web ARChive GZ</format>
  </file>
  <file name="lists.ubuntu.com-archives-ubuntu-ni.mbox-2016-08-23-83b0f6a6-00000.warc.os.cdx.gz" source="derivative">
    <format>WARC CDX Index</format>
    <original>lists.ubuntu.com-archives-ubuntu-ni.mbox-2016-08-23-83b0f6a6-00000.warc.gz</original>
    <mtime>1495618549</mtime>
    <size>433</size>
    <md5>41a7f91528c67670f5bf96b675820750</md5>
    <crc32>a75a875a</crc32>
    <sha1>5f9d1de3cd4f7d99d567f352eca0aa5f344ec0b4</sha1>
  </file>
  <file name="lists.ubuntu.com-archives-ubuntu-ni.mbox-2016-08-23-83b0f6a6-meta.warc.gz" source="original">
    <mtime>1495615726</mtime>
    <size>3165</size>
    <md5>a63d3d6cc527d1a9b971e06c9300e026</md5>
    <crc32>db786d20</crc32>
    <sha1>c0cb601d9314f39f74698c4f7c29a97b882416c7</sha1>
    <format>Web ARChive GZ</format>
  </file>
  <file name="lists.ubuntu.com-archives-ubuntu-ni.mbox-2016-08-23-83b0f6a6-meta.warc.os.cdx.gz" source="derivative">
    <format>WARC CDX Index</format>
    <original>lists.ubuntu.com-archives-ubuntu-ni.mbox-2016-08-23-83b0f6a6-meta.warc.gz</original>
    <mtime>1495618764</mtime>
    <size>47</size>
    <md5>5bc145b95b5cdd3fec827f30b17d046d</md5>
    <crc32>ce5a1020</crc32>
    <sha1>39d3cf28f8ea5734cefde3fed28e4bcd5ff722dd</sha1>
  </file>
  <file name="lists.ubuntu.com-archives-ubuntu-nl-2016-08-23-eebcfaa1-00000.warc.gz" source="original">
    <mtime>1495615736</mtime>
    <size>65502302</size>
    <md5>e9809e96a127351401a5857bb40b3c92</md5>
    <crc32>26acc6ee</crc32>
    <sha1>81f7e8235eac71021686758b4ad9526f646bf977</sha1>
    <format>Web ARChive GZ</format>
  </file>
  <file name="lists.ubuntu.com-archives-ubuntu-nl-2016-08-23-eebcfaa1-00000.warc.os.cdx.gz" source="derivative">
    <format>WARC CDX Index</format>
    <original>lists.ubuntu.com-archives-ubuntu-nl-2016-08-23-eebcfaa1-00000.warc.gz</original>
    <mtime>1495618719</mtime>
    <size>1067925</size>
    <md5>26fe1d234cfe493bc774941dc3ef89e4</md5>
    <crc32>84d48736</crc32>
    <sha1>e399ec0666eac8f689bdee8db03717d31968f6b0</sha1>
  </file>
  <file name="lists.ubuntu.com-archives-ubuntu-nl-2016-08-23-eebcfaa1-meta.warc.gz" source="original">
    <mtime>1495615741</mtime>
    <size>551226</size>
    <md5>3494baf32ea62ee895e0e99fad1a162d</md5>
    <crc32>41d7f0e7</crc32>
    <sha1>e39f0532f6932be59fc0f8a00c36957222ded845</sha1>
    <format>Web ARChive GZ</format>
  </file>
  <file name="lists.ubuntu.com-archives-ubuntu-nl-2016-08-23-eebcfaa1-meta.warc.os.cdx.gz" source="derivative">
    <format>WARC CDX Index</format>
    <original>lists.ubuntu.com-archives-ubuntu-nl-2016-08-23-eebcfaa1-meta.warc.gz</original>
    <mtime>1495618722</mtime>
    <size>47</size>
    <md5>1dad05f12a3a1a3c5b64f04b63fff5e1</md5>
    <crc32>98fa8d56</crc32>
    <sha1>75f5ee29443767fc326e433a663ff25a62028f09</sha1>
  </file>
  <file name="lists.ubuntu.com-archives-ubuntu-nl.mbox-2016-08-23-879fa4b9-00000.warc.gz" source="original">
    <mtime>1495615746</mtime>
    <size>9365776</size>
    <md5>0b06b91987711d923b4671fc4918c803</md5>
    <crc32>0a9c1c37</crc32>
    <sha1>ccc5cc066a3686717c84455aef9525ae7d7631cf</sha1>
    <format>Web ARChive GZ</format>
  </file>
  <file name="lists.ubuntu.com-archives-ubuntu-nl.mbox-2016-08-23-879fa4b9-00000.warc.os.cdx.gz" source="derivative">
    <format>WARC CDX Index</format>
    <original>lists.ubuntu.com-archives-ubuntu-nl.mbox-2016-08-23-879fa4b9-00000.warc.gz</original>
    <mtime>1495618726</mtime>
    <size>429</size>
    <md5>2ae70b8fd1587baa5118bf8a5a3b7eb0</md5>
    <crc32>d63b3baa</crc32>
    <sha1>e95d11aa7672db28ad34174f06c8d596f542a27a</sha1>
  </file>
  <file name="lists.ubuntu.com-archives-ubuntu-nl.mbox-2016-08-23-879fa4b9-meta.warc.gz" source="original">
    <mtime>1495615751</mtime>
    <size>3096</size>
    <md5>badf08d6ffd06016cbdc0f9648fe68bd</md5>
    <crc32>43c9cc7d</crc32>
    <sha1>5462d12ccf516bbb8149ad340a3a804cfae1b965</sha1>
    <format>Web ARChive GZ</format>
  </file>
  <file name="lists.ubuntu.com-archives-ubuntu-nl.mbox-2016-08-23-879fa4b9-meta.warc.os.cdx.gz" source="derivative">
    <format>WARC CDX Index</format>
    <original>lists.ubuntu.com-archives-ubuntu-nl.mbox-2016-08-23-879fa4b9-meta.warc.gz</original>
    <mtime>1495618730</mtime>
    <size>47</size>
    <md5>b10cb26d55423cba4055ba5cdde9d3e5</md5>
    <crc32>cdf6304d</crc32>
    <sha1>b6e0ba88570cd4de5b9c5849e12743b239bb6900</sha1>
  </file>
  <file name="lists.ubuntu.com-archives-ubuntu-no-2016-08-23-a70d9690-00000.warc.gz" source="original">
    <mtime>1495615757</mtime>
    <size>3423184</size>
    <md5>b5daddc2a5e6006243ab916a3465347e</md5>
    <crc32>df59188c</crc32>
    <sha1>e830decad15429c5082c9514eb743dea4f1a006b</sha1>
    <format>Web ARChive GZ</format>
  </file>
  <file name="lists.ubuntu.com-archives-ubuntu-no-2016-08-23-a70d9690-00000.warc.os.cdx.gz" source="derivative">
    <format>WARC CDX Index</format>
    <original>lists.ubuntu.com-archives-ubuntu-no-2016-08-23-a70d9690-00000.warc.gz</original>
    <mtime>1495618734</mtime>
    <size>55074</size>
    <md5>68b58c12ebae876c1981a98215dc5e47</md5>
    <crc32>adaeacc5</crc32>
    <sha1>edc1d9501cbfa3595e9f9cd59f56d2ab8226d0cb</sha1>
  </file>
  <file name="lists.ubuntu.com-archives-ubuntu-no-2016-08-23-a70d9690-meta.warc.gz" source="original">
    <mtime>1495615763</mtime>
    <size>28542</size>
    <md5>632b064807d6e476483f2c6631b41630</md5>
    <crc32>9679de10</crc32>
    <sha1>02452b69a4138a4589c04a6c13fca6e6a6dc496e</sha1>
    <format>Web ARChive GZ</format>
  </file>
  <file name="lists.ubuntu.com-archives-ubuntu-no-2016-08-23-a70d9690-meta.warc.os.cdx.gz" source="derivative">
    <format>WARC CDX Index</format>
    <original>lists.ubuntu.com-archives-ubuntu-no-2016-08-23-a70d9690-meta.warc.gz</original>
    <mtime>1495618738</mtime>
    <size>47</size>
    <md5>26bb1d4efcca18beec3d330476ab0c8b</md5>
    <crc32>32e3f760</crc32>
    <sha1>8d1b8d2e33f3cf76de41989318a892f4bc796ddc</sha1>
  </file>
  <file name="lists.ubuntu.com-archives-ubuntu-no.mbox-2016-08-23-9354a538-00000.warc.gz" source="original">
    <mtime>1495615767</mtime>
    <size>580655</size>
    <md5>1c3986b13df7bc607d8031b8269577ef</md5>
    <crc32>40855031</crc32>
    <sha1>b1bb83f60253d4b871acda630624d09831e1e8f8</sha1>
    <format>Web ARChive GZ</format>
  </file>
  <file name="lists.ubuntu.com-archives-ubuntu-no.mbox-2016-08-23-9354a538-00000.warc.os.cdx.gz" source="derivative">
    <format>WARC CDX Index</format>
    <original>lists.ubuntu.com-archives-ubuntu-no.mbox-2016-08-23-9354a538-00000.warc.gz</original>
    <mtime>1495618742</mtime>
    <size>437</size>
    <md5>fc7d2ae274a4b3d01d38629a1f559a35</md5>
    <crc32>1144a6ad</crc32>
    <sha1>4296d5344af6882bdf31bb138765e9ecb2174aa9</sha1>
  </file>
  <file name="lists.ubuntu.com-archives-ubuntu-no.mbox-2016-08-23-9354a538-meta.warc.gz" source="original">
    <mtime>1495615771</mtime>
    <size>3091</size>
    <md5>62a63cbf6f4605ab1cb869649b9ab6c7</md5>
    <crc32>5a52ec00</crc32>
    <sha1>a1da72750a29fc4481151e3fc96e9f388e62cfb0</sha1>
    <format>Web ARChive GZ</format>
  </file>
  <file name="lists.ubuntu.com-archives-ubuntu-no.mbox-2016-08-23-9354a538-meta.warc.os.cdx.gz" source="derivative">
    <format>WARC CDX Index</format>
    <original>lists.ubuntu.com-archives-ubuntu-no.mbox-2016-08-23-9354a538-meta.warc.gz</original>
    <mtime>1495618746</mtime>
    <size>47</size>
    <md5>e0f3e58403da330453b91ed5e58d7a45</md5>
    <crc32>67ef4a7b</crc32>
    <sha1>653675e558bba2065a7ebe88f1ca9884080bfbd3</sha1>
  </file>
  <file name="lists.ubuntu.com-archives-ubuntu-nordic-2016-08-23-0dad3d68-00000.warc.gz" source="original">
    <mtime>1495615776</mtime>
    <size>798241</size>
    <md5>28bfd22d385259ef5e1bb5bb1691d196</md5>
    <crc32>e90379d1</crc32>
    <sha1>aaf16382f211e5759ff4b4f27e27ad45afc18556</sha1>
    <format>Web ARChive GZ</format>
  </file>
  <file name="lists.ubuntu.com-archives-ubuntu-nordic-2016-08-23-0dad3d68-00000.warc.os.cdx.gz" source="derivative">
    <format>WARC CDX Index</format>
    <original>lists.ubuntu.com-archives-ubuntu-nordic-2016-08-23-0dad3d68-00000.warc.gz</original>
    <mtime>1495618750</mtime>
    <size>13697</size>
    <md5>f37dab9371807fedd1b8d963c4cba9ca</md5>
    <crc32>bd4a3b71</crc32>
    <sha1>9a49766cc8f0b75c1dae70ecec8cd551e60c34f9</sha1>
  </file>
  <file name="lists.ubuntu.com-archives-ubuntu-nordic-2016-08-23-0dad3d68-meta.warc.gz" source="original">
    <mtime>1495615780</mtime>
    <size>9630</size>
    <md5>0067d6303469a2c7f93c3759855c7600</md5>
    <crc32>f883d710</crc32>
    <sha1>c192aaae6eeb4895523fb0db8eebbf2b3216e350</sha1>
    <format>Web ARChive GZ</format>
  </file>
  <file name="lists.ubuntu.com-archives-ubuntu-nordic-2016-08-23-0dad3d68-meta.warc.os.cdx.gz" source="derivative">
    <format>WARC CDX Index</format>
    <original>lists.ubuntu.com-archives-ubuntu-nordic-2016-08-23-0dad3d68-meta.warc.gz</original>
    <mtime>1495618753</mtime>
    <size>47</size>
    <md5>ce08e9973c6de493be0d08071981d3ed</md5>
    <crc32>1b7b866d</crc32>
    <sha1>8e308783101dd8d4df86cc81ca6d23a27ea71b12</sha1>
  </file>
  <file name="lists.ubuntu.com-archives-ubuntu-nordic.mbox-2016-08-23-f92cd4ee-00000.warc.gz" source="original">
    <mtime>1495615785</mtime>
    <size>128133</size>
    <md5>47125966fa95aed4784e18b7574ccce5</md5>
    <crc32>32f20656</crc32>
    <sha1>d14884b7747c4f3269a266d98ded625c0ec5a6e4</sha1>
    <format>Web ARChive GZ</format>
  </file>
  <file name="lists.ubuntu.com-archives-ubuntu-nordic.mbox-2016-08-23-f92cd4ee-00000.warc.os.cdx.gz" source="derivative">
    <format>WARC CDX Index</format>
    <original>lists.ubuntu.com-archives-ubuntu-nordic.mbox-2016-08-23-f92cd4ee-00000.warc.gz</original>
    <mtime>1495618757</mtime>
    <size>439</size>
    <md5>06d66cf0921d32e95df4857302786bcc</md5>
    <crc32>5f86a959</crc32>
    <sha1>5407238f12ac0ab69ffab873285bcda9ddbef441</sha1>
  </file>
  <file name="lists.ubuntu.com-archives-ubuntu-nordic.mbox-2016-08-23-f92cd4ee-meta.warc.gz" source="original">
    <mtime>1495615790</mtime>
    <size>3103</size>
    <md5>60dc61b450bba20167380a47d60e2d7a</md5>
    <crc32>d3b57988</crc32>
    <sha1>4155b47ea3e8e038a24b8664fb2253f218e2b9fa</sha1>
    <format>Web ARChive GZ</format>
  </file>
  <file name="lists.ubuntu.com-archives-ubuntu-nordic.mbox-2016-08-23-f92cd4ee-meta.warc.os.cdx.gz" source="derivative">
    <format>WARC CDX Index</format>
    <original>lists.ubuntu.com-archives-ubuntu-nordic.mbox-2016-08-23-f92cd4ee-meta.warc.gz</original>
    <mtime>1495618811</mtime>
    <size>47</size>
    <md5>3546e0fcd4bb179dc05d235fdbed9874</md5>
    <crc32>e50a5e9b</crc32>
    <sha1>d89bd09a0b4c154eb3ffdbcbdfba16a4e1b76425</sha1>
  </file>
  <file name="lists.ubuntu.com-archives-ubuntu-np-2016-08-23-3e0b9a56-00000.warc.gz" source="original">
    <mtime>1495615795</mtime>
    <size>3612448</size>
    <md5>431134283e9365919dcd42bc4fb3b42b</md5>
    <crc32>e7285ad3</crc32>
    <sha1>a7f5eb706d1e0fd4af784a8ce0db9996e6ffe44d</sha1>
    <format>Web ARChive GZ</format>
  </file>
  <file name="lists.ubuntu.com-archives-ubuntu-np-2016-08-23-3e0b9a56-00000.warc.os.cdx.gz" source="derivative">
    <format>WARC CDX Index</format>
    <original>lists.ubuntu.com-archives-ubuntu-np-2016-08-23-3e0b9a56-00000.warc.gz</original>
    <mtime>1495618691</mtime>
    <size>42979</size>
    <md5>602f71ba8984528067f04cccc79b829f</md5>
    <crc32>fcc7c885</crc32>
    <sha1>a9bab8609078ff3b456f8bdec4a67d6531ea7fc0</sha1>
  </file>
  <file name="lists.ubuntu.com-archives-ubuntu-np-2016-08-23-3e0b9a56-meta.warc.gz" source="original">
    <mtime>1495615800</mtime>
    <size>22540</size>
    <md5>8914daacc327c884effa845868b1d8fa</md5>
    <crc32>40da5160</crc32>
    <sha1>ada26afa21fcea59534b831a924c454841c8db3a</sha1>
    <format>Web ARChive GZ</format>
  </file>
  <file name="lists.ubuntu.com-archives-ubuntu-np-2016-08-23-3e0b9a56-meta.warc.os.cdx.gz" source="derivative">
    <format>WARC CDX Index</format>
    <original>lists.ubuntu.com-archives-ubuntu-np-2016-08-23-3e0b9a56-meta.warc.gz</original>
    <mtime>1495618768</mtime>
    <size>47</size>
    <md5>c3cfd6ff9af72568c0ad9d4f459a7a4f</md5>
    <crc32>f6710aa0</crc32>
    <sha1>57854ea3b377fec4265ae96c025c83bf9d3256bd</sha1>
  </file>
  <file name="lists.ubuntu.com-archives-ubuntu-np.mbox-2016-08-23-112d0163-00000.warc.gz" source="original">
    <mtime>1495615807</mtime>
    <size>1445808</size>
    <md5>4e768105f737a5995ed62b13e760e812</md5>
    <crc32>6ab09645</crc32>
    <sha1>e2e4e707f8389e6a9ea988f088c79032053fb1d3</sha1>
    <format>Web ARChive GZ</format>
  </file>
  <file name="lists.ubuntu.com-archives-ubuntu-np.mbox-2016-08-23-112d0163-00000.warc.os.cdx.gz" source="derivative">
    <format>WARC CDX Index</format>
    <original>lists.ubuntu.com-archives-ubuntu-np.mbox-2016-08-23-112d0163-00000.warc.gz</original>
    <mtime>1495618772</mtime>
    <size>440</size>
    <md5>a1dc790414a695dc6e83b0630b265f64</md5>
    <crc32>ca686164</crc32>
    <sha1>3b58760b9ba7c1cc1cdb3361193698063ac25b00</sha1>
  </file>
  <file name="lists.ubuntu.com-archives-ubuntu-np.mbox-2016-08-23-112d0163-meta.warc.gz" source="original">
    <mtime>1495615812</mtime>
    <size>3094</size>
    <md5>275f5b4628c9232887c9a3d79bb6cc46</md5>
    <crc32>89b1aed3</crc32>
    <sha1>ca2c349147da26368f06abe0198cf238f8949d48</sha1>
    <format>Web ARChive GZ</format>
  </file>
  <file name="lists.ubuntu.com-archives-ubuntu-np.mbox-2016-08-23-112d0163-meta.warc.os.cdx.gz" source="derivative">
    <format>WARC CDX Index</format>
    <original>lists.ubuntu.com-archives-ubuntu-np.mbox-2016-08-23-112d0163-meta.warc.gz</original>
    <mtime>1495618775</mtime>
    <size>47</size>
    <md5>f3cd2443430da24eb442da38c94e532c</md5>
    <crc32>f87bcc00</crc32>
    <sha1>acff5abb2c5e2a8912f20e183b8c3b1e1e118c23</sha1>
  </file>
  <file name="lists.ubuntu.com-archives-ubuntu-nz-2016-08-23-7e749b32-00000.warc.gz" source="original">
    <mtime>1495615817</mtime>
    <size>5838008</size>
    <md5>e0355a9572b44baf9bcc6320abd4259f</md5>
    <crc32>6bc72481</crc32>
    <sha1>5e5b700b7a3fe91875c33ebb7388dbce575da92f</sha1>
    <format>Web ARChive GZ</format>
  </file>
  <file name="lists.ubuntu.com-archives-ubuntu-nz-2016-08-23-7e749b32-00000.warc.os.cdx.gz" source="derivative">
    <format>WARC CDX Index</format>
    <original>lists.ubuntu.com-archives-ubuntu-nz-2016-08-23-7e749b32-00000.warc.gz</original>
    <mtime>1495618782</mtime>
    <size>97885</size>
    <md5>eea8af2a65371e84fc2b9ec2c377cd49</md5>
    <crc32>fb719bac</crc32>
    <sha1>298d0e9fb5c76db4afb728a29d8f38f9557d142b</sha1>
  </file>
  <file name="lists.ubuntu.com-archives-ubuntu-nz-2016-08-23-7e749b32-meta.warc.gz" source="original">
    <mtime>1495615822</mtime>
    <size>54089</size>
    <md5>77d3d0c3195518d79cb8816a8f4c15fb</md5>
    <crc32>46a644eb</crc32>
    <sha1>ba90cd4d62c8bd97b71d6c9322608044cae4546c</sha1>
    <format>Web ARChive GZ</format>
  </file>
  <file name="lists.ubuntu.com-archives-ubuntu-nz-2016-08-23-7e749b32-meta.warc.os.cdx.gz" source="derivative">
    <format>WARC CDX Index</format>
    <original>lists.ubuntu.com-archives-ubuntu-nz-2016-08-23-7e749b32-meta.warc.gz</original>
    <mtime>1495618785</mtime>
    <size>47</size>
    <md5>f24137fd2b600f79b4465c5019b2806f</md5>
    <crc32>94387440</crc32>
    <sha1>f0be0a2a3b9a3a21e00b5f86e8c79d8eeb460610</sha1>
  </file>
  <file name="lists.ubuntu.com-archives-ubuntu-nz.mbox-2016-08-23-4ac4a8a9-00000.warc.gz" source="original">
    <mtime>1495615827</mtime>
    <size>730880</size>
    <md5>891f4d58bbd7d1ac146c2e63a6ba65fe</md5>
    <crc32>0252a83c</crc32>
    <sha1>98f6bc57f496e02153c34e61e26afca5c9a12ed5</sha1>
    <format>Web ARChive GZ</format>
  </file>
  <file name="lists.ubuntu.com-archives-ubuntu-nz.mbox-2016-08-23-4ac4a8a9-00000.warc.os.cdx.gz" source="derivative">
    <format>WARC CDX Index</format>
    <original>lists.ubuntu.com-archives-ubuntu-nz.mbox-2016-08-23-4ac4a8a9-00000.warc.gz</original>
    <mtime>1495618789</mtime>
    <size>441</size>
    <md5>07a995101f6b9e2dc36a4d9bf6332677</md5>
    <crc32>5aa8cf08</crc32>
    <sha1>02232ea954bf1eea1f4a82c7f2fbc8841a118cea</sha1>
  </file>
  <file name="lists.ubuntu.com-archives-ubuntu-nz.mbox-2016-08-23-4ac4a8a9-meta.warc.gz" source="original">
    <mtime>1495615832</mtime>
    <size>3102</size>
    <md5>99034e90c2f19646d975149d144e1f9c</md5>
    <crc32>1748ef17</crc32>
    <sha1>40cae6e8867b98042eeeceb9079b3e4bcc72997d</sha1>
    <format>Web ARChive GZ</format>
  </file>
  <file name="lists.ubuntu.com-archives-ubuntu-nz.mbox-2016-08-23-4ac4a8a9-meta.warc.os.cdx.gz" source="derivative">
    <format>WARC CDX Index</format>
    <original>lists.ubuntu.com-archives-ubuntu-nz.mbox-2016-08-23-4ac4a8a9-meta.warc.gz</original>
    <mtime>1495618792</mtime>
    <size>47</size>
    <md5>3388da0ed43823b7bb064cff26e73fe9</md5>
    <crc32>86273fa0</crc32>
    <sha1>8ad2f962e8f31e4dd768da7702a8d36e998b708d</sha1>
  </file>
  <file name="lists.ubuntu.com-archives-ubuntu-online_ccounts-2016-08-23-610bdf4d-meta.warc.gz" source="original">
    <mtime>1495615840</mtime>
    <size>3696</size>
    <md5>2afe60069b6689c13245bc9a6df397be</md5>
    <crc32>bfd16ddd</crc32>
    <sha1>f0f6bcc1008a35a46662227c63b84a686de40d59</sha1>
    <format>Web ARChive GZ</format>
  </file>
  <file name="lists.ubuntu.com-archives-ubuntu-online_ccounts-2016-08-23-610bdf4d-meta.warc.os.cdx.gz" source="derivative">
    <format>WARC CDX Index</format>
    <original>lists.ubuntu.com-archives-ubuntu-online_ccounts-2016-08-23-610bdf4d-meta.warc.gz</original>
    <mtime>1495618796</mtime>
    <size>47</size>
    <md5>9630f33affc330243894206b2ccfb907</md5>
    <crc32>4119e20d</crc32>
    <sha1>199577160ea678c83d1e84ce5ad5301c977087bb</sha1>
  </file>
  <file name="lists.ubuntu.com-archives-ubuntu-online_counts-2016-08-23-610bdf4d-00000.warc.gz" source="original">
    <mtime>1495615836</mtime>
    <size>80354</size>
    <md5>8073a0e075f05944236724d261e3e05f</md5>
    <crc32>0d1c1d47</crc32>
    <sha1>1399e0bb3ee730fbd62dd4bbff5237e8f2bad74d</sha1>
    <format>Web ARChive GZ</format>
  </file>
  <file name="lists.ubuntu.com-archives-ubuntu-online_counts-2016-08-23-610bdf4d-00000.warc.os.cdx.gz" source="derivative">
    <format>WARC CDX Index</format>
    <original>lists.ubuntu.com-archives-ubuntu-online_counts-2016-08-23-610bdf4d-00000.warc.gz</original>
    <mtime>1495618800</mtime>
    <size>1645</size>
    <md5>dc45aeca74f17a0375bbeb67e53ba144</md5>
    <crc32>bcf61c47</crc32>
    <sha1>73f585d504768bea86f7c775c7f603648559cde7</sha1>
  </file>
  <file name="lists.ubuntu.com-archives-ubuntu-online_s.mbox-2016-08-23-3906acb3-00000.warc.gz" source="original">
    <mtime>1495615844</mtime>
    <size>18668</size>
    <md5>bfd323cf6ea7c30b9ce658cbfc413842</md5>
    <crc32>2067efea</crc32>
    <sha1>d8bc525cdaed323cc5bbac90a893a158e7972954</sha1>
    <format>Web ARChive GZ</format>
  </file>
  <file name="lists.ubuntu.com-archives-ubuntu-online_s.mbox-2016-08-23-3906acb3-00000.warc.os.cdx.gz" source="derivative">
    <format>WARC CDX Index</format>
    <original>lists.ubuntu.com-archives-ubuntu-online_s.mbox-2016-08-23-3906acb3-00000.warc.gz</original>
    <mtime>1495618803</mtime>
    <size>442</size>
    <md5>d24d4c9d56e7609827ac9293c3f3de1d</md5>
    <crc32>3a047946</crc32>
    <sha1>f0993bd670893815bfd29adef5cdd8afc4cf7f61</sha1>
  </file>
  <file name="lists.ubuntu.com-archives-ubuntu-online_ts.mbox-2016-08-23-3906acb3-meta.warc.gz" source="original">
    <mtime>1495615848</mtime>
    <size>3133</size>
    <md5>25918e604ec74709d61522da92ebc691</md5>
    <crc32>339a2955</crc32>
    <sha1>1c289052917426c1ceb1059c0fa5f6c53bf98208</sha1>
    <format>Web ARChive GZ</format>
  </file>
  <file name="lists.ubuntu.com-archives-ubuntu-online_ts.mbox-2016-08-23-3906acb3-meta.warc.os.cdx.gz" source="derivative">
    <format>WARC CDX Index</format>
    <original>lists.ubuntu.com-archives-ubuntu-online_ts.mbox-2016-08-23-3906acb3-meta.warc.gz</original>
    <mtime>1495618806</mtime>
    <size>47</size>
    <md5>4738975bae9c15c8a298d8bfe34d43cc</md5>
    <crc32>302bc8d6</crc32>
    <sha1>7a7bafd2d07201fdd0921a0d78efb80f300f8e43</sha1>
  </file>
  <file name="lists.ubuntu.com-archives-ubuntu-openst_er.mbox-2016-08-23-44cc6c1b-meta.warc.gz" source="original">
    <mtime>1495615895</mtime>
    <size>3151</size>
    <md5>c2d4cbcca26c8432bdd5e55bd8daca5a</md5>
    <crc32>1cddae8f</crc32>
    <sha1>e1f072ddd79813ddc7525e7c55728442032179d8</sha1>
    <format>Web ARChive GZ</format>
  </file>
  <file name="lists.ubuntu.com-archives-ubuntu-openst_er.mbox-2016-08-23-44cc6c1b-meta.warc.os.cdx.gz" source="derivative">
    <format>WARC CDX Index</format>
    <original>lists.ubuntu.com-archives-ubuntu-openst_er.mbox-2016-08-23-44cc6c1b-meta.warc.gz</original>
    <mtime>1495618761</mtime>
    <size>47</size>
    <md5>2200cd67cfc063282d6580d1c16b9758</md5>
    <crc32>4e773b76</crc32>
    <sha1>fdfb826abb4b0804a53655d0a7d07d09c608c919</sha1>
  </file>
  <file name="lists.ubuntu.com-archives-ubuntu-openst_gs.mbox-2016-08-23-98b43e1f-meta.warc.gz" source="original">
    <mtime>1495615875</mtime>
    <size>3135</size>
    <md5>9cc709f1fc8cab1682d03d452fd63362</md5>
    <crc32>29d12ec2</crc32>
    <sha1>da26ca4acf60fa42940563aaca43182be270cfa4</sha1>
    <format>Web ARChive GZ</format>
  </file>
  <file name="lists.ubuntu.com-archives-ubuntu-openst_gs.mbox-2016-08-23-98b43e1f-meta.warc.os.cdx.gz" source="derivative">
    <format>WARC CDX Index</format>
    <original>lists.ubuntu.com-archives-ubuntu-openst_gs.mbox-2016-08-23-98b43e1f-meta.warc.gz</original>
    <mtime>1495618814</mtime>
    <size>47</size>
    <md5>d3bed1d9d68af34db750c51afdc096c8</md5>
    <crc32>652775cd</crc32>
    <sha1>06a7690b709c5695f5a6ebdbfac1205a7b084509</sha1>
  </file>
  <file name="lists.ubuntu.com-archives-ubuntu-openst_k-bugs-2016-08-23-f7aa767a-00000.warc.gz" source="original">
    <mtime>1495615855</mtime>
    <size>19233478</size>
    <md5>62eff7d1556ea62b3f56739219ab5c16</md5>
    <crc32>4917b34f</crc32>
    <sha1>a9fa9f30408176445720c6f43a4bac2661dd53ef</sha1>
    <format>Web ARChive GZ</format>
  </file>
  <file name="lists.ubuntu.com-archives-ubuntu-openst_k-bugs-2016-08-23-f7aa767a-00000.warc.os.cdx.gz" source="derivative">
    <format>WARC CDX Index</format>
    <original>lists.ubuntu.com-archives-ubuntu-openst_k-bugs-2016-08-23-f7aa767a-00000.warc.gz</original>
    <mtime>1495618888</mtime>
    <size>205238</size>
    <md5>ede1e212e80f91f3448a49487b49a392</md5>
    <crc32>09e86751</crc32>
    <sha1>e6562f7747552848bae9ed157dcebf5631150f4c</sha1>
  </file>
  <file name="lists.ubuntu.com-archives-ubuntu-openst_r.mbox-2016-08-23-44cc6c1b-00000.warc.gz" source="original">
    <mtime>1495615890</mtime>
    <size>657726</size>
    <md5>c6333586d428b08c295886bb8cd36158</md5>
    <crc32>a808ad76</crc32>
    <sha1>dd8a99a1a45e2d53f1d4de34fecca8d5f6ce4cbe</sha1>
    <format>Web ARChive GZ</format>
  </file>
  <file name="lists.ubuntu.com-archives-ubuntu-openst_r.mbox-2016-08-23-44cc6c1b-00000.warc.os.cdx.gz" source="derivative">
    <format>WARC CDX Index</format>
    <original>lists.ubuntu.com-archives-ubuntu-openst_r.mbox-2016-08-23-44cc6c1b-00000.warc.gz</original>
    <mtime>1495618892</mtime>
    <size>451</size>
    <md5>840c4ecedc3b875be16690e86f937901</md5>
    <crc32>c52d6440</crc32>
    <sha1>fa9e7ecbed7fc180d041d7054addb1bdaa034f14</sha1>
  </file>
  <file name="lists.ubuntu.com-archives-ubuntu-openst_s.mbox-2016-08-23-98b43e1f-00000.warc.gz" source="original">
    <mtime>1495615869</mtime>
    <size>4060137</size>
    <md5>99ad93ef41feae986ba80116bdb6023a</md5>
    <crc32>a11cc763</crc32>
    <sha1>15c52d95ede962eece018a6207e9aac4ade096a0</sha1>
    <format>Web ARChive GZ</format>
  </file>
  <file name="lists.ubuntu.com-archives-ubuntu-openst_s.mbox-2016-08-23-98b43e1f-00000.warc.os.cdx.gz" source="derivative">
    <format>WARC CDX Index</format>
    <original>lists.ubuntu.com-archives-ubuntu-openst_s.mbox-2016-08-23-98b43e1f-00000.warc.gz</original>
    <mtime>1495618826</mtime>
    <size>447</size>
    <md5>48fdb083c5a1c15da649959b43a1a6ed</md5>
    <crc32>56999f76</crc32>
    <sha1>78bd7dbf4ddb8301780294d125bcfad375b5e48c</sha1>
  </file>
  <file name="lists.ubuntu.com-archives-ubuntu-openst_staller-2016-08-23-3c72ff97-meta.warc.gz" source="original">
    <mtime>1495615884</mtime>
    <size>12923</size>
    <md5>69b4f523f7b48f1beb90bdfc5e85d59d</md5>
    <crc32>272e222b</crc32>
    <sha1>66393a1b8dead3447bfd992a71f6a3562e4b183e</sha1>
    <format>Web ARChive GZ</format>
  </file>
  <file name="lists.ubuntu.com-archives-ubuntu-openst_staller-2016-08-23-3c72ff97-meta.warc.os.cdx.gz" source="derivative">
    <format>WARC CDX Index</format>
    <original>lists.ubuntu.com-archives-ubuntu-openst_staller-2016-08-23-3c72ff97-meta.warc.gz</original>
    <mtime>1495618829</mtime>
    <size>47</size>
    <md5>103e836900e578397ac275efe5c8b787</md5>
    <crc32>bd1a4259</crc32>
    <sha1>8262b6a117e0855c65c245dbf9b3ef403832ee13</sha1>
  </file>
  <file name="lists.ubuntu.com-archives-ubuntu-openst_taller-2016-08-23-3c72ff97-00000.warc.gz" source="original">
    <mtime>1495615880</mtime>
    <size>1768157</size>
    <md5>e2207d29eb2cd4027a9a563a1d3e5555</md5>
    <crc32>1dbbd49b</crc32>
    <sha1>0139fadbcfcce29637244caef823c04640737462</sha1>
    <format>Web ARChive GZ</format>
  </file>
  <file name="lists.ubuntu.com-archives-ubuntu-openst_taller-2016-08-23-3c72ff97-00000.warc.os.cdx.gz" source="derivative">
    <format>WARC CDX Index</format>
    <original>lists.ubuntu.com-archives-ubuntu-openst_taller-2016-08-23-3c72ff97-00000.warc.gz</original>
    <mtime>1495618834</mtime>
    <size>19754</size>
    <md5>b3afd826dd861d68209f919c4b11372b</md5>
    <crc32>7f0cd5f8</crc32>
    <sha1>f144579f266b6750e02fdf337a4cc7f1909cf0be</sha1>
  </file>
  <file name="lists.ubuntu.com-archives-ubuntu-openstack-bugs-2016-08-23-f7aa767a-meta.warc.gz" source="original">
    <mtime>1495615863</mtime>
    <size>95115</size>
    <md5>cecde324432b56428cd68b2d4614022b</md5>
    <crc32>7aca87e7</crc32>
    <sha1>43dea0179a71ee5a661aa93d5f520cf52edf2778</sha1>
    <format>Web ARChive GZ</format>
  </file>
  <file name="lists.ubuntu.com-archives-ubuntu-openstack-bugs-2016-08-23-f7aa767a-meta.warc.os.cdx.gz" source="derivative">
    <format>WARC CDX Index</format>
    <original>lists.ubuntu.com-archives-ubuntu-openstack-bugs-2016-08-23-f7aa767a-meta.warc.gz</original>
    <mtime>1495618837</mtime>
    <size>47</size>
    <md5>813e5feb77bd1bc51d321d73626b41e7</md5>
    <crc32>420f8574</crc32>
    <sha1>f6db2db26cde4c571f06ee32b932bc3768f61a82</sha1>
  </file>
  <file name="lists.ubuntu.com-archives-ubuntu-pa-2016-08-23-13bb370e-00000.warc.gz" source="original">
    <mtime>1495615904</mtime>
    <size>45966717</size>
    <md5>8e41f6dcb991b5f0c79699ba58d8da23</md5>
    <crc32>aaf867de</crc32>
    <sha1>11fa4b866fbbbcf62306b9e73ece95ec9e0be2c1</sha1>
    <format>Web ARChive GZ</format>
  </file>
  <file name="lists.ubuntu.com-archives-ubuntu-pa-2016-08-23-13bb370e-00000.warc.os.cdx.gz" source="derivative">
    <format>WARC CDX Index</format>
    <original>lists.ubuntu.com-archives-ubuntu-pa-2016-08-23-13bb370e-00000.warc.gz</original>
    <mtime>1495618852</mtime>
    <size>399118</size>
    <md5>4ab42ad57b32bf10b96e5e70edea97d9</md5>
    <crc32>1189f06c</crc32>
    <sha1>afd02e8779856b6ade7e2515257f34c148937db2</sha1>
  </file>
  <file name="lists.ubuntu.com-archives-ubuntu-pa-2016-08-23-13bb370e-meta.warc.gz" source="original">
    <mtime>1495615908</mtime>
    <size>225942</size>
    <md5>b98c95845ea2c35a90f18a2e46d189d7</md5>
    <crc32>b5193711</crc32>
    <sha1>32f7a1bb81eacc0624a866dbdca82d2ee77d1965</sha1>
    <format>Web ARChive GZ</format>
  </file>
  <file name="lists.ubuntu.com-archives-ubuntu-pa-2016-08-23-13bb370e-meta.warc.os.cdx.gz" source="derivative">
    <format>WARC CDX Index</format>
    <original>lists.ubuntu.com-archives-ubuntu-pa-2016-08-23-13bb370e-meta.warc.gz</original>
    <mtime>1495618856</mtime>
    <size>47</size>
    <md5>e31818cbb7cc164555bec80a2883bb11</md5>
    <crc32>b2749b22</crc32>
    <sha1>a42ddeb1833501b01f3d2cd6879e498dd9e8b631</sha1>
  </file>
  <file name="lists.ubuntu.com-archives-ubuntu-pa.mbox-2016-08-23-0f9903c2-00000.warc.gz" source="original">
    <mtime>1495615914</mtime>
    <size>13413939</size>
    <md5>b4116863eeb3a281f7c147b915d015b2</md5>
    <crc32>8f3c2174</crc32>
    <sha1>e7804885078b282c7d6f45cd967d1c023542ffec</sha1>
    <format>Web ARChive GZ</format>
  </file>
  <file name="lists.ubuntu.com-archives-ubuntu-pa.mbox-2016-08-23-0f9903c2-00000.warc.os.cdx.gz" source="derivative">
    <format>WARC CDX Index</format>
    <original>lists.ubuntu.com-archives-ubuntu-pa.mbox-2016-08-23-0f9903c2-00000.warc.gz</original>
    <mtime>1495618860</mtime>
    <size>429</size>
    <md5>7baa04b47ebe0fe6fb9c271ca7ffaf41</md5>
    <crc32>b2bba266</crc32>
    <sha1>1b62370f7e76e2bef36882586e2fa5132c018462</sha1>
  </file>
  <file name="lists.ubuntu.com-archives-ubuntu-pa.mbox-2016-08-23-0f9903c2-meta.warc.gz" source="original">
    <mtime>1495615919</mtime>
    <size>3092</size>
    <md5>41272261915651a8ca6619780e3270fe</md5>
    <crc32>600f0270</crc32>
    <sha1>961625c2994d128eb701105ca6cd450c6d50fb1c</sha1>
    <format>Web ARChive GZ</format>
  </file>
  <file name="lists.ubuntu.com-archives-ubuntu-pa.mbox-2016-08-23-0f9903c2-meta.warc.os.cdx.gz" source="derivative">
    <format>WARC CDX Index</format>
    <original>lists.ubuntu.com-archives-ubuntu-pa.mbox-2016-08-23-0f9903c2-meta.warc.gz</original>
    <mtime>1495618864</mtime>
    <size>47</size>
    <md5>27bbc7109fdc4701017492acbd3afea1</md5>
    <crc32>4d615c0f</crc32>
    <sha1>928698933cbff0f8dd51424e60166582c75bcb7e</sha1>
  </file>
  <file name="lists.ubuntu.com-archives-ubuntu-patch-_s.mbox-2016-08-23-d2abb971-00000.warc.gz" source="original">
    <mtime>1495615934</mtime>
    <size>1387233</size>
    <md5>b80dbdef6abaf1d83df186c7fe301643</md5>
    <crc32>c9e9d8af</crc32>
    <sha1>ccbf513fc6b2f34ee6c8d1b9d00f05c928a4cc27</sha1>
    <format>Web ARChive GZ</format>
  </file>
  <file name="lists.ubuntu.com-archives-ubuntu-patch-_s.mbox-2016-08-23-d2abb971-00000.warc.os.cdx.gz" source="derivative">
    <format>WARC CDX Index</format>
    <original>lists.ubuntu.com-archives-ubuntu-patch-_s.mbox-2016-08-23-d2abb971-00000.warc.gz</original>
    <mtime>1495618868</mtime>
    <size>447</size>
    <md5>00f14db85fa8a00d5a2dab33e2b135d0</md5>
    <crc32>fdd4aa4e</crc32>
    <sha1>b99c0d01fd511290e8803d31b9907d7300963d2b</sha1>
  </file>
  <file name="lists.ubuntu.com-archives-ubuntu-patch-_ws.mbox-2016-08-23-d2abb971-meta.warc.gz" source="original">
    <mtime>1495615939</mtime>
    <size>3141</size>
    <md5>69374d758003708e5ad0b2860956ff17</md5>
    <crc32>2ca9b787</crc32>
    <sha1>8c0d909beb3d0d64f2340823dccb93d9132a4341</sha1>
    <format>Web ARChive GZ</format>
  </file>
  <file name="lists.ubuntu.com-archives-ubuntu-patch-_ws.mbox-2016-08-23-d2abb971-meta.warc.os.cdx.gz" source="derivative">
    <format>WARC CDX Index</format>
    <original>lists.ubuntu.com-archives-ubuntu-patch-_ws.mbox-2016-08-23-d2abb971-meta.warc.gz</original>
    <mtime>1495618871</mtime>
    <size>47</size>
    <md5>ab70f13f083143a208a01a769178a349</md5>
    <crc32>436b9aaf</crc32>
    <sha1>f8d2bc1a11f0575eaa47cd7ba96f6756902f692a</sha1>
  </file>
  <file name="lists.ubuntu.com-archives-ubuntu-patch-reviews-2016-08-23-5094ffcb-00000.warc.gz" source="original">
    <mtime>1495615925</mtime>
    <size>12423159</size>
    <md5>1f931de4d777367f881ca5b83083cb0b</md5>
    <crc32>e9de80a5</crc32>
    <sha1>0957b7bc3a848bd5f5486f80b7711257b844608e</sha1>
    <format>Web ARChive GZ</format>
  </file>
  <file name="lists.ubuntu.com-archives-ubuntu-patch-reviews-2016-08-23-5094ffcb-00000.warc.os.cdx.gz" source="derivative">
    <format>WARC CDX Index</format>
    <original>lists.ubuntu.com-archives-ubuntu-patch-reviews-2016-08-23-5094ffcb-00000.warc.gz</original>
    <mtime>1495618879</mtime>
    <size>197817</size>
    <md5>33f2996662b6b197bad3581244417785</md5>
    <crc32>9e08421a</crc32>
    <sha1>e637682ce0498fd8179aee7843062ae20d42cb1d</sha1>
  </file>
  <file name="lists.ubuntu.com-archives-ubuntu-patch-reviews-2016-08-23-5094ffcb-meta.warc.gz" source="original">
    <mtime>1495615929</mtime>
    <size>89979</size>
    <md5>9d99edf1b280e3ad74c579fac53d2056</md5>
    <crc32>e12a478d</crc32>
    <sha1>ecce6c8c272f748a1bf2b6a374332a0312cd9ccc</sha1>
    <format>Web ARChive GZ</format>
  </file>
  <file name="lists.ubuntu.com-archives-ubuntu-patch-reviews-2016-08-23-5094ffcb-meta.warc.os.cdx.gz" source="derivative">
    <format>WARC CDX Index</format>
    <original>lists.ubuntu.com-archives-ubuntu-patch-reviews-2016-08-23-5094ffcb-meta.warc.gz</original>
    <mtime>1495618818</mtime>
    <size>47</size>
    <md5>a6916334e6a341164f190d288934fb4c</md5>
    <crc32>e61c39e2</crc32>
    <sha1>69a44cdc217b60919ee962e2b01dc5e56a84150a</sha1>
  </file>
  <file name="lists.ubuntu.com-archives-ubuntu-patches-2016-08-23-a9b72191-00000.warc.gz" source="original">
    <mtime>1495615943</mtime>
    <size>3814</size>
    <md5>7e4fbe3f6c37c17daa5ccac12b3b9a8f</md5>
    <crc32>b2d37d6d</crc32>
    <sha1>63795c7c71eebcd9aed12065f4c3b3094e8b8917</sha1>
    <format>Web ARChive GZ</format>
  </file>
  <file name="lists.ubuntu.com-archives-ubuntu-patches-2016-08-23-a9b72191-00000.warc.os.cdx.gz" source="derivative">
    <format>WARC CDX Index</format>
    <original>lists.ubuntu.com-archives-ubuntu-patches-2016-08-23-a9b72191-00000.warc.gz</original>
    <mtime>1495618822</mtime>
    <size>221</size>
    <md5>bd494e050ff09f632eee4666d4234055</md5>
    <crc32>1e00e2ef</crc32>
    <sha1>30200f424d97e2172d1011cbdf0078695cf298c0</sha1>
  </file>
  <file name="lists.ubuntu.com-archives-ubuntu-patches-2016-08-23-a9b72191-meta.warc.gz" source="original">
    <mtime>1495615948</mtime>
    <size>2937</size>
    <md5>117a0e6057308d047e846877f0289238</md5>
    <crc32>789f47c6</crc32>
    <sha1>84b341fd6dde7a970624e5a5042644dd07440aaa</sha1>
    <format>Web ARChive GZ</format>
  </file>
  <file name="lists.ubuntu.com-archives-ubuntu-patches-2016-08-23-a9b72191-meta.warc.os.cdx.gz" source="derivative">
    <format>WARC CDX Index</format>
    <original>lists.ubuntu.com-archives-ubuntu-patches-2016-08-23-a9b72191-meta.warc.gz</original>
    <mtime>1495618895</mtime>
    <size>47</size>
    <md5>da751c5f64703e986e5579f5b36a825e</md5>
    <crc32>f6cb4db4</crc32>
    <sha1>eee0531f1916aac3e6b1a76e687b47371bdf4fb7</sha1>
  </file>
  <file name="lists.ubuntu.com-archives-ubuntu-patches.mbox-2016-08-23-ce09ef69-00000.warc.gz" source="original">
    <mtime>1495615953</mtime>
    <size>6439</size>
    <md5>fdca2741586436210d1f705f86ed7eaa</md5>
    <crc32>f5222133</crc32>
    <sha1>f795d5455d9fc5fc071d1de26513505ceb12e4ea</sha1>
    <format>Web ARChive GZ</format>
  </file>
  <file name="lists.ubuntu.com-archives-ubuntu-patches.mbox-2016-08-23-ce09ef69-00000.warc.os.cdx.gz" source="derivative">
    <format>WARC CDX Index</format>
    <original>lists.ubuntu.com-archives-ubuntu-patches.mbox-2016-08-23-ce09ef69-00000.warc.gz</original>
    <mtime>1495618899</mtime>
    <size>334</size>
    <md5>041885f623eed9d7fee5e700d8d281ff</md5>
    <crc32>bb93782c</crc32>
    <sha1>ae7ef9e361976ff3a6b5dc093dabb0aab7e9bb02</sha1>
  </file>
  <file name="lists.ubuntu.com-archives-ubuntu-patches.mbox-2016-08-23-ce09ef69-meta.warc.gz" source="original">
    <mtime>1495615958</mtime>
    <size>3037</size>
    <md5>f5a497919d745ca37ac6bdb267a8247e</md5>
    <crc32>4d0b6a06</crc32>
    <sha1>eff232d127e255f622fea954b1ade3aac117bdd5</sha1>
    <format>Web ARChive GZ</format>
  </file>
  <file name="lists.ubuntu.com-archives-ubuntu-patches.mbox-2016-08-23-ce09ef69-meta.warc.os.cdx.gz" source="derivative">
    <format>WARC CDX Index</format>
    <original>lists.ubuntu.com-archives-ubuntu-patches.mbox-2016-08-23-ce09ef69-meta.warc.gz</original>
    <mtime>1495618902</mtime>
    <size>47</size>
    <md5>524d9c9958402640ccd29306b2c69d62</md5>
    <crc32>4ecd7c62</crc32>
    <sha1>95f4d0fce6a7a8b17273ab6fad6a2c8727065ebd</sha1>
  </file>
  <file name="lists.ubuntu.com-archives-ubuntu-pe-2016-08-23-0776fd99-00000.warc.gz" source="original">
    <mtime>1495615965</mtime>
    <size>35096592</size>
    <md5>6edd1202361b892de4fdb309705e8ccd</md5>
    <crc32>13643850</crc32>
    <sha1>b373ba5eb2a22f69732960fe17952964d5341f08</sha1>
    <format>Web ARChive GZ</format>
  </file>
  <file name="lists.ubuntu.com-archives-ubuntu-pe-2016-08-23-0776fd99-00000.warc.os.cdx.gz" source="derivative">
    <format>WARC CDX Index</format>
    <original>lists.ubuntu.com-archives-ubuntu-pe-2016-08-23-0776fd99-00000.warc.gz</original>
    <mtime>1495618912</mtime>
    <size>263140</size>
    <md5>d4dde0c53077d0eb644398719d9cc19a</md5>
    <crc32>e1244fd3</crc32>
    <sha1>c21a5382ef6eb73bb80f0c626dcf7de1ff53cab9</sha1>
  </file>
  <file name="lists.ubuntu.com-archives-ubuntu-pe-2016-08-23-0776fd99-meta.warc.gz" source="original">
    <mtime>1495615970</mtime>
    <size>128601</size>
    <md5>f4c78cfc8423ee3c2e9938d9d4b0057a</md5>
    <crc32>796f9bc9</crc32>
    <sha1>48ff15ab40157f1e295e023fe3e4c46717683be2</sha1>
    <format>Web ARChive GZ</format>
  </file>
  <file name="lists.ubuntu.com-archives-ubuntu-pe-2016-08-23-0776fd99-meta.warc.os.cdx.gz" source="derivative">
    <format>WARC CDX Index</format>
    <original>lists.ubuntu.com-archives-ubuntu-pe-2016-08-23-0776fd99-meta.warc.gz</original>
    <mtime>1495618916</mtime>
    <size>47</size>
    <md5>a77b2a531a4b7cff2af2cb07e92623fe</md5>
    <crc32>e5b0198f</crc32>
    <sha1>323cfb166abd63e8b2189343bf1fb1eb273bcb42</sha1>
  </file>
  <file name="lists.ubuntu.com-archives-ubuntu-pe.mbox-2016-08-23-ffdd59cf-00000.warc.gz" source="original">
    <mtime>1495615978</mtime>
    <size>23910636</size>
    <md5>63479a5f6ee0bb358fffccf175cd48ca</md5>
    <crc32>3c2cfc03</crc32>
    <sha1>f3a5f01ee83f97ef5b1ac93c7d2afd5dea17e386</sha1>
    <format>Web ARChive GZ</format>
  </file>
  <file name="lists.ubuntu.com-archives-ubuntu-pe.mbox-2016-08-23-ffdd59cf-00000.warc.os.cdx.gz" source="derivative">
    <format>WARC CDX Index</format>
    <original>lists.ubuntu.com-archives-ubuntu-pe.mbox-2016-08-23-ffdd59cf-00000.warc.gz</original>
    <mtime>1495618920</mtime>
    <size>440</size>
    <md5>bcd4f00ebe253445a9eee5dbd13ba319</md5>
    <crc32>42472ad1</crc32>
    <sha1>00014216fcd50909b1fbe5094673e907b19234da</sha1>
  </file>
  <file name="lists.ubuntu.com-archives-ubuntu-pe.mbox-2016-08-23-ffdd59cf-meta.warc.gz" source="original">
    <mtime>1495615983</mtime>
    <size>3096</size>
    <md5>2da283ba5e53e5782c572ba70326348c</md5>
    <crc32>220ae7f3</crc32>
    <sha1>c983e6b432c23dd9fe66261679cf552577dd8fd3</sha1>
    <format>Web ARChive GZ</format>
  </file>
  <file name="lists.ubuntu.com-archives-ubuntu-pe.mbox-2016-08-23-ffdd59cf-meta.warc.os.cdx.gz" source="derivative">
    <format>WARC CDX Index</format>
    <original>lists.ubuntu.com-archives-ubuntu-pe.mbox-2016-08-23-ffdd59cf-meta.warc.gz</original>
    <mtime>1495618923</mtime>
    <size>47</size>
    <md5>10c1792604805ff7b4cd48c79d84ce99</md5>
    <crc32>beb66234</crc32>
    <sha1>8d1dc1c63441bf62092fb4e145fa2fb05ab1437f</sha1>
  </file>
  <file name="lists.ubuntu.com-archives-ubuntu-pg-2016-08-23-428f154f-00000.warc.gz" source="original">
    <mtime>1495615987</mtime>
    <size>36817</size>
    <md5>115dc7fc443904d29af06aea6ba2350a</md5>
    <crc32>2545bdb2</crc32>
    <sha1>bd7a0299b64527e42208876234fd26360fadf8b6</sha1>
    <format>Web ARChive GZ</format>
  </file>
  <file name="lists.ubuntu.com-archives-ubuntu-pg-2016-08-23-428f154f-00000.warc.os.cdx.gz" source="derivative">
    <format>WARC CDX Index</format>
    <original>lists.ubuntu.com-archives-ubuntu-pg-2016-08-23-428f154f-00000.warc.gz</original>
    <mtime>1495618927</mtime>
    <size>935</size>
    <md5>152662add3ef387661b0a7bd4a4bf5f7</md5>
    <crc32>e461d061</crc32>
    <sha1>39d832d69cb925d25bc7073ce346228ca56021d1</sha1>
  </file>
  <file name="lists.ubuntu.com-archives-ubuntu-pg-2016-08-23-428f154f-meta.warc.gz" source="original">
    <mtime>1495615992</mtime>
    <size>3317</size>
    <md5>4dd0322b2fc22f5028bdd55c713802d2</md5>
    <crc32>6ab88226</crc32>
    <sha1>6412c1f85964f02e8a6ba4fae8f962ec1a6f86c6</sha1>
    <format>Web ARChive GZ</format>
  </file>
  <file name="lists.ubuntu.com-archives-ubuntu-pg-2016-08-23-428f154f-meta.warc.os.cdx.gz" source="derivative">
    <format>WARC CDX Index</format>
    <original>lists.ubuntu.com-archives-ubuntu-pg-2016-08-23-428f154f-meta.warc.gz</original>
    <mtime>1495618930</mtime>
    <size>47</size>
    <md5>f70173ef9935ed6458201f181b00b87b</md5>
    <crc32>06b053e2</crc32>
    <sha1>79e3f8805d6abf36b9c12d9cbf85d4c3c0e5b23c</sha1>
  </file>
  <file name="lists.ubuntu.com-archives-ubuntu-pg.mbox-2016-08-23-df04453b-00000.warc.gz" source="original">
    <mtime>1495615996</mtime>
    <size>11785</size>
    <md5>884ff515e10374a09023bb3ba54859a2</md5>
    <crc32>8b0ceb59</crc32>
    <sha1>30187b3bb16f71717b57f0a005919908f6668b18</sha1>
    <format>Web ARChive GZ</format>
  </file>
  <file name="lists.ubuntu.com-archives-ubuntu-pg.mbox-2016-08-23-df04453b-00000.warc.os.cdx.gz" source="derivative">
    <format>WARC CDX Index</format>
    <original>lists.ubuntu.com-archives-ubuntu-pg.mbox-2016-08-23-df04453b-00000.warc.gz</original>
    <mtime>1495618934</mtime>
    <size>428</size>
    <md5>1a58a6cdfafd1f7c6089341096ffe772</md5>
    <crc32>b75e9ee4</crc32>
    <sha1>c28397a4df93c5702663ed22fff8fbc02d96facd</sha1>
  </file>
  <file name="lists.ubuntu.com-archives-ubuntu-pg.mbox-2016-08-23-df04453b-meta.warc.gz" source="original">
    <mtime>1495616001</mtime>
    <size>3093</size>
    <md5>eae9c66cd3397d440a0ada7fd50032a5</md5>
    <crc32>66197a54</crc32>
    <sha1>94c9891f203b88558f7322ddc831d21d86481606</sha1>
    <format>Web ARChive GZ</format>
  </file>
  <file name="lists.ubuntu.com-archives-ubuntu-pg.mbox-2016-08-23-df04453b-meta.warc.os.cdx.gz" source="derivative">
    <format>WARC CDX Index</format>
    <original>lists.ubuntu.com-archives-ubuntu-pg.mbox-2016-08-23-df04453b-meta.warc.gz</original>
    <mtime>1495618938</mtime>
    <size>47</size>
    <md5>264c13f18f247955875f1698d08a5b85</md5>
    <crc32>53bceef9</crc32>
    <sha1>5da2e3c677f189b2aa15f90ea88c1dbbc86796c0</sha1>
  </file>
  <file name="lists.ubuntu.com-archives-ubuntu-ph-2016-08-23-f70ddaf6-00000.warc.gz" source="original">
    <mtime>1495616007</mtime>
    <size>17877384</size>
    <md5>fb2163014aec18dd7d4e1d909337324a</md5>
    <crc32>a0b472c8</crc32>
    <sha1>a2f5a8b72fa8167060bd4beb195b231366ea3ad9</sha1>
    <format>Web ARChive GZ</format>
  </file>
  <file name="lists.ubuntu.com-archives-ubuntu-ph-2016-08-23-f70ddaf6-00000.warc.os.cdx.gz" source="derivative">
    <format>WARC CDX Index</format>
    <original>lists.ubuntu.com-archives-ubuntu-ph-2016-08-23-f70ddaf6-00000.warc.gz</original>
    <mtime>1495618683</mtime>
    <size>206062</size>
    <md5>56869c6032df4a229d2c9ece3e018174</md5>
    <crc32>693509cd</crc32>
    <sha1>b27e5b370f381dc9e64008f785e7e96082880421</sha1>
  </file>
  <file name="lists.ubuntu.com-archives-ubuntu-ph-2016-08-23-f70ddaf6-meta.warc.gz" source="original">
    <mtime>1495616011</mtime>
    <size>100024</size>
    <md5>08dd2341c030f56f1293fac5e23a7c99</md5>
    <crc32>89dcb3da</crc32>
    <sha1>a474ffcb3c0450ac1f345cb621c76cfa67902a8e</sha1>
    <format>Web ARChive GZ</format>
  </file>
  <file name="lists.ubuntu.com-archives-ubuntu-ph-2016-08-23-f70ddaf6-meta.warc.os.cdx.gz" source="derivative">
    <format>WARC CDX Index</format>
    <original>lists.ubuntu.com-archives-ubuntu-ph-2016-08-23-f70ddaf6-meta.warc.gz</original>
    <mtime>1495619362</mtime>
    <size>47</size>
    <md5>22b738960947208bf1d65249de236692</md5>
    <crc32>f05dc452</crc32>
    <sha1>1e7983dae4be81969bb8e9cc104d2b2de63bfa64</sha1>
  </file>
  <file name="lists.ubuntu.com-archives-ubuntu-ph.mbox-2016-08-23-569bf6bb-00000.warc.gz" source="original">
    <mtime>1495616018</mtime>
    <size>7131843</size>
    <md5>626954c254b907163594f74357124d19</md5>
    <crc32>807f0df4</crc32>
    <sha1>0a51d9180b9e8ede8cd67725e248173f3c98270a</sha1>
    <format>Web ARChive GZ</format>
  </file>
  <file name="lists.ubuntu.com-archives-ubuntu-ph.mbox-2016-08-23-569bf6bb-00000.warc.os.cdx.gz" source="derivative">
    <format>WARC CDX Index</format>
    <original>lists.ubuntu.com-archives-ubuntu-ph.mbox-2016-08-23-569bf6bb-00000.warc.gz</original>
    <mtime>1495619184</mtime>
    <size>435</size>
    <md5>fd5762a5834b1caa66e7b4eb22183c0a</md5>
    <crc32>f2386a83</crc32>
    <sha1>7dc84af074ab83460d9eaa34ffc482c8e1122201</sha1>
  </file>
  <file name="lists.ubuntu.com-archives-ubuntu-ph.mbox-2016-08-23-569bf6bb-meta.warc.gz" source="original">
    <mtime>1495616022</mtime>
    <size>3095</size>
    <md5>4f2a7dc28c00f458b83ea8810fe7ee9b</md5>
    <crc32>47a81389</crc32>
    <sha1>14587ce7f99a34d4c6ce0af5a32e03449f9f2164</sha1>
    <format>Web ARChive GZ</format>
  </file>
  <file name="lists.ubuntu.com-archives-ubuntu-ph.mbox-2016-08-23-569bf6bb-meta.warc.os.cdx.gz" source="derivative">
    <format>WARC CDX Index</format>
    <original>lists.ubuntu.com-archives-ubuntu-ph.mbox-2016-08-23-569bf6bb-meta.warc.gz</original>
    <mtime>1495619511</mtime>
    <size>47</size>
    <md5>c6db835d3bd7b0b16a993826095241ab</md5>
    <crc32>8af55745</crc32>
    <sha1>5cec527ed3c5a9284771b1f3e7c481914d65ba30</sha1>
  </file>
  <file name="lists.ubuntu.com-archives-ubuntu-pk-2016-08-23-d98b498a-00000.warc.gz" source="original">
    <mtime>1495616027</mtime>
    <size>2685697</size>
    <md5>d72a965d1c270371fc87a823186e6323</md5>
    <crc32>397afe6b</crc32>
    <sha1>41cbfd29b7541f625bc7b1da79e94ee3af6eb562</sha1>
    <format>Web ARChive GZ</format>
  </file>
  <file name="lists.ubuntu.com-archives-ubuntu-pk-2016-08-23-d98b498a-00000.warc.os.cdx.gz" source="derivative">
    <format>WARC CDX Index</format>
    <original>lists.ubuntu.com-archives-ubuntu-pk-2016-08-23-d98b498a-00000.warc.gz</original>
    <mtime>1495619057</mtime>
    <size>24232</size>
    <md5>e431a69c65e84c9eca0275e35f0d86ac</md5>
    <crc32>41cae363</crc32>
    <sha1>7fc8ae33dde5d1e53ff376203b98e9ce78517790</sha1>
  </file>
  <file name="lists.ubuntu.com-archives-ubuntu-pk-2016-08-23-d98b498a-meta.warc.gz" source="original">
    <mtime>1495616032</mtime>
    <size>14813</size>
    <md5>7566e4a85dae7bbc131afa4a50b59d57</md5>
    <crc32>6b3ed4e0</crc32>
    <sha1>fb93dabc583ccd1d36dd6b72d3abf5a2b6d8749c</sha1>
    <format>Web ARChive GZ</format>
  </file>
  <file name="lists.ubuntu.com-archives-ubuntu-pk-2016-08-23-d98b498a-meta.warc.os.cdx.gz" source="derivative">
    <format>WARC CDX Index</format>
    <original>lists.ubuntu.com-archives-ubuntu-pk-2016-08-23-d98b498a-meta.warc.gz</original>
    <mtime>1495618956</mtime>
    <size>47</size>
    <md5>b42311d66dedb827aba07bdca8254218</md5>
    <crc32>aa9576d5</crc32>
    <sha1>2f93c7b72c2a427a22d16447171d2c80e6b5d39c</sha1>
  </file>
  <file name="lists.ubuntu.com-archives-ubuntu-pk.mbox-2016-08-23-4d31278f-00000.warc.gz" source="original">
    <mtime>1495616036</mtime>
    <size>408606</size>
    <md5>6cacd5502317dc12f864748bd6b41783</md5>
    <crc32>8053506d</crc32>
    <sha1>99edcf11fab4004b6ac43482a1b81de62d5e36ea</sha1>
    <format>Web ARChive GZ</format>
  </file>
  <file name="lists.ubuntu.com-archives-ubuntu-pk.mbox-2016-08-23-4d31278f-00000.warc.os.cdx.gz" source="derivative">
    <format>WARC CDX Index</format>
    <original>lists.ubuntu.com-archives-ubuntu-pk.mbox-2016-08-23-4d31278f-00000.warc.gz</original>
    <mtime>1495618960</mtime>
    <size>433</size>
    <md5>69aa9f030d6d46c04fd2dfbd0a7f8239</md5>
    <crc32>ddab0ed3</crc32>
    <sha1>5bb29f5350304d932365a405d2d05648fd78188c</sha1>
  </file>
  <file name="lists.ubuntu.com-archives-ubuntu-pk.mbox-2016-08-23-4d31278f-meta.warc.gz" source="original">
    <mtime>1495616042</mtime>
    <size>3092</size>
    <md5>f36a7e5ba90f62c06a14de915ba95b61</md5>
    <crc32>c75c3e19</crc32>
    <sha1>6cdd1463ae477361130de3b6c4c13d0c3f0a2023</sha1>
    <format>Web ARChive GZ</format>
  </file>
  <file name="lists.ubuntu.com-archives-ubuntu-pk.mbox-2016-08-23-4d31278f-meta.warc.os.cdx.gz" source="derivative">
    <format>WARC CDX Index</format>
    <original>lists.ubuntu.com-archives-ubuntu-pk.mbox-2016-08-23-4d31278f-meta.warc.gz</original>
    <mtime>1495618964</mtime>
    <size>47</size>
    <md5>fa33ec3da17c04b2ee4c75a66ac8131e</md5>
    <crc32>5580b1f8</crc32>
    <sha1>4674f1a746ebaf9bba401962cc3e16bd38f67142</sha1>
  </file>
  <file name="lists.ubuntu.com-archives-ubuntu-pl-2016-08-23-f3fa6fb0-00000.warc.gz" source="original">
    <mtime>1495616048</mtime>
    <size>19718308</size>
    <md5>e9dcc70e52737c8967dd3daf416978e1</md5>
    <crc32>47cea069</crc32>
    <sha1>e4db3ff15241092ebce41f8b20989a8ebe960027</sha1>
    <format>Web ARChive GZ</format>
  </file>
  <file name="lists.ubuntu.com-archives-ubuntu-pl-2016-08-23-f3fa6fb0-00000.warc.os.cdx.gz" source="derivative">
    <format>WARC CDX Index</format>
    <original>lists.ubuntu.com-archives-ubuntu-pl-2016-08-23-f3fa6fb0-00000.warc.gz</original>
    <mtime>1495618975</mtime>
    <size>333594</size>
    <md5>d802c79b1fd039febe6e9caebec662cf</md5>
    <crc32>c228dea8</crc32>
    <sha1>f18dfee90168c34695b95118a8904fdbe9dc5993</sha1>
  </file>
  <file name="lists.ubuntu.com-archives-ubuntu-pl-2016-08-23-f3fa6fb0-meta.warc.gz" source="original">
    <mtime>1495616053</mtime>
    <size>157947</size>
    <md5>02047f8e9c829a40aed63e15bba4acba</md5>
    <crc32>b494039a</crc32>
    <sha1>57472dea85b1800287b068c0d04ce9b262b9437f</sha1>
    <format>Web ARChive GZ</format>
  </file>
  <file name="lists.ubuntu.com-archives-ubuntu-pl-2016-08-23-f3fa6fb0-meta.warc.os.cdx.gz" source="derivative">
    <format>WARC CDX Index</format>
    <original>lists.ubuntu.com-archives-ubuntu-pl-2016-08-23-f3fa6fb0-meta.warc.gz</original>
    <mtime>1495618979</mtime>
    <size>47</size>
    <md5>9b4b8722ca13cae807f1a442b8c05575</md5>
    <crc32>7ed0ff43</crc32>
    <sha1>925d57146912002842cb55aed3280d2fe656b9c5</sha1>
  </file>
  <file name="lists.ubuntu.com-archives-ubuntu-pl-l10n-2016-08-23-6794350c-00000.warc.gz" source="original">
    <mtime>1495616058</mtime>
    <size>5662404</size>
    <md5>fca38ec278898e781b171c5dcb982ac0</md5>
    <crc32>d6028c8b</crc32>
    <sha1>0c953e67b4e7b2d260efaa1c7b78a51671f30d2c</sha1>
    <format>Web ARChive GZ</format>
  </file>
  <file name="lists.ubuntu.com-archives-ubuntu-pl-l10n-2016-08-23-6794350c-00000.warc.os.cdx.gz" source="derivative">
    <format>WARC CDX Index</format>
    <original>lists.ubuntu.com-archives-ubuntu-pl-l10n-2016-08-23-6794350c-00000.warc.gz</original>
    <mtime>1495618985</mtime>
    <size>88506</size>
    <md5>235f1d70d4ecbe4667661106909cd0ae</md5>
    <crc32>15c2b8fe</crc32>
    <sha1>7e6311d80318896c2367395ac3f207993093df39</sha1>
  </file>
  <file name="lists.ubuntu.com-archives-ubuntu-pl-l10n-2016-08-23-6794350c-meta.warc.gz" source="original">
    <mtime>1495616064</mtime>
    <size>43819</size>
    <md5>5e3fda2feeeba8dc0577b1ae95bc6ef9</md5>
    <crc32>7b99fa40</crc32>
    <sha1>ad57fc9e255e75aee407fd18c40faae4604b2c36</sha1>
    <format>Web ARChive GZ</format>
  </file>
  <file name="lists.ubuntu.com-archives-ubuntu-pl-l10n-2016-08-23-6794350c-meta.warc.os.cdx.gz" source="derivative">
    <format>WARC CDX Index</format>
    <original>lists.ubuntu.com-archives-ubuntu-pl-l10n-2016-08-23-6794350c-meta.warc.gz</original>
    <mtime>1495618988</mtime>
    <size>47</size>
    <md5>67c6abfd0c09feee1b76cec1b36a5754</md5>
    <crc32>25d684f8</crc32>
    <sha1>47c22e59210d2232b32105323fb98948649c454e</sha1>
  </file>
  <file name="lists.ubuntu.com-archives-ubuntu-pl-l10n.mbox-2016-08-23-90d02bb7-00000.warc.gz" source="original">
    <mtime>1495616069</mtime>
    <size>1248879</size>
    <md5>2a048ba5e47445a652e942a6f55851ec</md5>
    <crc32>c37ddc65</crc32>
    <sha1>5c86a3cf446b16ad1c46e30c716f2a8d99ec6b96</sha1>
    <format>Web ARChive GZ</format>
  </file>
  <file name="lists.ubuntu.com-archives-ubuntu-pl-l10n.mbox-2016-08-23-90d02bb7-00000.warc.os.cdx.gz" source="derivative">
    <format>WARC CDX Index</format>
    <original>lists.ubuntu.com-archives-ubuntu-pl-l10n.mbox-2016-08-23-90d02bb7-00000.warc.gz</original>
    <mtime>1495618992</mtime>
    <size>441</size>
    <md5>81c3e994c204a0156ad7546890d8bd22</md5>
    <crc32>4eb05250</crc32>
    <sha1>503afdbb94cbc1ffced6a2244009ba82b72c75e9</sha1>
  </file>
  <file name="lists.ubuntu.com-archives-ubuntu-pl-l10n.mbox-2016-08-23-90d02bb7-meta.warc.gz" source="original">
    <mtime>1495616074</mtime>
    <size>3106</size>
    <md5>644488993598fef7609d87ddecff269e</md5>
    <crc32>a305221a</crc32>
    <sha1>38581ebc6135c2b92b4efa241c8da4a956085cd4</sha1>
    <format>Web ARChive GZ</format>
  </file>
  <file name="lists.ubuntu.com-archives-ubuntu-pl-l10n.mbox-2016-08-23-90d02bb7-meta.warc.os.cdx.gz" source="derivative">
    <format>WARC CDX Index</format>
    <original>lists.ubuntu.com-archives-ubuntu-pl-l10n.mbox-2016-08-23-90d02bb7-meta.warc.gz</original>
    <mtime>1495618996</mtime>
    <size>47</size>
    <md5>80bb5a179a76f20c4824f42508ab55ed</md5>
    <crc32>dac343d5</crc32>
    <sha1>7b934004e605931c62dd73375738a123484c2be0</sha1>
  </file>
  <file name="lists.ubuntu.com-archives-ubuntu-pl.mbox-2016-08-23-c1ec205f-00000.warc.gz" source="original">
    <mtime>1495616079</mtime>
    <size>3782321</size>
    <md5>73b16a87dbcb7a3bf7aec131984f3385</md5>
    <crc32>dd136710</crc32>
    <sha1>25047974ce692885ae86c7f08c12c5e7de87e02e</sha1>
    <format>Web ARChive GZ</format>
  </file>
  <file name="lists.ubuntu.com-archives-ubuntu-pl.mbox-2016-08-23-c1ec205f-00000.warc.os.cdx.gz" source="derivative">
    <format>WARC CDX Index</format>
    <original>lists.ubuntu.com-archives-ubuntu-pl.mbox-2016-08-23-c1ec205f-00000.warc.gz</original>
    <mtime>1495618999</mtime>
    <size>428</size>
    <md5>77e86d5ae4a352185538820e2c9c3d2c</md5>
    <crc32>e0c022ab</crc32>
    <sha1>2a12b6ba010a60ecfe22cda1ee2803d708b2546a</sha1>
  </file>
  <file name="lists.ubuntu.com-archives-ubuntu-pl.mbox-2016-08-23-c1ec205f-meta.warc.gz" source="original">
    <mtime>1495616083</mtime>
    <size>3089</size>
    <md5>09f6e563373e7f0f6c4bd743c222979d</md5>
    <crc32>fe55f69b</crc32>
    <sha1>c8e646ea0a5f5aa98d7e2b1d992efd8e8e688421</sha1>
    <format>Web ARChive GZ</format>
  </file>
  <file name="lists.ubuntu.com-archives-ubuntu-pl.mbox-2016-08-23-c1ec205f-meta.warc.os.cdx.gz" source="derivative">
    <format>WARC CDX Index</format>
    <original>lists.ubuntu.com-archives-ubuntu-pl.mbox-2016-08-23-c1ec205f-meta.warc.gz</original>
    <mtime>1495619010</mtime>
    <size>47</size>
    <md5>de0ab4c51c42bb3e2870f8531365909c</md5>
    <crc32>7376198e</crc32>
    <sha1>248ca81052072348554dd542fb889859fd0a235f</sha1>
  </file>
  <file name="lists.ubuntu.com-archives-ubuntu-platform-2016-08-23-67496f4f-00000.warc.gz" source="original">
    <mtime>1495616088</mtime>
    <size>22946</size>
    <md5>e93fd770878fb6ba2cd2b5e0d5aebec3</md5>
    <crc32>8b4ce49d</crc32>
    <sha1>561528d1548e1fa3338f302bfc1df25df771a7e0</sha1>
    <format>Web ARChive GZ</format>
  </file>
  <file name="lists.ubuntu.com-archives-ubuntu-platform-2016-08-23-67496f4f-00000.warc.os.cdx.gz" source="derivative">
    <format>WARC CDX Index</format>
    <original>lists.ubuntu.com-archives-ubuntu-platform-2016-08-23-67496f4f-00000.warc.gz</original>
    <mtime>1495619003</mtime>
    <size>556</size>
    <md5>7e269a5dd3f74f7503e9b4c46941e7a6</md5>
    <crc32>111a79a0</crc32>
    <sha1>21747cf91319df53d0a778c6aea9ceebf40fa005</sha1>
  </file>
  <file name="lists.ubuntu.com-archives-ubuntu-platform-2016-08-23-67496f4f-meta.warc.gz" source="original">
    <mtime>1495616093</mtime>
    <size>3124</size>
    <md5>86bc1831286bc54758c9f75fb081ca04</md5>
    <crc32>4de50118</crc32>
    <sha1>2da0cca6c3f237aabf257f4a9a81f75a8b4d2c87</sha1>
    <format>Web ARChive GZ</format>
  </file>
  <file name="lists.ubuntu.com-archives-ubuntu-platform-2016-08-23-67496f4f-meta.warc.os.cdx.gz" source="derivative">
    <format>WARC CDX Index</format>
    <original>lists.ubuntu.com-archives-ubuntu-platform-2016-08-23-67496f4f-meta.warc.gz</original>
    <mtime>1495619007</mtime>
    <size>47</size>
    <md5>f320abe71e3b8c400f7841c3f391a1c5</md5>
    <crc32>46fbe5c3</crc32>
    <sha1>dc3d7ed70f28c3fc68551ad3d75e08f5e54eb217</sha1>
  </file>
  <file name="lists.ubuntu.com-archives-ubuntu-platform.mbox-2016-08-23-e81ddf6c-00000.warc.gz" source="original">
    <mtime>1495616097</mtime>
    <size>12402</size>
    <md5>9c1ddb9c9171ef6ef516130c6ecc0d19</md5>
    <crc32>8fc1c295</crc32>
    <sha1>d52b40d8633e822510f4766eabebe04b08310b14</sha1>
    <format>Web ARChive GZ</format>
  </file>
  <file name="lists.ubuntu.com-archives-ubuntu-platform.mbox-2016-08-23-e81ddf6c-00000.warc.os.cdx.gz" source="derivative">
    <format>WARC CDX Index</format>
    <original>lists.ubuntu.com-archives-ubuntu-platform.mbox-2016-08-23-e81ddf6c-00000.warc.gz</original>
    <mtime>1495619014</mtime>
    <size>435</size>
    <md5>fee310f90dc0fcee198f34b465a2eae2</md5>
    <crc32>9e7fef94</crc32>
    <sha1>7a4a973b99dc7a16f17ed35bc704505d347631d9</sha1>
  </file>
  <file name="lists.ubuntu.com-archives-ubuntu-platform.mbox-2016-08-23-e81ddf6c-meta.warc.gz" source="original">
    <mtime>1495616102</mtime>
    <size>3101</size>
    <md5>95424c4b7293e6bf0d5688b3a8bf96bd</md5>
    <crc32>622f2d70</crc32>
    <sha1>3f258e4e80572795a4443e51225cf3b22e26f6dc</sha1>
    <format>Web ARChive GZ</format>
  </file>
  <file name="lists.ubuntu.com-archives-ubuntu-platform.mbox-2016-08-23-e81ddf6c-meta.warc.os.cdx.gz" source="derivative">
    <format>WARC CDX Index</format>
    <original>lists.ubuntu.com-archives-ubuntu-platform.mbox-2016-08-23-e81ddf6c-meta.warc.gz</original>
    <mtime>1495619017</mtime>
    <size>47</size>
    <md5>d14e9c8d997b61282cd6c91d07383fbe</md5>
    <crc32>ef4ebf98</crc32>
    <sha1>7117e72942c721a01a14d65bded32344a7de7b5f</sha1>
  </file>
  <file name="lists.ubuntu.com-archives-ubuntu-power-_rs.mbox-2016-08-23-af496f90-meta.warc.gz" source="original">
    <mtime>1495616126</mtime>
    <size>3117</size>
    <md5>58dcbbfb1afdb63ed359b1d9bd2dd356</md5>
    <crc32>666ad933</crc32>
    <sha1>e880ac5e4273daccd74a261be09b27679677ac64</sha1>
    <format>Web ARChive GZ</format>
  </file>
  <file name="lists.ubuntu.com-archives-ubuntu-power-_rs.mbox-2016-08-23-af496f90-meta.warc.os.cdx.gz" source="derivative">
    <format>WARC CDX Index</format>
    <original>lists.ubuntu.com-archives-ubuntu-power-_rs.mbox-2016-08-23-af496f90-meta.warc.gz</original>
    <mtime>1495619021</mtime>
    <size>47</size>
    <md5>467322421445cc97b65cf33283fedd88</md5>
    <crc32>28706235</crc32>
    <sha1>1550f3121545e29d9150f59ad6deb0a5c9b7b307</sha1>
  </file>
  <file name="lists.ubuntu.com-archives-ubuntu-power-_s.mbox-2016-08-23-af496f90-00000.warc.gz" source="original">
    <mtime>1495616121</mtime>
    <size>466325</size>
    <md5>daf546f29f709696d073d30a26713d1e</md5>
    <crc32>45440303</crc32>
    <sha1>478781b7b9d0cc01bc7e755512de32dfc215bb65</sha1>
    <format>Web ARChive GZ</format>
  </file>
  <file name="lists.ubuntu.com-archives-ubuntu-power-_s.mbox-2016-08-23-af496f90-00000.warc.os.cdx.gz" source="derivative">
    <format>WARC CDX Index</format>
    <original>lists.ubuntu.com-archives-ubuntu-power-_s.mbox-2016-08-23-af496f90-00000.warc.gz</original>
    <mtime>1495619025</mtime>
    <size>437</size>
    <md5>7493aa872562839c6dae5efe6517cd16</md5>
    <crc32>07e8d758</crc32>
    <sha1>8259f92edc469b495a14e6f51208e50f9ef8840f</sha1>
  </file>
  <file name="lists.ubuntu.com-archives-ubuntu-power-users-2016-08-23-f18a73d7-00000.warc.gz" source="original">
    <mtime>1495616110</mtime>
    <size>2008881</size>
    <md5>fb59f1c1619a7c8e65174f923e9d479f</md5>
    <crc32>c5db9414</crc32>
    <sha1>5c90db696422c77a598a04d3124f5a00f4730f6b</sha1>
    <format>Web ARChive GZ</format>
  </file>
  <file name="lists.ubuntu.com-archives-ubuntu-power-users-2016-08-23-f18a73d7-00000.warc.os.cdx.gz" source="derivative">
    <format>WARC CDX Index</format>
    <original>lists.ubuntu.com-archives-ubuntu-power-users-2016-08-23-f18a73d7-00000.warc.gz</original>
    <mtime>1495619030</mtime>
    <size>30115</size>
    <md5>5a1fb72dcf3bf0c90ff096d5562affac</md5>
    <crc32>c426c44a</crc32>
    <sha1>f97c9ab1cccc26aa3004ad28c8ce66a5362507ef</sha1>
  </file>
  <file name="lists.ubuntu.com-archives-ubuntu-power-users-2016-08-23-f18a73d7-meta.warc.gz" source="original">
    <mtime>1495616116</mtime>
    <size>17419</size>
    <md5>d5704cbf3af883ef7eb1b51031c1a717</md5>
    <crc32>0f394ec1</crc32>
    <sha1>02bb5fad8c70ddb1127e5fb736578b27a8565bb4</sha1>
    <format>Web ARChive GZ</format>
  </file>
  <file name="lists.ubuntu.com-archives-ubuntu-power-users-2016-08-23-f18a73d7-meta.warc.os.cdx.gz" source="derivative">
    <format>WARC CDX Index</format>
    <original>lists.ubuntu.com-archives-ubuntu-power-users-2016-08-23-f18a73d7-meta.warc.gz</original>
    <mtime>1495619033</mtime>
    <size>47</size>
    <md5>971208d72aaa1e2c17e1ca330af57a3d</md5>
    <crc32>4557c5ae</crc32>
    <sha1>e2f117fef864f9db4d5ac38308a2caf33a2e6a00</sha1>
  </file>
  <file name="lists.ubuntu.com-archives-ubuntu-pr-2016-08-23-910932c7-00000.warc.gz" source="original">
    <mtime>1495616131</mtime>
    <size>495554</size>
    <md5>2e016374ed5737cbbf8866bbbdcda570</md5>
    <crc32>04321360</crc32>
    <sha1>0852a527d90f0fb508b56bd8023988ccc0826c23</sha1>
    <format>Web ARChive GZ</format>
  </file>
  <file name="lists.ubuntu.com-archives-ubuntu-pr-2016-08-23-910932c7-00000.warc.os.cdx.gz" source="derivative">
    <format>WARC CDX Index</format>
    <original>lists.ubuntu.com-archives-ubuntu-pr-2016-08-23-910932c7-00000.warc.gz</original>
    <mtime>1495619038</mtime>
    <size>8885</size>
    <md5>c8c248f00f745698f464c23dbc59a247</md5>
    <crc32>c970bdb1</crc32>
    <sha1>0e71231911b1f5214bc24acace957742b5966e25</sha1>
  </file>
  <file name="lists.ubuntu.com-archives-ubuntu-pr-2016-08-23-910932c7-meta.warc.gz" source="original">
    <mtime>1495616136</mtime>
    <size>7240</size>
    <md5>4848a805c760f65cf43ea99052310476</md5>
    <crc32>f25175ae</crc32>
    <sha1>a37e79295fda0ebc559b71390c9cde3131425306</sha1>
    <format>Web ARChive GZ</format>
  </file>
  <file name="lists.ubuntu.com-archives-ubuntu-pr-2016-08-23-910932c7-meta.warc.os.cdx.gz" source="derivative">
    <format>WARC CDX Index</format>
    <original>lists.ubuntu.com-archives-ubuntu-pr-2016-08-23-910932c7-meta.warc.gz</original>
    <mtime>1495619041</mtime>
    <size>47</size>
    <md5>b82638731f82185ecb58920b91be33a5</md5>
    <crc32>3501f0ae</crc32>
    <sha1>6d737f44cdab9bca94bfdf35a87ad3b3057639b5</sha1>
  </file>
  <file name="lists.ubuntu.com-archives-ubuntu-pr.mbox-2016-08-23-00491130-00000.warc.gz" source="original">
    <mtime>1495616141</mtime>
    <size>405968</size>
    <md5>89930c3910f6bde49d95902dcd81f723</md5>
    <crc32>746fb3aa</crc32>
    <sha1>4f09a319f773ce62ccb51dd44db945bc219f22c4</sha1>
    <format>Web ARChive GZ</format>
  </file>
  <file name="lists.ubuntu.com-archives-ubuntu-pr.mbox-2016-08-23-00491130-00000.warc.os.cdx.gz" source="derivative">
    <format>WARC CDX Index</format>
    <original>lists.ubuntu.com-archives-ubuntu-pr.mbox-2016-08-23-00491130-00000.warc.gz</original>
    <mtime>1495619045</mtime>
    <size>12333</size>
    <md5>b27bad8313537c03a074fc8a0dc99860</md5>
    <crc32>096cff69</crc32>
    <sha1>80db3714e455a938b5d4b8f5399e53c2c65363df</sha1>
  </file>
  <file name="lists.ubuntu.com-archives-ubuntu-pr.mbox-2016-08-23-00491130-meta.warc.gz" source="original">
    <mtime>1495616145</mtime>
    <size>9323</size>
    <md5>50b593a835ba7026850c63607b5ed34a</md5>
    <crc32>9653e685</crc32>
    <sha1>19d5211d1aab75443304df253bfad39b773516d8</sha1>
    <format>Web ARChive GZ</format>
  </file>
  <file name="lists.ubuntu.com-archives-ubuntu-pr.mbox-2016-08-23-00491130-meta.warc.os.cdx.gz" source="derivative">
    <format>WARC CDX Index</format>
    <original>lists.ubuntu.com-archives-ubuntu-pr.mbox-2016-08-23-00491130-meta.warc.gz</original>
    <mtime>1495619049</mtime>
    <size>47</size>
    <md5>66b532765448f178e7eb46a22e3a1309</md5>
    <crc32>600d4db5</crc32>
    <sha1>9005f5a609a2b1d8366a7f3dbf1d140a73f74532</sha1>
  </file>
  <file name="lists.ubuntu.com-archives-ubuntu-ps-2016-08-23-3f4ebeb7-00000.warc.gz" source="original">
    <mtime>1495616150</mtime>
    <size>84741</size>
    <md5>6f3b75467e9ccc371aacb28b8dc144c1</md5>
    <crc32>f71c5400</crc32>
    <sha1>fd3a6226b1c626193ad649e7cfb1071a0ed03324</sha1>
    <format>Web ARChive GZ</format>
  </file>
  <file name="lists.ubuntu.com-archives-ubuntu-ps-2016-08-23-3f4ebeb7-00000.warc.os.cdx.gz" source="derivative">
    <format>WARC CDX Index</format>
    <original>lists.ubuntu.com-archives-ubuntu-ps-2016-08-23-3f4ebeb7-00000.warc.gz</original>
    <mtime>1495618953</mtime>
    <size>1916</size>
    <md5>a08355b23901e0a40dc1728b1d8f0b0a</md5>
    <crc32>d69fd240</crc32>
    <sha1>e3a902f5e12c0b21f41c0ede52902c2ddb81b643</sha1>
  </file>
  <file name="lists.ubuntu.com-archives-ubuntu-ps-2016-08-23-3f4ebeb7-meta.warc.gz" source="original">
    <mtime>1495616154</mtime>
    <size>3815</size>
    <md5>0169d3515e27570001ca07ee479e8be1</md5>
    <crc32>4c131cb3</crc32>
    <sha1>1b5ce31d476adbada90642523ee8b4b351eb1657</sha1>
    <format>Web ARChive GZ</format>
  </file>
  <file name="lists.ubuntu.com-archives-ubuntu-ps-2016-08-23-3f4ebeb7-meta.warc.os.cdx.gz" source="derivative">
    <format>WARC CDX Index</format>
    <original>lists.ubuntu.com-archives-ubuntu-ps-2016-08-23-3f4ebeb7-meta.warc.gz</original>
    <mtime>1495619286</mtime>
    <size>47</size>
    <md5>c96f6cba29476f63f74db98633e2ea63</md5>
    <crc32>266a3566</crc32>
    <sha1>44cab9842021ba6df03cce02753d36b101950282</sha1>
  </file>
  <file name="lists.ubuntu.com-archives-ubuntu-ps.mbox-2016-08-23-62ecea0d-00000.warc.gz" source="original">
    <mtime>1495616160</mtime>
    <size>17151</size>
    <md5>c146b930fb24ba860abfaaf7d4c014b3</md5>
    <crc32>206fd189</crc32>
    <sha1>e08640b12641f40700360d73bbea3edf9d80dd01</sha1>
    <format>Web ARChive GZ</format>
  </file>
  <file name="lists.ubuntu.com-archives-ubuntu-ps.mbox-2016-08-23-62ecea0d-00000.warc.os.cdx.gz" source="derivative">
    <format>WARC CDX Index</format>
    <original>lists.ubuntu.com-archives-ubuntu-ps.mbox-2016-08-23-62ecea0d-00000.warc.gz</original>
    <mtime>1495619188</mtime>
    <size>502</size>
    <md5>57f1d6f25b673b5d226b0b28762cc0c9</md5>
    <crc32>c593034d</crc32>
    <sha1>780f0d0efad2f51ceda1877f94b03a29e95be560</sha1>
  </file>
  <file name="lists.ubuntu.com-archives-ubuntu-ps.mbox-2016-08-23-62ecea0d-meta.warc.gz" source="original">
    <mtime>1495616165</mtime>
    <size>3128</size>
    <md5>a28806ce069291aebaa53410ca275227</md5>
    <crc32>37d51281</crc32>
    <sha1>802d3b421888db35a4031ad5804b858292f9a5fa</sha1>
    <format>Web ARChive GZ</format>
  </file>
  <file name="lists.ubuntu.com-archives-ubuntu-ps.mbox-2016-08-23-62ecea0d-meta.warc.os.cdx.gz" source="derivative">
    <format>WARC CDX Index</format>
    <original>lists.ubuntu.com-archives-ubuntu-ps.mbox-2016-08-23-62ecea0d-meta.warc.gz</original>
    <mtime>1495619341</mtime>
    <size>47</size>
    <md5>843c3938f616bfb5499c1cce80e38173</md5>
    <crc32>24184dc4</crc32>
    <sha1>72b6e73d2afd804b31977ab7c352d7da520e2e14</sha1>
  </file>
  <file name="lists.ubuntu.com-archives-ubuntu-pt-2016-08-23-e4504bad-00000.warc.gz" source="original">
    <mtime>1495616174</mtime>
    <size>51844018</size>
    <md5>b54cefef8e66c796351e71a12592c26c</md5>
    <crc32>c8f0892e</crc32>
    <sha1>6ecc6d1fc33e85c9364b5773cad0dac03d81f65d</sha1>
    <format>Web ARChive GZ</format>
  </file>
  <file name="lists.ubuntu.com-archives-ubuntu-pt-2016-08-23-e4504bad-00000.warc.os.cdx.gz" source="derivative">
    <format>WARC CDX Index</format>
    <original>lists.ubuntu.com-archives-ubuntu-pt-2016-08-23-e4504bad-00000.warc.gz</original>
    <mtime>1495619206</mtime>
    <size>662110</size>
    <md5>0b6b99cc69776b0f49c1cb287cde915e</md5>
    <crc32>4ad67d53</crc32>
    <sha1>2b46c39332d629cfc771a79f4578be608d5b6886</sha1>
  </file>
  <file name="lists.ubuntu.com-archives-ubuntu-pt-2016-08-23-e4504bad-meta.warc.gz" source="original">
    <mtime>1495616179</mtime>
    <size>298997</size>
    <md5>23c70ad27115adbff0eedf667c26804d</md5>
    <crc32>084a7e8c</crc32>
    <sha1>a5ebecad4a3ae832988e322d4ef564421f1d89ed</sha1>
    <format>Web ARChive GZ</format>
  </file>
  <file name="lists.ubuntu.com-archives-ubuntu-pt-2016-08-23-e4504bad-meta.warc.os.cdx.gz" source="derivative">
    <format>WARC CDX Index</format>
    <original>lists.ubuntu.com-archives-ubuntu-pt-2016-08-23-e4504bad-meta.warc.gz</original>
    <mtime>1495619210</mtime>
    <size>47</size>
    <md5>70cf06b24d127251025432f97b0a0002</md5>
    <crc32>dbb7cdfd</crc32>
    <sha1>0e0190e93d981e12db3192c11434147815e97c43</sha1>
  </file>
  <file name="lists.ubuntu.com-archives-ubuntu-pt.mbox-2016-08-23-9083a171-00000.warc.gz" source="original">
    <mtime>1495616185</mtime>
    <size>16070863</size>
    <md5>1f28e7ecbc8d5f6aec8c43e6d2155147</md5>
    <crc32>b28bebdd</crc32>
    <sha1>2a287682269ee8983f76adfebab3920290211313</sha1>
    <format>Web ARChive GZ</format>
  </file>
  <file name="lists.ubuntu.com-archives-ubuntu-pt.mbox-2016-08-23-9083a171-00000.warc.os.cdx.gz" source="derivative">
    <format>WARC CDX Index</format>
    <original>lists.ubuntu.com-archives-ubuntu-pt.mbox-2016-08-23-9083a171-00000.warc.gz</original>
    <mtime>1495619215</mtime>
    <size>435</size>
    <md5>74d80c62ce55c06851cea42f3d2eeeba</md5>
    <crc32>96f14a24</crc32>
    <sha1>543b26a3498a11b1adbd12a947f747f209a17147</sha1>
  </file>
  <file name="lists.ubuntu.com-archives-ubuntu-pt.mbox-2016-08-23-9083a171-meta.warc.gz" source="original">
    <mtime>1495616191</mtime>
    <size>3095</size>
    <md5>0632e83248b637d8c14ce9b76c041c64</md5>
    <crc32>fd458db7</crc32>
    <sha1>21ee26457e31b794e62a62058cc56d17541bad8d</sha1>
    <format>Web ARChive GZ</format>
  </file>
  <file name="lists.ubuntu.com-archives-ubuntu-pt.mbox-2016-08-23-9083a171-meta.warc.os.cdx.gz" source="derivative">
    <format>WARC CDX Index</format>
    <original>lists.ubuntu.com-archives-ubuntu-pt.mbox-2016-08-23-9083a171-meta.warc.gz</original>
    <mtime>1495619220</mtime>
    <size>47</size>
    <md5>ee7e68bf01b55bd970b6e7560dc014e5</md5>
    <crc32>6dbb3a8b</crc32>
    <sha1>7070ffb20cbb97e3355f1449df9db4f275f6b892</sha1>
  </file>
  <file name="lists.ubuntu.com-archives-ubuntu-qa-2016-08-23-8cf9b224-00000.warc.gz" source="original">
    <mtime>1495616196</mtime>
    <size>617636</size>
    <md5>d6aafea277d4619399c2f2ffd131d53f</md5>
    <crc32>6789d306</crc32>
    <sha1>12bf1c1928f1923ed51485c4ac8cdb0e53821af1</sha1>
    <format>Web ARChive GZ</format>
  </file>
  <file name="lists.ubuntu.com-archives-ubuntu-qa-2016-08-23-8cf9b224-00000.warc.os.cdx.gz" source="derivative">
    <format>WARC CDX Index</format>
    <original>lists.ubuntu.com-archives-ubuntu-qa-2016-08-23-8cf9b224-00000.warc.gz</original>
    <mtime>1495619224</mtime>
    <size>6822</size>
    <md5>41822c49252d8b18c37ba2f739ffbaaf</md5>
    <crc32>144c897e</crc32>
    <sha1>a8174bd30159c45344fb035d3facfe11c825a31c</sha1>
  </file>
  <file name="lists.ubuntu.com-archives-ubuntu-qa-2016-08-23-8cf9b224-meta.warc.gz" source="original">
    <mtime>1495616201</mtime>
    <size>6250</size>
    <md5>0ea0aab6329e8e838ca2eef683857da2</md5>
    <crc32>ba5f60c8</crc32>
    <sha1>1bae4fe2d14e3b8fde126a94b85d476c565d4f53</sha1>
    <format>Web ARChive GZ</format>
  </file>
  <file name="lists.ubuntu.com-archives-ubuntu-qa-2016-08-23-8cf9b224-meta.warc.os.cdx.gz" source="derivative">
    <format>WARC CDX Index</format>
    <original>lists.ubuntu.com-archives-ubuntu-qa-2016-08-23-8cf9b224-meta.warc.gz</original>
    <mtime>1495619228</mtime>
    <size>47</size>
    <md5>1da86b2b2d7d70e9cb35611915f91fba</md5>
    <crc32>38b78790</crc32>
    <sha1>42f0a270f6e915d9df6e9fc329b60d150c6593a1</sha1>
  </file>
  <file name="lists.ubuntu.com-archives-ubuntu-qa.mbox-2016-08-23-d6d36bcf-00000.warc.gz" source="original">
    <mtime>1495616206</mtime>
    <size>411438</size>
    <md5>82fe2abc48d64098f249943bd9bd7aef</md5>
    <crc32>7a3277cd</crc32>
    <sha1>1846e18516283fde741a468e543f6cab565b207f</sha1>
    <format>Web ARChive GZ</format>
  </file>
  <file name="lists.ubuntu.com-archives-ubuntu-qa.mbox-2016-08-23-d6d36bcf-00000.warc.os.cdx.gz" source="derivative">
    <format>WARC CDX Index</format>
    <original>lists.ubuntu.com-archives-ubuntu-qa.mbox-2016-08-23-d6d36bcf-00000.warc.gz</original>
    <mtime>1495619233</mtime>
    <size>2480</size>
    <md5>c06175a0ecd8752220186e5188518887</md5>
    <crc32>e013b84c</crc32>
    <sha1>0c44c590e53f0b1618d3fc4b3c672dbeaf07e3dc</sha1>
  </file>
  <file name="lists.ubuntu.com-archives-ubuntu-qa.mbox-2016-08-23-d6d36bcf-meta.warc.gz" source="original">
    <mtime>1495616211</mtime>
    <size>4191</size>
    <md5>bfc271ca7338e62f58f782a3a6d17792</md5>
    <crc32>77c05ae7</crc32>
    <sha1>b4e04226526c57f22622474fcdb07ca51cb08134</sha1>
    <format>Web ARChive GZ</format>
  </file>
  <file name="lists.ubuntu.com-archives-ubuntu-qa.mbox-2016-08-23-d6d36bcf-meta.warc.os.cdx.gz" source="derivative">
    <format>WARC CDX Index</format>
    <original>lists.ubuntu.com-archives-ubuntu-qa.mbox-2016-08-23-d6d36bcf-meta.warc.gz</original>
    <mtime>1495619236</mtime>
    <size>47</size>
    <md5>5e29a41bf94adf27dc48a5b3e0aa7fec</md5>
    <crc32>48e1b290</crc32>
    <sha1>e52b1a751663a19c059381de6e04a42a1e230f71</sha1>
  </file>
  <file name="lists.ubuntu.com-archives-ubuntu-quality-2016-08-23-aa182bc4-00000.warc.gz" source="original">
    <mtime>1495616219</mtime>
    <size>44011308</size>
    <md5>3cd8de1396e52d013b2f745855bc7483</md5>
    <crc32>c9386487</crc32>
    <sha1>aaf5b661e7caf55b9a5337778c9634964495bd99</sha1>
    <format>Web ARChive GZ</format>
  </file>
  <file name="lists.ubuntu.com-archives-ubuntu-quality-2016-08-23-aa182bc4-00000.warc.os.cdx.gz" source="derivative">
    <format>WARC CDX Index</format>
    <original>lists.ubuntu.com-archives-ubuntu-quality-2016-08-23-aa182bc4-00000.warc.gz</original>
    <mtime>1495619251</mtime>
    <size>463934</size>
    <md5>81292f5ae096321d68f8595c9cab0da4</md5>
    <crc32>fdfa6a97</crc32>
    <sha1>35f6a04d4f9a82634652c6c6a963705852a35dc6</sha1>
  </file>
  <file name="lists.ubuntu.com-archives-ubuntu-quality-2016-08-23-aa182bc4-meta.warc.gz" source="original">
    <mtime>1495616224</mtime>
    <size>217950</size>
    <md5>dea40cdd8aa423d27d788b207469be40</md5>
    <crc32>429a355e</crc32>
    <sha1>46a9c4a547f3ea26b7bb7fd769b954b6445e8e56</sha1>
    <format>Web ARChive GZ</format>
  </file>
  <file name="lists.ubuntu.com-archives-ubuntu-quality-2016-08-23-aa182bc4-meta.warc.os.cdx.gz" source="derivative">
    <format>WARC CDX Index</format>
    <original>lists.ubuntu.com-archives-ubuntu-quality-2016-08-23-aa182bc4-meta.warc.gz</original>
    <mtime>1495619255</mtime>
    <size>47</size>
    <md5>4df3bb1c266a80971cddc044e12afb00</md5>
    <crc32>2bccd3ab</crc32>
    <sha1>2a3ee24d7cbeb122a8a6f6b054d376230dbb280f</sha1>
  </file>
  <file name="lists.ubuntu.com-archives-ubuntu-quality.mbox-2016-08-23-9f33695f-00000.warc.gz" source="original">
    <mtime>1495616231</mtime>
    <size>20477448</size>
    <md5>e25d1207aef9c4c10fc0a118f21de529</md5>
    <crc32>d08a7d00</crc32>
    <sha1>985cb2d8de89911e5103122627651628204cbd55</sha1>
    <format>Web ARChive GZ</format>
  </file>
  <file name="lists.ubuntu.com-archives-ubuntu-quality.mbox-2016-08-23-9f33695f-00000.warc.os.cdx.gz" source="derivative">
    <format>WARC CDX Index</format>
    <original>lists.ubuntu.com-archives-ubuntu-quality.mbox-2016-08-23-9f33695f-00000.warc.gz</original>
    <mtime>1495618949</mtime>
    <size>443</size>
    <md5>32071f7ad4c593bb98832de9a663817e</md5>
    <crc32>a6fe246f</crc32>
    <sha1>e83aac985f4071b5533ac9355985fcb89919b633</sha1>
  </file>
  <file name="lists.ubuntu.com-archives-ubuntu-quality.mbox-2016-08-23-9f33695f-meta.warc.gz" source="original">
    <mtime>1495616235</mtime>
    <size>3117</size>
    <md5>962706873b8d10fcf5c308bb80adc0fc</md5>
    <crc32>91752820</crc32>
    <sha1>b4d3d0b83750c7f4d07e788574b391d328eb9df4</sha1>
    <format>Web ARChive GZ</format>
  </file>
  <file name="lists.ubuntu.com-archives-ubuntu-quality.mbox-2016-08-23-9f33695f-meta.warc.os.cdx.gz" source="derivative">
    <format>WARC CDX Index</format>
    <original>lists.ubuntu.com-archives-ubuntu-quality.mbox-2016-08-23-9f33695f-meta.warc.gz</original>
    <mtime>1495619259</mtime>
    <size>47</size>
    <md5>d96cef337bd356a0656e85f434297077</md5>
    <crc32>b9feb31d</crc32>
    <sha1>f0c31bfd34c43ad31ac33a1dc79e680cb628f4ea</sha1>
  </file>
  <file name="lists.ubuntu.com-archives-ubuntu-quebec-2016-08-23-6f1448ca-00000.warc.gz" source="original">
    <mtime>1495616247</mtime>
    <size>114261151</size>
    <md5>af55c54fa9d79ce0fc52064999f08552</md5>
    <crc32>d7177ff5</crc32>
    <sha1>f8c285104a34e005a4a95b084e4af12bc7a3aec9</sha1>
    <format>Web ARChive GZ</format>
  </file>
  <file name="lists.ubuntu.com-archives-ubuntu-quebec-2016-08-23-6f1448ca-00000.warc.os.cdx.gz" source="derivative">
    <format>WARC CDX Index</format>
    <original>lists.ubuntu.com-archives-ubuntu-quebec-2016-08-23-6f1448ca-00000.warc.gz</original>
    <mtime>1495619282</mtime>
    <size>806189</size>
    <md5>6c5d0993b882c09cee16b93c39ee3980</md5>
    <crc32>b53268ad</crc32>
    <sha1>d4f19d98201182accbf9279c51e64858ce5e917e</sha1>
  </file>
  <file name="lists.ubuntu.com-archives-ubuntu-quebec-2016-08-23-6f1448ca-meta.warc.gz" source="original">
    <mtime>1495616254</mtime>
    <size>384297</size>
    <md5>2b525b20d85d9df2864868f3418509fa</md5>
    <crc32>04d49c50</crc32>
    <sha1>f43d718c1822b915a397d8ff9d7fc968430d53cb</sha1>
    <format>Web ARChive GZ</format>
  </file>
  <file name="lists.ubuntu.com-archives-ubuntu-quebec-2016-08-23-6f1448ca-meta.warc.os.cdx.gz" source="derivative">
    <format>WARC CDX Index</format>
    <original>lists.ubuntu.com-archives-ubuntu-quebec-2016-08-23-6f1448ca-meta.warc.gz</original>
    <mtime>1495619291</mtime>
    <size>47</size>
    <md5>4c14aac95e93840f88745519575d1149</md5>
    <crc32>f34ba32b</crc32>
    <sha1>92144d24cae0c34b7b237a475f91894ba222baec</sha1>
  </file>
  <file name="lists.ubuntu.com-archives-ubuntu-quebec.mbox-2016-08-23-d014b134-00000.warc.gz" source="original">
    <mtime>1495616264</mtime>
    <size>71799739</size>
    <md5>31b4caa3d7ad8c9d3f860fc465d23aa4</md5>
    <crc32>a8db69b9</crc32>
    <sha1>105d5defddda143fb4f575ed6c67cc3153b531b9</sha1>
    <format>Web ARChive GZ</format>
  </file>
  <file name="lists.ubuntu.com-archives-ubuntu-quebec.mbox-2016-08-23-d014b134-00000.warc.os.cdx.gz" source="derivative">
    <format>WARC CDX Index</format>
    <original>lists.ubuntu.com-archives-ubuntu-quebec.mbox-2016-08-23-d014b134-00000.warc.gz</original>
    <mtime>1495619296</mtime>
    <size>444</size>
    <md5>527fa80d0bdd8b930274dec10480783c</md5>
    <crc32>4ab5dccf</crc32>
    <sha1>7f33c8770ffd77139af3a0f33b4906243cc6fade</sha1>
  </file>
  <file name="lists.ubuntu.com-archives-ubuntu-quebec.mbox-2016-08-23-d014b134-meta.warc.gz" source="original">
    <mtime>1495616269</mtime>
    <size>3174</size>
    <md5>ae1a674d316a47a6c7a9a04812995477</md5>
    <crc32>621bddbf</crc32>
    <sha1>4fbe2b22b2a10fe61d49532002fdabc55b6d7a46</sha1>
    <format>Web ARChive GZ</format>
  </file>
  <file name="lists.ubuntu.com-archives-ubuntu-quebec.mbox-2016-08-23-d014b134-meta.warc.os.cdx.gz" source="derivative">
    <format>WARC CDX Index</format>
    <original>lists.ubuntu.com-archives-ubuntu-quebec.mbox-2016-08-23-d014b134-meta.warc.gz</original>
    <mtime>1495619301</mtime>
    <size>47</size>
    <md5>dfe5885ecbfcd5b6159d084769874b5f</md5>
    <crc32>ca04a670</crc32>
    <sha1>3587bca96f08a06d92b1e74213c2bd99ec2035b0</sha1>
  </file>
  <file name="lists.ubuntu.com-archives-ubuntu-re-2016-08-23-a054879f-00000.warc.gz" source="original">
    <mtime>1495616273</mtime>
    <size>187412</size>
    <md5>69e8384d1a9d062822ad32f5d9a64ad4</md5>
    <crc32>fd3df171</crc32>
    <sha1>76a9a79d1ed2a725c5300c042ef143cd97d1afd9</sha1>
    <format>Web ARChive GZ</format>
  </file>
  <file name="lists.ubuntu.com-archives-ubuntu-re-2016-08-23-a054879f-00000.warc.os.cdx.gz" source="derivative">
    <format>WARC CDX Index</format>
    <original>lists.ubuntu.com-archives-ubuntu-re-2016-08-23-a054879f-00000.warc.gz</original>
    <mtime>1495619307</mtime>
    <size>3972</size>
    <md5>aadbd6a631f8369c5ff413b0b70b68bf</md5>
    <crc32>1bc2cbfc</crc32>
    <sha1>210e49de7f7c116cc53689af134bb6b410f46be6</sha1>
  </file>
  <file name="lists.ubuntu.com-archives-ubuntu-re-2016-08-23-a054879f-meta.warc.gz" source="original">
    <mtime>1495616281</mtime>
    <size>4767</size>
    <md5>c65e29c3e36dd53b78e262ff0306ec1a</md5>
    <crc32>7e7119f8</crc32>
    <sha1>2a04bb77a51486e060ec746e068b8b613dfb879f</sha1>
    <format>Web ARChive GZ</format>
  </file>
  <file name="lists.ubuntu.com-archives-ubuntu-re-2016-08-23-a054879f-meta.warc.os.cdx.gz" source="derivative">
    <format>WARC CDX Index</format>
    <original>lists.ubuntu.com-archives-ubuntu-re-2016-08-23-a054879f-meta.warc.gz</original>
    <mtime>1495619311</mtime>
    <size>47</size>
    <md5>3ff16030fc8950c9089a507f9b6d6053</md5>
    <crc32>112ff69d</crc32>
    <sha1>e2f6871e6ffc82cbce0edcef2a9885da9bb34e38</sha1>
  </file>
  <file name="lists.ubuntu.com-archives-ubuntu-re.mbox-2016-08-23-35f7a491-00000.warc.gz" source="original">
    <mtime>1495616286</mtime>
    <size>47076</size>
    <md5>4d9e0a3751258077ca9dca9d8b8100bc</md5>
    <crc32>d2df2eb6</crc32>
    <sha1>686f0af0e50cf0b7ac0b0168ea045d4947ac3533</sha1>
    <format>Web ARChive GZ</format>
  </file>
  <file name="lists.ubuntu.com-archives-ubuntu-re.mbox-2016-08-23-35f7a491-00000.warc.os.cdx.gz" source="derivative">
    <format>WARC CDX Index</format>
    <original>lists.ubuntu.com-archives-ubuntu-re.mbox-2016-08-23-35f7a491-00000.warc.gz</original>
    <mtime>1495619315</mtime>
    <size>1249</size>
    <md5>81722cc51f5b256b1eee287eee43a7a7</md5>
    <crc32>8b6e9b1c</crc32>
    <sha1>680adad87ecb90e8a1ed7023310179046b813e5b</sha1>
  </file>
  <file name="lists.ubuntu.com-archives-ubuntu-re.mbox-2016-08-23-35f7a491-meta.warc.gz" source="original">
    <mtime>1495616290</mtime>
    <size>3550</size>
    <md5>d10c220ff289fa55f7aa6f24d548bd9d</md5>
    <crc32>537c1874</crc32>
    <sha1>ac59fa4bb4278b84e4eec9bab4dccc65ca2a91dc</sha1>
    <format>Web ARChive GZ</format>
  </file>
  <file name="lists.ubuntu.com-archives-ubuntu-re.mbox-2016-08-23-35f7a491-meta.warc.os.cdx.gz" source="derivative">
    <format>WARC CDX Index</format>
    <original>lists.ubuntu.com-archives-ubuntu-re.mbox-2016-08-23-35f7a491-meta.warc.gz</original>
    <mtime>1495619319</mtime>
    <size>47</size>
    <md5>cf0e29a562c12b2372761d805c85ea3d</md5>
    <crc32>ee3a31b0</crc32>
    <sha1>8a60f99412c030bb4ef3b02406641611ccd34e6f</sha1>
  </file>
  <file name="lists.ubuntu.com-archives-ubuntu-release-2016-08-23-33b6a15e-00000.warc.gz" source="original">
    <mtime>1495616296</mtime>
    <size>16343003</size>
    <md5>aff978aaa3af139364133b1ecf2c4dec</md5>
    <crc32>7994dc45</crc32>
    <sha1>2fd12862ddcd0d2c9f1c1669867ebfc045a64cf7</sha1>
    <format>Web ARChive GZ</format>
  </file>
  <file name="lists.ubuntu.com-archives-ubuntu-release-2016-08-23-33b6a15e-00000.warc.os.cdx.gz" source="derivative">
    <format>WARC CDX Index</format>
    <original>lists.ubuntu.com-archives-ubuntu-release-2016-08-23-33b6a15e-00000.warc.gz</original>
    <mtime>1495619329</mtime>
    <size>234262</size>
    <md5>8ad1ce7a5b4ac4c2cac6ad0f1097e1b0</md5>
    <crc32>569d6914</crc32>
    <sha1>c02b07be0977788ebf61a039175bcd0a5154977e</sha1>
  </file>
  <file name="lists.ubuntu.com-archives-ubuntu-release-2016-08-23-33b6a15e-meta.warc.gz" source="original">
    <mtime>1495616301</mtime>
    <size>107442</size>
    <md5>d215f1e52634e93b235cdde32eb55678</md5>
    <crc32>d1afae27</crc32>
    <sha1>0a4d0cb91160f1711fd94aa2cbcca5a1b487a5a3</sha1>
    <format>Web ARChive GZ</format>
  </file>
  <file name="lists.ubuntu.com-archives-ubuntu-release-2016-08-23-33b6a15e-meta.warc.os.cdx.gz" source="derivative">
    <format>WARC CDX Index</format>
    <original>lists.ubuntu.com-archives-ubuntu-release-2016-08-23-33b6a15e-meta.warc.gz</original>
    <mtime>1495619333</mtime>
    <size>47</size>
    <md5>05cc3af9f5dea02a8d38b15d06449d0a</md5>
    <crc32>7114f0df</crc32>
    <sha1>9eff43e4b80585a5219c634ff26da8ea2596c15a</sha1>
  </file>
  <file name="lists.ubuntu.com-archives-ubuntu-release.mbox-2016-08-23-82c3e05a-00000.warc.gz" source="original">
    <mtime>1495616306</mtime>
    <size>3789571</size>
    <md5>583a69c92397bc53cfefa1ef234e7782</md5>
    <crc32>8da4bfcc</crc32>
    <sha1>80a620f1fab6aa421b45d2edc823bab59bb9876c</sha1>
    <format>Web ARChive GZ</format>
  </file>
  <file name="lists.ubuntu.com-archives-ubuntu-release.mbox-2016-08-23-82c3e05a-00000.warc.os.cdx.gz" source="derivative">
    <format>WARC CDX Index</format>
    <original>lists.ubuntu.com-archives-ubuntu-release.mbox-2016-08-23-82c3e05a-00000.warc.gz</original>
    <mtime>1495619337</mtime>
    <size>445</size>
    <md5>e602dde4618f131d746868cc940f80a4</md5>
    <crc32>42dbea54</crc32>
    <sha1>907be1d961a6d0db489d40bcbd19fadbc668bff5</sha1>
  </file>
  <file name="lists.ubuntu.com-archives-ubuntu-release.mbox-2016-08-23-82c3e05a-meta.warc.gz" source="original">
    <mtime>1495616314</mtime>
    <size>3104</size>
    <md5>646f001ae539120abf9571b090bd5f34</md5>
    <crc32>11b8365d</crc32>
    <sha1>1c193baecf2198b8b49c708f5a5f1b83668800cd</sha1>
    <format>Web ARChive GZ</format>
  </file>
  <file name="lists.ubuntu.com-archives-ubuntu-release.mbox-2016-08-23-82c3e05a-meta.warc.os.cdx.gz" source="derivative">
    <format>WARC CDX Index</format>
    <original>lists.ubuntu.com-archives-ubuntu-release.mbox-2016-08-23-82c3e05a-meta.warc.gz</original>
    <mtime>1495619052</mtime>
    <size>47</size>
    <md5>f7d743e899fd3cef45fb2ecac09655a2</md5>
    <crc32>e02066e3</crc32>
    <sha1>ed5638823220498a558c3d26c21bb2805f472e4e</sha1>
  </file>
  <file name="lists.ubuntu.com-archives-ubuntu-reviews-2016-08-23-be1f195b-00000.warc.gz" source="original">
    <mtime>1495616350</mtime>
    <size>456286174</size>
    <md5>7f9ed864fa5a245e8d0e8c3f2b3596b6</md5>
    <crc32>f3c44a53</crc32>
    <sha1>682f7748f86153b1cef887ab1200760006f94bde</sha1>
    <format>Web ARChive GZ</format>
  </file>
  <file name="lists.ubuntu.com-archives-ubuntu-reviews-2016-08-23-be1f195b-00000.warc.os.cdx.gz" source="derivative">
    <format>WARC CDX Index</format>
    <original>lists.ubuntu.com-archives-ubuntu-reviews-2016-08-23-be1f195b-00000.warc.gz</original>
    <mtime>1495619179</mtime>
    <size>4877679</size>
    <md5>fdba5abd2cfad5bfb07990532b33d7c1</md5>
    <crc32>c52d3d87</crc32>
    <sha1>585592be8ce0fefb36517b10c38dcfc0999bbb00</sha1>
  </file>
  <file name="lists.ubuntu.com-archives-ubuntu-reviews-2016-08-23-be1f195b-meta.warc.gz" source="original">
    <mtime>1495616356</mtime>
    <size>2322740</size>
    <md5>38f715670696d848ec778837a1f9605e</md5>
    <crc32>c07f0f5e</crc32>
    <sha1>ac9e973b8e203e6a93f7e458a6827969b69dc029</sha1>
    <format>Web ARChive GZ</format>
  </file>
  <file name="lists.ubuntu.com-archives-ubuntu-reviews-2016-08-23-be1f195b-meta.warc.os.cdx.gz" source="derivative">
    <format>WARC CDX Index</format>
    <original>lists.ubuntu.com-archives-ubuntu-reviews-2016-08-23-be1f195b-meta.warc.gz</original>
    <mtime>1495619346</mtime>
    <size>47</size>
    <md5>25ec993fae0bd71b9d25ac0ebc3d3879</md5>
    <crc32>d5074c49</crc32>
    <sha1>9e414e72efb7ae6eae2c077031b211f34e456904</sha1>
  </file>
  <file name="lists.ubuntu.com-archives-ubuntu-reviews.mbox-2016-08-23-3162ae3c-00000.warc.gz" source="original">
    <mtime>1495616368</mtime>
    <size>120145885</size>
    <md5>260dac70f8519634a6e0307c1be0c473</md5>
    <crc32>65a14700</crc32>
    <sha1>570c528acc90662e9003a51e90f56aac29dec3cd</sha1>
    <format>Web ARChive GZ</format>
  </file>
  <file name="lists.ubuntu.com-archives-ubuntu-reviews.mbox-2016-08-23-3162ae3c-00000.warc.os.cdx.gz" source="derivative">
    <format>WARC CDX Index</format>
    <original>lists.ubuntu.com-archives-ubuntu-reviews.mbox-2016-08-23-3162ae3c-00000.warc.gz</original>
    <mtime>1495619526</mtime>
    <size>446</size>
    <md5>676e686116f4fd26f85f176756cfffa9</md5>
    <crc32>68b47979</crc32>
    <sha1>2f3f9296a679fafa407f57f9dc720d367eccfbf2</sha1>
  </file>
  <file name="lists.ubuntu.com-archives-ubuntu-reviews.mbox-2016-08-23-3162ae3c-meta.warc.gz" source="original">
    <mtime>1495616375</mtime>
    <size>3187</size>
    <md5>4304ac2a09c82238361eaa5d8db2139f</md5>
    <crc32>8e7fbfeb</crc32>
    <sha1>86b4c9d00e09bb59a6e86beb82ca2dbe7ca97c1a</sha1>
    <format>Web ARChive GZ</format>
  </file>
  <file name="lists.ubuntu.com-archives-ubuntu-reviews.mbox-2016-08-23-3162ae3c-meta.warc.os.cdx.gz" source="derivative">
    <format>WARC CDX Index</format>
    <original>lists.ubuntu.com-archives-ubuntu-reviews.mbox-2016-08-23-3162ae3c-meta.warc.gz</original>
    <mtime>1495619516</mtime>
    <size>47</size>
    <md5>a77fa923ba511cef8fdbb4b8b9671aa7</md5>
    <crc32>16cdf153</crc32>
    <sha1>1e6d75b576f819ecf5f2e7ebb253a02c2d1984a2</sha1>
  </file>
  <file name="lists.ubuntu.com-archives-ubuntu-ro-2016-08-23-38071b1a-00000.warc.gz" source="original">
    <mtime>1495616381</mtime>
    <size>13460734</size>
    <md5>73091afa7a7d2afd850bc3a1038112fa</md5>
    <crc32>a908e6a5</crc32>
    <sha1>d7a5c88619970c27e5dc0114c5e7cfc3b40aab27</sha1>
    <format>Web ARChive GZ</format>
  </file>
  <file name="lists.ubuntu.com-archives-ubuntu-ro-2016-08-23-38071b1a-00000.warc.os.cdx.gz" source="derivative">
    <format>WARC CDX Index</format>
    <original>lists.ubuntu.com-archives-ubuntu-ro-2016-08-23-38071b1a-00000.warc.gz</original>
    <mtime>1495619375</mtime>
    <size>211880</size>
    <md5>28385984736735bff079a100fe4bba5d</md5>
    <crc32>a531e3d6</crc32>
    <sha1>e624de919c645913bfe4e9813bf117e34a078c9e</sha1>
  </file>
  <file name="lists.ubuntu.com-archives-ubuntu-ro-2016-08-23-38071b1a-meta.warc.gz" source="original">
    <mtime>1495616387</mtime>
    <size>99681</size>
    <md5>4d31ab2a524b2e5dfb6f68c9181c3803</md5>
    <crc32>823050c9</crc32>
    <sha1>576714ac95eabe2f96cd197a895095dd78ae07a9</sha1>
    <format>Web ARChive GZ</format>
  </file>
  <file name="lists.ubuntu.com-archives-ubuntu-ro-2016-08-23-38071b1a-meta.warc.os.cdx.gz" source="derivative">
    <format>WARC CDX Index</format>
    <original>lists.ubuntu.com-archives-ubuntu-ro-2016-08-23-38071b1a-meta.warc.gz</original>
    <mtime>1495619379</mtime>
    <size>47</size>
    <md5>dcdd7e7ae3f474d629688b5192562300</md5>
    <crc32>1d57489f</crc32>
    <sha1>c2853a8b02d41e8c095cf5a2ceee923a120c9a4c</sha1>
  </file>
  <file name="lists.ubuntu.com-archives-ubuntu-ro.mbox-2016-08-23-1343d3a3-00000.warc.gz" source="original">
    <mtime>1495616392</mtime>
    <size>3030059</size>
    <md5>d993d6fe3c9be11c1ac70148e05bc4fc</md5>
    <crc32>5a6283f9</crc32>
    <sha1>bc95f33e5f4badba9256401750efc13e2248288d</sha1>
    <format>Web ARChive GZ</format>
  </file>
  <file name="lists.ubuntu.com-archives-ubuntu-ro.mbox-2016-08-23-1343d3a3-00000.warc.os.cdx.gz" source="derivative">
    <format>WARC CDX Index</format>
    <original>lists.ubuntu.com-archives-ubuntu-ro.mbox-2016-08-23-1343d3a3-00000.warc.gz</original>
    <mtime>1495619383</mtime>
    <size>427</size>
    <md5>f738a9c0bddc86137fb54bd9a614face</md5>
    <crc32>20fb7439</crc32>
    <sha1>cc10905450810c30682d435eaf66c6278ec20ef1</sha1>
  </file>
  <file name="lists.ubuntu.com-archives-ubuntu-ro.mbox-2016-08-23-1343d3a3-meta.warc.gz" source="original">
    <mtime>1495616397</mtime>
    <size>3099</size>
    <md5>3360eb0588140fb669c1ef12b1f93a45</md5>
    <crc32>932674bd</crc32>
    <sha1>41e2def17e92a12703549f34a3f1f634dff450c9</sha1>
    <format>Web ARChive GZ</format>
  </file>
  <file name="lists.ubuntu.com-archives-ubuntu-ro.mbox-2016-08-23-1343d3a3-meta.warc.os.cdx.gz" source="derivative">
    <format>WARC CDX Index</format>
    <original>lists.ubuntu.com-archives-ubuntu-ro.mbox-2016-08-23-1343d3a3-meta.warc.gz</original>
    <mtime>1495619387</mtime>
    <size>47</size>
    <md5>38dd4f57b726511d1242da01941e2105</md5>
    <crc32>485bf584</crc32>
    <sha1>b1c2da7450c303da4b017ed2f70502c4c3fe3bbf</sha1>
  </file>
  <file name="lists.ubuntu.com-archives-ubuntu-rs-2016-08-23-40dc37ee-00000.warc.gz" source="original">
    <mtime>1495616402</mtime>
    <size>1148325</size>
    <md5>cf29924da44c66c2f79087d0e74dc700</md5>
    <crc32>c2791a76</crc32>
    <sha1>dfebe07142e1fa90942363bb94799add1ce18059</sha1>
    <format>Web ARChive GZ</format>
  </file>
  <file name="lists.ubuntu.com-archives-ubuntu-rs-2016-08-23-40dc37ee-00000.warc.os.cdx.gz" source="derivative">
    <format>WARC CDX Index</format>
    <original>lists.ubuntu.com-archives-ubuntu-rs-2016-08-23-40dc37ee-00000.warc.gz</original>
    <mtime>1495619392</mtime>
    <size>19571</size>
    <md5>6bfd37d671998fc86d6c5a7ace77a579</md5>
    <crc32>bb9a4913</crc32>
    <sha1>a91d32b0cf6c525a8834b4affaa6a86b0b6e5479</sha1>
  </file>
  <file name="lists.ubuntu.com-archives-ubuntu-rs-2016-08-23-40dc37ee-meta.warc.gz" source="original">
    <mtime>1495616408</mtime>
    <size>12267</size>
    <md5>1a8163ecd743b78242dc2fdca55ceb82</md5>
    <crc32>4cad36a2</crc32>
    <sha1>8e48f1499c6543771d01910dda09d0f4a6d0454c</sha1>
    <format>Web ARChive GZ</format>
  </file>
  <file name="lists.ubuntu.com-archives-ubuntu-rs-2016-08-23-40dc37ee-meta.warc.os.cdx.gz" source="derivative">
    <format>WARC CDX Index</format>
    <original>lists.ubuntu.com-archives-ubuntu-rs-2016-08-23-40dc37ee-meta.warc.gz</original>
    <mtime>1495619396</mtime>
    <size>47</size>
    <md5>f25b920e0abd8a21fad4048ea3817146</md5>
    <crc32>f3f1e43f</crc32>
    <sha1>acbb9108f248fc9376c9609e86db9a533d04446f</sha1>
  </file>
  <file name="lists.ubuntu.com-archives-ubuntu-rs.mbox-2016-08-23-e4aace82-00000.warc.gz" source="original">
    <mtime>1495616412</mtime>
    <size>303369</size>
    <md5>1642c99ab7d4d2fe09801ddcc640ec13</md5>
    <crc32>1739c342</crc32>
    <sha1>d704ee7f5f13ce841d412c3a01d3fed4ce991718</sha1>
    <format>Web ARChive GZ</format>
  </file>
  <file name="lists.ubuntu.com-archives-ubuntu-rs.mbox-2016-08-23-e4aace82-00000.warc.os.cdx.gz" source="derivative">
    <format>WARC CDX Index</format>
    <original>lists.ubuntu.com-archives-ubuntu-rs.mbox-2016-08-23-e4aace82-00000.warc.gz</original>
    <mtime>1495619400</mtime>
    <size>429</size>
    <md5>31b5130f9d239bf63624a80e68642955</md5>
    <crc32>90770e13</crc32>
    <sha1>c381255855d13c5e6418f9e7b7cd340819ea98a2</sha1>
  </file>
  <file name="lists.ubuntu.com-archives-ubuntu-rs.mbox-2016-08-23-e4aace82-meta.warc.gz" source="original">
    <mtime>1495616416</mtime>
    <size>3090</size>
    <md5>3b4071090a762db31c63ded2248abb98</md5>
    <crc32>e9c0edfd</crc32>
    <sha1>dd7cb16544ac03851c76cdc1cbe9a48ecc886c0c</sha1>
    <format>Web ARChive GZ</format>
  </file>
  <file name="lists.ubuntu.com-archives-ubuntu-rs.mbox-2016-08-23-e4aace82-meta.warc.os.cdx.gz" source="derivative">
    <format>WARC CDX Index</format>
    <original>lists.ubuntu.com-archives-ubuntu-rs.mbox-2016-08-23-e4aace82-meta.warc.gz</original>
    <mtime>1495619405</mtime>
    <size>47</size>
    <md5>68b9a5e1852eea3675cb0495735c6301</md5>
    <crc32>e1eeafdf</crc32>
    <sha1>d7ba2395571c0ff2fb83ffab62acced0c1d44848</sha1>
  </file>
  <file name="lists.ubuntu.com-archives-ubuntu-rtl-2016-08-23-4e789322-00000.warc.gz" source="original">
    <mtime>1495616421</mtime>
    <size>976567</size>
    <md5>9b0a87ed52735b217aadd3840ff92935</md5>
    <crc32>166064f3</crc32>
    <sha1>75e7d192012365335860a837b2b2c397ffb2e0e2</sha1>
    <format>Web ARChive GZ</format>
  </file>
  <file name="lists.ubuntu.com-archives-ubuntu-rtl-2016-08-23-4e789322-00000.warc.os.cdx.gz" source="derivative">
    <format>WARC CDX Index</format>
    <original>lists.ubuntu.com-archives-ubuntu-rtl-2016-08-23-4e789322-00000.warc.gz</original>
    <mtime>1495619409</mtime>
    <size>14195</size>
    <md5>881af4c02d19822a62a317ea0a68c1ab</md5>
    <crc32>dd400aa8</crc32>
    <sha1>ee72d71ea2c0b5391afd4634c8e5cab0079d6104</sha1>
  </file>
  <file name="lists.ubuntu.com-archives-ubuntu-rtl-2016-08-23-4e789322-meta.warc.gz" source="original">
    <mtime>1495616427</mtime>
    <size>9957</size>
    <md5>d686cb68986b5b35f07a6e9834b683c7</md5>
    <crc32>028f2288</crc32>
    <sha1>08444df23a90c33cd2c3f867dede7ef299524338</sha1>
    <format>Web ARChive GZ</format>
  </file>
  <file name="lists.ubuntu.com-archives-ubuntu-rtl-2016-08-23-4e789322-meta.warc.os.cdx.gz" source="derivative">
    <format>WARC CDX Index</format>
    <original>lists.ubuntu.com-archives-ubuntu-rtl-2016-08-23-4e789322-meta.warc.gz</original>
    <mtime>1495619413</mtime>
    <size>47</size>
    <md5>3f7d81b9ed6b155c3c7c839c81824a46</md5>
    <crc32>1efb68f2</crc32>
    <sha1>a74978b650e0d66393fadf01e3d67bc6cce3810b</sha1>
  </file>
  <file name="lists.ubuntu.com-archives-ubuntu-rtl.mbox-2016-08-23-41c342af-00000.warc.gz" source="original">
    <mtime>1495616432</mtime>
    <size>220845</size>
    <md5>b0c838173dacc4cdb400e97e9fab9250</md5>
    <crc32>137462f0</crc32>
    <sha1>2be234ba75099218d3ff9246f9fae2a35bddc411</sha1>
    <format>Web ARChive GZ</format>
  </file>
  <file name="lists.ubuntu.com-archives-ubuntu-rtl.mbox-2016-08-23-41c342af-00000.warc.os.cdx.gz" source="derivative">
    <format>WARC CDX Index</format>
    <original>lists.ubuntu.com-archives-ubuntu-rtl.mbox-2016-08-23-41c342af-00000.warc.gz</original>
    <mtime>1495619462</mtime>
    <size>432</size>
    <md5>d0836fceb1104919bcd36a3ffc349430</md5>
    <crc32>e5aa408d</crc32>
    <sha1>31b0af5699618a2fbb9db72935b9526912e5f2dc</sha1>
  </file>
  <file name="lists.ubuntu.com-archives-ubuntu-rtl.mbox-2016-08-23-41c342af-meta.warc.gz" source="original">
    <mtime>1495616437</mtime>
    <size>3093</size>
    <md5>bb3e6790ffc0642da7d49efc302cae0b</md5>
    <crc32>177efb83</crc32>
    <sha1>917f861f4e3e1acaf2d8c5fae7314570bb0cbf87</sha1>
    <format>Web ARChive GZ</format>
  </file>
  <file name="lists.ubuntu.com-archives-ubuntu-rtl.mbox-2016-08-23-41c342af-meta.warc.os.cdx.gz" source="derivative">
    <format>WARC CDX Index</format>
    <original>lists.ubuntu.com-archives-ubuntu-rtl.mbox-2016-08-23-41c342af-meta.warc.gz</original>
    <mtime>1495619418</mtime>
    <size>47</size>
    <md5>ee8ed053be7db0c0e556c96c2d49dfa7</md5>
    <crc32>45fd1349</crc32>
    <sha1>faf0af9736548af5f82c21006c4e0e8f1fd174c0</sha1>
  </file>
  <file name="lists.ubuntu.com-archives-ubuntu-ru-2016-08-23-bdb768f0-00000.warc.gz" source="original">
    <mtime>1495616450</mtime>
    <size>109636620</size>
    <md5>cf8bc22775c1e1cf511cc9511ec0be99</md5>
    <crc32>f5756a82</crc32>
    <sha1>88a2e7cde7770b9335dd05d2da19659b414ab80a</sha1>
    <format>Web ARChive GZ</format>
  </file>
  <file name="lists.ubuntu.com-archives-ubuntu-ru-2016-08-23-bdb768f0-00000.warc.os.cdx.gz" source="derivative">
    <format>WARC CDX Index</format>
    <original>lists.ubuntu.com-archives-ubuntu-ru-2016-08-23-bdb768f0-00000.warc.gz</original>
    <mtime>1495619457</mtime>
    <size>1642918</size>
    <md5>3cd3e49594524ed70bd081238550b50f</md5>
    <crc32>8ed9c83e</crc32>
    <sha1>d6e9b5bfd51f3018ea32c646ae168c8fd6080f3c</sha1>
  </file>
  <file name="lists.ubuntu.com-archives-ubuntu-ru-2016-08-23-bdb768f0-meta.warc.gz" source="original">
    <mtime>1495616455</mtime>
    <size>729245</size>
    <md5>a59f5a47afc0b301b5c494709d49f79d</md5>
    <crc32>2ba4ab3a</crc32>
    <sha1>71d3d05f3d11846b6f6432e79b7d4dcff3d9652e</sha1>
    <format>Web ARChive GZ</format>
  </file>
  <file name="lists.ubuntu.com-archives-ubuntu-ru-2016-08-23-bdb768f0-meta.warc.os.cdx.gz" source="derivative">
    <format>WARC CDX Index</format>
    <original>lists.ubuntu.com-archives-ubuntu-ru-2016-08-23-bdb768f0-meta.warc.gz</original>
    <mtime>1495619466</mtime>
    <size>47</size>
    <md5>c42898e92d75c220069e569d122ccf42</md5>
    <crc32>7a8e4913</crc32>
    <sha1>a120f2ac929b96e3e719cbaca537bbf470df9663</sha1>
  </file>
  <file name="lists.ubuntu.com-archives-ubuntu-ru.mbox-2016-08-23-76d8a4cd-00000.warc.gz" source="original">
    <mtime>1495616462</mtime>
    <size>31099566</size>
    <md5>c6def0947e6f0b35d7b000e0a7037a14</md5>
    <crc32>887d4759</crc32>
    <sha1>50c70735a4e3f80c3c8a332f4097758f76109bd0</sha1>
    <format>Web ARChive GZ</format>
  </file>
  <file name="lists.ubuntu.com-archives-ubuntu-ru.mbox-2016-08-23-76d8a4cd-00000.warc.os.cdx.gz" source="derivative">
    <format>WARC CDX Index</format>
    <original>lists.ubuntu.com-archives-ubuntu-ru.mbox-2016-08-23-76d8a4cd-00000.warc.gz</original>
    <mtime>1495619471</mtime>
    <size>429</size>
    <md5>ada13a40d6e1d547d58bc20e7d7b3a2d</md5>
    <crc32>c1495dcd</crc32>
    <sha1>fff9b17c73461f2c8fc98dce7ebc796d01a00484</sha1>
  </file>
  <file name="lists.ubuntu.com-archives-ubuntu-ru.mbox-2016-08-23-76d8a4cd-meta.warc.gz" source="original">
    <mtime>1495616466</mtime>
    <size>3090</size>
    <md5>8f63fa9804af496e5e3d588fa252717b</md5>
    <crc32>115ddf6c</crc32>
    <sha1>e4974749e4431fc6e5b9abae5b9193fdb2e112f8</sha1>
    <format>Web ARChive GZ</format>
  </file>
  <file name="lists.ubuntu.com-archives-ubuntu-ru.mbox-2016-08-23-76d8a4cd-meta.warc.os.cdx.gz" source="derivative">
    <format>WARC CDX Index</format>
    <original>lists.ubuntu.com-archives-ubuntu-ru.mbox-2016-08-23-76d8a4cd-meta.warc.gz</original>
    <mtime>1495619475</mtime>
    <size>47</size>
    <md5>b5ffbe386d6fe97fd3d1c93671db365b</md5>
    <crc32>c28878c5</crc32>
    <sha1>23cbb31c728ac4ce6f50e6b34011bcec1e05de1c</sha1>
  </file>
  <file name="lists.ubuntu.com-archives-ubuntu-screen_s.mbox-2016-08-23-17458bef-00000.warc.gz" source="original">
    <mtime>1495616481</mtime>
    <size>248156</size>
    <md5>400d2ff49410c048e08d1c901609069a</md5>
    <crc32>6afaee9a</crc32>
    <sha1>28dd175f11ecbbbd4003f9bbaf31c8d993425e1b</sha1>
    <format>Web ARChive GZ</format>
  </file>
  <file name="lists.ubuntu.com-archives-ubuntu-screen_s.mbox-2016-08-23-17458bef-00000.warc.os.cdx.gz" source="derivative">
    <format>WARC CDX Index</format>
    <original>lists.ubuntu.com-archives-ubuntu-screen_s.mbox-2016-08-23-17458bef-00000.warc.gz</original>
    <mtime>1495619480</mtime>
    <size>439</size>
    <md5>b2382993da51df949d247eab5a2ba785</md5>
    <crc32>274ab138</crc32>
    <sha1>7ec627e667fea0d97c71286342c570deb644393c</sha1>
  </file>
  <file name="lists.ubuntu.com-archives-ubuntu-screen_ts.mbox-2016-08-23-17458bef-meta.warc.gz" source="original">
    <mtime>1495616486</mtime>
    <size>3122</size>
    <md5>724f747ac4130239369210256805d3d1</md5>
    <crc32>bfb3feae</crc32>
    <sha1>4272477c6aef43c3c20659a056a9238f045a733e</sha1>
    <format>Web ARChive GZ</format>
  </file>
  <file name="lists.ubuntu.com-archives-ubuntu-screen_ts.mbox-2016-08-23-17458bef-meta.warc.os.cdx.gz" source="derivative">
    <format>WARC CDX Index</format>
    <original>lists.ubuntu.com-archives-ubuntu-screen_ts.mbox-2016-08-23-17458bef-meta.warc.gz</original>
    <mtime>1495619484</mtime>
    <size>47</size>
    <md5>db152205c1f64b4ea91693f8418d2a34</md5>
    <crc32>998e037e</crc32>
    <sha1>1050cfdea59fd02a3c3f588d35ed411526ffca5d</sha1>
  </file>
  <file name="lists.ubuntu.com-archives-ubuntu-screencasts-2016-08-23-65ac42f2-00000.warc.gz" source="original">
    <mtime>1495616472</mtime>
    <size>1435334</size>
    <md5>fac3b1171df2f7ec096acc0ee5a2f098</md5>
    <crc32>c2fff025</crc32>
    <sha1>5b6df2e746a10bba32bc851cacf1b07ba91a28f7</sha1>
    <format>Web ARChive GZ</format>
  </file>
  <file name="lists.ubuntu.com-archives-ubuntu-screencasts-2016-08-23-65ac42f2-00000.warc.os.cdx.gz" source="derivative">
    <format>WARC CDX Index</format>
    <original>lists.ubuntu.com-archives-ubuntu-screencasts-2016-08-23-65ac42f2-00000.warc.gz</original>
    <mtime>1495619489</mtime>
    <size>24957</size>
    <md5>acc63fb85e783d42ad527ff21b72ec04</md5>
    <crc32>747e2100</crc32>
    <sha1>f8609ea743ff63ebb34f74e756a8148f1dc6cda3</sha1>
  </file>
  <file name="lists.ubuntu.com-archives-ubuntu-screencasts-2016-08-23-65ac42f2-meta.warc.gz" source="original">
    <mtime>1495616476</mtime>
    <size>15151</size>
    <md5>901f791904f6021facf41ba099de0aef</md5>
    <crc32>2b70e01d</crc32>
    <sha1>b13fcbbab83d56572e98def8b5f169fd7b5a79ba</sha1>
    <format>Web ARChive GZ</format>
  </file>
  <file name="lists.ubuntu.com-archives-ubuntu-screencasts-2016-08-23-65ac42f2-meta.warc.os.cdx.gz" source="derivative">
    <format>WARC CDX Index</format>
    <original>lists.ubuntu.com-archives-ubuntu-screencasts-2016-08-23-65ac42f2-meta.warc.gz</original>
    <mtime>1495619493</mtime>
    <size>47</size>
    <md5>66f652dbe2c5881c96a35b4f7b6df927</md5>
    <crc32>aecbc085</crc32>
    <sha1>3535504f0d291407a79c6c5df9b8e7c918f6e586</sha1>
  </file>
  <file name="lists.ubuntu.com-archives-ubuntu-scribes-2016-08-23-6a7fedea-00000.warc.gz" source="original">
    <mtime>1495616490</mtime>
    <size>78599</size>
    <md5>83af0f5e57cbdc4f8c3b710e5338773f</md5>
    <crc32>f271141e</crc32>
    <sha1>04e7a1e9bcf10472f55f0dad335f1c7918b3d121</sha1>
    <format>Web ARChive GZ</format>
  </file>
  <file name="lists.ubuntu.com-archives-ubuntu-scribes-2016-08-23-6a7fedea-00000.warc.os.cdx.gz" source="derivative">
    <format>WARC CDX Index</format>
    <original>lists.ubuntu.com-archives-ubuntu-scribes-2016-08-23-6a7fedea-00000.warc.gz</original>
    <mtime>1495619498</mtime>
    <size>1819</size>
    <md5>83789ee7bb8257b180da344b5841bbb2</md5>
    <crc32>92abeb67</crc32>
    <sha1>74538fe49a38c877da628c2f5c6596514ef8d276</sha1>
  </file>
  <file name="lists.ubuntu.com-archives-ubuntu-scribes-2016-08-23-6a7fedea-meta.warc.gz" source="original">
    <mtime>1495616496</mtime>
    <size>3776</size>
    <md5>891b49870dfa7a37b7a10659eadf51e8</md5>
    <crc32>f922981e</crc32>
    <sha1>69a3d03d83468e7cd8125c73b46658d677c6b6e8</sha1>
    <format>Web ARChive GZ</format>
  </file>
  <file name="lists.ubuntu.com-archives-ubuntu-scribes-2016-08-23-6a7fedea-meta.warc.os.cdx.gz" source="derivative">
    <format>WARC CDX Index</format>
    <original>lists.ubuntu.com-archives-ubuntu-scribes-2016-08-23-6a7fedea-meta.warc.gz</original>
    <mtime>1495619502</mtime>
    <size>47</size>
    <md5>2bed28630b5596a4d10d0af2ba0b3f3e</md5>
    <crc32>32f36693</crc32>
    <sha1>01a33ce7c73bd4117de938f13a193eee07837484</sha1>
  </file>
  <file name="lists.ubuntu.com-archives-ubuntu-scribes.mbox-2016-08-23-ed24694f-00000.warc.gz" source="original">
    <mtime>1495616500</mtime>
    <size>15017</size>
    <md5>897f00e867d86557fb655585ed74cbe9</md5>
    <crc32>a267d9f5</crc32>
    <sha1>5851470f43f479ec7913cc77775120b132e3f811</sha1>
    <format>Web ARChive GZ</format>
  </file>
  <file name="lists.ubuntu.com-archives-ubuntu-scribes.mbox-2016-08-23-ed24694f-00000.warc.os.cdx.gz" source="derivative">
    <format>WARC CDX Index</format>
    <original>lists.ubuntu.com-archives-ubuntu-scribes.mbox-2016-08-23-ed24694f-00000.warc.gz</original>
    <mtime>1495619507</mtime>
    <size>436</size>
    <md5>63ea8651e22e0eb594e11fb55776f37d</md5>
    <crc32>a932d5b3</crc32>
    <sha1>d19f85036d340ad742d708062c34d140ffb7a0da</sha1>
  </file>
  <file name="lists.ubuntu.com-archives-ubuntu-scribes.mbox-2016-08-23-ed24694f-meta.warc.gz" source="original">
    <mtime>1495616504</mtime>
    <size>3103</size>
    <md5>6f61c85093c80624e3060291f5b4ee98</md5>
    <crc32>04c3b033</crc32>
    <sha1>20d09fa7fd14f96c4cb9f74cc8eaf66306d72aa9</sha1>
    <format>Web ARChive GZ</format>
  </file>
  <file name="lists.ubuntu.com-archives-ubuntu-scribes.mbox-2016-08-23-ed24694f-meta.warc.os.cdx.gz" source="derivative">
    <format>WARC CDX Index</format>
    <original>lists.ubuntu.com-archives-ubuntu-scribes.mbox-2016-08-23-ed24694f-meta.warc.gz</original>
    <mtime>1495619366</mtime>
    <size>47</size>
    <md5>56f1ce95f93cd5fa905c2e3fdc6382d0</md5>
    <crc32>376319ff</crc32>
    <sha1>ebfff2fc8d47c187fba431fca85069c24e0ec3a2</sha1>
  </file>
  <file name="lists.ubuntu.com-archives-ubuntu-sd-2016-08-23-a7ca6968-00000.warc.gz" source="original">
    <mtime>1495616509</mtime>
    <size>142628</size>
    <md5>d5bfcde506804e9fd86d5a1154b9c901</md5>
    <crc32>f11b7c48</crc32>
    <sha1>5fd94c3dbdf8d4cc5cec77bf39ab2c2f7da3605f</sha1>
    <format>Web ARChive GZ</format>
  </file>
  <file name="lists.ubuntu.com-archives-ubuntu-sd-2016-08-23-a7ca6968-00000.warc.os.cdx.gz" source="derivative">
    <format>WARC CDX Index</format>
    <original>lists.ubuntu.com-archives-ubuntu-sd-2016-08-23-a7ca6968-00000.warc.gz</original>
    <mtime>1495619601</mtime>
    <size>3090</size>
    <md5>bb0736e64da0b959d514f393d0a1ae02</md5>
    <crc32>22de627d</crc32>
    <sha1>d2a8e2a8729a616587bd5df0decbdcf67e626056</sha1>
  </file>
  <file name="lists.ubuntu.com-archives-ubuntu-sd-2016-08-23-a7ca6968-meta.warc.gz" source="original">
    <mtime>1495616514</mtime>
    <size>4380</size>
    <md5>e90940d76df2cb3ffd1d1b8f0ca4ee7f</md5>
    <crc32>fec82f88</crc32>
    <sha1>3371e93df8f79be020bac682e5e1a26f4648c726</sha1>
    <format>Web ARChive GZ</format>
  </file>
  <file name="lists.ubuntu.com-archives-ubuntu-sd-2016-08-23-a7ca6968-meta.warc.os.cdx.gz" source="derivative">
    <format>WARC CDX Index</format>
    <original>lists.ubuntu.com-archives-ubuntu-sd-2016-08-23-a7ca6968-meta.warc.gz</original>
    <mtime>1495619534</mtime>
    <size>47</size>
    <md5>62561da34d1d25f5a4df815f8b1a1bbb</md5>
    <crc32>784676a5</crc32>
    <sha1>874dfbb22cd3a50788b7a0dcb74e0b5c1b9688df</sha1>
  </file>
  <file name="lists.ubuntu.com-archives-ubuntu-sd.mbox-2016-08-23-d543f9b7-00000.warc.gz" source="original">
    <mtime>1495616519</mtime>
    <size>29101</size>
    <md5>3d1984ad4f79ff9b0808e16a0f80621d</md5>
    <crc32>bc7a6e15</crc32>
    <sha1>c4a7cb06f719dae7fc87e4cdcdeee7e87190d500</sha1>
    <format>Web ARChive GZ</format>
  </file>
  <file name="lists.ubuntu.com-archives-ubuntu-sd.mbox-2016-08-23-d543f9b7-00000.warc.os.cdx.gz" source="derivative">
    <format>WARC CDX Index</format>
    <original>lists.ubuntu.com-archives-ubuntu-sd.mbox-2016-08-23-d543f9b7-00000.warc.gz</original>
    <mtime>1495619794</mtime>
    <size>587</size>
    <md5>b2c41e4c0175b584eebf0f6a43c4b8f3</md5>
    <crc32>dda27877</crc32>
    <sha1>aa618da6ebe891635fb4991aef1a853d92910407</sha1>
  </file>
  <file name="lists.ubuntu.com-archives-ubuntu-sd.mbox-2016-08-23-d543f9b7-meta.warc.gz" source="original">
    <mtime>1495616524</mtime>
    <size>3193</size>
    <md5>53fe5d9161d3284f25383b3704939895</md5>
    <crc32>918b826b</crc32>
    <sha1>5904426e304fd5caba7d318aa2f5b7542fc56220</sha1>
    <format>Web ARChive GZ</format>
  </file>
  <file name="lists.ubuntu.com-archives-ubuntu-sd.mbox-2016-08-23-d543f9b7-meta.warc.os.cdx.gz" source="derivative">
    <format>WARC CDX Index</format>
    <original>lists.ubuntu.com-archives-ubuntu-sd.mbox-2016-08-23-d543f9b7-meta.warc.gz</original>
    <mtime>1495619530</mtime>
    <size>47</size>
    <md5>e9676025a211ab6776f489073996c961</md5>
    <crc32>bf78ab08</crc32>
    <sha1>3c4648c62ba7bd21c48b18fc104c34837ee8d269</sha1>
  </file>
  <file name="lists.ubuntu.com-archives-ubuntu-se-2016-08-23-ac125524-00000.warc.gz" source="original">
    <mtime>1495616531</mtime>
    <size>30476415</size>
    <md5>5a6fcbe93fb1a110b2a9dd644520e47d</md5>
    <crc32>3ad1626e</crc32>
    <sha1>27b5e9cc96ce92a03fe647a05c81de2f5abb74fd</sha1>
    <format>Web ARChive GZ</format>
  </file>
  <file name="lists.ubuntu.com-archives-ubuntu-se-2016-08-23-ac125524-00000.warc.os.cdx.gz" source="derivative">
    <format>WARC CDX Index</format>
    <original>lists.ubuntu.com-archives-ubuntu-se-2016-08-23-ac125524-00000.warc.gz</original>
    <mtime>1495619549</mtime>
    <size>447782</size>
    <md5>9fc0ef6ceb57f490bdf0ce5dfbd0d4d8</md5>
    <crc32>ef24362f</crc32>
    <sha1>07091d0d495b0f9f26b5ffff46883ffbd3d46a44</sha1>
  </file>
  <file name="lists.ubuntu.com-archives-ubuntu-se-2016-08-23-ac125524-meta.warc.gz" source="original">
    <mtime>1495616536</mtime>
    <size>206175</size>
    <md5>592d429a53e6264614b3837904fd6d34</md5>
    <crc32>83a039c5</crc32>
    <sha1>20d605df0f6ce6636c22c6389ade04545af83173</sha1>
    <format>Web ARChive GZ</format>
  </file>
  <file name="lists.ubuntu.com-archives-ubuntu-se-2016-08-23-ac125524-meta.warc.os.cdx.gz" source="derivative">
    <format>WARC CDX Index</format>
    <original>lists.ubuntu.com-archives-ubuntu-se-2016-08-23-ac125524-meta.warc.gz</original>
    <mtime>1495619553</mtime>
    <size>47</size>
    <md5>b8310803f84a545ac9284043a44adafa</md5>
    <crc32>ac03ff33</crc32>
    <sha1>a989b3d3eab8ca71c3173e7abd6078aff597704a</sha1>
  </file>
  <file name="lists.ubuntu.com-archives-ubuntu-se.mbox-2016-08-23-945396bd-00000.warc.gz" source="original">
    <mtime>1495616541</mtime>
    <size>7942983</size>
    <md5>12c2e038b3d43e4fc615f07238fc9339</md5>
    <crc32>fc8363e4</crc32>
    <sha1>ccfd488d89209e5fed97acd456f4bfbc12af2ca4</sha1>
    <format>Web ARChive GZ</format>
  </file>
  <file name="lists.ubuntu.com-archives-ubuntu-se.mbox-2016-08-23-945396bd-00000.warc.os.cdx.gz" source="derivative">
    <format>WARC CDX Index</format>
    <original>lists.ubuntu.com-archives-ubuntu-se.mbox-2016-08-23-945396bd-00000.warc.gz</original>
    <mtime>1495619558</mtime>
    <size>435</size>
    <md5>74a7d42c31a0f766a630488902312bfc</md5>
    <crc32>d146a671</crc32>
    <sha1>5665866bb3aad6591e7b2a4af1fd1da0f25c06bb</sha1>
  </file>
  <file name="lists.ubuntu.com-archives-ubuntu-se.mbox-2016-08-23-945396bd-meta.warc.gz" source="original">
    <mtime>1495616547</mtime>
    <size>3099</size>
    <md5>0b4a549b43befdea6bdd32047037e17a</md5>
    <crc32>cace76f7</crc32>
    <sha1>5ad009096045ad983e5187aca2f34d2bc9806b65</sha1>
    <format>Web ARChive GZ</format>
  </file>
  <file name="lists.ubuntu.com-archives-ubuntu-se.mbox-2016-08-23-945396bd-meta.warc.os.cdx.gz" source="derivative">
    <format>WARC CDX Index</format>
    <original>lists.ubuntu.com-archives-ubuntu-se.mbox-2016-08-23-945396bd-meta.warc.gz</original>
    <mtime>1495619562</mtime>
    <size>47</size>
    <md5>964690c5ca3be097a54e81c633531d32</md5>
    <crc32>303b5925</crc32>
    <sha1>c70683f66cdcbe73e734c0206715851f1d43617a</sha1>
  </file>
  <file name="lists.ubuntu.com-archives-ubuntu-securi_-patch-2016-08-23-9df1c44c-00000.warc.gz" source="original">
    <mtime>1495616575</mtime>
    <size>3843</size>
    <md5>2a15c01a0bc536d54e891f604df93211</md5>
    <crc32>f9ca38fb</crc32>
    <sha1>17391e89712b921e457c68def57592c18d4ab468</sha1>
    <format>Web ARChive GZ</format>
  </file>
  <file name="lists.ubuntu.com-archives-ubuntu-securi_-patch-2016-08-23-9df1c44c-00000.warc.os.cdx.gz" source="derivative">
    <format>WARC CDX Index</format>
    <original>lists.ubuntu.com-archives-ubuntu-securi_-patch-2016-08-23-9df1c44c-00000.warc.gz</original>
    <mtime>1495619566</mtime>
    <size>231</size>
    <md5>513bd9987586ea03307381649167b338</md5>
    <crc32>0f9c6baa</crc32>
    <sha1>0f79c47de7d6a9074441aa99bb81b0a3c25575d7</sha1>
  </file>
  <file name="lists.ubuntu.com-archives-ubuntu-securi_ce.mbox-2016-08-23-e550a87f-meta.warc.gz" source="original">
    <mtime>1495616571</mtime>
    <size>3146</size>
    <md5>64b0011d358aed4afec27d306c2e1c81</md5>
    <crc32>7b6eb129</crc32>
    <sha1>1e8ae3b2506f6b39d3cc1f040c04330b221f86dd</sha1>
    <format>Web ARChive GZ</format>
  </file>
  <file name="lists.ubuntu.com-archives-ubuntu-securi_ce.mbox-2016-08-23-e550a87f-meta.warc.os.cdx.gz" source="derivative">
    <format>WARC CDX Index</format>
    <original>lists.ubuntu.com-archives-ubuntu-securi_ce.mbox-2016-08-23-e550a87f-meta.warc.gz</original>
    <mtime>1495619571</mtime>
    <size>47</size>
    <md5>aa549cabcf1e6f8e9e7d202f7b23b85b</md5>
    <crc32>883d68f3</crc32>
    <sha1>2716c7e750a019fe5d6fd8614afd09034e829798</sha1>
  </file>
  <file name="lists.ubuntu.com-archives-ubuntu-securi_ch.mbox-2016-08-23-105b5207-meta.warc.gz" source="original">
    <mtime>1495616588</mtime>
    <size>3069</size>
    <md5>91538a120f2ca940a127328ebf56c01e</md5>
    <crc32>6af7e416</crc32>
    <sha1>01483fcb43789000bafb86695bfa72501ee76916</sha1>
    <format>Web ARChive GZ</format>
  </file>
  <file name="lists.ubuntu.com-archives-ubuntu-securi_ch.mbox-2016-08-23-105b5207-meta.warc.os.cdx.gz" source="derivative">
    <format>WARC CDX Index</format>
    <original>lists.ubuntu.com-archives-ubuntu-securi_ch.mbox-2016-08-23-105b5207-meta.warc.gz</original>
    <mtime>1495619575</mtime>
    <size>47</size>
    <md5>a494c7ad1905ad5f9fe4a4181a73a21c</md5>
    <crc32>4f03b55e</crc32>
    <sha1>e7c12f92228be28deef7e0e191f2484e84f6a650</sha1>
  </file>
  <file name="lists.ubuntu.com-archives-ubuntu-securi_e.mbox-2016-08-23-e550a87f-00000.warc.gz" source="original">
    <mtime>1495616565</mtime>
    <size>8545885</size>
    <md5>bb87caafea718fae5a96e7f70a03ee2f</md5>
    <crc32>5b5b61ed</crc32>
    <sha1>aaeda9743af139f89c64dc3a79c0421626177b60</sha1>
    <format>Web ARChive GZ</format>
  </file>
  <file name="lists.ubuntu.com-archives-ubuntu-securi_e.mbox-2016-08-23-e550a87f-00000.warc.os.cdx.gz" source="derivative">
    <format>WARC CDX Index</format>
    <original>lists.ubuntu.com-archives-ubuntu-securi_e.mbox-2016-08-23-e550a87f-00000.warc.gz</original>
    <mtime>1495619579</mtime>
    <size>447</size>
    <md5>09b965a9b4fc0b49c817ed5750c0889b</md5>
    <crc32>fe8638da</crc32>
    <sha1>7b164bd5996bce82702a22d05a62cac85f220426</sha1>
  </file>
  <file name="lists.ubuntu.com-archives-ubuntu-securi_h.mbox-2016-08-23-105b5207-00000.warc.gz" source="original">
    <mtime>1495616583</mtime>
    <size>6512</size>
    <md5>17c1a1b7aaff835bd4ed455838271739</md5>
    <crc32>d2b8c962</crc32>
    <sha1>5ac4323f995edf702026228161ecd1ef1f9d21e3</sha1>
    <format>Web ARChive GZ</format>
  </file>
  <file name="lists.ubuntu.com-archives-ubuntu-securi_h.mbox-2016-08-23-105b5207-00000.warc.os.cdx.gz" source="derivative">
    <format>WARC CDX Index</format>
    <original>lists.ubuntu.com-archives-ubuntu-securi_h.mbox-2016-08-23-105b5207-00000.warc.gz</original>
    <mtime>1495619584</mtime>
    <size>346</size>
    <md5>4eb5c68c3a938c3b798de45a148c3255</md5>
    <crc32>598974e1</crc32>
    <sha1>29fde98d62a4eb854ead0a77b018e15211cd89a5</sha1>
  </file>
  <file name="lists.ubuntu.com-archives-ubuntu-securi_nnounce-2016-08-23-d801e4cf-meta.warc.gz" source="original">
    <mtime>1495616560</mtime>
    <size>166661</size>
    <md5>0ed989b6a0a18db1bf8a185853e31b10</md5>
    <crc32>d6bded98</crc32>
    <sha1>15fab99d09d2872050cc79a367fdb6b0caa5300d</sha1>
    <format>Web ARChive GZ</format>
  </file>
  <file name="lists.ubuntu.com-archives-ubuntu-securi_nnounce-2016-08-23-d801e4cf-meta.warc.os.cdx.gz" source="derivative">
    <format>WARC CDX Index</format>
    <original>lists.ubuntu.com-archives-ubuntu-securi_nnounce-2016-08-23-d801e4cf-meta.warc.gz</original>
    <mtime>1495619588</mtime>
    <size>47</size>
    <md5>27bed9d9755329468512ee4009d2d908</md5>
    <crc32>eed2a09b</crc32>
    <sha1>d93c79fb5f7139bddcf4fef62f491b7b90aa7497</sha1>
  </file>
  <file name="lists.ubuntu.com-archives-ubuntu-securi_nounce-2016-08-23-d801e4cf-00000.warc.gz" source="original">
    <mtime>1495616555</mtime>
    <size>31474595</size>
    <md5>d8e7904316cd896d86597854baecf3d8</md5>
    <crc32>1a5b15c4</crc32>
    <sha1>144353e334b952032186ab73e590f95b0fe5555e</sha1>
    <format>Web ARChive GZ</format>
  </file>
  <file name="lists.ubuntu.com-archives-ubuntu-securi_nounce-2016-08-23-d801e4cf-00000.warc.os.cdx.gz" source="derivative">
    <format>WARC CDX Index</format>
    <original>lists.ubuntu.com-archives-ubuntu-securi_nounce-2016-08-23-d801e4cf-00000.warc.gz</original>
    <mtime>1495619357</mtime>
    <size>359100</size>
    <md5>a2a6ed4ca241c8f28ccad3a461a7a930</md5>
    <crc32>41221390</crc32>
    <sha1>6591f8811c422707bfd9ac02fba1eb8836b52171</sha1>
  </file>
  <file name="lists.ubuntu.com-archives-ubuntu-security-patch-2016-08-23-9df1c44c-meta.warc.gz" source="original">
    <mtime>1495616579</mtime>
    <size>2955</size>
    <md5>78411d4417786df939e51c22873ed7c4</md5>
    <crc32>8be9adb0</crc32>
    <sha1>be3cb667bb86aaf4dc97b4a7b6fd12d954f02417</sha1>
    <format>Web ARChive GZ</format>
  </file>
  <file name="lists.ubuntu.com-archives-ubuntu-security-patch-2016-08-23-9df1c44c-meta.warc.os.cdx.gz" source="derivative">
    <format>WARC CDX Index</format>
    <original>lists.ubuntu.com-archives-ubuntu-security-patch-2016-08-23-9df1c44c-meta.warc.gz</original>
    <mtime>1495619593</mtime>
    <size>47</size>
    <md5>1561b5e943f4f94c3913d6e9fb805f66</md5>
    <crc32>3bf336d6</crc32>
    <sha1>8f16a4f6f09494988450a4b76eb455aa5ed0a731</sha1>
  </file>
  <file name="lists.ubuntu.com-archives-ubuntu-selfma_console-2016-08-23-920fd594-meta.warc.gz" source="original">
    <mtime>1495616597</mtime>
    <size>2986</size>
    <md5>8cd39c249e44fe904b5e46392f351460</md5>
    <crc32>6bdbd76d</crc32>
    <sha1>a099b438c8eb22a8df8b47a4c36a810092480820</sha1>
    <format>Web ARChive GZ</format>
  </file>
  <file name="lists.ubuntu.com-archives-ubuntu-selfma_console-2016-08-23-920fd594-meta.warc.os.cdx.gz" source="derivative">
    <format>WARC CDX Index</format>
    <original>lists.ubuntu.com-archives-ubuntu-selfma_console-2016-08-23-920fd594-meta.warc.gz</original>
    <mtime>1495619597</mtime>
    <size>47</size>
    <md5>afa83d0d44665c7d70a20df53998ea52</md5>
    <crc32>fccdeb7b</crc32>
    <sha1>cfff3471d2f0bf635bd82efc5a1c67a41b388605</sha1>
  </file>
  <file name="lists.ubuntu.com-archives-ubuntu-selfma_e.mbox-2016-08-23-e4fa29c1-00000.warc.gz" source="original">
    <mtime>1495616602</mtime>
    <size>6586</size>
    <md5>d8ee0f06365f74c2a64e6aeb3559ac04</md5>
    <crc32>b693473e</crc32>
    <sha1>276ffa0e5f66d345615c3361a9ff2d769455645e</sha1>
    <format>Web ARChive GZ</format>
  </file>
  <file name="lists.ubuntu.com-archives-ubuntu-selfma_e.mbox-2016-08-23-e4fa29c1-00000.warc.os.cdx.gz" source="derivative">
    <format>WARC CDX Index</format>
    <original>lists.ubuntu.com-archives-ubuntu-selfma_e.mbox-2016-08-23-e4fa29c1-00000.warc.gz</original>
    <mtime>1495619606</mtime>
    <size>350</size>
    <md5>8472b3efd5c3768fd79477fe2b5dad12</md5>
    <crc32>11b1d16b</crc32>
    <sha1>447e3b93af972b1d903b9ecd417270562789dfc9</sha1>
  </file>
  <file name="lists.ubuntu.com-archives-ubuntu-selfma_le.mbox-2016-08-23-e4fa29c1-meta.warc.gz" source="original">
    <mtime>1495616606</mtime>
    <size>3088</size>
    <md5>d2b36d7955676a7c068eef17348c232b</md5>
    <crc32>6041bf9a</crc32>
    <sha1>7bf567335086ad860ba540608f14427c26082d58</sha1>
    <format>Web ARChive GZ</format>
  </file>
  <file name="lists.ubuntu.com-archives-ubuntu-selfma_le.mbox-2016-08-23-e4fa29c1-meta.warc.os.cdx.gz" source="derivative">
    <format>WARC CDX Index</format>
    <original>lists.ubuntu.com-archives-ubuntu-selfma_le.mbox-2016-08-23-e4fa29c1-meta.warc.gz</original>
    <mtime>1495619611</mtime>
    <size>47</size>
    <md5>fbe5fb26fdd1ed6af6a971205fb4eedf</md5>
    <crc32>1fcda116</crc32>
    <sha1>fdb1cc9c351e046f61a3456b1862eee33bcca40a</sha1>
  </file>
  <file name="lists.ubuntu.com-archives-ubuntu-selfma_onsole-2016-08-23-920fd594-00000.warc.gz" source="original">
    <mtime>1495616592</mtime>
    <size>3906</size>
    <md5>fe98925d52828b0902b8474d11d35f67</md5>
    <crc32>8309c66d</crc32>
    <sha1>ed8213726320868559cdc8f9199b101065186a0c</sha1>
    <format>Web ARChive GZ</format>
  </file>
  <file name="lists.ubuntu.com-archives-ubuntu-selfma_onsole-2016-08-23-920fd594-00000.warc.os.cdx.gz" source="derivative">
    <format>WARC CDX Index</format>
    <original>lists.ubuntu.com-archives-ubuntu-selfma_onsole-2016-08-23-920fd594-00000.warc.gz</original>
    <mtime>1495619615</mtime>
    <size>238</size>
    <md5>a9efa026aa3b66bf3369dc8803ec9172</md5>
    <crc32>cf0835c4</crc32>
    <sha1>e62873d63266698d6d53f6b7d1acd0592261a5fe</sha1>
  </file>
  <file name="lists.ubuntu.com-archives-ubuntu-server-arm-2016-08-23-4034ab89-00000.warc.gz" source="original">
    <mtime>1495616633</mtime>
    <size>49360</size>
    <md5>99f14fddd4a377a5c13aeb0e83812cb1</md5>
    <crc32>eba7d2f7</crc32>
    <sha1>9be5ab8449585c37638f60a8166b408017b2f8a3</sha1>
    <format>Web ARChive GZ</format>
  </file>
  <file name="lists.ubuntu.com-archives-ubuntu-server-arm-2016-08-23-4034ab89-00000.warc.os.cdx.gz" source="derivative">
    <format>WARC CDX Index</format>
    <original>lists.ubuntu.com-archives-ubuntu-server-arm-2016-08-23-4034ab89-00000.warc.gz</original>
    <mtime>1495619619</mtime>
    <size>1070</size>
    <md5>63b1263c1ee80c79f697b64da2bb66f0</md5>
    <crc32>04aac246</crc32>
    <sha1>7806126d05ac6d52b70bc011dd3031e40570be84</sha1>
  </file>
  <file name="lists.ubuntu.com-archives-ubuntu-server-arm-2016-08-23-4034ab89-meta.warc.gz" source="original">
    <mtime>1495616637</mtime>
    <size>3414</size>
    <md5>2e7dab3089171bc0908b7953eda44a92</md5>
    <crc32>e4889879</crc32>
    <sha1>d7136deeac4e4eab70dbf570580c12784ca1f8e9</sha1>
    <format>Web ARChive GZ</format>
  </file>
  <file name="lists.ubuntu.com-archives-ubuntu-server-arm-2016-08-23-4034ab89-meta.warc.os.cdx.gz" source="derivative">
    <format>WARC CDX Index</format>
    <original>lists.ubuntu.com-archives-ubuntu-server-arm-2016-08-23-4034ab89-meta.warc.gz</original>
    <mtime>1495619623</mtime>
    <size>47</size>
    <md5>cd29457e56d6eb925099076b54706373</md5>
    <crc32>a8a549bb</crc32>
    <sha1>d6b9d1338b67633e2eafbf17dff960d729527300</sha1>
  </file>
  <file name="lists.ubuntu.com-archives-ubuntu-server-bugs-2016-08-23-c62dab2a-00000.warc.gz" source="original">
    <mtime>1495616681</mtime>
    <size>436651262</size>
    <md5>48055ec63d4ffa642e4140719eedcd7f</md5>
    <crc32>cdf5cc24</crc32>
    <sha1>466396d178da38b11eec5767d191aa87d943006a</sha1>
    <format>Web ARChive GZ</format>
  </file>
  <file name="lists.ubuntu.com-archives-ubuntu-server-bugs-2016-08-23-c62dab2a-00000.warc.os.cdx.gz" source="derivative">
    <format>WARC CDX Index</format>
    <original>lists.ubuntu.com-archives-ubuntu-server-bugs-2016-08-23-c62dab2a-00000.warc.gz</original>
    <mtime>1495619771</mtime>
    <size>6351960</size>
    <md5>88a2b6f7ebec4e3b4747f0007c9c487b</md5>
    <crc32>b0529c05</crc32>
    <sha1>f2a5d0f085179e162404680510095c4e5e7970a0</sha1>
  </file>
  <file name="lists.ubuntu.com-archives-ubuntu-server-bugs-2016-08-23-c62dab2a-meta.warc.gz" source="original">
    <mtime>1495616689</mtime>
    <size>2819284</size>
    <md5>f741c4b5821a61fb701707ec87d82523</md5>
    <crc32>7ddb15ca</crc32>
    <sha1>dcaad4762258bbb4ba8dc68f4d8d99b64bf3ac61</sha1>
    <format>Web ARChive GZ</format>
  </file>
  <file name="lists.ubuntu.com-archives-ubuntu-server-bugs-2016-08-23-c62dab2a-meta.warc.os.cdx.gz" source="derivative">
    <format>WARC CDX Index</format>
    <original>lists.ubuntu.com-archives-ubuntu-server-bugs-2016-08-23-c62dab2a-meta.warc.gz</original>
    <mtime>1495619776</mtime>
    <size>47</size>
    <md5>64b93a5de7fbe6d8c423af323640f86c</md5>
    <crc32>bc865d5a</crc32>
    <sha1>1628f9c8049a91d0ec874399430c9f5082bc8a31</sha1>
  </file>
  <file name="lists.ubuntu.com-archives-ubuntu-server_gs.mbox-2016-08-23-7317bc74-meta.warc.gz" source="original">
    <mtime>1495616703</mtime>
    <size>3190</size>
    <md5>05355fc70eede20f7572f55a1bff670c</md5>
    <crc32>f439f4a2</crc32>
    <sha1>4d30ae1920cfceb012decef18c3319f54944a094</sha1>
    <format>Web ARChive GZ</format>
  </file>
  <file name="lists.ubuntu.com-archives-ubuntu-server_gs.mbox-2016-08-23-7317bc74-meta.warc.os.cdx.gz" source="derivative">
    <format>WARC CDX Index</format>
    <original>lists.ubuntu.com-archives-ubuntu-server_gs.mbox-2016-08-23-7317bc74-meta.warc.gz</original>
    <mtime>1495619780</mtime>
    <size>47</size>
    <md5>a562f013ed6ae91a9db534f559b207af</md5>
    <crc32>7bb880f7</crc32>
    <sha1>901474c0bee86d905142703563390c606e4fec9a</sha1>
  </file>
  <file name="lists.ubuntu.com-archives-ubuntu-server_m.mbox-2016-08-23-43a33499-00000.warc.gz" source="original">
    <mtime>1495616642</mtime>
    <size>15825</size>
    <md5>77f5c3ee66d7630d679c61fad4d5a7c4</md5>
    <crc32>6a614d0a</crc32>
    <sha1>785ff9c276ea66f06e3179acda9a94c6a8b514cb</sha1>
    <format>Web ARChive GZ</format>
  </file>
  <file name="lists.ubuntu.com-archives-ubuntu-server_m.mbox-2016-08-23-43a33499-00000.warc.os.cdx.gz" source="derivative">
    <format>WARC CDX Index</format>
    <original>lists.ubuntu.com-archives-ubuntu-server_m.mbox-2016-08-23-43a33499-00000.warc.gz</original>
    <mtime>1495619785</mtime>
    <size>439</size>
    <md5>831d3762045a3b9c42cd49cf3cddbdf3</md5>
    <crc32>c4735f9c</crc32>
    <sha1>7107076d2d9b4e66dc3805fdf53ca6c41d3ae1ad</sha1>
  </file>
  <file name="lists.ubuntu.com-archives-ubuntu-server_rm.mbox-2016-08-23-43a33499-meta.warc.gz" source="original">
    <mtime>1495616646</mtime>
    <size>3106</size>
    <md5>71fc1eef98d03feecd5efc27b6e49e99</md5>
    <crc32>89c8e93f</crc32>
    <sha1>f7259fbbdc30447fc519f2e7449f3683dcebbb55</sha1>
    <format>Web ARChive GZ</format>
  </file>
  <file name="lists.ubuntu.com-archives-ubuntu-server_rm.mbox-2016-08-23-43a33499-meta.warc.os.cdx.gz" source="derivative">
    <format>WARC CDX Index</format>
    <original>lists.ubuntu.com-archives-ubuntu-server_rm.mbox-2016-08-23-43a33499-meta.warc.gz</original>
    <mtime>1495619789</mtime>
    <size>47</size>
    <md5>af3daf3603cbc0eb32180e7991d24aba</md5>
    <crc32>69a7cb17</crc32>
    <sha1>374de48d12917ecacbb3a289341402924d75e5b3</sha1>
  </file>
  <file name="lists.ubuntu.com-archives-ubuntu-server_s.mbox-2016-08-23-7317bc74-00000.warc.gz" source="original">
    <mtime>1495616698</mtime>
    <size>65267325</size>
    <md5>82afb3576a3006aa951117521f43bf2f</md5>
    <crc32>f17c1385</crc32>
    <sha1>d350847c595725a4bc3f055c6c4210291f049eae</sha1>
    <format>Web ARChive GZ</format>
  </file>
  <file name="lists.ubuntu.com-archives-ubuntu-server_s.mbox-2016-08-23-7317bc74-00000.warc.os.cdx.gz" source="derivative">
    <format>WARC CDX Index</format>
    <original>lists.ubuntu.com-archives-ubuntu-server_s.mbox-2016-08-23-7317bc74-00000.warc.gz</original>
    <mtime>1495619802</mtime>
    <size>451</size>
    <md5>c6070dec2d5df2a89111fe2665341e9f</md5>
    <crc32>69b39363</crc32>
    <sha1>5807c2159f87eb2b60ef2c9eb7ea7fdf31d8b054</sha1>
  </file>
  <file name="warc_lists_ubuntu_com-archives_20160823.cdx.gz" source="original">
    <mtime>1495619869</mtime>
    <size>46364258</size>
    <format>Item CDX Index</format>
    <md5>d2b95069a29ce556b73eae5b564bed2e</md5>
    <crc32>35ed79d2</crc32>
    <sha1>5863f94ef14fc00792f7534b0e96940b5d77306a</sha1>
  </file>
  <file name="warc_lists_ubuntu_com-archives_20160823.cdx.idx" source="original">
    <mtime>1495619869</mtime>
    <size>54301</size>
    <format>Item CDX Meta-Index</format>
    <md5>40a5dd8acd0d398cabdab4f0fca04cf5</md5>
    <crc32>873bcf7e</crc32>
    <sha1>e21ecbe600cfd663b64f6de004f1f3dc84ca2445</sha1>
  </file>
  <file name="warc_lists_ubuntu_com-archives_20160823_archive.torrent" source="metadata">
    <btih>9f1c13955fa5d1aa6dd99e10aa7b385f03bbd9c2</btih>
    <mtime>1536073689</mtime>
    <size>457046</size>
    <md5>307083cce6e8a6bb7f63104ddbfde39b</md5>
    <crc32>94b6d3f4</crc32>
    <sha1>bc6fd306ba7dd3d2fd558cd43842352c67cf75b4</sha1>
    <format>Archive BitTorrent</format>
  </file>
  <file name="warc_lists_ubuntu_com-archives_20160823_files.xml" source="original">
    <format>Metadata</format>
    <md5>fcc4b6c2533fbd8799741297d35fda59</md5>
  </file>
  <file name="warc_lists_ubuntu_com-archives_20160823_meta.sqlite" source="original">
    <mtime>1495618125</mtime>
    <size>859136</size>
    <format>Metadata</format>
    <md5>2967e3dd45986681d2bc713552acb310</md5>
    <crc32>2d1af2b1</crc32>
    <sha1>6b4939c12b5417ccc2e0631d189224ca3c07e591</sha1>
  </file>
  <file name="warc_lists_ubuntu_com-archives_20160823_meta.xml" source="original">
    <mtime>1536073667</mtime>
    <size>798</size>
    <format>Metadata</format>
    <md5>9ecb8cd63bbddddef4cc81b1e7a5608a</md5>
    <crc32>3c10ff00</crc32>
    <sha1>ddc90eb80c7179faa6c20fa1af86cfbf97ab98cb</sha1>
  </file>
</files>