<?xml version="1.0" encoding="UTF-8"?>
<files>
  <file name="I have grown so used to you - J. Frank Hopkins.gif" source="derivative">
    <format>Animated GIF</format>
    <original>I have grown so used to you - J. Frank Hopkins.mp4</original>
    <mtime>1446681646</mtime>
    <size>83293</size>
    <md5>d60eddbc1d9915dc3a49889890c172d1</md5>
    <crc32>30fe3c3e</crc32>
    <sha1>80f7f6b523965b9dc4f997a775d03aab7f6dfcfb</sha1>
  </file>
  <file name="I have grown so used to you - J. Frank Hopkins.mp4" source="original">
    <mtime>1446681528</mtime>
    <size>69339907</size>
    <md5>867ad802b751623b409eb833a15d0b80</md5>
    <crc32>dbc81bfe</crc32>
    <sha1>5e860bdb6cad0b7f974ebe9ea391e26f4cd8c714</sha1>
    <format>MPEG4</format>
    <length>140.42</length>
    <height>720</height>
    <width>1280</width>
  </file>
  <file name="I have grown so used to you - J. Frank Hopkins.ogv" source="derivative">
    <format>Ogg Video</format>
    <original>I have grown so used to you - J. Frank Hopkins.mp4</original>
    <mtime>1446682043</mtime>
    <size>10548875</size>
    <md5>9a9dc6524b8ca0be68d1b0c3e9b2d0b2</md5>
    <crc32>5a17284d</crc32>
    <sha1>36b7e06adf4cf4f8fc159dba380dae9e632e410a</sha1>
    <length>140.42</length>
    <height>300</height>
    <width>533</width>
  </file>
  <file name="IHaveGrownSoUsedToYouJ.FrankHopkins.thumbs/I have grown so used to you - J. Frank Hopkins_000001.jpg" source="derivative">
    <format>Thumbnail</format>
    <original>I have grown so used to you - J. Frank Hopkins.mp4</original>
    <mtime>1446681658</mtime>
    <size>8382</size>
    <md5>dbb3838f9e348938ffabf8570809bd1b</md5>
    <crc32>ca0b9e96</crc32>
    <sha1>1efa60020eb9b0441256d00d51c1ef208cb50047</sha1>
  </file>
  <file name="IHaveGrownSoUsedToYouJ.FrankHopkins.thumbs/I have grown so used to you - J. Frank Hopkins_000045.jpg" source="derivative">
    <format>Thumbnail</format>
    <original>I have grown so used to you - J. Frank Hopkins.mp4</original>
    <mtime>1446681676</mtime>
    <size>8244</size>
    <md5>295c4e5fe1b56e0438008c60d28213b7</md5>
    <crc32>441108d4</crc32>
    <sha1>388801815d2aa0fa98c4a75589f73faeb958071f</sha1>
  </file>
  <file name="IHaveGrownSoUsedToYouJ.FrankHopkins.thumbs/I have grown so used to you - J. Frank Hopkins_000075.jpg" source="derivative">
    <format>Thumbnail</format>
    <original>I have grown so used to you - J. Frank Hopkins.mp4</original>
    <mtime>1446681693</mtime>
    <size>8321</size>
    <md5>94a0c9ae786011773c29be2bb844bd70</md5>
    <crc32>f09fea6a</crc32>
    <sha1>439476ad109f2f1edd0b85c2c04b5c6dfdfe0bce</sha1>
  </file>
  <file name="IHaveGrownSoUsedToYouJ.FrankHopkins.thumbs/I have grown so used to you - J. Frank Hopkins_000105.jpg" source="derivative">
    <format>Thumbnail</format>
    <original>I have grown so used to you - J. Frank Hopkins.mp4</original>
    <mtime>1446681710</mtime>
    <size>8342</size>
    <md5>a284cbd6a9288e29b7b03118c6658816</md5>
    <crc32>62785a42</crc32>
    <sha1>44dd6f1df0c681f410076035bc7b8b3bae81bff4</sha1>
  </file>
  <file name="IHaveGrownSoUsedToYouJ.FrankHopkins.thumbs/I have grown so used to you - J. Frank Hopkins_000135.jpg" source="derivative">
    <format>Thumbnail</format>
    <original>I have grown so used to you - J. Frank Hopkins.mp4</original>
    <mtime>1446681726</mtime>
    <size>8586</size>
    <md5>0f0d08441fc414794063b7e07d5d0947</md5>
    <crc32>dc6e44cf</crc32>
    <sha1>cfac85033a4d0a45cc1a5c8ffd2fb37263ecfa8e</sha1>
  </file>
  <file name="IHaveGrownSoUsedToYouJ.FrankHopkins_archive.torrent" source="metadata">
    <btih>65d70d3788efdc9fba994ac2abf4a82c3f3d3864</btih>
    <mtime>1688963806</mtime>
    <size>5514</size>
    <md5>5279f6df87259e51a00ef537cc91ce9b</md5>
    <crc32>eedeca57</crc32>
    <sha1>26830f2b391cd8ed60f5d793d87016a0f1496bdc</sha1>
    <format>Archive BitTorrent</format>
  </file>
  <file name="IHaveGrownSoUsedToYouJ.FrankHopkins_files.xml" source="original">
    <format>Metadata</format>
    <md5>954d2f3d58262e80c87a2f623a59200e</md5>
    <summation>md5</summation>
  </file>
  <file name="IHaveGrownSoUsedToYouJ.FrankHopkins_meta.sqlite" source="original">
    <mtime>1446681548</mtime>
    <size>12288</size>
    <md5>1da7d006f8f27b4fc9a1fd74941095cf</md5>
    <crc32>1308a8d9</crc32>
    <sha1>f31849351ed620108d7f3bb4af5aa5e40b4cdb7b</sha1>
    <format>Metadata</format>
  </file>
  <file name="IHaveGrownSoUsedToYouJ.FrankHopkins_meta.xml" source="original">
    <mtime>1682350692</mtime>
    <size>1161</size>
    <format>Metadata</format>
    <md5>740d1aa686af09659361ce8c10b6fcfe</md5>
    <crc32>3d03262a</crc32>
    <sha1>9272d98773615f94040f799d2341ba45c13d6218</sha1>
  </file>
  <file name="__ia_thumb.jpg" source="original">
    <mtime>1656366463</mtime>
    <size>9378</size>
    <md5>34dd181b0af401cfc3205b503ab63f48</md5>
    <crc32>72e288dc</crc32>
    <sha1>6bafe89be5f45e68eb641ae3aca960baa759bfe5</sha1>
    <format>Item Tile</format>
    <rotation>0</rotation>
  </file>
</files>