<?xml version="1.0" encoding="UTF-8"?>
<files>
  <file name="78_i-dont-want-to-set-the-world-on-fire_ink-spots-seiler-marcus-benjemen-durham_gbia0011964a.jpg" source="derivative">
    <format>JPEG</format>
    <original>78_i-dont-want-to-set-the-world-on-fire_ink-spots-seiler-marcus-benjemen-durham_gbia0011964a.tif</original>
    <mtime>1501911616</mtime>
    <size>1326621</size>
    <md5>b50a8cc01a720df337cebbcb69e1cddf</md5>
    <crc32>b50088ba</crc32>
    <sha1>672d2922dff5a0954558b97d13301394870a6cc5</sha1>
  </file>
  <file name="78_i-dont-want-to-set-the-world-on-fire_ink-spots-seiler-marcus-benjemen-durham_gbia0011964a.tif" source="original">
    <mtime>1501911368</mtime>
    <size>37016416</size>
    <md5>77176ab4e12418558aefa6f4b709737a</md5>
    <crc32>3bbd199a</crc32>
    <sha1>64beda28ffd02a67b4c69e33e4b18a808b63453e</sha1>
    <format>TIFF</format>
    <matrix_number>69660BB</matrix_number>
    <collection-catalog-number>GBIA0011964A</collection-catalog-number>
    <publisher>Decca</publisher>
  </file>
  <file name="78_i-dont-want-to-set-the-world-on-fire_ink-spots-seiler-marcus-benjemen-durham_gbia0011964a.zip" source="original">
    <mtime>1684102561</mtime>
    <size>575486142</size>
    <md5>bd7f9d1d873b870c8b83f8b82ee6c503</md5>
    <crc32>d1186398</crc32>
    <sha1>1405bf17b31c0f25652399e820faa001922930a2</sha1>
    <format>ZIP</format>
    <filecount>9</filecount>
  </file>
  <file name="78_i-dont-want-to-set-the-world-on-fire_ink-spots-seiler-marcus-benjemen-durham_gbia0011964a_archive.torrent" source="metadata">
    <btih>2abc74cbab976a03ca6afdcffb9fecfbf19c6f70</btih>
    <mtime>1688008658</mtime>
    <size>31306</size>
    <md5>6cc1a4bac4d031f48ffe313a39ffc65f</md5>
    <crc32>fddb76db</crc32>
    <sha1>3c880e5814be545914d7a1a61239bfe821505b7c</sha1>
    <format>Archive BitTorrent</format>
  </file>
  <file name="78_i-dont-want-to-set-the-world-on-fire_ink-spots-seiler-marcus-benjemen-durham_gbia0011964a_files.xml" source="original">
    <format>Metadata</format>
    <md5>7bc8555ee3daef91f32efcfe143cf29b</md5>
    <summation>md5</summation>
  </file>
  <file name="78_i-dont-want-to-set-the-world-on-fire_ink-spots-seiler-marcus-benjemen-durham_gbia0011964a_itemimage.jpg" source="original">
    <mtime>1501911384</mtime>
    <size>335881</size>
    <md5>929d45f445e54b72d511a663e7324b86</md5>
    <crc32>5266d154</crc32>
    <sha1>f01dfce276cb1ca73148b964b290ee92063ea4b2</sha1>
    <format>Item Image</format>
    <rotation>0</rotation>
    <matrix_number>69660BB</matrix_number>
    <collection-catalog-number>GBIA0011964A</collection-catalog-number>
    <publisher>Decca</publisher>
  </file>
  <file name="78_i-dont-want-to-set-the-world-on-fire_ink-spots-seiler-marcus-benjemen-durham_gbia0011964a_meta.sqlite" source="original">
    <mtime>1684102571</mtime>
    <size>72704</size>
    <format>Metadata</format>
    <md5>38976e41f16009ed5e00723fabc9a4e6</md5>
    <crc32>0e30e5ef</crc32>
    <sha1>2bcad0eb21e2f77b54883d736faefa33f3cf787e</sha1>
  </file>
  <file name="78_i-dont-want-to-set-the-world-on-fire_ink-spots-seiler-marcus-benjemen-durham_gbia0011964a_meta.xml" source="original">
    <mtime>1688008490</mtime>
    <size>2917</size>
    <format>Metadata</format>
    <md5>c5326c9a2198274fc206032da9301193</md5>
    <crc32>ca42acd0</crc32>
    <sha1>6eac8fecd728dafabef951da785ed2200d351dea</sha1>
  </file>
  <file name="78_i-dont-want-to-set-the-world-on-fire_ink-spots-seiler-marcus-benjemen-durham_gbia0011964a_reviews.xml" source="original">
    <mtime>1659982866</mtime>
    <size>948</size>
    <md5>b67e874d814cf6988e2beb6b243ddc17</md5>
    <crc32>73b94665</crc32>
    <sha1>74a01e64dd82da073163f5f457525ab3b84e7497</sha1>
    <format>Metadata</format>
  </file>
  <file name="78_i-dont-want-to-set-the-world-on-fire_ink-spots-seiler-marcus-benjemen-durham_gbia0011964a_roles.json" source="original">
    <mtime>1501911433</mtime>
    <size>80</size>
    <md5>bd244561b4d7c40c7bdd2d71a401829d</md5>
    <crc32>e2515f39</crc32>
    <sha1>93eccc18266c503b84dd47840c41baf2b0a361a5</sha1>
    <format>JSON</format>
    <matrix_number>69660BB</matrix_number>
    <collection-catalog-number>GBIA0011964A</collection-catalog-number>
    <publisher>Decca</publisher>
  </file>
  <file name="78_i-dont-want-to-set-the-world-on-fire_ink-spots-seiler-marcus-benjemen-durham_gbia0011964a_thumb.jpg" source="derivative">
    <format>JPEG Thumb</format>
    <original>78_i-dont-want-to-set-the-world-on-fire_ink-spots-seiler-marcus-benjemen-durham_gbia0011964a.tif</original>
    <mtime>1501911615</mtime>
    <size>9138</size>
    <md5>952296a31ff7efd183e2b74cf253640a</md5>
    <crc32>b616ba9c</crc32>
    <sha1>153f229b49cd4434605f3739576586bf5d7c9582</sha1>
  </file>
  <file name="I Don_t Want to Set the World on Fire - Ink Spots-restored.afpk" source="derivative">
    <format>Columbia Peaks</format>
    <original>I Don_t Want to Set the World on Fire - Ink Spots-restored.flac</original>
    <mtime>1599685667</mtime>
    <size>29912</size>
    <md5>5383c38733d9e66b747ec8102ddd0a75</md5>
    <crc32>3bb2ece6</crc32>
    <sha1>64bce8d6decac71824583cf12853d3e2c97d0206</sha1>
  </file>
  <file name="I Don_t Want to Set the World on Fire - Ink Spots-restored.asr.srt" source="derivative">
    <format>SubRip</format>
    <original>I Don_t Want to Set the World on Fire - Ink Spots-restored.asr.vtt</original>
    <mtime>1688008632</mtime>
    <size>1973</size>
    <md5>63a556629e33cc233dba249218af648b</md5>
    <crc32>477180f5</crc32>
    <sha1>d82d685af20ce28d21ab1eaa2a5efbf1bf354261</sha1>
  </file>
  <file name="I Don_t Want to Set the World on Fire - Ink Spots-restored.asr.vtt" source="derivative">
    <format>Web Video Text Tracks</format>
    <original>I Don_t Want to Set the World on Fire - Ink Spots-restored_intermediate_asr.json</original>
    <mtime>1688008577</mtime>
    <size>1925</size>
    <md5>c1b6808ac66b1fb89b6bf1517f6e9ed1</md5>
    <crc32>349354b8</crc32>
    <sha1>5fe6aa67644046ab07d61ce3644d388f575649e9</sha1>
  </file>
  <file name="I Don_t Want to Set the World on Fire - Ink Spots-restored.flac" source="original">
    <mtime>1599685214</mtime>
    <size>48528837</size>
    <md5>2a2ab6af18cdad6f572bb634c4155a44</md5>
    <crc32>c1996233</crc32>
    <sha1>5cb6761e6e24c5545006dd127ce5e44483707982</sha1>
    <format>24bit Flac</format>
    <track>02</track>
    <length>184.55</length>
    <height>0</height>
    <width>0</width>
    <title>I Don't Want to Set the World on Fire (restored)</title>
    <creator>Durham</creator>
    <album>I Don't Want to Set the World on Fire</album>
    <artist>Ink Spots;Seiler;Marcus;Benjemen;Durham</artist>
    <comment>https://archive.org/details/78_i-dont-want-to-set-the-world-on-fire_ink-spots-seiler-marcus-benjemen-durham_gbia0011964a/I+Don%27t+Want+to+Set+the+World+on+Fire+-+Ink+Spots.flac\</comment>
  </file>
  <file name="I Don_t Want to Set the World on Fire - Ink Spots-restored.mp3" source="derivative">
    <creator>Ink Spots;Seiler;Marcus;Benjemen;Durham</creator>
    <title>I Don't Want to Set the World on Fire (restored)</title>
    <track>02</track>
    <album>I Don't Want to Set the World on Fire</album>
    <bitrate>125</bitrate>
    <format>VBR MP3</format>
    <original>I Don_t Want to Set the World on Fire - Ink Spots-restored.flac</original>
    <mtime>1599685494</mtime>
    <size>2996749</size>
    <md5>dc56351ccd39b09ced0a130fdcd8b2fc</md5>
    <crc32>38e842b0</crc32>
    <sha1>3e37080b5abde1be08f20072ca6fcd3f387dca15</sha1>
    <length>184.58</length>
    <height>640</height>
    <width>640</width>
  </file>
  <file name="I Don_t Want to Set the World on Fire - Ink Spots-restored.png" source="derivative">
    <format>PNG</format>
    <original>I Don_t Want to Set the World on Fire - Ink Spots-restored.flac</original>
    <mtime>1599685521</mtime>
    <size>35307</size>
    <md5>4bc62df3610dde296218e9782bf9cab1</md5>
    <crc32>ab0f45cf</crc32>
    <sha1>c3e0ce23e6990e1deabec942ff71e3178cf18310</sha1>
  </file>
  <file name="I Don_t Want to Set the World on Fire - Ink Spots-restored_intermediate_asr.json" source="derivative">
    <format>Intermediate ASR JSON</format>
    <original>I Don_t Want to Set the World on Fire - Ink Spots-restored_whisper_asr.json</original>
    <mtime>1688008526</mtime>
    <size>2672</size>
    <md5>5bdd50eff7abadfe6a7d764c20dc35d9</md5>
    <crc32>78a58328</crc32>
    <sha1>044c53e7cef9fd1536c484c71aa3e75b1306be3c</sha1>
  </file>
  <file name="I Don_t Want to Set the World on Fire - Ink Spots-restored_spectrogram.png" source="derivative">
    <format>Spectrogram</format>
    <original>I Don_t Want to Set the World on Fire - Ink Spots-restored.flac</original>
    <mtime>1599685546</mtime>
    <size>116769</size>
    <md5>2ea631450681b8d955a9fcf669891d4a</md5>
    <crc32>e32c035a</crc32>
    <sha1>fcb550c1596a93528802646f072cd1b19c1b139b</sha1>
  </file>
  <file name="I Don_t Want to Set the World on Fire - Ink Spots-restored_whisper_asr.json" source="derivative">
    <whisper_asr_module_version>20230611.01</whisper_asr_module_version>
    <whisper_version>20230314</whisper_version>
    <whisper_model_name>small.en</whisper_model_name>
    <whisper_model_hash>sha256:f953ad0fd29cacd07d5a9eda5624af0f6bcf2258be67c92b79389873d91e0872</whisper_model_hash>
    <asr_detected_lang>en</asr_detected_lang>
    <asr_detected_lang_conf>0.85381597280502</asr_detected_lang_conf>
    <asr_transcribed_lang>en</asr_transcribed_lang>
    <format>Whisper ASR JSON</format>
    <original>I Don_t Want to Set the World on Fire - Ink Spots-restored.mp3</original>
    <mtime>1688008489</mtime>
    <size>28875</size>
    <md5>3b7a44eb35530253c8f22e55542a9eed</md5>
    <crc32>c800afa0</crc32>
    <sha1>770e390e635b714058d148b06a92fffd3181e2ba</sha1>
  </file>
  <file name="__ia_thumb.jpg" source="original">
    <mtime>1634652950</mtime>
    <size>12863</size>
    <md5>bde829c30a7951d22eb88ad4c33f866c</md5>
    <crc32>e2abeb1a</crc32>
    <sha1>ac449c1db692c6c8e5af636012da5d275c000a4d</sha1>
    <format>Item Tile</format>
    <rotation>0</rotation>
  </file>
</files>