<?xml version="1.0" encoding="UTF-8"?>
<files>
  <file name="__ia_thumb.jpg" source="original">
    <mtime>1688105563</mtime>
    <size>19642</size>
    <md5>2dc43777ab13cabd2324e25d8c69a790</md5>
    <crc32>e7f10d45</crc32>
    <sha1>1ed3cb724f1470cbb5056169fc731c642e36fc1b</sha1>
    <format>Item Tile</format>
    <rotation>0</rotation>
  </file>
  <file name="header/header_0000.jp2" source="original">
    <mtime>1686986524</mtime>
    <size>12013083</size>
    <md5>5928785725ea03932b3fd496d3f4c75e</md5>
    <crc32>53f8e9a7</crc32>
    <sha1>3af69d2c09d993d0f7bc81b7a2edfdd1f9b8446d</sha1>
    <format>JPEG 2000</format>
  </file>
  <file name="per_chicago-daily-tribune_the-chicago-daily-tribun_1883-04-13_42.pdf" source="derivative">
    <pdf_module_version>0.0.23</pdf_module_version>
    <format>Text PDF</format>
    <original>per_chicago-daily-tribune_the-chicago-daily-tribun_1883-04-13_42_page_numbers.json</original>
    <mtime>1688105470</mtime>
    <size>98013235</size>
    <md5>8c206bd0aaf82698b3d502b233c6c2f8</md5>
    <crc32>ac64d257</crc32>
    <sha1>e6b7dfbde34f6a494f7795cd0edcb5676a8c37da</sha1>
  </file>
  <file name="per_chicago-daily-tribune_the-chicago-daily-tribun_1883-04-13_42_archive.torrent" source="metadata">
    <btih>bf04ea0f7c2dca19cf748e529611f497e6cba150</btih>
    <mtime>1688105603</mtime>
    <size>21259</size>
    <md5>0a3685a7ab0a0d0f9fdb4b913d31f8fd</md5>
    <crc32>70eb691b</crc32>
    <sha1>413c499bc001947b82030585c855958693cd2f78</sha1>
    <format>Archive BitTorrent</format>
  </file>
  <file name="per_chicago-daily-tribune_the-chicago-daily-tribun_1883-04-13_42_chocr.html.gz" source="derivative">
    <ocr>tesseract 5.3.0-3-g9920</ocr>
    <ocr_parameters>lang-eng;two-pass-disabled;pass-dpi-disabled;autonomous-mode-disabled;binarisation-method-otsu</ocr_parameters>
    <ocr_module_version>0.0.21</ocr_module_version>
    <ocr_detected_script>Latin</ocr_detected_script>
    <ocr_detected_script_conf>0.7458</ocr_detected_script_conf>
    <ocr_detected_lang>en</ocr_detected_lang>
    <ocr_detected_lang_conf>1.0000</ocr_detected_lang_conf>
    <format>chOCR</format>
    <original>per_chicago-daily-tribune_the-chicago-daily-tribun_1883-04-13_42_jp2.zip</original>
    <mtime>1688102450</mtime>
    <size>11484860</size>
    <md5>8fcb1864fd839ef3dcc6039b669b8f36</md5>
    <crc32>87f7f712</crc32>
    <sha1>15abc19f5cf46ccc4e8f1a5796ce6302869bffe5</sha1>
  </file>
  <file name="per_chicago-daily-tribune_the-chicago-daily-tribun_1883-04-13_42_djvu.txt" source="derivative">
    <format>DjVuTXT</format>
    <original>per_chicago-daily-tribune_the-chicago-daily-tribun_1883-04-13_42_djvu.xml</original>
    <mtime>1688103469</mtime>
    <size>759494</size>
    <md5>febe8a4594d3ef07af32f3fbed4d2764</md5>
    <crc32>98136b35</crc32>
    <sha1>5fe48b18f19568906680f8dd4936ec81ec143f9e</sha1>
  </file>
  <file name="per_chicago-daily-tribune_the-chicago-daily-tribun_1883-04-13_42_djvu.xml" source="derivative">
    <format>Djvu XML</format>
    <original>per_chicago-daily-tribune_the-chicago-daily-tribun_1883-04-13_42_hocr.html</original>
    <mtime>1688103134</mtime>
    <size>10726635</size>
    <md5>e06813d99e1adf8d6fff350899b5f846</md5>
    <crc32>35fd1344</crc32>
    <sha1>418da8f3cd5a9f6aac998ee5f0fa68a828aa78a8</sha1>
  </file>
  <file name="per_chicago-daily-tribune_the-chicago-daily-tribun_1883-04-13_42_files.xml" source="original">
    <format>Metadata</format>
    <md5>640a9c2fe776c10777911979bc04994a</md5>
    <summation>md5</summation>
  </file>
  <file name="per_chicago-daily-tribune_the-chicago-daily-tribun_1883-04-13_42_frame-md.json" source="original">
    <mtime>1686986516</mtime>
    <size>224</size>
    <md5>0f68d8e584bd1aea80a889525a00b547</md5>
    <crc32>2e83a589</crc32>
    <sha1>7fe89fdd2aa69246f30c34c73e57814f62154994</sha1>
    <format>JSON</format>
  </file>
  <file name="per_chicago-daily-tribune_the-chicago-daily-tribun_1883-04-13_42_hocr.html" source="derivative">
    <hocr_char_to_word_module_version>1.1.0</hocr_char_to_word_module_version>
    <hocr_char_to_word_hocr_version>1.1.15</hocr_char_to_word_hocr_version>
    <ocr_parameters>lang-eng;two-pass-disabled;pass-dpi-disabled;autonomous-mode-disabled;binarisation-method-otsu</ocr_parameters>
    <ocr_module_version>0.0.21</ocr_module_version>
    <ocr_detected_script>Latin</ocr_detected_script>
    <ocr_detected_script_conf>0.7458</ocr_detected_script_conf>
    <ocr_detected_lang>en</ocr_detected_lang>
    <ocr_detected_lang_conf>1.0000</ocr_detected_lang_conf>
    <format>hOCR</format>
    <original>per_chicago-daily-tribune_the-chicago-daily-tribun_1883-04-13_42_chocr.html.gz</original>
    <mtime>1688102642</mtime>
    <size>20717059</size>
    <md5>2313d8cbe745bf4994b86be8f09b241b</md5>
    <crc32>e3b89eb2</crc32>
    <sha1>b5d6e6d025dca7315307aee1032e3470eb797ac4</sha1>
  </file>
  <file name="per_chicago-daily-tribune_the-chicago-daily-tribun_1883-04-13_42_hocr_pageindex.json.gz" source="derivative">
    <hocr_pageindex_module_version>1.0.0</hocr_pageindex_module_version>
    <hocr_pageindex_hocr_version>1.1.15</hocr_pageindex_hocr_version>
    <format>OCR Page Index</format>
    <original>per_chicago-daily-tribune_the-chicago-daily-tribun_1883-04-13_42_hocr.html</original>
    <mtime>1688103151</mtime>
    <size>203</size>
    <md5>aaf29479ec4d752ab5011ef1629a1de0</md5>
    <crc32>de6755b7</crc32>
    <sha1>d71e9705a5f1abb4eadcd920b06a961bf0eb293c</sha1>
  </file>
  <file name="per_chicago-daily-tribune_the-chicago-daily-tribun_1883-04-13_42_hocr_searchtext.txt.gz" source="derivative">
    <hocr_fts_text_module_version>1.1.0</hocr_fts_text_module_version>
    <hocr_fts_text_hocr_version>1.1.15</hocr_fts_text_hocr_version>
    <word_conf_0_10>5195</word_conf_0_10>
    <word_conf_11_20>2390</word_conf_11_20>
    <word_conf_21_30>3139</word_conf_21_30>
    <word_conf_31_40>3258</word_conf_31_40>
    <word_conf_41_50>3191</word_conf_41_50>
    <word_conf_51_60>3213</word_conf_51_60>
    <word_conf_61_70>3776</word_conf_61_70>
    <word_conf_71_80>5252</word_conf_71_80>
    <word_conf_81_90>13153</word_conf_81_90>
    <word_conf_91_100>85216</word_conf_91_100>
    <format>OCR Search Text</format>
    <original>per_chicago-daily-tribune_the-chicago-daily-tribun_1883-04-13_42_hocr.html</original>
    <mtime>1688103216</mtime>
    <size>309695</size>
    <md5>3d209f772e41f56191cb37ac04f8965a</md5>
    <crc32>ea3470ec</crc32>
    <sha1>c425dbfdf9900a6f1cb594e4e4403333c2ef4f36</sha1>
  </file>
  <file name="per_chicago-daily-tribune_the-chicago-daily-tribun_1883-04-13_42_itemimage.png" source="original">
    <mtime>1686986511</mtime>
    <size>33159468</size>
    <md5>5e8e1ffe981317426081234ade24073e</md5>
    <crc32>b8456619</crc32>
    <sha1>2ffdc308b639959bbd13ddadbab8f8d4b847fbba</sha1>
    <format>Item Image</format>
  </file>
  <file name="per_chicago-daily-tribune_the-chicago-daily-tribun_1883-04-13_42_jp2.zip" source="original">
    <mtime>1686986495</mtime>
    <size>231100229</size>
    <md5>eac76d5be19d38caee6cdcee2b9ff936</md5>
    <crc32>c2ce4d1c</crc32>
    <sha1>858120c8724f345b206961abe508291565816b7d</sha1>
    <preview-image>n0</preview-image>
    <format>Single Page Processed JP2 ZIP</format>
    <filecount>13</filecount>
  </file>
  <file name="per_chicago-daily-tribune_the-chicago-daily-tribun_1883-04-13_42_meta.sqlite" source="original">
    <mtime>1686986699</mtime>
    <size>40960</size>
    <md5>385dd15968e9ce2a38ac48a2838e8c48</md5>
    <crc32>192d70cb</crc32>
    <sha1>09ab56c0b9b3eff6b0725364a4fd070705b80d2e</sha1>
    <format>Metadata</format>
  </file>
  <file name="per_chicago-daily-tribune_the-chicago-daily-tribun_1883-04-13_42_meta.xml" source="original">
    <mtime>1688105483</mtime>
    <size>3028</size>
    <md5>5ff8508ae78bdb3bbe56ab9de53b43bb</md5>
    <crc32>1b81e6e4</crc32>
    <sha1>30cc20a8cd9a9d726408f795b0fcc3db73459185</sha1>
    <format>Metadata</format>
  </file>
  <file name="per_chicago-daily-tribune_the-chicago-daily-tribun_1883-04-13_42_page_numbers.json" source="derivative">
    <format>Page Numbers JSON</format>
    <original>per_chicago-daily-tribune_the-chicago-daily-tribun_1883-04-13_42_djvu.xml</original>
    <mtime>1688103557</mtime>
    <size>2277</size>
    <md5>a1bc72e8504b217ccd46c678745982f4</md5>
    <crc32>634b90ea</crc32>
    <sha1>680343d1c42c0732cdc9c8b8c355e5985aab5d6a</sha1>
  </file>
  <file name="per_chicago-daily-tribune_the-chicago-daily-tribun_1883-04-13_42_rotations.json" source="original">
    <mtime>1686986519</mtime>
    <size>1334</size>
    <md5>37f40a3e763cda634832781f6f1d6775</md5>
    <crc32>328b653d</crc32>
    <sha1>f43ce2a767ee70f0c2cb2e004891f699213e27a1</sha1>
    <format>JSON</format>
  </file>
  <file name="per_chicago-daily-tribune_the-chicago-daily-tribun_1883-04-13_42_scandata.xml" source="derivative">
    <format>Scandata</format>
    <original>per_chicago-daily-tribune_the-chicago-daily-tribun_1883-04-13_42_djvu.xml</original>
    <mtime>1688103552</mtime>
    <size>4478</size>
    <md5>cfc96ac86bda784dd477131a9ce78d85</md5>
    <crc32>35d000b3</crc32>
    <sha1>45d344b009d902373579fd8939a1730b70a10ae4</sha1>
  </file>
</files>